Error Type 15 at Line 64: try to init struct member when define it
Error Type 3 at Line 69: redefined variable
Error Type 1 at Line 76: undefined variable
Error Type 2 at Line 88: undefined function
Error Type 10 at Line 90: subscripted value is not an array
Error Type 14 at Line 94: request nonexistent member
Error Type 4 at Line 99: redefined function
Error Type 7 at Line 104: mismatched operands
Error Type 5 at Line 118: mismatched assignment
Error Type 6 at Line 120: assign to rvalue
Error Type 5 at Line 129: mismatched assignment
Error Type 1 at Line 134: undefined variable
Error Type 6 at Line 136: assign to rvalue
Error Type 3 at Line 140: redefined variable
Error Type 16 at Line 151: struct id duplicated with normal id :(
Error Type 17 at Line 156: use undefined struct
Error Type 7 at Line 311: mismatched operands
Error Type 8 at Line 337: mismatched return
Error Type 17 at Line 346: use undefined struct
Error Type 9 at Line 524: invocation arguments mismatched
Error Type 8 at Line 530: mismatched return
