Error Type 15 at Line 28: redefined struct member
Error Type 15 at Line 29: try to init struct member when define it
Error Type 15 at Line 30: redefined struct member
Error Type 15 at Line 33: try to init struct member when define it
Error Type 3 at Line 40: redefined variable
Error Type 17 at Line 41: use undefined struct
Error Type 1 at Line 62: undefined variable
Error Type 2 at Line 63: undefined function
Error Type 6 at Line 64: assign to rvalue
Error Type 10 at Line 65: subscripted value is not an array
Error Type 2 at Line 66: undefined function
Error Type 14 at Line 67: request nonexistent member
Error Type 10 at Line 72: subscripted value is not an array
Error Type 11 at Line 73: called object isn't function
Error Type 4 at Line 77: redefined function
Error Type 5 at Line 130: mismatched assignment
Error Type 7 at Line 140: mismatched operands
Error Type 5 at Line 142: mismatched assignment
Error Type 6 at Line 208: assign to rvalue
Error Type 8 at Line 214: mismatched return
Error Type 16 at Line 231: struct id duplicated with normal id :(
Error Type 16 at Line 235: struct id duplicated with normal id :(
Error Type 8 at Line 294: mismatched return
Error Type 3 at Line 508: redefined variable
Error Type 9 at Line 562: invocation arguments mismatched
Error Type 17 at Line 570: use undefined struct
Error Type 9 at Line 640: invocation arguments mismatched
