Error Type 15 at Line 96: redefined struct member
Error Type 15 at Line 97: try to init struct member when define it
Error Type 15 at Line 98: try to init struct member when define it
Error Type 13 at Line 109: request member from something not an struct
Error Type 2 at Line 111: undefined function
Error Type 14 at Line 112: request nonexistent member
Error Type 1 at Line 113: undefined variable
Error Type 1 at Line 114: undefined variable
Error Type 12 at Line 115: subscript is not integer
Error Type 11 at Line 118: called object isn't function
Error Type 2 at Line 120: undefined function
Error Type 6 at Line 122: assign to rvalue
Error Type 5 at Line 129: mismatched assignment
Error Type 13 at Line 131: request member from something not an struct
Error Type 4 at Line 133: redefined function
Error Type 5 at Line 176: mismatched assignment
Error Type 17 at Line 179: use undefined struct
Error Type 6 at Line 184: assign to rvalue
Error Type 4 at Line 201: redefined function
Error Type 3 at Line 271: redefined variable
Error Type 8 at Line 290: mismatched return
Error Type 16 at Line 293: struct id duplicated with normal id :(
Error Type 16 at Line 297: struct id duplicated with normal id :(
Error Type 8 at Line 435: mismatched return
Error Type 17 at Line 539: use undefined struct
Error Type 9 at Line 747: invocation arguments mismatched
Error Type 3 at Line 769: redefined variable
Error Type 9 at Line 775: invocation arguments mismatched
