Error Type 15 at Line 12: try to init struct member when define it
Error Type 15 at Line 14: redefined struct member
Error Type 15 at Line 16: try to init struct member when define it
Error Type 15 at Line 18: redefined struct member
Error Type 11 at Line 25: called object isn't function
Error Type 12 at Line 31: subscript is not integer
Error Type 13 at Line 32: request member from something not an struct
Error Type 10 at Line 34: subscripted value is not an array
Error Type 2 at Line 35: undefined function
Error Type 4 at Line 37: redefined function
Error Type 17 at Line 44: use undefined struct
Error Type 11 at Line 49: called object isn't function
Error Type 13 at Line 53: request member from something not an struct
Error Type 5 at Line 57: mismatched assignment
Error Type 6 at Line 59: assign to rvalue
Error Type 6 at Line 72: assign to rvalue
Error Type 16 at Line 86: struct id duplicated with normal id :(
Error Type 16 at Line 90: struct id duplicated with normal id :(
Error Type 8 at Line 110: mismatched return
Error Type 5 at Line 179: mismatched assignment
Error Type 3 at Line 187: redefined variable
Error Type 9 at Line 238: invocation arguments mismatched
Error Type 3 at Line 337: redefined variable
Error Type 17 at Line 338: use undefined struct
Error Type 8 at Line 463: mismatched return
