Error Type 15 at Line 94: try to init struct member when define it
Error Type 15 at Line 95: try to init struct member when define it
Error Type 17 at Line 99: use undefined struct
Error Type 13 at Line 175: request member from something not an struct
Error Type 13 at Line 176: request member from something not an struct
Error Type 14 at Line 180: request nonexistent member
Error Type 10 at Line 181: subscripted value is not an array
Error Type 1 at Line 182: undefined variable
Error Type 2 at Line 186: undefined function
Error Type 6 at Line 189: assign to rvalue
Error Type 11 at Line 190: called object isn't function
Error Type 5 at Line 195: mismatched assignment
Error Type 3 at Line 201: redefined variable
Error Type 7 at Line 208: mismatched operands
Error Type 7 at Line 216: mismatched operands
Error Type 4 at Line 254: redefined function
Error Type 6 at Line 333: assign to rvalue
Error Type 17 at Line 340: use undefined struct
Error Type 4 at Line 428: redefined function
Error Type 8 at Line 494: mismatched return
Error Type 16 at Line 497: struct id duplicated with normal id :(
Error Type 9 at Line 565: invocation arguments mismatched
Error Type 8 at Line 590: mismatched return
Error Type 3 at Line 950: redefined variable
Error Type 9 at Line 1136: invocation arguments mismatched
