Error Type 15 at Line 79: try to init struct member when define it
Error Type 15 at Line 80: redefined struct member
Error Type 15 at Line 81: try to init struct member when define it
Error Type 15 at Line 82: try to init struct member when define it
Error Type 17 at Line 86: use undefined struct
Error Type 3 at Line 88: redefined variable
Error Type 14 at Line 92: request nonexistent member
Error Type 4 at Line 96: redefined function
Error Type 12 at Line 100: subscript is not integer
Error Type 11 at Line 101: called object isn't function
Error Type 6 at Line 105: assign to rvalue
Error Type 13 at Line 108: request member from something not an struct
Error Type 16 at Line 111: struct id duplicated with normal id :(
Error Type 17 at Line 116: use undefined struct
Error Type 3 at Line 118: redefined variable
Error Type 1 at Line 127: undefined variable
Error Type 1 at Line 128: undefined variable
Error Type 2 at Line 129: undefined function
Error Type 2 at Line 130: undefined function
Error Type 13 at Line 131: request member from something not an struct
Error Type 5 at Line 156: mismatched assignment
Error Type 5 at Line 157: mismatched assignment
Error Type 6 at Line 161: assign to rvalue
Error Type 9 at Line 168: invocation arguments mismatched
Error Type 6 at Line 169: assign to rvalue
Error Type 9 at Line 172: invocation arguments mismatched
Error Type 10 at Line 173: subscripted value is not an array
Error Type 17 at Line 178: use undefined struct
Error Type 3 at Line 180: redefined variable
Error Type 5 at Line 203: mismatched assignment
Error Type 8 at Line 208: mismatched return
Error Type 9 at Line 237: invocation arguments mismatched
Error Type 8 at Line 240: mismatched return
