Error Type 15 at Line 54: try to init struct member when define it
Error Type 15 at Line 55: try to init struct member when define it
Error Type 15 at Line 56: redefined struct member
Error Type 15 at Line 57: redefined struct member
Error Type 15 at Line 58: try to init struct member when define it
Error Type 13 at Line 69: request member from something not an struct
Error Type 2 at Line 71: undefined function
Error Type 11 at Line 73: called object isn't function
Error Type 10 at Line 74: subscripted value is not an array
Error Type 11 at Line 75: called object isn't function
Error Type 11 at Line 77: called object isn't function
Error Type 5 at Line 87: mismatched assignment
Error Type 2 at Line 91: undefined function
Error Type 3 at Line 93: redefined variable
Error Type 13 at Line 96: request member from something not an struct
Error Type 7 at Line 101: mismatched operands
Error Type 3 at Line 108: redefined variable
Error Type 8 at Line 125: mismatched return
Error Type 4 at Line 127: redefined function
Error Type 5 at Line 134: mismatched assignment
Error Type 17 at Line 141: use undefined struct
Error Type 8 at Line 167: mismatched return
Error Type 8 at Line 168: mismatched return
Error Type 4 at Line 170: redefined function
Error Type 6 at Line 193: assign to rvalue
Error Type 6 at Line 194: assign to rvalue
Error Type 6 at Line 221: assign to rvalue
Error Type 16 at Line 236: struct id duplicated with normal id :(
Error Type 16 at Line 240: struct id duplicated with normal id :(
Error Type 17 at Line 245: use undefined struct
Error Type 17 at Line 246: use undefined struct
Error Type 9 at Line 286: invocation arguments mismatched
Error Type 3 at Line 317: redefined variable
Error Type 9 at Line 322: invocation arguments mismatched
Error Type 9 at Line 333: invocation arguments mismatched
