Error Type 15 at Line 59: try to init struct member when define it
Error Type 15 at Line 60: redefined struct member
Error Type 14 at Line 67: request nonexistent member
Error Type 11 at Line 70: called object isn't function
Error Type 13 at Line 72: request member from something not an struct
Error Type 5 at Line 84: mismatched assignment
Error Type 6 at Line 97: assign to rvalue
Error Type 5 at Line 101: mismatched assignment
Error Type 6 at Line 113: assign to rvalue
Error Type 7 at Line 120: mismatched operands
Error Type 11 at Line 128: called object isn't function
Error Type 17 at Line 131: use undefined struct
Error Type 4 at Line 138: redefined function
Error Type 5 at Line 143: mismatched assignment
Error Type 6 at Line 146: assign to rvalue
Error Type 4 at Line 217: redefined function
Error Type 3 at Line 219: redefined variable
Error Type 17 at Line 280: use undefined struct
Error Type 4 at Line 293: redefined function
Error Type 8 at Line 310: mismatched return
Error Type 16 at Line 313: struct id duplicated with normal id :(
Error Type 16 at Line 317: struct id duplicated with normal id :(
Error Type 16 at Line 321: struct id duplicated with normal id :(
Error Type 17 at Line 326: use undefined struct
Error Type 3 at Line 328: redefined variable
Error Type 9 at Line 349: invocation arguments mismatched
Error Type 3 at Line 367: redefined variable
Error Type 8 at Line 506: mismatched return
Error Type 8 at Line 730: mismatched return
