Error Type 15 at Line 17: redefined struct member
Error Type 15 at Line 18: try to init struct member when define it
Error Type 15 at Line 19: try to init struct member when define it
Error Type 15 at Line 20: try to init struct member when define it
Error Type 15 at Line 21: redefined struct member
Error Type 14 at Line 37: request nonexistent member
Error Type 17 at Line 42: use undefined struct
Error Type 4 at Line 47: redefined function
Error Type 1 at Line 66: undefined variable
Error Type 11 at Line 68: called object isn't function
Error Type 16 at Line 74: struct id duplicated with normal id :(
Error Type 16 at Line 78: struct id duplicated with normal id :(
Error Type 6 at Line 101: assign to rvalue
Error Type 17 at Line 105: use undefined struct
Error Type 5 at Line 108: mismatched assignment
Error Type 6 at Line 109: assign to rvalue
Error Type 6 at Line 112: assign to rvalue
Error Type 9 at Line 116: invocation arguments mismatched
Error Type 7 at Line 187: mismatched operands
Error Type 5 at Line 229: mismatched assignment
Error Type 3 at Line 252: redefined variable
Error Type 5 at Line 269: mismatched assignment
Error Type 8 at Line 347: mismatched return
Error Type 8 at Line 435: mismatched return
Error Type 17 at Line 439: use undefined struct
Error Type 3 at Line 495: redefined variable
Error Type 3 at Line 503: redefined variable
Error Type 8 at Line 593: mismatched return
