Error Type 15 at Line 10: try to init struct member when define it
Error Type 10 at Line 17: subscripted value is not an array
Error Type 4 at Line 21: redefined function
Error Type 13 at Line 26: request member from something not an struct
Error Type 1 at Line 27: undefined variable
Error Type 12 at Line 28: subscript is not integer
Error Type 1 at Line 31: undefined variable
Error Type 2 at Line 36: undefined function
Error Type 10 at Line 52: subscripted value is not an array
Error Type 7 at Line 53: mismatched operands
Error Type 12 at Line 55: subscript is not integer
Error Type 4 at Line 59: redefined function
Error Type 3 at Line 61: redefined variable
Error Type 17 at Line 79: use undefined struct
Error Type 5 at Line 80: mismatched assignment
Error Type 6 at Line 83: assign to rvalue
Error Type 4 at Line 89: redefined function
Error Type 6 at Line 104: assign to rvalue
Error Type 16 at Line 111: struct id duplicated with normal id :(
Error Type 16 at Line 115: struct id duplicated with normal id :(
Error Type 17 at Line 120: use undefined struct
Error Type 5 at Line 134: mismatched assignment
Error Type 9 at Line 135: invocation arguments mismatched
Error Type 5 at Line 139: mismatched assignment
Error Type 9 at Line 150: invocation arguments mismatched
Error Type 6 at Line 153: assign to rvalue
Error Type 8 at Line 159: mismatched return
Error Type 17 at Line 163: use undefined struct
Error Type 3 at Line 165: redefined variable
Error Type 7 at Line 180: mismatched operands
Error Type 8 at Line 182: mismatched return
Error Type 8 at Line 198: mismatched return
Error Type 3 at Line 205: redefined variable
Error Type 9 at Line 274: invocation arguments mismatched
