Error Type 15 at Line 73: try to init struct member when define it
Error Type 3 at Line 78: redefined variable
Error Type 11 at Line 83: called object isn't function
Error Type 6 at Line 89: assign to rvalue
Error Type 2 at Line 96: undefined function
Error Type 6 at Line 99: assign to rvalue
Error Type 14 at Line 101: request nonexistent member
Error Type 2 at Line 103: undefined function
Error Type 4 at Line 105: redefined function
Error Type 7 at Line 114: mismatched operands
Error Type 5 at Line 130: mismatched assignment
Error Type 5 at Line 144: mismatched assignment
Error Type 4 at Line 147: redefined function
Error Type 3 at Line 174: redefined variable
Error Type 5 at Line 225: mismatched assignment
Error Type 6 at Line 227: assign to rvalue
Error Type 5 at Line 228: mismatched assignment
Error Type 6 at Line 235: assign to rvalue
Error Type 17 at Line 240: use undefined struct
Error Type 17 at Line 241: use undefined struct
Error Type 8 at Line 250: mismatched return
Error Type 8 at Line 252: mismatched return
Error Type 4 at Line 254: redefined function
Error Type 16 at Line 327: struct id duplicated with normal id :(
Error Type 16 at Line 331: struct id duplicated with normal id :(
Error Type 16 at Line 335: struct id duplicated with normal id :(
Error Type 17 at Line 388: use undefined struct
Error Type 17 at Line 389: use undefined struct
Error Type 9 at Line 405: invocation arguments mismatched
Error Type 3 at Line 421: redefined variable
Error Type 3 at Line 430: redefined variable
Error Type 8 at Line 443: mismatched return
Error Type 9 at Line 483: invocation arguments mismatched
Error Type 9 at Line 541: invocation arguments mismatched
Error Type 8 at Line 645: mismatched return
