Error Type 15 at Line 29: try to init struct member when define it
Error Type 15 at Line 30: try to init struct member when define it
Error Type 15 at Line 31: try to init struct member when define it
Error Type 15 at Line 32: try to init struct member when define it
Error Type 15 at Line 33: redefined struct member
Error Type 15 at Line 34: redefined struct member
Error Type 3 at Line 39: redefined variable
Error Type 10 at Line 44: subscripted value is not an array
Error Type 6 at Line 46: assign to rvalue
Error Type 2 at Line 47: undefined function
Error Type 2 at Line 49: undefined function
Error Type 1 at Line 50: undefined variable
Error Type 13 at Line 52: request member from something not an struct
Error Type 4 at Line 55: redefined function
Error Type 3 at Line 60: redefined variable
Error Type 10 at Line 63: subscripted value is not an array
Error Type 17 at Line 66: use undefined struct
Error Type 5 at Line 73: mismatched assignment
Error Type 16 at Line 76: struct id duplicated with normal id :(
Error Type 16 at Line 80: struct id duplicated with normal id :(
Error Type 16 at Line 84: struct id duplicated with normal id :(
Error Type 16 at Line 88: struct id duplicated with normal id :(
Error Type 17 at Line 93: use undefined struct
Error Type 17 at Line 94: use undefined struct
Error Type 5 at Line 105: mismatched assignment
Error Type 7 at Line 146: mismatched operands
Error Type 7 at Line 148: mismatched operands
Error Type 8 at Line 149: mismatched return
Error Type 8 at Line 175: mismatched return
Error Type 17 at Line 221: use undefined struct
Error Type 3 at Line 223: redefined variable
Error Type 9 at Line 233: invocation arguments mismatched
Error Type 7 at Line 234: mismatched operands
Error Type 3 at Line 240: redefined variable
Error Type 5 at Line 242: mismatched assignment
Error Type 5 at Line 248: mismatched assignment
Error Type 6 at Line 252: assign to rvalue
Error Type 9 at Line 253: invocation arguments mismatched
Error Type 8 at Line 258: mismatched return
Error Type 9 at Line 278: invocation arguments mismatched
Error Type 6 at Line 286: assign to rvalue
Error Type 6 at Line 288: assign to rvalue
Error Type 8 at Line 377: mismatched return
