Error Type 15 at Line 73: try to init struct member when define it
Error Type 15 at Line 76: redefined struct member
Error Type 15 at Line 77: try to init struct member when define it
Error Type 15 at Line 78: redefined struct member
Error Type 15 at Line 79: try to init struct member when define it
Error Type 15 at Line 80: redefined struct member
Error Type 15 at Line 81: redefined struct member
Error Type 15 at Line 82: try to init struct member when define it
Error Type 3 at Line 87: redefined variable
Error Type 1 at Line 91: undefined variable
Error Type 11 at Line 93: called object isn't function
Error Type 13 at Line 97: request member from something not an struct
Error Type 2 at Line 98: undefined function
Error Type 13 at Line 99: request member from something not an struct
Error Type 2 at Line 100: undefined function
Error Type 6 at Line 101: assign to rvalue
Error Type 10 at Line 103: subscripted value is not an array
Error Type 14 at Line 104: request nonexistent member
Error Type 10 at Line 105: subscripted value is not an array
Error Type 13 at Line 107: request member from something not an struct
Error Type 10 at Line 110: subscripted value is not an array
Error Type 4 at Line 112: redefined function
Error Type 2 at Line 114: undefined function
Error Type 13 at Line 117: request member from something not an struct
Error Type 10 at Line 118: subscripted value is not an array
Error Type 1 at Line 120: undefined variable
Error Type 11 at Line 121: called object isn't function
Error Type 8 at Line 125: mismatched return
Error Type 16 at Line 128: struct id duplicated with normal id :(
Error Type 16 at Line 132: struct id duplicated with normal id :(
Error Type 16 at Line 136: struct id duplicated with normal id :(
Error Type 16 at Line 140: struct id duplicated with normal id :(
Error Type 3 at Line 146: redefined variable
Error Type 17 at Line 147: use undefined struct
Error Type 17 at Line 148: use undefined struct
Error Type 14 at Line 195: request nonexistent member
Error Type 5 at Line 199: mismatched assignment
Error Type 3 at Line 205: redefined variable
Error Type 3 at Line 207: redefined variable
Error Type 7 at Line 240: mismatched operands
Error Type 5 at Line 245: mismatched assignment
Error Type 7 at Line 248: mismatched operands
Error Type 9 at Line 249: invocation arguments mismatched
Error Type 9 at Line 252: invocation arguments mismatched
Error Type 6 at Line 328: assign to rvalue
Error Type 5 at Line 329: mismatched assignment
Error Type 8 at Line 348: mismatched return
Error Type 7 at Line 445: mismatched operands
Error Type 8 at Line 452: mismatched return
Error Type 17 at Line 456: use undefined struct
Error Type 17 at Line 457: use undefined struct
Error Type 6 at Line 532: assign to rvalue
Error Type 6 at Line 535: assign to rvalue
Error Type 8 at Line 541: mismatched return
