Error Type 15 at Line 94: try to init struct member when define it
Error Type 15 at Line 95: try to init struct member when define it
Error Type 15 at Line 96: try to init struct member when define it
Error Type 15 at Line 97: redefined struct member
Error Type 15 at Line 98: redefined struct member
Error Type 15 at Line 99: redefined struct member
Error Type 15 at Line 100: try to init struct member when define it
Error Type 13 at Line 111: request member from something not an struct
Error Type 10 at Line 112: subscripted value is not an array
Error Type 5 at Line 113: mismatched assignment
Error Type 1 at Line 115: undefined variable
Error Type 11 at Line 117: called object isn't function
Error Type 13 at Line 121: request member from something not an struct
Error Type 5 at Line 126: mismatched assignment
Error Type 6 at Line 133: assign to rvalue
Error Type 6 at Line 140: assign to rvalue
Error Type 11 at Line 159: called object isn't function
Error Type 8 at Line 161: mismatched return
Error Type 4 at Line 163: redefined function
Error Type 17 at Line 164: use undefined struct
Error Type 5 at Line 186: mismatched assignment
Error Type 7 at Line 188: mismatched operands
Error Type 7 at Line 195: mismatched operands
Error Type 5 at Line 197: mismatched assignment
Error Type 6 at Line 200: assign to rvalue
Error Type 6 at Line 235: assign to rvalue
Error Type 3 at Line 241: redefined variable
Error Type 3 at Line 300: redefined variable
Error Type 17 at Line 310: use undefined struct
Error Type 17 at Line 330: use undefined struct
Error Type 4 at Line 342: redefined function
Error Type 4 at Line 435: redefined function
Error Type 17 at Line 436: use undefined struct
Error Type 3 at Line 482: redefined variable
Error Type 3 at Line 503: redefined variable
Error Type 4 at Line 597: redefined function
Error Type 16 at Line 614: struct id duplicated with normal id :(
Error Type 16 at Line 618: struct id duplicated with normal id :(
Error Type 16 at Line 622: struct id duplicated with normal id :(
Error Type 8 at Line 674: mismatched return
Error Type 9 at Line 675: invocation arguments mismatched
Error Type 9 at Line 784: invocation arguments mismatched
Error Type 9 at Line 831: invocation arguments mismatched
Error Type 9 at Line 840: invocation arguments mismatched
Error Type 8 at Line 869: mismatched return
Error Type 8 at Line 1064: mismatched return
