Error Type 15 at Line 93: try to init struct member when define it
Error Type 15 at Line 94: redefined struct member
Error Type 3 at Line 99: redefined variable
Error Type 5 at Line 105: mismatched assignment
Error Type 11 at Line 107: called object isn't function
Error Type 13 at Line 108: request member from something not an struct
Error Type 6 at Line 110: assign to rvalue
Error Type 13 at Line 111: request member from something not an struct
Error Type 13 at Line 112: request member from something not an struct
Error Type 5 at Line 135: mismatched assignment
Error Type 6 at Line 137: assign to rvalue
Error Type 6 at Line 144: assign to rvalue
Error Type 14 at Line 154: request nonexistent member
Error Type 4 at Line 159: redefined function
Error Type 3 at Line 161: redefined variable
Error Type 6 at Line 185: assign to rvalue
Error Type 5 at Line 295: mismatched assignment
Error Type 5 at Line 297: mismatched assignment
Error Type 16 at Line 300: struct id duplicated with normal id :(
Error Type 9 at Line 356: invocation arguments mismatched
Error Type 9 at Line 433: invocation arguments mismatched
Error Type 8 at Line 435: mismatched return
Error Type 17 at Line 439: use undefined struct
Error Type 9 at Line 510: invocation arguments mismatched
Error Type 9 at Line 515: invocation arguments mismatched
Error Type 3 at Line 989: redefined variable
Error Type 17 at Line 990: use undefined struct
Error Type 17 at Line 1156: use undefined struct
Error Type 8 at Line 1204: mismatched return
Error Type 8 at Line 1835: mismatched return
Error Type 8 at Line 2101: mismatched return
Error Type 3 at Line 2104: redefined variable
Error Type 17 at Line 2211: use undefined struct
