Error Type 15 at Line 70: try to init struct member when define it
Error Type 15 at Line 71: try to init struct member when define it
Error Type 15 at Line 72: try to init struct member when define it
Error Type 3 at Line 77: redefined variable
Error Type 1 at Line 84: undefined variable
Error Type 6 at Line 92: assign to rvalue
Error Type 1 at Line 94: undefined variable
Error Type 13 at Line 97: request member from something not an struct
Error Type 4 at Line 102: redefined function
Error Type 6 at Line 107: assign to rvalue
Error Type 7 at Line 110: mismatched operands
Error Type 5 at Line 112: mismatched assignment
Error Type 6 at Line 113: assign to rvalue
Error Type 11 at Line 115: called object isn't function
Error Type 11 at Line 117: called object isn't function
Error Type 5 at Line 118: mismatched assignment
Error Type 14 at Line 119: request nonexistent member
Error Type 16 at Line 122: struct id duplicated with normal id :(
Error Type 16 at Line 126: struct id duplicated with normal id :(
Error Type 16 at Line 130: struct id duplicated with normal id :(
Error Type 16 at Line 134: struct id duplicated with normal id :(
Error Type 17 at Line 139: use undefined struct
Error Type 3 at Line 141: redefined variable
Error Type 5 at Line 170: mismatched assignment
Error Type 5 at Line 199: mismatched assignment
Error Type 3 at Line 212: redefined variable
Error Type 9 at Line 216: invocation arguments mismatched
Error Type 17 at Line 234: use undefined struct
Error Type 5 at Line 235: mismatched assignment
Error Type 7 at Line 239: mismatched operands
Error Type 6 at Line 244: assign to rvalue
Error Type 8 at Line 245: mismatched return
Error Type 17 at Line 249: use undefined struct
Error Type 6 at Line 259: assign to rvalue
Error Type 8 at Line 263: mismatched return
Error Type 8 at Line 264: mismatched return
Error Type 17 at Line 268: use undefined struct
Error Type 8 at Line 373: mismatched return
Error Type 17 at Line 377: use undefined struct
Error Type 3 at Line 413: redefined variable
Error Type 3 at Line 415: redefined variable
Error Type 9 at Line 460: invocation arguments mismatched
Error Type 9 at Line 473: invocation arguments mismatched
Error Type 8 at Line 535: mismatched return
Error Type 7 at Line 543: mismatched operands
