Error Type 15 at Line 37: try to init struct member when define it
Error Type 15 at Line 38: redefined struct member
Error Type 15 at Line 39: try to init struct member when define it
Error Type 15 at Line 40: try to init struct member when define it
Error Type 15 at Line 41: redefined struct member
Error Type 15 at Line 42: try to init struct member when define it
Error Type 15 at Line 43: redefined struct member
Error Type 17 at Line 47: use undefined struct
Error Type 3 at Line 49: redefined variable
Error Type 7 at Line 54: mismatched operands
Error Type 7 at Line 55: mismatched operands
Error Type 10 at Line 56: subscripted value is not an array
Error Type 13 at Line 57: request member from something not an struct
Error Type 2 at Line 58: undefined function
Error Type 10 at Line 62: subscripted value is not an array
Error Type 13 at Line 63: request member from something not an struct
Error Type 11 at Line 72: called object isn't function
Error Type 10 at Line 82: subscripted value is not an array
Error Type 14 at Line 87: request nonexistent member
Error Type 6 at Line 88: assign to rvalue
Error Type 4 at Line 93: redefined function
Error Type 5 at Line 108: mismatched assignment
Error Type 6 at Line 112: assign to rvalue
Error Type 6 at Line 124: assign to rvalue
Error Type 17 at Line 127: use undefined struct
Error Type 5 at Line 146: mismatched assignment
Error Type 6 at Line 147: assign to rvalue
Error Type 4 at Line 152: redefined function
Error Type 6 at Line 169: assign to rvalue
Error Type 7 at Line 196: mismatched operands
Error Type 5 at Line 200: mismatched assignment
Error Type 17 at Line 205: use undefined struct
Error Type 17 at Line 209: use undefined struct
Error Type 3 at Line 211: redefined variable
Error Type 5 at Line 212: mismatched assignment
Error Type 5 at Line 214: mismatched assignment
Error Type 4 at Line 239: redefined function
Error Type 3 at Line 241: redefined variable
Error Type 8 at Line 275: mismatched return
Error Type 16 at Line 278: struct id duplicated with normal id :(
Error Type 16 at Line 282: struct id duplicated with normal id :(
Error Type 16 at Line 286: struct id duplicated with normal id :(
Error Type 16 at Line 290: struct id duplicated with normal id :(
Error Type 16 at Line 294: struct id duplicated with normal id :(
Error Type 17 at Line 299: use undefined struct
Error Type 3 at Line 301: redefined variable
Error Type 9 at Line 375: invocation arguments mismatched
Error Type 8 at Line 387: mismatched return
Error Type 3 at Line 390: redefined variable
Error Type 8 at Line 418: mismatched return
Error Type 8 at Line 474: mismatched return
Error Type 9 at Line 496: invocation arguments mismatched
Error Type 8 at Line 506: mismatched return
Error Type 9 at Line 609: invocation arguments mismatched
