Error Type 15 at Line 32: try to init struct member when define it
Error Type 15 at Line 33: redefined struct member
Error Type 15 at Line 34: redefined struct member
Error Type 15 at Line 35: try to init struct member when define it
Error Type 15 at Line 36: redefined struct member
Error Type 15 at Line 37: try to init struct member when define it
Error Type 15 at Line 38: try to init struct member when define it
Error Type 15 at Line 39: try to init struct member when define it
Error Type 6 at Line 58: assign to rvalue
Error Type 14 at Line 59: request nonexistent member
Error Type 4 at Line 62: redefined function
Error Type 2 at Line 67: undefined function
Error Type 12 at Line 69: subscript is not integer
Error Type 5 at Line 72: mismatched assignment
Error Type 17 at Line 76: use undefined struct
Error Type 6 at Line 85: assign to rvalue
Error Type 7 at Line 87: mismatched operands
Error Type 7 at Line 88: mismatched operands
Error Type 5 at Line 90: mismatched assignment
Error Type 6 at Line 91: assign to rvalue
Error Type 4 at Line 95: redefined function
Error Type 3 at Line 97: redefined variable
Error Type 17 at Line 131: use undefined struct
Error Type 5 at Line 138: mismatched assignment
Error Type 7 at Line 142: mismatched operands
Error Type 8 at Line 143: mismatched return
Error Type 5 at Line 144: mismatched assignment
Error Type 5 at Line 148: mismatched assignment
Error Type 3 at Line 155: redefined variable
Error Type 3 at Line 157: redefined variable
Error Type 7 at Line 158: mismatched operands
Error Type 6 at Line 160: assign to rvalue
Error Type 8 at Line 177: mismatched return
Error Type 6 at Line 180: assign to rvalue
Error Type 16 at Line 188: struct id duplicated with normal id :(
Error Type 16 at Line 192: struct id duplicated with normal id :(
Error Type 16 at Line 196: struct id duplicated with normal id :(
Error Type 17 at Line 223: use undefined struct
Error Type 3 at Line 225: redefined variable
Error Type 3 at Line 240: redefined variable
Error Type 9 at Line 256: invocation arguments mismatched
Error Type 8 at Line 369: mismatched return
Error Type 17 at Line 373: use undefined struct
Error Type 8 at Line 405: mismatched return
Error Type 17 at Line 409: use undefined struct
Error Type 9 at Line 472: invocation arguments mismatched
Error Type 9 at Line 553: invocation arguments mismatched
Error Type 8 at Line 642: mismatched return
Error Type 9 at Line 703: invocation arguments mismatched
Error Type 9 at Line 709: invocation arguments mismatched
