Error Type 15 at Line 37: try to init struct member when define it
Error Type 15 at Line 38: redefined struct member
Error Type 15 at Line 39: redefined struct member
Error Type 7 at Line 51: mismatched operands
Error Type 5 at Line 53: mismatched assignment
Error Type 5 at Line 54: mismatched assignment
Error Type 1 at Line 62: undefined variable
Error Type 2 at Line 66: undefined function
Error Type 17 at Line 69: use undefined struct
Error Type 14 at Line 70: request nonexistent member
Error Type 14 at Line 72: request nonexistent member
Error Type 1 at Line 74: undefined variable
Error Type 14 at Line 77: request nonexistent member
Error Type 7 at Line 78: mismatched operands
Error Type 6 at Line 84: assign to rvalue
Error Type 4 at Line 87: redefined function
Error Type 3 at Line 89: redefined variable
Error Type 6 at Line 104: assign to rvalue
Error Type 6 at Line 105: assign to rvalue
Error Type 5 at Line 112: mismatched assignment
Error Type 3 at Line 116: redefined variable
Error Type 3 at Line 132: redefined variable
Error Type 7 at Line 140: mismatched operands
Error Type 5 at Line 141: mismatched assignment
Error Type 4 at Line 147: redefined function
Error Type 3 at Line 149: redefined variable
Error Type 17 at Line 150: use undefined struct
Error Type 6 at Line 178: assign to rvalue
Error Type 4 at Line 196: redefined function
Error Type 3 at Line 198: redefined variable
Error Type 16 at Line 216: struct id duplicated with normal id :(
Error Type 16 at Line 220: struct id duplicated with normal id :(
Error Type 9 at Line 247: invocation arguments mismatched
Error Type 9 at Line 250: invocation arguments mismatched
Error Type 8 at Line 257: mismatched return
Error Type 8 at Line 304: mismatched return
Error Type 17 at Line 308: use undefined struct
Error Type 17 at Line 418: use undefined struct
Error Type 17 at Line 571: use undefined struct
Error Type 9 at Line 643: invocation arguments mismatched
Error Type 8 at Line 659: mismatched return
Error Type 8 at Line 692: mismatched return
Error Type 8 at Line 746: mismatched return
Error Type 9 at Line 847: invocation arguments mismatched
