Error Type 15 at Line 44: try to init struct member when define it
Error Type 12 at Line 52: subscript is not integer
Error Type 4 at Line 56: redefined function
Error Type 13 at Line 79: request member from something not an struct
Error Type 11 at Line 80: called object isn't function
Error Type 10 at Line 81: subscripted value is not an array
Error Type 4 at Line 104: redefined function
Error Type 7 at Line 122: mismatched operands
Error Type 5 at Line 129: mismatched assignment
Error Type 3 at Line 135: redefined variable
Error Type 3 at Line 137: redefined variable
Error Type 17 at Line 138: use undefined struct
Error Type 4 at Line 166: redefined function
Error Type 17 at Line 167: use undefined struct
Error Type 6 at Line 183: assign to rvalue
Error Type 6 at Line 184: assign to rvalue
Error Type 7 at Line 186: mismatched operands
Error Type 6 at Line 188: assign to rvalue
Error Type 6 at Line 192: assign to rvalue
Error Type 17 at Line 199: use undefined struct
Error Type 17 at Line 200: use undefined struct
Error Type 7 at Line 204: mismatched operands
Error Type 5 at Line 205: mismatched assignment
Error Type 5 at Line 210: mismatched assignment
Error Type 5 at Line 218: mismatched assignment
Error Type 4 at Line 222: redefined function
Error Type 3 at Line 224: redefined variable
Error Type 6 at Line 239: assign to rvalue
Error Type 3 at Line 246: redefined variable
Error Type 4 at Line 273: redefined function
Error Type 8 at Line 296: mismatched return
Error Type 16 at Line 299: struct id duplicated with normal id :(
Error Type 16 at Line 303: struct id duplicated with normal id :(
Error Type 16 at Line 307: struct id duplicated with normal id :(
Error Type 16 at Line 311: struct id duplicated with normal id :(
Error Type 16 at Line 315: struct id duplicated with normal id :(
Error Type 9 at Line 338: invocation arguments mismatched
Error Type 17 at Line 346: use undefined struct
Error Type 9 at Line 380: invocation arguments mismatched
Error Type 8 at Line 387: mismatched return
Error Type 8 at Line 389: mismatched return
Error Type 3 at Line 501: redefined variable
Error Type 8 at Line 621: mismatched return
Error Type 9 at Line 666: invocation arguments mismatched
Error Type 9 at Line 684: invocation arguments mismatched
Error Type 9 at Line 685: invocation arguments mismatched
Error Type 8 at Line 775: mismatched return
Error Type 7 at Line 847: mismatched operands
