Error Type 15 at Line 32: try to init struct member when define it
Error Type 15 at Line 33: redefined struct member
Error Type 15 at Line 34: try to init struct member when define it
Error Type 15 at Line 35: redefined struct member
Error Type 15 at Line 36: try to init struct member when define it
Error Type 15 at Line 37: redefined struct member
Error Type 15 at Line 38: try to init struct member when define it
Error Type 17 at Line 42: use undefined struct
Error Type 14 at Line 50: request nonexistent member
Error Type 13 at Line 54: request member from something not an struct
Error Type 14 at Line 55: request nonexistent member
Error Type 3 at Line 60: redefined variable
Error Type 11 at Line 63: called object isn't function
Error Type 1 at Line 64: undefined variable
Error Type 14 at Line 71: request nonexistent member
Error Type 6 at Line 75: assign to rvalue
Error Type 5 at Line 77: mismatched assignment
Error Type 4 at Line 80: redefined function
Error Type 6 at Line 86: assign to rvalue
Error Type 6 at Line 88: assign to rvalue
Error Type 8 at Line 89: mismatched return
Error Type 4 at Line 116: redefined function
Error Type 3 at Line 118: redefined variable
Error Type 5 at Line 131: mismatched assignment
Error Type 3 at Line 136: redefined variable
Error Type 3 at Line 138: redefined variable
Error Type 3 at Line 140: redefined variable
Error Type 5 at Line 167: mismatched assignment
Error Type 6 at Line 168: assign to rvalue
Error Type 5 at Line 170: mismatched assignment
Error Type 4 at Line 172: redefined function
Error Type 17 at Line 173: use undefined struct
Error Type 5 at Line 184: mismatched assignment
Error Type 8 at Line 190: mismatched return
Error Type 16 at Line 193: struct id duplicated with normal id :(
Error Type 16 at Line 197: struct id duplicated with normal id :(
Error Type 16 at Line 201: struct id duplicated with normal id :(
Error Type 7 at Line 225: mismatched operands
Error Type 8 at Line 227: mismatched return
Error Type 17 at Line 233: use undefined struct
Error Type 17 at Line 234: use undefined struct
Error Type 5 at Line 269: mismatched assignment
Error Type 6 at Line 277: assign to rvalue
Error Type 6 at Line 278: assign to rvalue
Error Type 9 at Line 315: invocation arguments mismatched
Error Type 9 at Line 333: invocation arguments mismatched
Error Type 3 at Line 422: redefined variable
Error Type 9 at Line 451: invocation arguments mismatched
Error Type 9 at Line 468: invocation arguments mismatched
Error Type 8 at Line 491: mismatched return
Error Type 8 at Line 492: mismatched return
Error Type 17 at Line 494: use undefined struct
Error Type 17 at Line 495: use undefined struct
Error Type 8 at Line 500: mismatched return
Error Type 9 at Line 503: invocation arguments mismatched
