Error Type 15 at Line 55: try to init struct member when define it
Error Type 15 at Line 57: redefined struct member
Error Type 15 at Line 58: redefined struct member
Error Type 15 at Line 59: try to init struct member when define it
Error Type 15 at Line 60: try to init struct member when define it
Error Type 15 at Line 61: try to init struct member when define it
Error Type 15 at Line 62: try to init struct member when define it
Error Type 15 at Line 63: try to init struct member when define it
Error Type 10 at Line 71: subscripted value is not an array
Error Type 2 at Line 72: undefined function
Error Type 1 at Line 75: undefined variable
Error Type 4 at Line 77: redefined function
Error Type 3 at Line 79: redefined variable
Error Type 3 at Line 81: redefined variable
Error Type 10 at Line 86: subscripted value is not an array
Error Type 6 at Line 88: assign to rvalue
Error Type 6 at Line 89: assign to rvalue
Error Type 10 at Line 91: subscripted value is not an array
Error Type 2 at Line 103: undefined function
Error Type 1 at Line 105: undefined variable
Error Type 3 at Line 109: redefined variable
Error Type 5 at Line 137: mismatched assignment
Error Type 5 at Line 141: mismatched assignment
Error Type 6 at Line 151: assign to rvalue
Error Type 5 at Line 154: mismatched assignment
Error Type 8 at Line 155: mismatched return
Error Type 4 at Line 157: redefined function
Error Type 3 at Line 159: redefined variable
Error Type 5 at Line 163: mismatched assignment
Error Type 8 at Line 165: mismatched return
Error Type 17 at Line 168: use undefined struct
Error Type 5 at Line 171: mismatched assignment
Error Type 6 at Line 173: assign to rvalue
Error Type 6 at Line 176: assign to rvalue
Error Type 6 at Line 184: assign to rvalue
Error Type 7 at Line 192: mismatched operands
Error Type 8 at Line 207: mismatched return
Error Type 4 at Line 211: redefined function
Error Type 16 at Line 236: struct id duplicated with normal id :(
Error Type 16 at Line 240: struct id duplicated with normal id :(
Error Type 16 at Line 244: struct id duplicated with normal id :(
Error Type 16 at Line 248: struct id duplicated with normal id :(
Error Type 16 at Line 252: struct id duplicated with normal id :(
Error Type 16 at Line 256: struct id duplicated with normal id :(
Error Type 17 at Line 261: use undefined struct
Error Type 9 at Line 283: invocation arguments mismatched
Error Type 8 at Line 286: mismatched return
Error Type 17 at Line 290: use undefined struct
Error Type 17 at Line 291: use undefined struct
Error Type 9 at Line 311: invocation arguments mismatched
Error Type 9 at Line 322: invocation arguments mismatched
Error Type 9 at Line 327: invocation arguments mismatched
Error Type 17 at Line 330: use undefined struct
Error Type 9 at Line 331: invocation arguments mismatched
Error Type 9 at Line 341: invocation arguments mismatched
Error Type 8 at Line 342: mismatched return
Error Type 3 at Line 347: redefined variable
Error Type 3 at Line 349: redefined variable
Error Type 17 at Line 350: use undefined struct
Error Type 8 at Line 378: mismatched return
