Error Type 15 at Line 57: try to init struct member when define it
Error Type 15 at Line 58: try to init struct member when define it
Error Type 15 at Line 59: try to init struct member when define it
Error Type 15 at Line 60: redefined struct member
Error Type 15 at Line 61: try to init struct member when define it
Error Type 15 at Line 62: redefined struct member
Error Type 15 at Line 64: redefined struct member
Error Type 15 at Line 65: try to init struct member when define it
Error Type 15 at Line 66: try to init struct member when define it
Error Type 13 at Line 74: request member from something not an struct
Error Type 2 at Line 116: undefined function
Error Type 11 at Line 118: called object isn't function
Error Type 4 at Line 120: redefined function
Error Type 17 at Line 121: use undefined struct
Error Type 5 at Line 125: mismatched assignment
Error Type 10 at Line 126: subscripted value is not an array
Error Type 2 at Line 128: undefined function
Error Type 14 at Line 129: request nonexistent member
Error Type 3 at Line 135: redefined variable
Error Type 17 at Line 136: use undefined struct
Error Type 7 at Line 156: mismatched operands
Error Type 6 at Line 158: assign to rvalue
Error Type 6 at Line 160: assign to rvalue
Error Type 5 at Line 161: mismatched assignment
Error Type 5 at Line 168: mismatched assignment
Error Type 4 at Line 172: redefined function
Error Type 3 at Line 174: redefined variable
Error Type 5 at Line 187: mismatched assignment
Error Type 7 at Line 190: mismatched operands
Error Type 5 at Line 204: mismatched assignment
Error Type 17 at Line 220: use undefined struct
Error Type 6 at Line 222: assign to rvalue
Error Type 6 at Line 227: assign to rvalue
Error Type 5 at Line 230: mismatched assignment
Error Type 6 at Line 231: assign to rvalue
Error Type 8 at Line 236: mismatched return
Error Type 4 at Line 240: redefined function
Error Type 3 at Line 270: redefined variable
Error Type 3 at Line 272: redefined variable
Error Type 17 at Line 281: use undefined struct
Error Type 3 at Line 283: redefined variable
Error Type 8 at Line 295: mismatched return
Error Type 4 at Line 306: redefined function
Error Type 17 at Line 329: use undefined struct
Error Type 17 at Line 335: use undefined struct
Error Type 3 at Line 349: redefined variable
Error Type 8 at Line 378: mismatched return
Error Type 8 at Line 387: mismatched return
Error Type 4 at Line 389: redefined function
Error Type 16 at Line 429: struct id duplicated with normal id :(
Error Type 16 at Line 433: struct id duplicated with normal id :(
Error Type 16 at Line 437: struct id duplicated with normal id :(
Error Type 16 at Line 441: struct id duplicated with normal id :(
Error Type 8 at Line 552: mismatched return
Error Type 9 at Line 736: invocation arguments mismatched
Error Type 8 at Line 780: mismatched return
Error Type 9 at Line 882: invocation arguments mismatched
Error Type 9 at Line 981: invocation arguments mismatched
Error Type 9 at Line 1015: invocation arguments mismatched
Error Type 7 at Line 1588: mismatched operands
Error Type 7 at Line 1591: mismatched operands
Error Type 7 at Line 1620: mismatched operands
