Error Type 15 at Line 38: try to init struct member when define it
Error Type 15 at Line 39: redefined struct member
Error Type 15 at Line 40: try to init struct member when define it
Error Type 15 at Line 41: try to init struct member when define it
Error Type 15 at Line 42: redefined struct member
Error Type 15 at Line 43: try to init struct member when define it
Error Type 15 at Line 44: redefined struct member
Error Type 10 at Line 56: subscripted value is not an array
Error Type 6 at Line 57: assign to rvalue
Error Type 11 at Line 58: called object isn't function
Error Type 1 at Line 59: undefined variable
Error Type 12 at Line 61: subscript is not integer
Error Type 2 at Line 62: undefined function
Error Type 4 at Line 64: redefined function
Error Type 3 at Line 66: redefined variable
Error Type 13 at Line 73: request member from something not an struct
Error Type 14 at Line 74: request nonexistent member
Error Type 2 at Line 75: undefined function
Error Type 11 at Line 76: called object isn't function
Error Type 3 at Line 83: redefined variable
Error Type 5 at Line 100: mismatched assignment
Error Type 8 at Line 106: mismatched return
Error Type 4 at Line 108: redefined function
Error Type 3 at Line 110: redefined variable
Error Type 17 at Line 111: use undefined struct
Error Type 5 at Line 181: mismatched assignment
Error Type 7 at Line 182: mismatched operands
Error Type 6 at Line 189: assign to rvalue
Error Type 7 at Line 191: mismatched operands
Error Type 17 at Line 194: use undefined struct
Error Type 6 at Line 195: assign to rvalue
Error Type 3 at Line 200: redefined variable
Error Type 6 at Line 216: assign to rvalue
Error Type 17 at Line 235: use undefined struct
Error Type 17 at Line 237: use undefined struct
Error Type 5 at Line 243: mismatched assignment
Error Type 7 at Line 258: mismatched operands
Error Type 5 at Line 262: mismatched assignment
Error Type 6 at Line 263: assign to rvalue
Error Type 5 at Line 265: mismatched assignment
Error Type 5 at Line 269: mismatched assignment
Error Type 6 at Line 280: assign to rvalue
Error Type 4 at Line 282: redefined function
Error Type 3 at Line 284: redefined variable
Error Type 17 at Line 368: use undefined struct
Error Type 17 at Line 383: use undefined struct
Error Type 3 at Line 398: redefined variable
Error Type 8 at Line 416: mismatched return
Error Type 8 at Line 532: mismatched return
Error Type 4 at Line 534: redefined function
Error Type 16 at Line 603: struct id duplicated with normal id :(
Error Type 16 at Line 607: struct id duplicated with normal id :(
Error Type 9 at Line 803: invocation arguments mismatched
Error Type 9 at Line 938: invocation arguments mismatched
Error Type 9 at Line 956: invocation arguments mismatched
Error Type 9 at Line 1028: invocation arguments mismatched
Error Type 8 at Line 1080: mismatched return
Error Type 8 at Line 1082: mismatched return
Error Type 8 at Line 1228: mismatched return
