Error Type 15 at Line 55: try to init struct member when define it
Error Type 15 at Line 56: redefined struct member
Error Type 15 at Line 57: try to init struct member when define it
Error Type 15 at Line 58: redefined struct member
Error Type 15 at Line 59: redefined struct member
Error Type 3 at Line 64: redefined variable
Error Type 1 at Line 71: undefined variable
Error Type 10 at Line 74: subscripted value is not an array
Error Type 13 at Line 75: request member from something not an struct
Error Type 10 at Line 76: subscripted value is not an array
Error Type 11 at Line 77: called object isn't function
Error Type 2 at Line 80: undefined function
Error Type 13 at Line 81: request member from something not an struct
Error Type 11 at Line 82: called object isn't function
Error Type 2 at Line 83: undefined function
Error Type 1 at Line 85: undefined variable
Error Type 11 at Line 87: called object isn't function
Error Type 13 at Line 89: request member from something not an struct
Error Type 1 at Line 91: undefined variable
Error Type 10 at Line 92: subscripted value is not an array
Error Type 2 at Line 93: undefined function
Error Type 11 at Line 94: called object isn't function
Error Type 1 at Line 100: undefined variable
Error Type 2 at Line 102: undefined function
Error Type 10 at Line 104: subscripted value is not an array
Error Type 10 at Line 105: subscripted value is not an array
Error Type 2 at Line 108: undefined function
Error Type 1 at Line 110: undefined variable
Error Type 14 at Line 123: request nonexistent member
Error Type 14 at Line 125: request nonexistent member
Error Type 5 at Line 131: mismatched assignment
Error Type 14 at Line 132: request nonexistent member
Error Type 14 at Line 134: request nonexistent member
Error Type 5 at Line 135: mismatched assignment
Error Type 17 at Line 138: use undefined struct
Error Type 7 at Line 149: mismatched operands
Error Type 3 at Line 157: redefined variable
Error Type 6 at Line 159: assign to rvalue
Error Type 5 at Line 162: mismatched assignment
Error Type 6 at Line 163: assign to rvalue
Error Type 6 at Line 164: assign to rvalue
Error Type 8 at Line 167: mismatched return
Error Type 7 at Line 172: mismatched operands
Error Type 7 at Line 173: mismatched operands
Error Type 17 at Line 176: use undefined struct
Error Type 5 at Line 177: mismatched assignment
Error Type 6 at Line 178: assign to rvalue
Error Type 6 at Line 180: assign to rvalue
Error Type 4 at Line 185: redefined function
Error Type 3 at Line 187: redefined variable
Error Type 17 at Line 188: use undefined struct
Error Type 17 at Line 248: use undefined struct
Error Type 7 at Line 256: mismatched operands
Error Type 17 at Line 262: use undefined struct
Error Type 6 at Line 266: assign to rvalue
Error Type 5 at Line 272: mismatched assignment
Error Type 5 at Line 276: mismatched assignment
Error Type 16 at Line 279: struct id duplicated with normal id :(
Error Type 16 at Line 283: struct id duplicated with normal id :(
Error Type 16 at Line 287: struct id duplicated with normal id :(
Error Type 16 at Line 291: struct id duplicated with normal id :(
Error Type 8 at Line 311: mismatched return
Error Type 9 at Line 508: invocation arguments mismatched
Error Type 8 at Line 514: mismatched return
Error Type 9 at Line 620: invocation arguments mismatched
Error Type 9 at Line 622: invocation arguments mismatched
Error Type 8 at Line 651: mismatched return
Error Type 3 at Line 656: redefined variable
Error Type 17 at Line 657: use undefined struct
Error Type 8 at Line 709: mismatched return
Error Type 3 at Line 714: redefined variable
Error Type 3 at Line 716: redefined variable
Error Type 9 at Line 822: invocation arguments mismatched
Error Type 9 at Line 827: invocation arguments mismatched
Error Type 9 at Line 937: invocation arguments mismatched
Error Type 8 at Line 1052: mismatched return
