Error Type 15 at Line 52: try to init struct member when define it
Error Type 15 at Line 53: try to init struct member when define it
Error Type 15 at Line 54: redefined struct member
Error Type 15 at Line 55: try to init struct member when define it
Error Type 15 at Line 56: redefined struct member
Error Type 15 at Line 57: redefined struct member
Error Type 15 at Line 58: try to init struct member when define it
Error Type 15 at Line 59: redefined struct member
Error Type 3 at Line 64: redefined variable
Error Type 13 at Line 68: request member from something not an struct
Error Type 4 at Line 72: redefined function
Error Type 2 at Line 77: undefined function
Error Type 5 at Line 78: mismatched assignment
Error Type 1 at Line 79: undefined variable
Error Type 12 at Line 82: subscript is not integer
Error Type 10 at Line 83: subscripted value is not an array
Error Type 5 at Line 85: mismatched assignment
Error Type 5 at Line 87: mismatched assignment
Error Type 3 at Line 92: redefined variable
Error Type 8 at Line 130: mismatched return
Error Type 4 at Line 132: redefined function
Error Type 3 at Line 134: redefined variable
Error Type 7 at Line 138: mismatched operands
Error Type 6 at Line 143: assign to rvalue
Error Type 5 at Line 148: mismatched assignment
Error Type 8 at Line 149: mismatched return
Error Type 17 at Line 152: use undefined struct
Error Type 7 at Line 170: mismatched operands
Error Type 7 at Line 175: mismatched operands
Error Type 6 at Line 180: assign to rvalue
Error Type 6 at Line 181: assign to rvalue
Error Type 6 at Line 183: assign to rvalue
Error Type 5 at Line 195: mismatched assignment
Error Type 6 at Line 196: assign to rvalue
Error Type 5 at Line 197: mismatched assignment
Error Type 6 at Line 202: assign to rvalue
Error Type 6 at Line 205: assign to rvalue
Error Type 5 at Line 209: mismatched assignment
Error Type 4 at Line 214: redefined function
Error Type 17 at Line 215: use undefined struct
Error Type 17 at Line 238: use undefined struct
Error Type 4 at Line 305: redefined function
Error Type 3 at Line 307: redefined variable
Error Type 17 at Line 308: use undefined struct
Error Type 8 at Line 317: mismatched return
Error Type 3 at Line 358: redefined variable
Error Type 3 at Line 360: redefined variable
Error Type 17 at Line 361: use undefined struct
Error Type 4 at Line 373: redefined function
Error Type 17 at Line 388: use undefined struct
Error Type 4 at Line 436: redefined function
Error Type 8 at Line 448: mismatched return
Error Type 16 at Line 451: struct id duplicated with normal id :(
Error Type 16 at Line 455: struct id duplicated with normal id :(
Error Type 16 at Line 459: struct id duplicated with normal id :(
Error Type 16 at Line 463: struct id duplicated with normal id :(
Error Type 16 at Line 467: struct id duplicated with normal id :(
Error Type 17 at Line 472: use undefined struct
Error Type 9 at Line 481: invocation arguments mismatched
Error Type 8 at Line 491: mismatched return
Error Type 3 at Line 497: redefined variable
Error Type 9 at Line 525: invocation arguments mismatched
Error Type 8 at Line 546: mismatched return
Error Type 9 at Line 565: invocation arguments mismatched
Error Type 9 at Line 690: invocation arguments mismatched
Error Type 9 at Line 726: invocation arguments mismatched
Error Type 8 at Line 817: mismatched return
Error Type 7 at Line 823: mismatched operands
Error Type 7 at Line 826: mismatched operands
