Error Type 15 at Line 27: try to init struct member when define it
Error Type 15 at Line 28: redefined struct member
Error Type 15 at Line 29: try to init struct member when define it
Error Type 15 at Line 30: try to init struct member when define it
Error Type 15 at Line 31: try to init struct member when define it
Error Type 15 at Line 32: redefined struct member
Error Type 15 at Line 33: try to init struct member when define it
Error Type 15 at Line 34: try to init struct member when define it
Error Type 15 at Line 36: try to init struct member when define it
Error Type 17 at Line 40: use undefined struct
Error Type 17 at Line 41: use undefined struct
Error Type 3 at Line 43: redefined variable
Error Type 14 at Line 58: request nonexistent member
Error Type 1 at Line 60: undefined variable
Error Type 10 at Line 61: subscripted value is not an array
Error Type 1 at Line 64: undefined variable
Error Type 11 at Line 66: called object isn't function
Error Type 4 at Line 71: redefined function
Error Type 5 at Line 86: mismatched assignment
Error Type 10 at Line 87: subscripted value is not an array
Error Type 13 at Line 88: request member from something not an struct
Error Type 3 at Line 92: redefined variable
Error Type 7 at Line 110: mismatched operands
Error Type 5 at Line 111: mismatched assignment
Error Type 6 at Line 112: assign to rvalue
Error Type 5 at Line 113: mismatched assignment
Error Type 5 at Line 114: mismatched assignment
Error Type 8 at Line 115: mismatched return
Error Type 4 at Line 117: redefined function
Error Type 17 at Line 118: use undefined struct
Error Type 3 at Line 120: redefined variable
Error Type 7 at Line 124: mismatched operands
Error Type 5 at Line 129: mismatched assignment
Error Type 6 at Line 155: assign to rvalue
Error Type 5 at Line 156: mismatched assignment
Error Type 17 at Line 162: use undefined struct
Error Type 3 at Line 166: redefined variable
Error Type 7 at Line 167: mismatched operands
Error Type 6 at Line 185: assign to rvalue
Error Type 6 at Line 188: assign to rvalue
Error Type 5 at Line 192: mismatched assignment
Error Type 3 at Line 198: redefined variable
Error Type 3 at Line 200: redefined variable
Error Type 6 at Line 205: assign to rvalue
Error Type 6 at Line 207: assign to rvalue
Error Type 17 at Line 210: use undefined struct
Error Type 4 at Line 216: redefined function
Error Type 17 at Line 254: use undefined struct
Error Type 3 at Line 267: redefined variable
Error Type 4 at Line 280: redefined function
Error Type 8 at Line 294: mismatched return
Error Type 4 at Line 311: redefined function
Error Type 17 at Line 312: use undefined struct
Error Type 8 at Line 368: mismatched return
Error Type 16 at Line 371: struct id duplicated with normal id :(
Error Type 16 at Line 375: struct id duplicated with normal id :(
Error Type 16 at Line 379: struct id duplicated with normal id :(
Error Type 16 at Line 383: struct id duplicated with normal id :(
Error Type 16 at Line 387: struct id duplicated with normal id :(
Error Type 8 at Line 456: mismatched return
Error Type 8 at Line 476: mismatched return
Error Type 9 at Line 482: invocation arguments mismatched
Error Type 9 at Line 499: invocation arguments mismatched
Error Type 9 at Line 507: invocation arguments mismatched
Error Type 9 at Line 548: invocation arguments mismatched
Error Type 8 at Line 557: mismatched return
Error Type 9 at Line 628: invocation arguments mismatched
Error Type 8 at Line 677: mismatched return
Error Type 9 at Line 731: invocation arguments mismatched
Error Type 7 at Line 793: mismatched operands
Error Type 7 at Line 797: mismatched operands
