Error Type 15 at Line 47: try to init struct member when define it
Error Type 15 at Line 48: try to init struct member when define it
Error Type 15 at Line 49: redefined struct member
Error Type 15 at Line 50: try to init struct member when define it
Error Type 15 at Line 51: redefined struct member
Error Type 15 at Line 52: redefined struct member
Error Type 17 at Line 56: use undefined struct
Error Type 17 at Line 57: use undefined struct
Error Type 17 at Line 58: use undefined struct
Error Type 11 at Line 66: called object isn't function
Error Type 1 at Line 67: undefined variable
Error Type 2 at Line 68: undefined function
Error Type 11 at Line 71: called object isn't function
Error Type 14 at Line 74: request nonexistent member
Error Type 7 at Line 80: mismatched operands
Error Type 2 at Line 86: undefined function
Error Type 5 at Line 88: mismatched assignment
Error Type 4 at Line 90: redefined function
Error Type 3 at Line 92: redefined variable
Error Type 8 at Line 122: mismatched return
Error Type 6 at Line 143: assign to rvalue
Error Type 6 at Line 144: assign to rvalue
Error Type 5 at Line 145: mismatched assignment
Error Type 5 at Line 150: mismatched assignment
Error Type 7 at Line 151: mismatched operands
Error Type 6 at Line 152: assign to rvalue
Error Type 8 at Line 154: mismatched return
Error Type 4 at Line 156: redefined function
Error Type 17 at Line 157: use undefined struct
Error Type 16 at Line 175: struct id duplicated with normal id :(
Error Type 16 at Line 179: struct id duplicated with normal id :(
Error Type 16 at Line 183: struct id duplicated with normal id :(
Error Type 16 at Line 187: struct id duplicated with normal id :(
Error Type 16 at Line 191: struct id duplicated with normal id :(
Error Type 3 at Line 197: redefined variable
Error Type 17 at Line 198: use undefined struct
Error Type 9 at Line 208: invocation arguments mismatched
Error Type 9 at Line 212: invocation arguments mismatched
Error Type 7 at Line 219: mismatched operands
Error Type 7 at Line 221: mismatched operands
Error Type 5 at Line 229: mismatched assignment
Error Type 9 at Line 230: invocation arguments mismatched
Error Type 6 at Line 232: assign to rvalue
Error Type 5 at Line 233: mismatched assignment
Error Type 8 at Line 236: mismatched return
Error Type 8 at Line 239: mismatched return
Error Type 5 at Line 285: mismatched assignment
Error Type 6 at Line 286: assign to rvalue
Error Type 6 at Line 287: assign to rvalue
Error Type 5 at Line 289: mismatched assignment
Error Type 3 at Line 295: redefined variable
Error Type 3 at Line 297: redefined variable
Error Type 8 at Line 335: mismatched return
Error Type 6 at Line 395: assign to rvalue
Error Type 8 at Line 397: mismatched return
Error Type 17 at Line 401: use undefined struct
Error Type 9 at Line 458: invocation arguments mismatched
Error Type 3 at Line 466: redefined variable
Error Type 3 at Line 468: redefined variable
Error Type 17 at Line 470: use undefined struct
Error Type 3 at Line 502: redefined variable
Error Type 9 at Line 511: invocation arguments mismatched
Error Type 8 at Line 513: mismatched return
