Error Type 15 at Line 63: try to init struct member when define it
Error Type 15 at Line 64: redefined struct member
Error Type 15 at Line 65: try to init struct member when define it
Error Type 15 at Line 66: try to init struct member when define it
Error Type 15 at Line 67: redefined struct member
Error Type 15 at Line 68: try to init struct member when define it
Error Type 15 at Line 69: redefined struct member
Error Type 15 at Line 70: try to init struct member when define it
Error Type 11 at Line 92: called object isn't function
Error Type 2 at Line 93: undefined function
Error Type 2 at Line 95: undefined function
Error Type 2 at Line 97: undefined function
Error Type 6 at Line 102: assign to rvalue
Error Type 6 at Line 103: assign to rvalue
Error Type 13 at Line 106: request member from something not an struct
Error Type 12 at Line 107: subscript is not integer
Error Type 4 at Line 115: redefined function
Error Type 3 at Line 117: redefined variable
Error Type 5 at Line 124: mismatched assignment
Error Type 5 at Line 131: mismatched assignment
Error Type 6 at Line 132: assign to rvalue
Error Type 6 at Line 134: assign to rvalue
Error Type 6 at Line 135: assign to rvalue
Error Type 5 at Line 141: mismatched assignment
Error Type 6 at Line 145: assign to rvalue
Error Type 7 at Line 146: mismatched operands
Error Type 5 at Line 148: mismatched assignment
Error Type 7 at Line 152: mismatched operands
Error Type 5 at Line 156: mismatched assignment
Error Type 3 at Line 164: redefined variable
Error Type 5 at Line 179: mismatched assignment
Error Type 5 at Line 180: mismatched assignment
Error Type 6 at Line 209: assign to rvalue
Error Type 4 at Line 212: redefined function
Error Type 3 at Line 252: redefined variable
Error Type 17 at Line 253: use undefined struct
Error Type 3 at Line 257: redefined variable
Error Type 17 at Line 268: use undefined struct
Error Type 17 at Line 284: use undefined struct
Error Type 3 at Line 294: redefined variable
Error Type 17 at Line 307: use undefined struct
Error Type 3 at Line 309: redefined variable
Error Type 8 at Line 317: mismatched return
Error Type 17 at Line 340: use undefined struct
Error Type 17 at Line 341: use undefined struct
Error Type 3 at Line 352: redefined variable
Error Type 17 at Line 361: use undefined struct
Error Type 8 at Line 393: mismatched return
Error Type 4 at Line 395: redefined function
Error Type 16 at Line 432: struct id duplicated with normal id :(
Error Type 16 at Line 436: struct id duplicated with normal id :(
Error Type 16 at Line 440: struct id duplicated with normal id :(
Error Type 16 at Line 444: struct id duplicated with normal id :(
Error Type 16 at Line 448: struct id duplicated with normal id :(
Error Type 16 at Line 452: struct id duplicated with normal id :(
Error Type 9 at Line 526: invocation arguments mismatched
Error Type 9 at Line 619: invocation arguments mismatched
Error Type 8 at Line 660: mismatched return
Error Type 8 at Line 747: mismatched return
Error Type 8 at Line 809: mismatched return
Error Type 9 at Line 906: invocation arguments mismatched
Error Type 9 at Line 933: invocation arguments mismatched
Error Type 8 at Line 946: mismatched return
Error Type 9 at Line 1034: invocation arguments mismatched
Error Type 9 at Line 1149: invocation arguments mismatched
Error Type 8 at Line 1287: mismatched return
Error Type 7 at Line 1536: mismatched operands
