Error Type 15 at Line 66: try to init struct member when define it
Error Type 15 at Line 67: redefined struct member
Error Type 15 at Line 68: redefined struct member
Error Type 15 at Line 69: redefined struct member
Error Type 3 at Line 74: redefined variable
Error Type 3 at Line 76: redefined variable
Error Type 11 at Line 84: called object isn't function
Error Type 10 at Line 97: subscripted value is not an array
Error Type 4 at Line 100: redefined function
Error Type 3 at Line 102: redefined variable
Error Type 10 at Line 111: subscripted value is not an array
Error Type 14 at Line 131: request nonexistent member
Error Type 7 at Line 132: mismatched operands
Error Type 6 at Line 134: assign to rvalue
Error Type 17 at Line 140: use undefined struct
Error Type 1 at Line 141: undefined variable
Error Type 17 at Line 143: use undefined struct
Error Type 11 at Line 144: called object isn't function
Error Type 13 at Line 146: request member from something not an struct
Error Type 13 at Line 147: request member from something not an struct
Error Type 14 at Line 148: request nonexistent member
Error Type 11 at Line 151: called object isn't function
Error Type 7 at Line 168: mismatched operands
Error Type 5 at Line 178: mismatched assignment
Error Type 5 at Line 181: mismatched assignment
Error Type 7 at Line 186: mismatched operands
Error Type 5 at Line 192: mismatched assignment
Error Type 3 at Line 194: redefined variable
Error Type 17 at Line 198: use undefined struct
Error Type 5 at Line 200: mismatched assignment
Error Type 5 at Line 201: mismatched assignment
Error Type 6 at Line 204: assign to rvalue
Error Type 6 at Line 218: assign to rvalue
Error Type 8 at Line 219: mismatched return
Error Type 4 at Line 221: redefined function
Error Type 6 at Line 228: assign to rvalue
Error Type 5 at Line 256: mismatched assignment
Error Type 6 at Line 257: assign to rvalue
Error Type 17 at Line 260: use undefined struct
Error Type 6 at Line 263: assign to rvalue
Error Type 6 at Line 264: assign to rvalue
Error Type 3 at Line 271: redefined variable
Error Type 5 at Line 272: mismatched assignment
Error Type 8 at Line 294: mismatched return
Error Type 4 at Line 330: redefined function
Error Type 17 at Line 331: use undefined struct
Error Type 3 at Line 333: redefined variable
Error Type 17 at Line 373: use undefined struct
Error Type 4 at Line 398: redefined function
Error Type 3 at Line 400: redefined variable
Error Type 8 at Line 433: mismatched return
Error Type 16 at Line 436: struct id duplicated with normal id :(
Error Type 16 at Line 440: struct id duplicated with normal id :(
Error Type 16 at Line 444: struct id duplicated with normal id :(
Error Type 8 at Line 460: mismatched return
Error Type 9 at Line 500: invocation arguments mismatched
Error Type 9 at Line 508: invocation arguments mismatched
Error Type 8 at Line 529: mismatched return
Error Type 17 at Line 533: use undefined struct
Error Type 9 at Line 720: invocation arguments mismatched
Error Type 9 at Line 725: invocation arguments mismatched
Error Type 8 at Line 726: mismatched return
Error Type 9 at Line 782: invocation arguments mismatched
Error Type 9 at Line 791: invocation arguments mismatched
Error Type 9 at Line 798: invocation arguments mismatched
Error Type 8 at Line 801: mismatched return
