Error Type 15 at Line 85: try to init struct member when define it
Error Type 15 at Line 86: try to init struct member when define it
Error Type 15 at Line 87: redefined struct member
Error Type 15 at Line 88: try to init struct member when define it
Error Type 15 at Line 89: try to init struct member when define it
Error Type 15 at Line 90: try to init struct member when define it
Error Type 15 at Line 91: redefined struct member
Error Type 15 at Line 92: try to init struct member when define it
Error Type 15 at Line 93: try to init struct member when define it
Error Type 15 at Line 94: redefined struct member
Error Type 3 at Line 99: redefined variable
Error Type 1 at Line 124: undefined variable
Error Type 5 at Line 125: mismatched assignment
Error Type 14 at Line 127: request nonexistent member
Error Type 5 at Line 129: mismatched assignment
Error Type 4 at Line 133: redefined function
Error Type 3 at Line 135: redefined variable
Error Type 10 at Line 143: subscripted value is not an array
Error Type 2 at Line 144: undefined function
Error Type 2 at Line 145: undefined function
Error Type 2 at Line 146: undefined function
Error Type 14 at Line 152: request nonexistent member
Error Type 6 at Line 153: assign to rvalue
Error Type 6 at Line 154: assign to rvalue
Error Type 6 at Line 157: assign to rvalue
Error Type 6 at Line 158: assign to rvalue
Error Type 5 at Line 160: mismatched assignment
Error Type 5 at Line 162: mismatched assignment
Error Type 10 at Line 166: subscripted value is not an array
Error Type 5 at Line 169: mismatched assignment
Error Type 14 at Line 170: request nonexistent member
Error Type 3 at Line 174: redefined variable
Error Type 7 at Line 185: mismatched operands
Error Type 7 at Line 192: mismatched operands
Error Type 5 at Line 193: mismatched assignment
Error Type 4 at Line 197: redefined function
Error Type 17 at Line 198: use undefined struct
Error Type 7 at Line 215: mismatched operands
Error Type 6 at Line 222: assign to rvalue
Error Type 6 at Line 226: assign to rvalue
Error Type 6 at Line 228: assign to rvalue
Error Type 5 at Line 235: mismatched assignment
Error Type 6 at Line 238: assign to rvalue
Error Type 8 at Line 248: mismatched return
Error Type 3 at Line 252: redefined variable
Error Type 17 at Line 253: use undefined struct
Error Type 4 at Line 262: redefined function
Error Type 17 at Line 263: use undefined struct
Error Type 3 at Line 287: redefined variable
Error Type 17 at Line 298: use undefined struct
Error Type 17 at Line 299: use undefined struct
Error Type 3 at Line 307: redefined variable
Error Type 17 at Line 308: use undefined struct
Error Type 8 at Line 365: mismatched return
Error Type 4 at Line 367: redefined function
Error Type 3 at Line 405: redefined variable
Error Type 17 at Line 443: use undefined struct
Error Type 4 at Line 455: redefined function
Error Type 8 at Line 467: mismatched return
Error Type 8 at Line 502: mismatched return
Error Type 4 at Line 504: redefined function
Error Type 3 at Line 506: redefined variable
Error Type 17 at Line 507: use undefined struct
Error Type 8 at Line 569: mismatched return
Error Type 8 at Line 601: mismatched return
Error Type 4 at Line 603: redefined function
Error Type 8 at Line 616: mismatched return
Error Type 16 at Line 619: struct id duplicated with normal id :(
Error Type 16 at Line 623: struct id duplicated with normal id :(
Error Type 9 at Line 636: invocation arguments mismatched
Error Type 9 at Line 663: invocation arguments mismatched
Error Type 9 at Line 693: invocation arguments mismatched
Error Type 9 at Line 722: invocation arguments mismatched
Error Type 9 at Line 724: invocation arguments mismatched
Error Type 9 at Line 736: invocation arguments mismatched
Error Type 9 at Line 757: invocation arguments mismatched
Error Type 9 at Line 770: invocation arguments mismatched
Error Type 8 at Line 777: mismatched return
