Error Type 15 at Line 13: try to init struct member when define it
Error Type 2 at Line 22: undefined function
Error Type 6 at Line 24: assign to rvalue
Error Type 4 at Line 27: redefined function
Error Type 5 at Line 31: mismatched assignment
Error Type 1 at Line 33: undefined variable
Error Type 3 at Line 48: redefined variable
Error Type 17 at Line 49: use undefined struct
Error Type 17 at Line 55: use undefined struct
Error Type 5 at Line 59: mismatched assignment
Error Type 17 at Line 63: use undefined struct
Error Type 7 at Line 66: mismatched operands
Error Type 5 at Line 68: mismatched assignment
Error Type 6 at Line 72: assign to rvalue
Error Type 4 at Line 74: redefined function
Error Type 6 at Line 90: assign to rvalue
Error Type 6 at Line 91: assign to rvalue
Error Type 5 at Line 94: mismatched assignment
Error Type 6 at Line 107: assign to rvalue
Error Type 6 at Line 109: assign to rvalue
Error Type 4 at Line 115: redefined function
Error Type 3 at Line 117: redefined variable
Error Type 5 at Line 133: mismatched assignment
Error Type 5 at Line 134: mismatched assignment
Error Type 6 at Line 135: assign to rvalue
Error Type 7 at Line 137: mismatched operands
Error Type 7 at Line 138: mismatched operands
Error Type 5 at Line 143: mismatched assignment
Error Type 6 at Line 148: assign to rvalue
Error Type 3 at Line 155: redefined variable
Error Type 5 at Line 159: mismatched assignment
Error Type 8 at Line 160: mismatched return
Error Type 3 at Line 164: redefined variable
Error Type 17 at Line 165: use undefined struct
Error Type 17 at Line 173: use undefined struct
Error Type 3 at Line 181: redefined variable
Error Type 17 at Line 202: use undefined struct
Error Type 17 at Line 221: use undefined struct
Error Type 3 at Line 223: redefined variable
Error Type 3 at Line 225: redefined variable
Error Type 3 at Line 236: redefined variable
Error Type 17 at Line 246: use undefined struct
Error Type 4 at Line 295: redefined function
Error Type 4 at Line 392: redefined function
Error Type 8 at Line 459: mismatched return
Error Type 4 at Line 466: redefined function
Error Type 8 at Line 538: mismatched return
Error Type 4 at Line 567: redefined function
Error Type 4 at Line 627: redefined function
Error Type 16 at Line 648: struct id duplicated with normal id :(
Error Type 16 at Line 652: struct id duplicated with normal id :(
Error Type 16 at Line 656: struct id duplicated with normal id :(
Error Type 16 at Line 660: struct id duplicated with normal id :(
Error Type 16 at Line 664: struct id duplicated with normal id :(
Error Type 16 at Line 668: struct id duplicated with normal id :(
Error Type 9 at Line 684: invocation arguments mismatched
Error Type 8 at Line 687: mismatched return
Error Type 9 at Line 750: invocation arguments mismatched
Error Type 9 at Line 757: invocation arguments mismatched
Error Type 9 at Line 777: invocation arguments mismatched
Error Type 8 at Line 810: mismatched return
Error Type 9 at Line 838: invocation arguments mismatched
Error Type 8 at Line 846: mismatched return
Error Type 8 at Line 973: mismatched return
Error Type 9 at Line 1038: invocation arguments mismatched
Error Type 8 at Line 1120: mismatched return
