Error Type 15 at Line 42: try to init struct member when define it
Error Type 15 at Line 43: try to init struct member when define it
Error Type 17 at Line 47: use undefined struct
Error Type 17 at Line 48: use undefined struct
Error Type 14 at Line 68: request nonexistent member
Error Type 13 at Line 69: request member from something not an struct
Error Type 4 at Line 80: redefined function
Error Type 3 at Line 82: redefined variable
Error Type 10 at Line 89: subscripted value is not an array
Error Type 5 at Line 90: mismatched assignment
Error Type 2 at Line 94: undefined function
Error Type 5 at Line 95: mismatched assignment
Error Type 3 at Line 99: redefined variable
Error Type 6 at Line 126: assign to rvalue
Error Type 5 at Line 135: mismatched assignment
Error Type 3 at Line 138: redefined variable
Error Type 3 at Line 164: redefined variable
Error Type 6 at Line 165: assign to rvalue
Error Type 5 at Line 166: mismatched assignment
Error Type 6 at Line 169: assign to rvalue
Error Type 3 at Line 171: redefined variable
Error Type 6 at Line 172: assign to rvalue
Error Type 6 at Line 176: assign to rvalue
Error Type 8 at Line 180: mismatched return
Error Type 7 at Line 181: mismatched operands
Error Type 8 at Line 184: mismatched return
Error Type 4 at Line 186: redefined function
Error Type 3 at Line 188: redefined variable
Error Type 7 at Line 216: mismatched operands
Error Type 8 at Line 220: mismatched return
Error Type 5 at Line 241: mismatched assignment
Error Type 5 at Line 242: mismatched assignment
Error Type 6 at Line 245: assign to rvalue
Error Type 6 at Line 246: assign to rvalue
Error Type 6 at Line 247: assign to rvalue
Error Type 7 at Line 256: mismatched operands
Error Type 5 at Line 259: mismatched assignment
Error Type 8 at Line 262: mismatched return
Error Type 4 at Line 264: redefined function
Error Type 17 at Line 265: use undefined struct
Error Type 17 at Line 266: use undefined struct
Error Type 8 at Line 304: mismatched return
Error Type 17 at Line 307: use undefined struct
Error Type 3 at Line 309: redefined variable
Error Type 8 at Line 343: mismatched return
Error Type 4 at Line 345: redefined function
Error Type 17 at Line 346: use undefined struct
Error Type 8 at Line 380: mismatched return
Error Type 16 at Line 383: struct id duplicated with normal id :(
Error Type 16 at Line 387: struct id duplicated with normal id :(
Error Type 16 at Line 391: struct id duplicated with normal id :(
Error Type 16 at Line 395: struct id duplicated with normal id :(
Error Type 3 at Line 401: redefined variable
Error Type 9 at Line 424: invocation arguments mismatched
Error Type 9 at Line 426: invocation arguments mismatched
Error Type 9 at Line 431: invocation arguments mismatched
Error Type 9 at Line 433: invocation arguments mismatched
Error Type 9 at Line 440: invocation arguments mismatched
Error Type 17 at Line 448: use undefined struct
Error Type 17 at Line 449: use undefined struct
Error Type 9 at Line 477: invocation arguments mismatched
Error Type 8 at Line 486: mismatched return
