Error Type 15 at Line 42: try to init struct member when define it
Error Type 17 at Line 46: use undefined struct
Error Type 2 at Line 66: undefined function
Error Type 10 at Line 70: subscripted value is not an array
Error Type 10 at Line 71: subscripted value is not an array
Error Type 10 at Line 72: subscripted value is not an array
Error Type 4 at Line 78: redefined function
Error Type 17 at Line 79: use undefined struct
Error Type 6 at Line 94: assign to rvalue
Error Type 7 at Line 100: mismatched operands
Error Type 5 at Line 102: mismatched assignment
Error Type 6 at Line 104: assign to rvalue
Error Type 7 at Line 106: mismatched operands
Error Type 2 at Line 109: undefined function
Error Type 14 at Line 111: request nonexistent member
Error Type 10 at Line 115: subscripted value is not an array
Error Type 3 at Line 119: redefined variable
Error Type 17 at Line 120: use undefined struct
Error Type 5 at Line 126: mismatched assignment
Error Type 7 at Line 132: mismatched operands
Error Type 5 at Line 134: mismatched assignment
Error Type 6 at Line 135: assign to rvalue
Error Type 4 at Line 138: redefined function
Error Type 3 at Line 140: redefined variable
Error Type 6 at Line 149: assign to rvalue
Error Type 5 at Line 150: mismatched assignment
Error Type 6 at Line 157: assign to rvalue
Error Type 5 at Line 159: mismatched assignment
Error Type 6 at Line 160: assign to rvalue
Error Type 7 at Line 161: mismatched operands
Error Type 7 at Line 163: mismatched operands
Error Type 8 at Line 164: mismatched return
Error Type 3 at Line 168: redefined variable
Error Type 17 at Line 170: use undefined struct
Error Type 17 at Line 171: use undefined struct
Error Type 6 at Line 174: assign to rvalue
Error Type 5 at Line 181: mismatched assignment
Error Type 5 at Line 183: mismatched assignment
Error Type 7 at Line 184: mismatched operands
Error Type 6 at Line 187: assign to rvalue
Error Type 5 at Line 190: mismatched assignment
Error Type 8 at Line 194: mismatched return
Error Type 3 at Line 198: redefined variable
Error Type 3 at Line 217: redefined variable
Error Type 17 at Line 218: use undefined struct
Error Type 3 at Line 220: redefined variable
Error Type 17 at Line 224: use undefined struct
Error Type 17 at Line 262: use undefined struct
Error Type 4 at Line 268: redefined function
Error Type 8 at Line 309: mismatched return
Error Type 3 at Line 323: redefined variable
Error Type 3 at Line 325: redefined variable
Error Type 8 at Line 358: mismatched return
Error Type 4 at Line 360: redefined function
Error Type 8 at Line 387: mismatched return
Error Type 8 at Line 428: mismatched return
Error Type 4 at Line 430: redefined function
Error Type 4 at Line 518: redefined function
Error Type 8 at Line 583: mismatched return
Error Type 8 at Line 639: mismatched return
Error Type 4 at Line 660: redefined function
Error Type 16 at Line 692: struct id duplicated with normal id :(
Error Type 16 at Line 696: struct id duplicated with normal id :(
Error Type 16 at Line 700: struct id duplicated with normal id :(
Error Type 16 at Line 704: struct id duplicated with normal id :(
Error Type 9 at Line 733: invocation arguments mismatched
Error Type 9 at Line 745: invocation arguments mismatched
Error Type 9 at Line 747: invocation arguments mismatched
Error Type 9 at Line 748: invocation arguments mismatched
Error Type 9 at Line 755: invocation arguments mismatched
Error Type 9 at Line 802: invocation arguments mismatched
Error Type 9 at Line 846: invocation arguments mismatched
