Error Type 15 at Line 60: try to init struct member when define it
Error Type 15 at Line 61: try to init struct member when define it
Error Type 15 at Line 62: try to init struct member when define it
Error Type 15 at Line 63: try to init struct member when define it
Error Type 15 at Line 64: redefined struct member
Error Type 15 at Line 65: try to init struct member when define it
Error Type 15 at Line 66: redefined struct member
Error Type 15 at Line 67: try to init struct member when define it
Error Type 3 at Line 72: redefined variable
Error Type 1 at Line 78: undefined variable
Error Type 5 at Line 91: mismatched assignment
Error Type 14 at Line 94: request nonexistent member
Error Type 2 at Line 104: undefined function
Error Type 7 at Line 105: mismatched operands
Error Type 4 at Line 113: redefined function
Error Type 3 at Line 115: redefined variable
Error Type 6 at Line 140: assign to rvalue
Error Type 6 at Line 152: assign to rvalue
Error Type 3 at Line 155: redefined variable
Error Type 17 at Line 156: use undefined struct
Error Type 3 at Line 158: redefined variable
Error Type 5 at Line 164: mismatched assignment
Error Type 6 at Line 169: assign to rvalue
Error Type 5 at Line 171: mismatched assignment
Error Type 6 at Line 173: assign to rvalue
Error Type 6 at Line 176: assign to rvalue
Error Type 6 at Line 177: assign to rvalue
Error Type 5 at Line 179: mismatched assignment
Error Type 5 at Line 182: mismatched assignment
Error Type 7 at Line 184: mismatched operands
Error Type 17 at Line 187: use undefined struct
Error Type 3 at Line 189: redefined variable
Error Type 17 at Line 190: use undefined struct
Error Type 5 at Line 192: mismatched assignment
Error Type 3 at Line 200: redefined variable
Error Type 5 at Line 204: mismatched assignment
Error Type 6 at Line 205: assign to rvalue
Error Type 6 at Line 211: assign to rvalue
Error Type 4 at Line 213: redefined function
Error Type 17 at Line 214: use undefined struct
Error Type 7 at Line 234: mismatched operands
Error Type 5 at Line 236: mismatched assignment
Error Type 3 at Line 247: redefined variable
Error Type 4 at Line 251: redefined function
Error Type 8 at Line 264: mismatched return
Error Type 17 at Line 267: use undefined struct
Error Type 17 at Line 291: use undefined struct
Error Type 4 at Line 307: redefined function
Error Type 8 at Line 321: mismatched return
Error Type 4 at Line 352: redefined function
Error Type 17 at Line 403: use undefined struct
Error Type 3 at Line 452: redefined variable
Error Type 17 at Line 511: use undefined struct
Error Type 4 at Line 562: redefined function
Error Type 8 at Line 633: mismatched return
Error Type 8 at Line 649: mismatched return
Error Type 8 at Line 682: mismatched return
Error Type 4 at Line 684: redefined function
Error Type 8 at Line 719: mismatched return
Error Type 16 at Line 722: struct id duplicated with normal id :(
Error Type 16 at Line 726: struct id duplicated with normal id :(
Error Type 9 at Line 866: invocation arguments mismatched
Error Type 9 at Line 961: invocation arguments mismatched
Error Type 9 at Line 968: invocation arguments mismatched
Error Type 9 at Line 1015: invocation arguments mismatched
Error Type 9 at Line 1076: invocation arguments mismatched
Error Type 9 at Line 1083: invocation arguments mismatched
Error Type 9 at Line 1092: invocation arguments mismatched
Error Type 9 at Line 1101: invocation arguments mismatched
Error Type 8 at Line 1191: mismatched return
Error Type 8 at Line 1294: mismatched return
