Error Type 15 at Line 32: try to init struct member when define it
Error Type 15 at Line 33: try to init struct member when define it
Error Type 15 at Line 34: redefined struct member
Error Type 15 at Line 35: try to init struct member when define it
Error Type 17 at Line 39: use undefined struct
Error Type 5 at Line 62: mismatched assignment
Error Type 11 at Line 64: called object isn't function
Error Type 10 at Line 70: subscripted value is not an array
Error Type 11 at Line 75: called object isn't function
Error Type 10 at Line 76: subscripted value is not an array
Error Type 2 at Line 77: undefined function
Error Type 2 at Line 79: undefined function
Error Type 4 at Line 81: redefined function
Error Type 17 at Line 82: use undefined struct
Error Type 6 at Line 96: assign to rvalue
Error Type 5 at Line 104: mismatched assignment
Error Type 5 at Line 107: mismatched assignment
Error Type 4 at Line 109: redefined function
Error Type 5 at Line 117: mismatched assignment
Error Type 7 at Line 118: mismatched operands
Error Type 6 at Line 120: assign to rvalue
Error Type 6 at Line 122: assign to rvalue
Error Type 6 at Line 126: assign to rvalue
Error Type 6 at Line 127: assign to rvalue
Error Type 5 at Line 128: mismatched assignment
Error Type 6 at Line 129: assign to rvalue
Error Type 5 at Line 133: mismatched assignment
Error Type 17 at Line 137: use undefined struct
Error Type 5 at Line 139: mismatched assignment
Error Type 7 at Line 143: mismatched operands
Error Type 16 at Line 152: struct id duplicated with normal id :(
Error Type 16 at Line 156: struct id duplicated with normal id :(
Error Type 16 at Line 160: struct id duplicated with normal id :(
Error Type 16 at Line 164: struct id duplicated with normal id :(
Error Type 3 at Line 170: redefined variable
Error Type 17 at Line 171: use undefined struct
Error Type 6 at Line 197: assign to rvalue
Error Type 5 at Line 220: mismatched assignment
Error Type 17 at Line 221: use undefined struct
Error Type 5 at Line 240: mismatched assignment
Error Type 7 at Line 247: mismatched operands
Error Type 6 at Line 248: assign to rvalue
Error Type 9 at Line 254: invocation arguments mismatched
Error Type 8 at Line 259: mismatched return
Error Type 3 at Line 262: redefined variable
Error Type 17 at Line 263: use undefined struct
Error Type 3 at Line 270: redefined variable
Error Type 3 at Line 272: redefined variable
Error Type 8 at Line 287: mismatched return
Error Type 9 at Line 359: invocation arguments mismatched
Error Type 9 at Line 360: invocation arguments mismatched
Error Type 8 at Line 367: mismatched return
Error Type 8 at Line 402: mismatched return
Error Type 3 at Line 407: redefined variable
Error Type 17 at Line 408: use undefined struct
Error Type 9 at Line 446: invocation arguments mismatched
Error Type 8 at Line 450: mismatched return
Error Type 9 at Line 520: invocation arguments mismatched
Error Type 3 at Line 528: redefined variable
Error Type 3 at Line 530: redefined variable
Error Type 3 at Line 622: redefined variable
Error Type 17 at Line 630: use undefined struct
Error Type 17 at Line 634: use undefined struct
Error Type 3 at Line 636: redefined variable
Error Type 8 at Line 655: mismatched return
Error Type 9 at Line 763: invocation arguments mismatched
Error Type 9 at Line 800: invocation arguments mismatched
Error Type 8 at Line 831: mismatched return
Error Type 8 at Line 860: mismatched return
Error Type 9 at Line 917: invocation arguments mismatched
Error Type 8 at Line 1002: mismatched return
