Error Type 15 at Line 97: try to init struct member when define it
Error Type 15 at Line 98: redefined struct member
Error Type 15 at Line 99: try to init struct member when define it
Error Type 15 at Line 100: try to init struct member when define it
Error Type 15 at Line 101: redefined struct member
Error Type 15 at Line 102: redefined struct member
Error Type 15 at Line 103: try to init struct member when define it
Error Type 13 at Line 125: request member from something not an struct
Error Type 4 at Line 127: redefined function
Error Type 6 at Line 138: assign to rvalue
Error Type 5 at Line 139: mismatched assignment
Error Type 6 at Line 145: assign to rvalue
Error Type 6 at Line 147: assign to rvalue
Error Type 6 at Line 148: assign to rvalue
Error Type 6 at Line 149: assign to rvalue
Error Type 6 at Line 150: assign to rvalue
Error Type 14 at Line 151: request nonexistent member
Error Type 11 at Line 152: called object isn't function
Error Type 10 at Line 154: subscripted value is not an array
Error Type 1 at Line 155: undefined variable
Error Type 1 at Line 156: undefined variable
Error Type 3 at Line 161: redefined variable
Error Type 5 at Line 176: mismatched assignment
Error Type 6 at Line 177: assign to rvalue
Error Type 5 at Line 182: mismatched assignment
Error Type 5 at Line 185: mismatched assignment
Error Type 6 at Line 186: assign to rvalue
Error Type 5 at Line 190: mismatched assignment
Error Type 5 at Line 194: mismatched assignment
Error Type 8 at Line 196: mismatched return
Error Type 4 at Line 198: redefined function
Error Type 17 at Line 199: use undefined struct
Error Type 17 at Line 200: use undefined struct
Error Type 5 at Line 209: mismatched assignment
Error Type 5 at Line 214: mismatched assignment
Error Type 5 at Line 217: mismatched assignment
Error Type 8 at Line 218: mismatched return
Error Type 16 at Line 221: struct id duplicated with normal id :(
Error Type 16 at Line 225: struct id duplicated with normal id :(
Error Type 16 at Line 229: struct id duplicated with normal id :(
Error Type 16 at Line 233: struct id duplicated with normal id :(
Error Type 16 at Line 237: struct id duplicated with normal id :(
Error Type 17 at Line 242: use undefined struct
Error Type 7 at Line 333: mismatched operands
Error Type 8 at Line 336: mismatched return
Error Type 3 at Line 341: redefined variable
Error Type 17 at Line 342: use undefined struct
Error Type 9 at Line 465: invocation arguments mismatched
Error Type 9 at Line 486: invocation arguments mismatched
Error Type 17 at Line 502: use undefined struct
Error Type 3 at Line 513: redefined variable
Error Type 8 at Line 557: mismatched return
Error Type 3 at Line 562: redefined variable
Error Type 9 at Line 608: invocation arguments mismatched
Error Type 9 at Line 641: invocation arguments mismatched
Error Type 9 at Line 643: invocation arguments mismatched
Error Type 9 at Line 654: invocation arguments mismatched
Error Type 9 at Line 665: invocation arguments mismatched
Error Type 3 at Line 670: redefined variable
Error Type 17 at Line 671: use undefined struct
Error Type 9 at Line 686: invocation arguments mismatched
Error Type 3 at Line 691: redefined variable
Error Type 17 at Line 692: use undefined struct
Error Type 8 at Line 708: mismatched return
Error Type 3 at Line 713: redefined variable
Error Type 17 at Line 714: use undefined struct
Error Type 8 at Line 815: mismatched return
Error Type 3 at Line 820: redefined variable
Error Type 8 at Line 851: mismatched return
Error Type 8 at Line 950: mismatched return
Error Type 17 at Line 954: use undefined struct
Error Type 3 at Line 956: redefined variable
Error Type 8 at Line 1200: mismatched return
Error Type 7 at Line 1349: mismatched operands
