Error Type 15 at Line 82: try to init struct member when define it
Error Type 14 at Line 95: request nonexistent member
Error Type 2 at Line 96: undefined function
Error Type 13 at Line 99: request member from something not an struct
Error Type 13 at Line 100: request member from something not an struct
Error Type 14 at Line 101: request nonexistent member
Error Type 7 at Line 103: mismatched operands
Error Type 7 at Line 108: mismatched operands
Error Type 8 at Line 109: mismatched return
Error Type 4 at Line 111: redefined function
Error Type 6 at Line 117: assign to rvalue
Error Type 7 at Line 119: mismatched operands
Error Type 3 at Line 122: redefined variable
Error Type 17 at Line 126: use undefined struct
Error Type 5 at Line 130: mismatched assignment
Error Type 5 at Line 131: mismatched assignment
Error Type 5 at Line 135: mismatched assignment
Error Type 6 at Line 139: assign to rvalue
Error Type 5 at Line 142: mismatched assignment
Error Type 7 at Line 143: mismatched operands
Error Type 7 at Line 146: mismatched operands
Error Type 7 at Line 159: mismatched operands
Error Type 5 at Line 177: mismatched assignment
Error Type 5 at Line 180: mismatched assignment
Error Type 17 at Line 182: use undefined struct
Error Type 6 at Line 184: assign to rvalue
Error Type 6 at Line 188: assign to rvalue
Error Type 6 at Line 189: assign to rvalue
Error Type 3 at Line 194: redefined variable
Error Type 6 at Line 195: assign to rvalue
Error Type 5 at Line 201: mismatched assignment
Error Type 6 at Line 203: assign to rvalue
Error Type 6 at Line 212: assign to rvalue
Error Type 5 at Line 213: mismatched assignment
Error Type 4 at Line 215: redefined function
Error Type 5 at Line 266: mismatched assignment
Error Type 3 at Line 273: redefined variable
Error Type 3 at Line 288: redefined variable
Error Type 17 at Line 289: use undefined struct
Error Type 4 at Line 357: redefined function
Error Type 3 at Line 359: redefined variable
Error Type 8 at Line 394: mismatched return
Error Type 3 at Line 398: redefined variable
Error Type 17 at Line 399: use undefined struct
Error Type 17 at Line 400: use undefined struct
Error Type 4 at Line 438: redefined function
Error Type 3 at Line 440: redefined variable
Error Type 17 at Line 441: use undefined struct
Error Type 8 at Line 536: mismatched return
Error Type 4 at Line 538: redefined function
Error Type 3 at Line 540: redefined variable
Error Type 17 at Line 541: use undefined struct
Error Type 17 at Line 542: use undefined struct
Error Type 8 at Line 571: mismatched return
Error Type 4 at Line 604: redefined function
Error Type 17 at Line 605: use undefined struct
Error Type 3 at Line 607: redefined variable
Error Type 8 at Line 655: mismatched return
Error Type 8 at Line 687: mismatched return
Error Type 4 at Line 792: redefined function
Error Type 16 at Line 832: struct id duplicated with normal id :(
Error Type 16 at Line 836: struct id duplicated with normal id :(
Error Type 9 at Line 864: invocation arguments mismatched
Error Type 8 at Line 998: mismatched return
Error Type 8 at Line 1159: mismatched return
Error Type 9 at Line 1167: invocation arguments mismatched
Error Type 9 at Line 1247: invocation arguments mismatched
Error Type 9 at Line 1512: invocation arguments mismatched
Error Type 9 at Line 1513: invocation arguments mismatched
Error Type 9 at Line 1555: invocation arguments mismatched
Error Type 9 at Line 1674: invocation arguments mismatched
Error Type 8 at Line 1689: mismatched return
