Error Type 15 at Line 26: try to init struct member when define it
Error Type 15 at Line 27: redefined struct member
Error Type 15 at Line 28: redefined struct member
Error Type 17 at Line 32: use undefined struct
Error Type 17 at Line 33: use undefined struct
Error Type 11 at Line 42: called object isn't function
Error Type 4 at Line 51: redefined function
Error Type 17 at Line 52: use undefined struct
Error Type 17 at Line 53: use undefined struct
Error Type 1 at Line 70: undefined variable
Error Type 1 at Line 72: undefined variable
Error Type 1 at Line 73: undefined variable
Error Type 14 at Line 77: request nonexistent member
Error Type 11 at Line 78: called object isn't function
Error Type 13 at Line 79: request member from something not an struct
Error Type 5 at Line 83: mismatched assignment
Error Type 7 at Line 88: mismatched operands
Error Type 17 at Line 90: use undefined struct
Error Type 8 at Line 93: mismatched return
Error Type 6 at Line 94: assign to rvalue
Error Type 6 at Line 95: assign to rvalue
Error Type 6 at Line 100: assign to rvalue
Error Type 7 at Line 104: mismatched operands
Error Type 6 at Line 106: assign to rvalue
Error Type 7 at Line 109: mismatched operands
Error Type 5 at Line 110: mismatched assignment
Error Type 5 at Line 128: mismatched assignment
Error Type 6 at Line 132: assign to rvalue
Error Type 6 at Line 135: assign to rvalue
Error Type 4 at Line 137: redefined function
Error Type 3 at Line 146: redefined variable
Error Type 3 at Line 148: redefined variable
Error Type 6 at Line 172: assign to rvalue
Error Type 3 at Line 179: redefined variable
Error Type 5 at Line 183: mismatched assignment
Error Type 8 at Line 187: mismatched return
Error Type 4 at Line 189: redefined function
Error Type 6 at Line 204: assign to rvalue
Error Type 5 at Line 205: mismatched assignment
Error Type 7 at Line 206: mismatched operands
Error Type 6 at Line 207: assign to rvalue
Error Type 8 at Line 209: mismatched return
Error Type 3 at Line 213: redefined variable
Error Type 3 at Line 215: redefined variable
Error Type 5 at Line 231: mismatched assignment
Error Type 5 at Line 233: mismatched assignment
Error Type 5 at Line 236: mismatched assignment
Error Type 5 at Line 237: mismatched assignment
Error Type 8 at Line 238: mismatched return
Error Type 4 at Line 240: redefined function
Error Type 17 at Line 241: use undefined struct
Error Type 3 at Line 243: redefined variable
Error Type 8 at Line 267: mismatched return
Error Type 8 at Line 268: mismatched return
Error Type 16 at Line 271: struct id duplicated with normal id :(
Error Type 16 at Line 275: struct id duplicated with normal id :(
Error Type 3 at Line 281: redefined variable
Error Type 17 at Line 282: use undefined struct
Error Type 8 at Line 310: mismatched return
Error Type 3 at Line 437: redefined variable
Error Type 9 at Line 465: invocation arguments mismatched
Error Type 9 at Line 466: invocation arguments mismatched
Error Type 9 at Line 471: invocation arguments mismatched
Error Type 9 at Line 472: invocation arguments mismatched
Error Type 8 at Line 507: mismatched return
Error Type 17 at Line 511: use undefined struct
Error Type 3 at Line 513: redefined variable
Error Type 8 at Line 556: mismatched return
Error Type 9 at Line 565: invocation arguments mismatched
Error Type 17 at Line 568: use undefined struct
Error Type 9 at Line 651: invocation arguments mismatched
Error Type 9 at Line 652: invocation arguments mismatched
Error Type 9 at Line 698: invocation arguments mismatched
