Program (1)
  ExtDefList (1)
    ExtDef (1)
      Specifier (1)
        TYPE: int
      FunDec (1)
        ID: look_and_say
        LP
        VarList (1)
          ParamDec (1)
            Specifier (1)
              TYPE: int
            VarDec (1)
              ID: x
        RP
      CompSt (1)
        LC
        DefList (2)
          Def (2)
            Specifier (2)
              TYPE: int
            DecList (2)
              Dec (2)
                VarDec (2)
                  VarDec (2)
                    ID: _1
                  LB
                  INT: 32
                  RB
              COMMA
              DecList (2)
                Dec (2)
                  VarDec (2)
                    ID: i
                  ASSIGNOP
                  Exp (2)
                    INT: 0
            SEMI
          DefList (3)
            Def (3)
              Specifier (3)
                TYPE: int
              DecList (3)
                Dec (3)
                  VarDec (3)
                    VarDec (3)
                      ID: _2
                    LB
                    INT: 64
                    RB
                COMMA
                DecList (3)
                  Dec (3)
                    VarDec (3)
                      ID: j
                    ASSIGNOP
                    Exp (3)
                      INT: 0
                  COMMA
                  DecList (3)
                    Dec (3)
                      VarDec (3)
                        ID: k
                      ASSIGNOP
                      Exp (3)
                        INT: 0
              SEMI
            DefList (4)
              Def (4)
                Specifier (4)
                  TYPE: int
                DecList (4)
                  Dec (4)
                    VarDec (4)
                      ID: count
                    ASSIGNOP
                    Exp (4)
                      INT: 0
                SEMI
        StmtList (6)
          Stmt (6)
            IF
            LP
            Exp (6)
              Exp (6)
                ID: x
              RELOP
              Exp (6)
                INT: 0
            RP
            Stmt (6)
              CompSt (6)
                LC
                StmtList (7)
                  Stmt (7)
                    Exp (7)
                      Exp (7)
                        ID: x
                      ASSIGNOP
                      Exp (7)
                        MINUS
                        Exp (7)
                          MINUS
                          Exp (7)
                            MINUS
                            Exp (7)
                              ID: x
                    SEMI
                RC
          StmtList (10)
            Stmt (10)
              Exp (10)
                Exp (10)
                  ID: i
                ASSIGNOP
                Exp (10)
                  INT: 0
              SEMI
            StmtList (11)
              Stmt (11)
                WHILE
                LP
                Exp (11)
                  Exp (11)
                    ID: x
                  RELOP
                  Exp (11)
                    INT: 0
                RP
                Stmt (11)
                  CompSt (11)
                    LC
                    StmtList (12)
                      Stmt (12)
                        Exp (12)
                          Exp (12)
                            Exp (12)
                              ID: _1
                            LB
                            Exp (12)
                              ID: i
                            RB
                          ASSIGNOP
                          Exp (12)
                            ID: lsd
                            LP
                            Args (12)
                              Exp (12)
                                ID: x
                            RP
                        SEMI
                      StmtList (13)
                        Stmt (13)
                          Exp (13)
                            Exp (13)
                              ID: x
                            ASSIGNOP
                            Exp (13)
                              Exp (13)
                                ID: x
                              DIV
                              Exp (13)
                                INT: 10
                          SEMI
                        StmtList (14)
                          Stmt (14)
                            Exp (14)
                              Exp (14)
                                ID: i
                              ASSIGNOP
                              Exp (14)
                                Exp (14)
                                  ID: i
                                PLUS
                                Exp (14)
                                  INT: 1
                            SEMI
                    RC
              StmtList (17)
                Stmt (17)
                  Exp (17)
                    Exp (17)
                      ID: i
                    ASSIGNOP
                    Exp (17)
                      Exp (17)
                        ID: i
                      MINUS
                      Exp (17)
                        INT: 1
                  SEMI
                StmtList (18)
                  Stmt (18)
                    Exp (18)
                      Exp (18)
                        ID: j
                      ASSIGNOP
                      Exp (18)
                        INT: 0
                    SEMI
                  StmtList (19)
                    Stmt (19)
                      WHILE
                      LP
                      Exp (19)
                        Exp (19)
                          ID: i
                        RELOP
                        Exp (19)
                          INT: 0
                      RP
                      Stmt (19)
                        CompSt (19)
                          LC
                          StmtList (20)
                            Stmt (20)
                              IF
                              LP
                              Exp (20)
                                Exp (20)
                                  ID: i
                                RELOP
                                Exp (20)
                                  INT: 0
                              RP
                              Stmt (20)
                                CompSt (20)
                                  LC
                                  StmtList (21)
                                    Stmt (21)
                                      Exp (21)
                                        Exp (21)
                                          Exp (21)
                                            ID: _2
                                          LB
                                          Exp (21)
                                            ID: j
                                          RB
                                        ASSIGNOP
                                        Exp (21)
                                          INT: 1
                                      SEMI
                                    StmtList (22)
                                      Stmt (22)
                                        Exp (22)
                                          Exp (22)
                                            Exp (22)
                                              ID: _2
                                            LB
                                            Exp (22)
                                              Exp (22)
                                                ID: j
                                              PLUS
                                              Exp (22)
                                                INT: 1
                                            RB
                                          ASSIGNOP
                                          Exp (22)
                                            Exp (22)
                                              ID: _1
                                            LB
                                            Exp (22)
                                              INT: 0
                                            RB
                                        SEMI
                                      StmtList (23)
                                        Stmt (23)
                                          Exp (23)
                                            Exp (23)
                                              ID: j
                                            ASSIGNOP
                                            Exp (23)
                                              Exp (23)
                                                ID: j
                                              PLUS
                                              Exp (23)
                                                INT: 2
                                          SEMI
                                        StmtList (24)
                                          Stmt (24)
                                            Exp (24)
                                              Exp (24)
                                                ID: i
                                              ASSIGNOP
                                              Exp (24)
                                                MINUS
                                                Exp (24)
                                                  INT: 1
                                            SEMI
                                  RC
                              ELSE
                              Stmt (25)
                                CompSt (25)
                                  LC
                                  StmtList (26)
                                    Stmt (26)
                                      Exp (26)
                                        Exp (26)
                                          ID: count
                                        ASSIGNOP
                                        Exp (26)
                                          INT: 1
                                      SEMI
                                    StmtList (27)
                                      Stmt (27)
                                        WHILE
                                        LP
                                        Exp (27)
                                          Exp (27)
                                            Exp (27)
                                              ID: i
                                            RELOP
                                            Exp (27)
                                              INT: 0
                                          AND
                                          Exp (27)
                                            Exp (27)
                                              Exp (27)
                                                ID: _1
                                              LB
                                              Exp (27)
                                                Exp (27)
                                                  ID: i
                                                MINUS
                                                Exp (27)
                                                  INT: 1
                                              RB
                                            RELOP
                                            Exp (27)
                                              Exp (27)
                                                ID: _1
                                              LB
                                              Exp (27)
                                                ID: i
                                              RB
                                        RP
                                        Stmt (27)
                                          CompSt (27)
                                            LC
                                            StmtList (28)
                                              Stmt (28)
                                                Exp (28)
                                                  Exp (28)
                                                    ID: count
                                                  ASSIGNOP
                                                  Exp (28)
                                                    Exp (28)
                                                      ID: count
                                                    PLUS
                                                    Exp (28)
                                                      INT: 1
                                                SEMI
                                              StmtList (29)
                                                Stmt (29)
                                                  Exp (29)
                                                    Exp (29)
                                                      ID: i
                                                    ASSIGNOP
                                                    Exp (29)
                                                      Exp (29)
                                                        ID: i
                                                      MINUS
                                                      Exp (29)
                                                        INT: 1
                                                  SEMI
                                            RC
                                      StmtList (31)
                                        Stmt (31)
                                          Exp (31)
                                            Exp (31)
                                              Exp (31)
                                                ID: _2
                                              LB
                                              Exp (31)
                                                ID: j
                                              RB
                                            ASSIGNOP
                                            Exp (31)
                                              ID: count
                                          SEMI
                                        StmtList (32)
                                          Stmt (32)
                                            Exp (32)
                                              Exp (32)
                                                Exp (32)
                                                  ID: _2
                                                LB
                                                Exp (32)
                                                  Exp (32)
                                                    ID: j
                                                  PLUS
                                                  Exp (32)
                                                    INT: 1
                                                RB
                                              ASSIGNOP
                                              Exp (32)
                                                Exp (32)
                                                  ID: _1
                                                LB
                                                Exp (32)
                                                  ID: i
                                                RB
                                            SEMI
                                          StmtList (33)
                                            Stmt (33)
                                              Exp (33)
                                                Exp (33)
                                                  ID: i
                                                ASSIGNOP
                                                Exp (33)
                                                  Exp (33)
                                                    ID: i
                                                  MINUS
                                                  Exp (33)
                                                    INT: 1
                                              SEMI
                                            StmtList (34)
                                              Stmt (34)
                                                Exp (34)
                                                  Exp (34)
                                                    ID: j
                                                  ASSIGNOP
                                                  Exp (34)
                                                    Exp (34)
                                                      ID: j
                                                    PLUS
                                                    Exp (34)
                                                      INT: 2
                                                SEMI
                                  RC
                          RC
                    StmtList (38)
                      Stmt (38)
                        Exp (38)
                          Exp (38)
                            ID: k
                          ASSIGNOP
                          Exp (38)
                            INT: 0
                        SEMI
                      StmtList (39)
                        Stmt (39)
                          WHILE
                          LP
                          Exp (39)
                            Exp (39)
                              ID: k
                            RELOP
                            Exp (39)
                              ID: j
                          RP
                          Stmt (39)
                            CompSt (39)
                              LC
                              StmtList (40)
                                Stmt (40)
                                  Exp (40)
                                    ID: write
                                    LP
                                    Args (40)
                                      Exp (40)
                                        Exp (40)
                                          ID: _2
                                        LB
                                        Exp (40)
                                          ID: k
                                        RB
                                    RP
                                  SEMI
                                StmtList (41)
                                  Stmt (41)
                                    Exp (41)
                                      Exp (41)
                                        ID: k
                                      ASSIGNOP
                                      Exp (41)
                                        Exp (41)
                                          ID: k
                                        PLUS
                                        Exp (41)
                                          INT: 1
                                    SEMI
                              RC
                        StmtList (44)
                          Stmt (44)
                            RETURN
                            Exp (44)
                              INT: 0
                            SEMI
        RC
