Program (1)
  ExtDefList (1)
    ExtDef (1)
      Specifier (1)
        TYPE: float
      FunDec (1)
        ID: matrixMultiply
        LP
        VarList (1)
          ParamDec (1)
            Specifier (1)
              TYPE: int
            VarDec (1)
              VarDec (1)
                VarDec (1)
                  ID: matrix1
                LB
                INT: 3
                RB
              LB
              INT: 2
              RB
          COMMA
          VarList (1)
            ParamDec (1)
              Specifier (1)
                TYPE: int
              VarDec (1)
                VarDec (1)
                  VarDec (1)
                    ID: matrix2
                  LB
                  INT: 2
                  RB
                LB
                INT: 3
                RB
            COMMA
            VarList (1)
              ParamDec (1)
                Specifier (1)
                  TYPE: int
                VarDec (1)
                  VarDec (1)
                    VarDec (1)
                      ID: result
                    LB
                    INT: 3
                    RB
                  LB
                  INT: 3
                  RB
        RP
      CompSt (1)
        LC
        DefList (2)
          Def (2)
            Specifier (2)
              TYPE: int
            DecList (2)
              Dec (2)
                VarDec (2)
                  ID: i
                ASSIGNOP
                Exp (2)
                  INT: 0
            SEMI
        StmtList (3)
          Stmt (3)
            WHILE
            LP
            Exp (3)
              Exp (3)
                ID: i
              RELOP
              Exp (3)
                INT: 3
            RP
            Stmt (3)
              CompSt (3)
                LC
                DefList (4)
                  Def (4)
                    Specifier (4)
                      TYPE: int
                    DecList (4)
                      Dec (4)
                        VarDec (4)
                          ID: j
                        ASSIGNOP
                        Exp (4)
                          INT: 0
                    SEMI
                StmtList (5)
                  Stmt (5)
                    WHILE
                    LP
                    Exp (5)
                      Exp (5)
                        ID: j
                      RELOP
                      Exp (5)
                        INT: 3
                    RP
                    Stmt (5)
                      CompSt (5)
                        LC
                        DefList (6)
                          Def (6)
                            Specifier (6)
                              TYPE: int
                            DecList (6)
                              Dec (6)
                                VarDec (6)
                                  ID: k
                                ASSIGNOP
                                Exp (6)
                                  INT: 0
                            SEMI
                        StmtList (7)
                          Stmt (7)
                            Exp (7)
                              Exp (7)
                                Exp (7)
                                  Exp (7)
                                    ID: result
                                  LB
                                  Exp (7)
                                    ID: i
                                  RB
                                LB
                                Exp (7)
                                  ID: j
                                RB
                              ASSIGNOP
                              Exp (7)
                                INT: 0
                            SEMI
                          StmtList (8)
                            Stmt (8)
                              WHILE
                              LP
                              Exp (8)
                                Exp (8)
                                  ID: k
                                RELOP
                                Exp (8)
                                  INT: 2
                              RP
                              Stmt (8)
                                CompSt (8)
                                  LC
                                  StmtList (9)
                                    Stmt (9)
                                      Exp (9)
                                        Exp (9)
                                          Exp (9)
                                            Exp (9)
                                              ID: result
                                            LB
                                            Exp (9)
                                              ID: i
                                            RB
                                          LB
                                          Exp (9)
                                            ID: j
                                          RB
                                        ASSIGNOP
                                        Exp (9)
                                          Exp (9)
                                            Exp (9)
                                              Exp (9)
                                                ID: result
                                              LB
                                              Exp (9)
                                                ID: i
                                              RB
                                            LB
                                            Exp (9)
                                              ID: j
                                            RB
                                          PLUS
                                          Exp (9)
                                            Exp (9)
                                              Exp (9)
                                                Exp (9)
                                                  ID: matrix1
                                                LB
                                                Exp (9)
                                                  ID: i
                                                RB
                                              LB
                                              Exp (9)
                                                ID: k
                                              RB
                                            STAR
                                            Exp (9)
                                              Exp (9)
                                                Exp (9)
                                                  ID: matrix2
                                                LB
                                                Exp (9)
                                                  ID: k
                                                RB
                                              LB
                                              Exp (9)
                                                ID: j
                                              RB
                                      SEMI
                                    StmtList (10)
                                      Stmt (10)
                                        Exp (10)
                                          Exp (10)
                                            ID: k
                                          ASSIGNOP
                                          Exp (10)
                                            Exp (10)
                                              ID: k
                                            PLUS
                                            Exp (10)
                                              INT: 1
                                        SEMI
                                  RC
                            StmtList (12)
                              Stmt (12)
                                Exp (12)
                                  Exp (12)
                                    ID: j
                                  ASSIGNOP
                                  Exp (12)
                                    Exp (12)
                                      ID: j
                                    PLUS
                                    Exp (12)
                                      INT: 1
                                SEMI
                        RC
                  StmtList (14)
                    Stmt (14)
                      Exp (14)
                        Exp (14)
                          ID: i
                        ASSIGNOP
                        Exp (14)
                          Exp (14)
                            ID: i
                          PLUS
                          Exp (14)
                            INT: 1
                      SEMI
                RC
          StmtList (16)
            Stmt (16)
              RETURN
              Exp (16)
                MINUS
                Exp (16)
                  FLOAT: 0.000000
              SEMI
        RC
    ExtDefList (19)
      ExtDef (19)
        Specifier (19)
          TYPE: int
        FunDec (19)
          ID: main
          LP
          RP
        CompSt (19)
          LC
          DefList (20)
            Def (20)
              Specifier (20)
                TYPE: int
              DecList (20)
                Dec (20)
                  VarDec (20)
                    VarDec (20)
                      VarDec (20)
                        ID: matrix1
                      LB
                      INT: 3
                      RB
                    LB
                    INT: 2
                    RB
              SEMI
            DefList (21)
              Def (21)
                Specifier (21)
                  TYPE: int
                DecList (21)
                  Dec (21)
                    VarDec (21)
                      VarDec (21)
                        VarDec (21)
                          ID: matrix2
                        LB
                        INT: 2
                        RB
                      LB
                      INT: 3
                      RB
                SEMI
              DefList (22)
                Def (22)
                  Specifier (22)
                    TYPE: int
                  DecList (22)
                    Dec (22)
                      VarDec (22)
                        VarDec (22)
                          VarDec (22)
                            ID: result
                          LB
                          INT: 3
                          RB
                        LB
                        INT: 3
                        RB
                  SEMI
          StmtList (23)
            Stmt (23)
              Exp (23)
                ID: matrixMultiply
                LP
                Args (23)
                  Exp (23)
                    ID: matrix1
                  COMMA
                  Args (23)
                    Exp (23)
                      ID: matrix2
                    COMMA
                    Args (23)
                      Exp (23)
                        ID: result
                RP
              SEMI
            StmtList (24)
              Stmt (24)
                RETURN
                Exp (24)
                  INT: 0
                SEMI
          RC