Program (1)
  ExtDefList (1)
    ExtDef (1)
      Specifier (1)
        TYPE: int
      FunDec (1)
        ID: main
        LP
        RP
      CompSt (1)
        LC
        DefList (2)
          Def (2)
            Specifier (2)
              TYPE: float
            DecList (2)
              Dec (2)
                VarDec (2)
                  ID: e0
                ASSIGNOP
                Exp (2)
                  FLOAT: 43244.000000
            SEMI
          DefList (3)
            Def (3)
              Specifier (3)
                TYPE: float
              DecList (3)
                Dec (3)
                  VarDec (3)
                    ID: e1
                  ASSIGNOP
                  Exp (3)
                    FLOAT: 0.040000
              SEMI
            DefList (4)
              Def (4)
                Specifier (4)
                  TYPE: float
                DecList (4)
                  Dec (4)
                    VarDec (4)
                      ID: e2
                    ASSIGNOP
                    Exp (4)
                      FLOAT: 8800.000000
                SEMI
              DefList (5)
                Def (5)
                  Specifier (5)
                    TYPE: float
                  DecList (5)
                    Dec (5)
                      VarDec (5)
                        ID: e3
                      ASSIGNOP
                      Exp (5)
                        Exp (5)
                          Exp (5)
                            ID: e1
                          PLUS
                          Exp (5)
                            ID: x2
                        MINUS
                        Exp (5)
                          Exp (5)
                            ID: x4
                          STAR
                          Exp (5)
                            FLOAT: 3000.000000
                  SEMI
        RC
