Program (1)
  ExtDefList (1)
    ExtDef (1)
      Specifier (1)
        TYPE: float
      FunDec (1)
        ID: m
        LP
        RP
      CompSt (1)
        LC
        DefList (2)
          Def (2)
            Specifier (2)
              TYPE: float
            DecList (2)
              Dec (2)
                VarDec (2)
                  ID: c
                ASSIGNOP
                Exp (2)
                  ID: e1e1
            SEMI
          DefList (3)
            Def (3)
              Specifier (3)
                TYPE: float
              DecList (3)
                Dec (3)
                  VarDec (3)
                    ID: f
                  ASSIGNOP
                  Exp (3)
                    FLOAT: 1.000000
              SEMI
            DefList (4)
              Def (4)
                Specifier (4)
                  TYPE: float
                DecList (4)
                  Dec (4)
                    VarDec (4)
                      ID: d
                    ASSIGNOP
                    Exp (4)
                      Exp (4)
                        ID: e
                      DOT
                      ID: e1
                SEMI
        StmtList (5)
          Stmt (5)
            RETURN
            Exp (5)
              Exp (5)
                ID: e1
              DOT
              ID: e1
            SEMI
        RC
