Program (1)
  ExtDefList (1)
    ExtDef (1)
      Specifier (1)
        TYPE: int
      FunDec (1)
        ID: MergeSort
        LP
        VarList (1)
          ParamDec (1)
            Specifier (1)
              TYPE: int
            VarDec (1)
              VarDec (1)
                ID: arr
              LB
              INT: 100
              RB
          COMMA
          VarList (1)
            ParamDec (1)
              Specifier (1)
                TYPE: int
              VarDec (1)
                VarDec (1)
                  ID: tmp
                LB
                INT: 100
                RB
            COMMA
            VarList (1)
              ParamDec (1)
                Specifier (1)
                  TYPE: int
                VarDec (1)
                  ID: start
              COMMA
              VarList (1)
                ParamDec (1)
                  Specifier (1)
                    TYPE: int
                  VarDec (1)
                    ID: end
        RP
      CompSt (2)
        LC
        DefList (3)
          Def (3)
            Specifier (3)
              TYPE: int
            DecList (3)
              Dec (3)
                VarDec (3)
                  ID: mid
            SEMI
        StmtList (4)
          Stmt (4)
            IF
            LP
            Exp (4)
              Exp (4)
                ID: start
              RELOP
              Exp (4)
                ID: end
            RP
            Stmt (5)
              CompSt (5)
                LC
                StmtList (6)
                  Stmt (6)
                    Exp (6)
                      Exp (6)
                        ID: mid
                      ASSIGNOP
                      Exp (6)
                        Exp (6)
                          LP
                          Exp (6)
                            Exp (6)
                              ID: start
                            PLUS
                            Exp (6)
                              ID: end
                          RP
                        DIV
                        Exp (6)
                          INT: 2
                    SEMI
                  StmtList (7)
                    Stmt (7)
                      Exp (7)
                        ID: MergeSort
                        LP
                        Args (7)
                          Exp (7)
                            ID: arr
                          COMMA
                          Args (7)
                            Exp (7)
                              ID: tmp
                            COMMA
                            Args (7)
                              Exp (7)
                                ID: start
                              COMMA
                              Args (7)
                                Exp (7)
                                  ID: mid
                        RP
                      SEMI
                    StmtList (8)
                      Stmt (8)
                        Exp (8)
                          ID: MergeSort
                          LP
                          Args (8)
                            Exp (8)
                              ID: arr
                            COMMA
                            Args (8)
                              Exp (8)
                                ID: tmp
                              COMMA
                              Args (8)
                                Exp (8)
                                  Exp (8)
                                    ID: mid
                                  PLUS
                                  Exp (8)
                                    INT: 1
                                COMMA
                                Args (8)
                                  Exp (8)
                                    ID: end
                          RP
                        SEMI
                      StmtList (9)
                        Stmt (9)
                          Exp (9)
                            ID: Merge
                            LP
                            Args (9)
                              Exp (9)
                                ID: arr
                              COMMA
                              Args (9)
                                Exp (9)
                                  ID: tmp
                                COMMA
                                Args (9)
                                  Exp (9)
                                    ID: start
                                  COMMA
                                  Args (9)
                                    Exp (9)
                                      ID: mid
                                    COMMA
                                    Args (9)
                                      Exp (9)
                                        ID: end
                            RP
                          SEMI
                RC
        RC
    ExtDefList (13)
      ExtDef (13)
        Specifier (13)
          TYPE: int
        FunDec (13)
          ID: Merge
          LP
          VarList (13)
            ParamDec (13)
              Specifier (13)
                TYPE: int
              VarDec (13)
                VarDec (13)
                  ID: arr
                LB
                INT: 100
                RB
            COMMA
            VarList (13)
              ParamDec (13)
                Specifier (13)
                  TYPE: int
                VarDec (13)
                  VarDec (13)
                    ID: tmp
                  LB
                  INT: 100
                  RB
              COMMA
              VarList (13)
                ParamDec (13)
                  Specifier (13)
                    TYPE: int
                  VarDec (13)
                    ID: start
                COMMA
                VarList (13)
                  ParamDec (13)
                    Specifier (13)
                      TYPE: int
                    VarDec (13)
                      ID: mid
                  COMMA
                  VarList (13)
                    ParamDec (13)
                      Specifier (13)
                        TYPE: int
                      VarDec (13)
                        ID: end
          RP
        CompSt (14)
          LC
          DefList (15)
            Def (15)
              Specifier (15)
                TYPE: int
              DecList (15)
                Dec (15)
                  VarDec (15)
                    ID: i
                  ASSIGNOP
                  Exp (15)
                    ID: start
                COMMA
                DecList (15)
                  Dec (15)
                    VarDec (15)
                      ID: j
                    ASSIGNOP
                    Exp (15)
                      Exp (15)
                        ID: mid
                      PLUS
                      Exp (15)
                        INT: 1
                  COMMA
                  DecList (15)
                    Dec (15)
                      VarDec (15)
                        ID: k
                      ASSIGNOP
                      Exp (15)
                        ID: start
              SEMI
          StmtList (16)
            Stmt (16)
              WHILE
              LP
              Exp (16)
                Exp (16)
                  Exp (16)
                    ID: i
                  RELOP
                  Exp (16)
                    Exp (16)
                      ID: mid
                    PLUS
                    Exp (16)
                      INT: 1
                AND
                Exp (16)
                  Exp (16)
                    ID: j
                  RELOP
                  Exp (16)
                    Exp (16)
                      ID: end
                    PLUS
                    Exp (16)
                      INT: 1
              RP
              Stmt (17)
                CompSt (17)
                  LC
                  StmtList (18)
                    Stmt (18)
                      IF
                      LP
                      Exp (18)
                        Exp (18)
                          Exp (18)
                            ID: arr
                          LB
                          Exp (18)
                            ID: i
                          RB
                        RELOP
                        Exp (18)
                          Exp (18)
                            ID: arr
                          LB
                          Exp (18)
                            ID: j
                          RB
                      RP
                      Stmt (18)
                        CompSt (18)
                          LC
                          StmtList (19)
                            Stmt (19)
                              Exp (19)
                                Exp (19)
                                  Exp (19)
                                    ID: tmp
                                  LB
                                  Exp (19)
                                    ID: k
                                  RB
                                ASSIGNOP
                                Exp (19)
                                  Exp (19)
                                    ID: arr
                                  LB
                                  Exp (19)
                                    ID: j
                                  RB
                              SEMI
                            StmtList (20)
                              Stmt (20)
                                Exp (20)
                                  Exp (20)
                                    ID: k
                                  ASSIGNOP
                                  Exp (20)
                                    Exp (20)
                                      ID: k
                                    PLUS
                                    Exp (20)
                                      INT: 1
                                SEMI
                              StmtList (21)
                                Stmt (21)
                                  Exp (21)
                                    Exp (21)
                                      ID: j
                                    ASSIGNOP
                                    Exp (21)
                                      Exp (21)
                                        ID: j
                                      PLUS
                                      Exp (21)
                                        INT: 1
                                  SEMI
                          RC
                      ELSE
                      Stmt (23)
                        CompSt (23)
                          LC
                          StmtList (24)
                            Stmt (24)
                              Exp (24)
                                Exp (24)
                                  Exp (24)
                                    ID: tmp
                                  LB
                                  Exp (24)
                                    ID: k
                                  RB
                                ASSIGNOP
                                Exp (24)
                                  Exp (24)
                                    ID: arr
                                  LB
                                  Exp (24)
                                    ID: i
                                  RB
                              SEMI
                            StmtList (25)
                              Stmt (25)
                                Exp (25)
                                  Exp (25)
                                    ID: k
                                  ASSIGNOP
                                  Exp (25)
                                    Exp (25)
                                      ID: k
                                    PLUS
                                    Exp (25)
                                      INT: 1
                                SEMI
                              StmtList (26)
                                Stmt (26)
                                  Exp (26)
                                    Exp (26)
                                      ID: i
                                    ASSIGNOP
                                    Exp (26)
                                      Exp (26)
                                        ID: i
                                      PLUS
                                      Exp (26)
                                        INT: 1
                                  SEMI
                          RC
                  RC
            StmtList (29)
              Stmt (29)
                WHILE
                LP
                Exp (29)
                  Exp (29)
                    ID: i
                  RELOP
                  Exp (29)
                    Exp (29)
                      ID: mid
                    PLUS
                    Exp (29)
                      INT: 1
                RP
                Stmt (29)
                  CompSt (29)
                    LC
                    StmtList (30)
                      Stmt (30)
                        Exp (30)
                          Exp (30)
                            Exp (30)
                              ID: tmp
                            LB
                            Exp (30)
                              ID: k
                            RB
                          ASSIGNOP
                          Exp (30)
                            Exp (30)
                              ID: arr
                            LB
                            Exp (30)
                              ID: i
                            RB
                        SEMI
                      StmtList (31)
                        Stmt (31)
                          Exp (31)
                            Exp (31)
                              ID: k
                            ASSIGNOP
                            Exp (31)
                              Exp (31)
                                ID: k
                              PLUS
                              Exp (31)
                                INT: 1
                          SEMI
                        StmtList (32)
                          Stmt (32)
                            Exp (32)
                              Exp (32)
                                ID: i
                              ASSIGNOP
                              Exp (32)
                                Exp (32)
                                  ID: i
                                PLUS
                                Exp (32)
                                  INT: 1
                            SEMI
                    RC
              StmtList (34)
                Stmt (34)
                  WHILE
                  LP
                  Exp (34)
                    Exp (34)
                      ID: j
                    RELOP
                    Exp (34)
                      Exp (34)
                        ID: end
                      PLUS
                      Exp (34)
                        INT: 1
                  RP
                  Stmt (34)
                    CompSt (34)
                      LC
                      StmtList (35)
                        Stmt (35)
                          Exp (35)
                            Exp (35)
                              Exp (35)
                                ID: tmp
                              LB
                              Exp (35)
                                ID: k
                              RB
                            ASSIGNOP
                            Exp (35)
                              Exp (35)
                                ID: arr
                              LB
                              Exp (35)
                                ID: j
                              RB
                          SEMI
                        StmtList (36)
                          Stmt (36)
                            Exp (36)
                              Exp (36)
                                ID: k
                              ASSIGNOP
                              Exp (36)
                                Exp (36)
                                  ID: k
                                PLUS
                                Exp (36)
                                  INT: 1
                            SEMI
                          StmtList (37)
                            Stmt (37)
                              Exp (37)
                                Exp (37)
                                  ID: j
                                ASSIGNOP
                                Exp (37)
                                  Exp (37)
                                    ID: j
                                  PLUS
                                  Exp (37)
                                    INT: 1
                              SEMI
                      RC
                StmtList (39)
                  Stmt (39)
                    Exp (39)
                      Exp (39)
                        ID: i
                      ASSIGNOP
                      Exp (39)
                        ID: start
                    SEMI
                  StmtList (40)
                    Stmt (40)
                      WHILE
                      LP
                      Exp (40)
                        Exp (40)
                          ID: i
                        RELOP
                        Exp (40)
                          ID: end
                      RP
                      Stmt (40)
                        CompSt (40)
                          LC
                          StmtList (41)
                            Stmt (41)
                              Exp (41)
                                Exp (41)
                                  Exp (41)
                                    ID: arr
                                  LB
                                  Exp (41)
                                    ID: i
                                  RB
                                ASSIGNOP
                                Exp (41)
                                  Exp (41)
                                    ID: tmp
                                  LB
                                  Exp (41)
                                    ID: i
                                  RB
                              SEMI
                            StmtList (42)
                              Stmt (42)
                                Exp (42)
                                  Exp (42)
                                    ID: i
                                  ASSIGNOP
                                  Exp (42)
                                    Exp (42)
                                      ID: i
                                    PLUS
                                    Exp (42)
                                      INT: 1
                                SEMI
                          RC
          RC
