Program (1)
  ExtDefList (1)
    ExtDef (1)
      Specifier (1)
        StructSpecifier (1)
          STRUCT
          Tag (1)
            ID: bxPM
      FunDec (1)
        ID: spXHSHmrBCpBe5
        LP
        VarList (1)
          ParamDec (1)
            Specifier (1)
              TYPE: float
            VarDec (1)
              ID: mJ
          COMMA
          VarList (1)
            ParamDec (1)
              Specifier (1)
                TYPE: int
              VarDec (1)
                ID: svKyp
        RP
      CompSt (2)
        LC
        DefList (3)
        StmtList (3)
        RC
    ExtDefList (4)
      ExtDef (4)
        Specifier (4)
          TYPE: int
        SEMI
      ExtDefList (5)
