Program (1)
  ExtDefList (1)
    ExtDef (1)
      Specifier (1)
        TYPE: float
      SEMI
    ExtDefList (2)
      ExtDef (2)
        Specifier (2)
          StructSpecifier (2)
            STRUCT
            Tag (2)
              ID: QS4bPaUxjXh3Ic
        ExtDecList (2)
          VarDec (2)
            VarDec (2)
              ID: yqItB_J
            LB
            INT: 927661282
            RB
          COMMA
          ExtDecList (2)
            VarDec (2)
              ID: LflaS
        SEMI
      ExtDefList (5)
        ExtDef (5)
          Specifier (5)
            StructSpecifier (5)
              STRUCT
              OptTag (5)
              LC
              DefList (6)
                Def (6)
                  Specifier (6)
                    StructSpecifier (6)
                      STRUCT
                      Tag (6)
                        ID: er5AU
                  DecList (6)
                    Dec (6)
                      VarDec (6)
                        ID: ybLcG1
                  SEMI
                DefList (7)
              RC
          FunDec (7)
            ID: w4_xwd34myn
            LP
            VarList (7)
              ParamDec (7)
                Specifier (7)
                  TYPE: int
                VarDec (7)
                  ID: tXvor6DlQN
            RP
          CompSt (7)
            LC
            DefList (8)
              Def (8)
                Specifier (8)
                  TYPE: int
                DecList (8)
                  Dec (8)
                    VarDec (8)
                      ID: Z_7stdHM
                  COMMA
                  DecList (8)
                    Dec (8)
                      VarDec (8)
                        ID: zlBgq3DmjWDAb7p5GJ
                      ASSIGNOP
                      Exp (8)
                        Exp (8)
                          ID: Nix
                        ASSIGNOP
                        Exp (8)
                          Exp (8)
                            ID: E0hBURPP6CO
                          OR
                          Exp (9)
                            Exp (9)
                              ID: Froc0MM_jkUIf
                            RELOP: NE
                            Exp (9)
                              Exp (9)
                                Exp (9)
                                  ID: rPO
                                PLUS
                                Exp (9)
                                  Exp (9)
                                    Exp (9)
                                      ID: sQ1G9ZTAnZW
                                    DIV
                                    Exp (9)
                                      NOT
                                      Exp (9)
                                        NOT
                                        Exp (9)
                                          NOT
                                          Exp (9)
                                            NOT
                                            Exp (9)
                                              ID: IauSFyyxZwz
                                              LP
                                              Args (10)
                                                Exp (10)
                                                  Exp (10)
                                                    ID: J99r8
                                                  ASSIGNOP
                                                  Exp (10)
                                                    Exp (10)
                                                      ID: gGdoQRncGA5
                                                    ASSIGNOP
                                                    Exp (10)
                                                      Exp (10)
                                                        ID: Q
                                                      AND
                                                      Exp (10)
                                                        Exp (10)
                                                          ID: XJUMBDSCnB9VLBxBW
                                                        RELOP: EQ
                                                        Exp (11)
                                                          Exp (11)
                                                            ID: o6FFqM1v7ttrke
                                                          STAR
                                                          Exp (11)
                                                            Exp (11)
                                                              ID: gC
                                                            LB
                                                            Exp (11)
                                                              Exp (11)
                                                                ID: sTGYNnWjS6Dj1B
                                                              OR
                                                              Exp (11)
                                                                Exp (11)
                                                                  ID: djAILEShDZA50cYy
                                                                RELOP: GE
                                                                Exp (12)
                                                                  Exp (12)
                                                                    ID: uuPDlHtpeC7i99
                                                                  DIV
                                                                  Exp (12)
                                                                    LP
                                                                    Exp (12)
                                                                      Exp (12)
                                                                        ID: d36z8GTK
                                                                      ASSIGNOP
                                                                      Exp (12)
                                                                        Exp (12)
                                                                          Exp (12)
                                                                            Exp (12)
                                                                              ID: KGOpEIKedJGHH
                                                                            RELOP: LT
                                                                            Exp (12)
                                                                              ID: c6IkG3twUv
                                                                              LP
                                                                              Args (13)
                                                                                Exp (13)
                                                                                  ID: SZ7uswHSV
                                                                                COMMA
                                                                                Args (13)
                                                                                  Exp (13)
                                                                                    ID: uP4TaDIVrKcN4U5opcSM
                                                                                  COMMA
                                                                                  Args (13)
                                                                                    Exp (13)
                                                                                      ID: mZofLaGQ
                                                                                    COMMA
                                                                                    Args (13)
                                                                                      Exp (13)
                                                                                        Exp (13)
                                                                                          ID: OScAsPHZQ_K
                                                                                        AND
                                                                                        Exp (14)
                                                                                          ID: fQCuEgBTe4mwEa
                                                                              RP
                                                                          RELOP: GT
                                                                          Exp (14)
                                                                            MINUS
                                                                            Exp (14)
                                                                              MINUS
                                                                              Exp (14)
                                                                                FLOAT: 608906445.1880750900
                                                                        RELOP: LE
                                                                        Exp (15)
                                                                          MINUS
                                                                          Exp (15)
                                                                            INT: 353933198
                                                                    RP
                                                            RB
                                              RP
                                  STAR
                                  Exp (15)
                                    ID: goLAlgY4eWyjBadhQy
                              MINUS
                              Exp (15)
                                MINUS
                                Exp (15)
                                  NOT
                                  Exp (15)
                                    Exp (15)
                                      ID: O5R
                                      LP
                                      RP
                                    DOT
                                    ID: zUgsY2R47U9HyU
                SEMI
              DefList (17)
            StmtList (17)
            RC
        ExtDefList (18)
          ExtDef (18)
            Specifier (18)
              StructSpecifier (18)
                STRUCT
                Tag (18)
                  ID: IDge
            SEMI
          ExtDefList (19)
            ExtDef (19)
              Specifier (19)
                StructSpecifier (19)
                  STRUCT
                  OptTag (19)
                    ID: UT2Bjvxvgqmn
                  LC
                  DefList (20)
                    Def (20)
                      Specifier (20)
                        TYPE: int
                      DecList (20)
                        Dec (20)
                          VarDec (20)
                            ID: bkacXGiZ0BsP
                      SEMI
                    DefList (21)
                  RC
              SEMI
            ExtDefList (22)
              ExtDef (22)
                Specifier (22)
                  TYPE: int
                ExtDecList (22)
                  VarDec (22)
                    ID: _SrJ_8e4LVVn0F
                SEMI
              ExtDefList (24)
                ExtDef (24)
                  Specifier (24)
                    TYPE: int
                  FunDec (24)
                    ID: k4igueEATa9KP1LKZkWc
                    LP
                    RP
                  CompSt (24)
                    LC
                    DefList (25)
                    StmtList (25)
                      Stmt (25)
                        IF
                        LP
                        Exp (25)
                          ID: fPGM3R1b59MooE8qtfn
                        RP
                        Stmt (25)
                          IF
                          LP
                          Exp (25)
                            ID: Ato2lb3x43RwJCcmaucI
                          RP
                          Stmt (26)
                            Exp (26)
                              ID: nBFKMZP9ZI4UzIrfsPc
                            SEMI
                          ELSE
                          Stmt (27)
                            WHILE
                            LP
                            Exp (27)
                              ID: fXEZM698rz2aU
                            RP
                            Stmt (27)
                              CompSt (27)
                                LC
                                DefList (28)
                                StmtList (28)
                                  Stmt (28)
                                    WHILE
                                    LP
                                    Exp (28)
                                      ID: Z2V2UJM0d7SSeMD1uxmW
                                    RP
                                    Stmt (28)
                                      Exp (28)
                                        ID: vibg21tLO4YH45THuT
                                      SEMI
                                  StmtList (31)
                                    Stmt (31)
                                      Exp (31)
                                        ID: j9hCTSSm9CpWTA
                                      SEMI
                                    StmtList (32)
                                RC
                      StmtList (35)
                    RC
                ExtDefList (36)
                  ExtDef (36)
                    Specifier (36)
                      TYPE: int
                    FunDec (36)
                      ID: wyp
                      LP
                      RP
                    CompSt (36)
                      LC
                      DefList (37)
                      StmtList (37)
                        Stmt (37)
                          RETURN
                          Exp (37)
                            ID: bX
                          SEMI
                        StmtList (38)
                      RC
                  ExtDefList (39)
                    ExtDef (39)
                      Specifier (39)
                        TYPE: int
                      SEMI
                    ExtDefList (40)
                      ExtDef (40)
                        Specifier (40)
                          TYPE: int
                        FunDec (40)
                          ID: BrBHG
                          LP
                          RP
                        CompSt (40)
                          LC
                          DefList (41)
                          StmtList (41)
                            Stmt (41)
                              CompSt (41)
                                LC
                                DefList (42)
                                StmtList (42)
                                RC
                            StmtList (42)
                          RC
                      ExtDefList (43)
                        ExtDef (43)
                          Specifier (43)
                            TYPE: int
                          SEMI
                        ExtDefList (44)
                          ExtDef (44)
                            Specifier (44)
                              TYPE: int
                            FunDec (44)
                              ID: k61V4UztTVy
                              LP
                              RP
                            CompSt (44)
                              LC
                              DefList (45)
                              StmtList (45)
                                Stmt (45)
                                  IF
                                  LP
                                  Exp (45)
                                    ID: V
                                  RP
                                  Stmt (45)
                                    Exp (45)
                                      ID: VU_QpxDrS
                                    SEMI
                                  ELSE
                                  Stmt (46)
                                    IF
                                    LP
                                    Exp (46)
                                      ID: HhLNxUKuosNYJP
                                    RP
                                    Stmt (46)
                                      Exp (46)
                                        ID: C
                                      SEMI
                                StmtList (49)
                              RC
                          ExtDefList (50)
                            ExtDef (50)
                              Specifier (50)
                                TYPE: int
                              FunDec (50)
                                ID: do7sXkQzbib37eO1pqgO
                                LP
                                RP
                              CompSt (50)
                                LC
                                DefList (51)
                                StmtList (51)
                                RC
                            ExtDefList (52)
                              ExtDef (52)
                                Specifier (52)
                                  TYPE: int
                                SEMI
                              ExtDefList (53)
                                ExtDef (53)
                                  Specifier (53)
                                    TYPE: int
                                  FunDec (53)
                                    ID: YGIYYlA
                                    LP
                                    RP
                                  CompSt (53)
                                    LC
                                    DefList (54)
                                    StmtList (54)
                                    RC
                                ExtDefList (55)
                                  ExtDef (55)
                                    Specifier (55)
                                      TYPE: int
                                    FunDec (55)
                                      ID: um
                                      LP
                                      RP
                                    CompSt (55)
                                      LC
                                      DefList (56)
                                      StmtList (56)
                                      RC
                                  ExtDefList (57)
                                    ExtDef (57)
                                      Specifier (57)
                                        TYPE: int
                                      SEMI
                                    ExtDefList (58)
                                      ExtDef (58)
                                        Specifier (58)
                                          TYPE: int
                                        SEMI
                                      ExtDefList (59)
                                        ExtDef (59)
                                          Specifier (59)
                                            TYPE: int
                                          FunDec (59)
                                            ID: m3raTuZ17
                                            LP
                                            RP
                                          CompSt (59)
                                            LC
                                            DefList (60)
                                            StmtList (60)
                                            RC
                                        ExtDefList (61)
                                          ExtDef (61)
                                            Specifier (61)
                                              TYPE: int
                                            SEMI
                                          ExtDefList (62)
                                            ExtDef (62)
                                              Specifier (62)
                                                TYPE: int
                                              FunDec (62)
                                                ID: sobcfAXRnwN
                                                LP
                                                RP
                                              CompSt (62)
                                                LC
                                                DefList (63)
                                                StmtList (63)
                                                RC
                                            ExtDefList (64)
                                              ExtDef (64)
                                                Specifier (64)
                                                  TYPE: int
                                                FunDec (64)
                                                  ID: VCaTRi
                                                  LP
                                                  RP
                                                CompSt (64)
                                                  LC
                                                  DefList (65)
                                                  StmtList (65)
                                                  RC
                                              ExtDefList (66)
                                                ExtDef (66)
                                                  Specifier (66)
                                                    TYPE: int
                                                  FunDec (66)
                                                    ID: lsGnInkbDuna1xpAuagj
                                                    LP
                                                    RP
                                                  CompSt (66)
                                                    LC
                                                    DefList (67)
                                                    StmtList (67)
                                                    RC
                                                ExtDefList (68)
                                                  ExtDef (68)
                                                    Specifier (68)
                                                      TYPE: int
                                                    SEMI
                                                  ExtDefList (69)
                                                    ExtDef (69)
                                                      Specifier (69)
                                                        TYPE: int
                                                      SEMI
                                                    ExtDefList (70)
                                                      ExtDef (70)
                                                        Specifier (70)
                                                          TYPE: int
                                                        SEMI
                                                      ExtDefList (71)
                                                        ExtDef (71)
                                                          Specifier (71)
                                                            TYPE: int
                                                          FunDec (71)
                                                            ID: UTL5
                                                            LP
                                                            VarList (71)
                                                              ParamDec (71)
                                                                Specifier (71)
                                                                  TYPE: int
                                                                VarDec (71)
                                                                  ID: I9qj0
                                                              COMMA
                                                              VarList (71)
                                                                ParamDec (71)
                                                                  Specifier (71)
                                                                    TYPE: int
                                                                  VarDec (71)
                                                                    ID: od
                                                            RP
                                                          CompSt (71)
                                                            LC
                                                            DefList (72)
                                                            StmtList (72)
                                                            RC
                                                        ExtDefList (73)
