Program (1)
  ExtDefList (1)
    ExtDef (1)
      Specifier (1)
        TYPE: int
      SEMI
    ExtDefList (2)
      ExtDef (2)
        Specifier (2)
          TYPE: int
        SEMI
      ExtDefList (3)
        ExtDef (3)
          Specifier (3)
            TYPE: int
          ExtDecList (3)
            VarDec (3)
              ID: poeGqdxcir
            COMMA
            ExtDecList (3)
              VarDec (3)
                ID: g62jlgHd5MKOiFElL4xl
          SEMI
        ExtDefList (6)
          ExtDef (6)
            Specifier (6)
              TYPE: int
            FunDec (6)
              ID: iN3oTMzK82i2T
              LP
              VarList (6)
                ParamDec (6)
                  Specifier (6)
                    StructSpecifier (6)
                      STRUCT
                      OptTag (6)
                      LC
                      DefList (7)
                        Def (7)
                          Specifier (7)
                            TYPE: int
                          DecList (7)
                            Dec (7)
                              VarDec (7)
                                ID: zLO52KbFJlheKCA2
                          SEMI
                        DefList (8)
                          Def (8)
                            Specifier (8)
                              StructSpecifier (8)
                                STRUCT
                                OptTag (8)
                                LC
                                DefList (9)
                                  Def (9)
                                    Specifier (9)
                                      TYPE: int
                                    DecList (9)
                                      Dec (9)
                                        VarDec (9)
                                          ID: TDM16GUo
                                    SEMI
                                  DefList (10)
                                    Def (10)
                                      Specifier (10)
                                        TYPE: int
                                      DecList (10)
                                        Dec (10)
                                          VarDec (10)
                                            ID: wOGEDyPuOLGXAY_t
                                      SEMI
                                    DefList (11)
                                      Def (11)
                                        Specifier (11)
                                          StructSpecifier (11)
                                            STRUCT
                                            OptTag (11)
                                            LC
                                            DefList (12)
                                              Def (12)
                                                Specifier (12)
                                                  StructSpecifier (12)
                                                    STRUCT
                                                    OptTag (12)
                                                    LC
                                                    DefList (13)
                                                    RC
                                                DecList (13)
                                                  Dec (13)
                                                    VarDec (13)
                                                      ID: o1R_syT
                                                SEMI
                                              DefList (14)
                                            RC
                                        DecList (14)
                                          Dec (14)
                                            VarDec (14)
                                              ID: ftRx_TLW0why41oO4
                                        SEMI
                                      DefList (15)
                                        Def (15)
                                          Specifier (15)
                                            StructSpecifier (15)
                                              STRUCT
                                              OptTag (15)
                                                ID: Hf5wCG
                                              LC
                                              DefList (16)
                                                Def (16)
                                                  Specifier (16)
                                                    StructSpecifier (16)
                                                      STRUCT
                                                      Tag (16)
                                                        ID: _vQ5aLWpf5Jo
                                                  DecList (16)
                                                    Dec (16)
                                                      VarDec (16)
                                                        ID: uVtrGz8rQ19czkGax5JN
                                                  SEMI
                                                DefList (17)
                                                  Def (17)
                                                    Specifier (17)
                                                      TYPE: int
                                                    DecList (17)
                                                      Dec (17)
                                                        VarDec (17)
                                                          ID: bB
                                                    SEMI
                                                  DefList (18)
                                              RC
                                          DecList (18)
                                            Dec (18)
                                              VarDec (18)
                                                ID: q6cDoEAs1xnqRAk6
                                          SEMI
                                        DefList (19)
                                RC
                            DecList (19)
                              Dec (19)
                                VarDec (19)
                                  ID: kdaUMA5kvSqmB8
                            SEMI
                          DefList (20)
                            Def (20)
                              Specifier (20)
                                StructSpecifier (20)
                                  STRUCT
                                  Tag (20)
                                    ID: EOCdC
                              DecList (20)
                                Dec (20)
                                  VarDec (20)
                                    ID: fYns
                                COMMA
                                DecList (20)
                                  Dec (20)
                                    VarDec (20)
                                      ID: _1
                                    ASSIGNOP
                                    Exp (20)
                                      Exp (20)
                                        ID: Yfp
                                      OR
                                      Exp (20)
                                        Exp (20)
                                          ID: eWt5z8GFf_6lFDJpCU
                                        AND
                                        Exp (21)
                                          Exp (21)
                                            ID: IC_29Ebg1tmELu4mf3B
                                          PLUS
                                          Exp (21)
                                            Exp (21)
                                              ID: L54eBhonob
                                            DIV
                                            Exp (21)
                                              NOT
                                              Exp (21)
                                                Exp (21)
                                                  ID: Z4EtWEvFO39hUtiO
                                                LB
                                                Exp (22)
                                                  Exp (22)
                                                    ID: Qr7FaZQPQigKjLpzdgF6
                                                  ASSIGNOP
                                                  Exp (22)
                                                    Exp (22)
                                                      ID: qIIwwCbr6PKG_zEUfJ_0
                                                    ASSIGNOP
                                                    Exp (22)
                                                      Exp (22)
                                                        Exp (22)
                                                          ID: ApdDmCX6kR
                                                        RELOP: LT
                                                        Exp (23)
                                                          Exp (23)
                                                            ID: tHXvM_xNknNvgNVPb4o
                                                          MINUS
                                                          Exp (23)
                                                            Exp (23)
                                                              ID: fSMMnyiVzYxV9
                                                            STAR
                                                            Exp (23)
                                                              ID: jdxqgjVwlltDS153aG
                                                              LP
                                                              Args (24)
                                                                Exp (24)
                                                                  Exp (24)
                                                                    Exp (24)
                                                                      ID: bVyZBFlpax
                                                                    RELOP: GE
                                                                    Exp (24)
                                                                      Exp (24)
                                                                        ID: AizLtwXlPDFMRXIxJud
                                                                      MINUS
                                                                      Exp (24)
                                                                        Exp (24)
                                                                          ID: IH
                                                                        STAR
                                                                        Exp (24)
                                                                          MINUS
                                                                          Exp (24)
                                                                            LP
                                                                            Exp (24)
                                                                              Exp (24)
                                                                                ID: R
                                                                              RELOP: NE
                                                                              Exp (25)
                                                                                Exp (25)
                                                                                  ID: QNKk
                                                                                PLUS
                                                                                Exp (25)
                                                                                  Exp (25)
                                                                                    ID: sVeOqsOMq14eSCKBqW
                                                                                  STAR
                                                                                  Exp (25)
                                                                                    Exp (25)
                                                                                      ID: ZCr_O6ibzsE6t5Cn
                                                                                    LB
                                                                                    Exp (25)
                                                                                      Exp (25)
                                                                                        ID: vNmPtADjDKbEG6N0j7D
                                                                                      ASSIGNOP
                                                                                      Exp (26)
                                                                                        Exp (26)
                                                                                          ID: _1yYy07ow94zG
                                                                                        OR
                                                                                        Exp (26)
                                                                                          Exp (26)
                                                                                            ID: Uqv8zfrQ2ukhgy9jYF
                                                                                          RELOP: GT
                                                                                          Exp (26)
                                                                                            Exp (26)
                                                                                              Exp (26)
                                                                                                NOT
                                                                                                Exp (26)
                                                                                                  LP
                                                                                                  Exp (26)
                                                                                                    Exp (26)
                                                                                                      ID: WetgU8l14UXjQC8
                                                                                                    ASSIGNOP
                                                                                                    Exp (27)
                                                                                                      LP
                                                                                                      Exp (27)
                                                                                                        Exp (27)
                                                                                                          ID: ET5
                                                                                                        OR
                                                                                                        Exp (27)
                                                                                                          Exp (27)
                                                                                                            ID: RJyFcAZMP
                                                                                                          PLUS
                                                                                                          Exp (27)
                                                                                                            MINUS
                                                                                                            Exp (27)
                                                                                                              NOT
                                                                                                              Exp (27)
                                                                                                                Exp (27)
                                                                                                                  Exp (27)
                                                                                                                    ID: isWLNje4y_tCkhZudLuD
                                                                                                                  LB
                                                                                                                  Exp (28)
                                                                                                                    Exp (28)
                                                                                                                      ID: uxmNqa1fNN6aN_Qlx5L
                                                                                                                    ASSIGNOP
                                                                                                                    Exp (28)
                                                                                                                      Exp (28)
                                                                                                                        ID: KlpgH
                                                                                                                      OR
                                                                                                                      Exp (28)
                                                                                                                        Exp (28)
                                                                                                                          ID: V6
                                                                                                                        AND
                                                                                                                        Exp (28)
                                                                                                                          Exp (28)
                                                                                                                            ID: mN
                                                                                                                          RELOP: LE
                                                                                                                          Exp (28)
                                                                                                                            Exp (28)
                                                                                                                              ID: Is_
                                                                                                                            PLUS
                                                                                                                            Exp (28)
                                                                                                                              Exp (28)
                                                                                                                                Exp (28)
                                                                                                                                  MINUS
                                                                                                                                  Exp (29)
                                                                                                                                    Exp (29)
                                                                                                                                      LP
                                                                                                                                      Exp (29)
                                                                                                                                        Exp (29)
                                                                                                                                          ID: aS5_sA7
                                                                                                                                        AND
                                                                                                                                        Exp (29)
                                                                                                                                          Exp (29)
                                                                                                                                            Exp (29)
                                                                                                                                              ID: V3KBhrlyD4sU
                                                                                                                                            RELOP: LE
                                                                                                                                            Exp (29)
                                                                                                                                              LP
                                                                                                                                              Exp (29)
                                                                                                                                                Exp (29)
                                                                                                                                                  ID: kw
                                                                                                                                                OR
                                                                                                                                                Exp (29)
                                                                                                                                                  Exp (29)
                                                                                                                                                    ID: hXsBLDqA
                                                                                                                                                  AND
                                                                                                                                                  Exp (29)
                                                                                                                                                    Exp (29)
                                                                                                                                                      ID: uYFBKgwuPCy6X
                                                                                                                                                    RELOP: EQ
                                                                                                                                                    Exp (30)
                                                                                                                                                      Exp (30)
                                                                                                                                                        ID: SsPmStRNH
                                                                                                                                                      MINUS
                                                                                                                                                      Exp (30)
                                                                                                                                                        Exp (30)
                                                                                                                                                          Exp (30)
                                                                                                                                                            NOT
                                                                                                                                                            Exp (30)
                                                                                                                                                              LP
                                                                                                                                                              Exp (30)
                                                                                                                                                                Exp (30)
                                                                                                                                                                  ID: e2yT_
                                                                                                                                                                STAR
                                                                                                                                                                Exp (30)
                                                                                                                                                                  Exp (30)
                                                                                                                                                                    ID: rMxC0iZSRiNGD9kFeNgx
                                                                                                                                                                  LB
                                                                                                                                                                  Exp (31)
                                                                                                                                                                    Exp (31)
                                                                                                                                                                      ID: AahQsDJw
                                                                                                                                                                    AND
                                                                                                                                                                    Exp (31)
                                                                                                                                                                      Exp (31)
                                                                                                                                                                        ID: bn
                                                                                                                                                                      RELOP: LT
                                                                                                                                                                      Exp (31)
                                                                                                                                                                        Exp (31)
                                                                                                                                                                          ID: phniXbzp1LGvrN
                                                                                                                                                                        PLUS
                                                                                                                                                                        Exp (31)
                                                                                                                                                                          Exp (31)
                                                                                                                                                                            ID: Zz5_jcegB6QvnWKFFx
                                                                                                                                                                          LB
                                                                                                                                                                          Exp (32)
                                                                                                                                                                            Exp (32)
                                                                                                                                                                              ID: cFyE9_xX5lxyCdQMW
                                                                                                                                                                            ASSIGNOP
                                                                                                                                                                            Exp (32)
                                                                                                                                                                              Exp (32)
                                                                                                                                                                                ID: dcIp8
                                                                                                                                                                              OR
                                                                                                                                                                              Exp (32)
                                                                                                                                                                                Exp (32)
                                                                                                                                                                                  ID: RTBM
                                                                                                                                                                                RELOP: LE
                                                                                                                                                                                Exp (32)
                                                                                                                                                                                  Exp (32)
                                                                                                                                                                                    Exp (32)
                                                                                                                                                                                      ID: NobxT1
                                                                                                                                                                                    DIV
                                                                                                                                                                                    Exp (32)
                                                                                                                                                                                      MINUS
                                                                                                                                                                                      Exp (33)
                                                                                                                                                                                        Exp (33)
                                                                                                                                                                                          LP
                                                                                                                                                                                          Exp (33)
                                                                                                                                                                                            Exp (33)
                                                                                                                                                                                              ID: uAemtSX
                                                                                                                                                                                            RELOP: GT
                                                                                                                                                                                            Exp (33)
                                                                                                                                                                                              Exp (33)
                                                                                                                                                                                                ID: yr1f3avmnDubg
                                                                                                                                                                                              DIV
                                                                                                                                                                                              Exp (33)
                                                                                                                                                                                                NOT
                                                                                                                                                                                                Exp (33)
                                                                                                                                                                                                  LP
                                                                                                                                                                                                  Exp (33)
                                                                                                                                                                                                    Exp (33)
                                                                                                                                                                                                      Exp (33)
                                                                                                                                                                                                        Exp (33)
                                                                                                                                                                                                          Exp (33)
                                                                                                                                                                                                            ID: e1AOm_WyFgGiM
                                                                                                                                                                                                          DIV
                                                                                                                                                                                                          Exp (33)
                                                                                                                                                                                                            MINUS
                                                                                                                                                                                                            Exp (34)
                                                                                                                                                                                                              LP
                                                                                                                                                                                                              Exp (34)
                                                                                                                                                                                                                Exp (34)
                                                                                                                                                                                                                  ID: QTd1x8spNtRZ_gR
                                                                                                                                                                                                                AND
                                                                                                                                                                                                                Exp (34)
                                                                                                                                                                                                                  Exp (34)
                                                                                                                                                                                                                    ID: HK6RPai
                                                                                                                                                                                                                  MINUS
                                                                                                                                                                                                                  Exp (34)
                                                                                                                                                                                                                    Exp (34)
                                                                                                                                                                                                                      Exp (34)
                                                                                                                                                                                                                        ID: wLcAzlAlPoHS5Km
                                                                                                                                                                                                                      LB
                                                                                                                                                                                                                      Exp (34)
                                                                                                                                                                                                                        Exp (34)
                                                                                                                                                                                                                          ID: lHRATSRI8Z3ObAHPxt
                                                                                                                                                                                                                        RELOP: NE
                                                                                                                                                                                                                        Exp (35)
                                                                                                                                                                                                                          Exp (35)
                                                                                                                                                                                                                            ID: MNc6lhUG
                                                                                                                                                                                                                          PLUS
                                                                                                                                                                                                                          Exp (35)
                                                                                                                                                                                                                            Exp (35)
                                                                                                                                                                                                                              ID: _YzSwMY456LOb1aAn08X
                                                                                                                                                                                                                            DIV
                                                                                                                                                                                                                            Exp (35)
                                                                                                                                                                                                                              ID: _FbVyVTRd
                                                                                                                                                                                                                              LP
                                                                                                                                                                                                                              Args (35)
                                                                                                                                                                                                                                Exp (35)
                                                                                                                                                                                                                                  ID: Hdm_Uf5N4Xx4KNbRYe
                                                                                                                                                                                                                                COMMA
                                                                                                                                                                                                                                Args (36)
                                                                                                                                                                                                                                  Exp (36)
                                                                                                                                                                                                                                    ID: uE1A_0p1xXlgca
                                                                                                                                                                                                                              RP
                                                                                                                                                                                                                      RB
                                                                                                                                                                                                                    DOT
                                                                                                                                                                                                                    ID: J2R
                                                                                                                                                                                                              RP
                                                                                                                                                                                                        STAR
                                                                                                                                                                                                        Exp (36)
                                                                                                                                                                                                          ID: nd9tQsl
                                                                                                                                                                                                      DIV
                                                                                                                                                                                                      Exp (36)
                                                                                                                                                                                                        ID: jzSXJM1mVPKR1NBIv2ND
                                                                                                                                                                                                    PLUS
                                                                                                                                                                                                    Exp (37)
                                                                                                                                                                                                      MINUS
                                                                                                                                                                                                      Exp (37)
                                                                                                                                                                                                        ID: JKotnZtiIXYNHfX
                                                                                                                                                                                                  RP
                                                                                                                                                                                          RP
                                                                                                                                                                                        DOT
                                                                                                                                                                                        ID: Tl1
                                                                                                                                                                                  PLUS
                                                                                                                                                                                  Exp (37)
                                                                                                                                                                                    NOT
                                                                                                                                                                                    Exp (37)
                                                                                                                                                                                      ID: C9mmv1O67HyP9ORAeTt
                                                                                                                                                                          RB
                                                                                                                                                                  RB
                                                                                                                                                              RP
                                                                                                                                                          STAR
                                                                                                                                                          Exp (38)
                                                                                                                                                            MINUS
                                                                                                                                                            Exp (38)
                                                                                                                                                              NOT
                                                                                                                                                              Exp (38)
                                                                                                                                                                Exp (38)
                                                                                                                                                                  ID: jw
                                                                                                                                                                DOT
                                                                                                                                                                ID: OVMDTsFM
                                                                                                                                                        STAR
                                                                                                                                                        Exp (38)
                                                                                                                                                          Exp (38)
                                                                                                                                                            ID: MqzBtXyh_Oi
                                                                                                                                                          DOT
                                                                                                                                                          ID: GnxRsJH7sKr7mv4r
                                                                                                                                              RP
                                                                                                                                          RELOP: LT
                                                                                                                                          Exp (39)
                                                                                                                                            ID: BgAGFv6_nei
                                                                                                                                      RP
                                                                                                                                    DOT
                                                                                                                                    ID: lZA9Q68Vf
                                                                                                                                DIV
                                                                                                                                Exp (39)
                                                                                                                                  ID: QvtUz2pRJavFa
                                                                                                                              STAR
                                                                                                                              Exp (39)
                                                                                                                                ID: iSoq51Qp
                                                                                                                  RB
                                                                                                                DOT
                                                                                                                ID: CRcF
                                                                                                      RP
                                                                                                  RP
                                                                                              STAR
                                                                                              Exp (40)
                                                                                                INT: 762796873
                                                                                            MINUS
                                                                                            Exp (40)
                                                                                              NOT
                                                                                              Exp (40)
                                                                                                FLOAT: 1631886003.764702998
                                                                                    RB
                                                                            RP
                                                                  RELOP: LE
                                                                  Exp (41)
                                                                    ID: a3w_yx4vRlqEozN
                                                              RP
                                                      RELOP: EQ
                                                      Exp (41)
                                                        MINUS
                                                        Exp (41)
                                                          MINUS
                                                          Exp (41)
                                                            Exp (41)
                                                              ID: JAFAFS4e5h
                                                              LP
                                                              RP
                                                            DOT
                                                            ID: o
                                                RB
                              SEMI
                            DefList (43)
                              Def (43)
                                Specifier (43)
                                  StructSpecifier (43)
                                    STRUCT
                                    Tag (43)
                                      ID: b4MtZ5kjG50o7hT
                                DecList (43)
                                  Dec (43)
                                    VarDec (43)
                                      ID: l2wrWC7CjA
                                SEMI
                              DefList (44)
                      RC
                  VarDec (44)
                    ID: bVknIKwrvMiv_
                COMMA
                VarList (44)
                  ParamDec (44)
                    Specifier (44)
                      TYPE: float
                    VarDec (44)
                      ID: t0QJXa7Vtc5579Cw5
              RP
            CompSt (44)
              LC
              DefList (45)
              StmtList (45)
              RC
          ExtDefList (46)
            ExtDef (46)
              Specifier (46)
                StructSpecifier (46)
                  STRUCT
                  Tag (46)
                    ID: jz8uelP7fHz80by_
              ExtDecList (46)
                VarDec (46)
                  VarDec (46)
                    ID: AvFNmN
                  LB
                  INT: 1007986957
                  RB
              SEMI
            ExtDefList (48)
              ExtDef (48)
                Specifier (48)
                  TYPE: int
                FunDec (48)
                  ID: Zz5
                  LP
                  RP
                CompSt (48)
                  LC
                  DefList (49)
                  StmtList (49)
                    Stmt (49)
                      RETURN
                      Exp (49)
                        ID: e
                      SEMI
                    StmtList (50)
                  RC
              ExtDefList (51)
                ExtDef (51)
                  Specifier (51)
                    TYPE: int
                  SEMI
                ExtDefList (52)
                  ExtDef (52)
                    Specifier (52)
                      TYPE: int
                    FunDec (52)
                      ID: WBPPfsrliDxlOfG1DJ
                      LP
                      RP
                    CompSt (52)
                      LC
                      DefList (53)
                      StmtList (53)
                      RC
                  ExtDefList (54)
                    ExtDef (54)
                      Specifier (54)
                        TYPE: int
                      SEMI
                    ExtDefList (55)
                      ExtDef (55)
                        Specifier (55)
                          TYPE: int
                        SEMI
                      ExtDefList (56)
                        ExtDef (56)
                          Specifier (56)
                            TYPE: int
                          SEMI
                        ExtDefList (57)
                          ExtDef (57)
                            Specifier (57)
                              TYPE: int
                            FunDec (57)
                              ID: Y3W7
                              LP
                              RP
                            CompSt (57)
                              LC
                              DefList (58)
                              StmtList (58)
                              RC
                          ExtDefList (59)
                            ExtDef (59)
                              Specifier (59)
                                TYPE: int
                              SEMI
                            ExtDefList (60)
                              ExtDef (60)
                                Specifier (60)
                                  TYPE: int
                                FunDec (60)
                                  ID: qIK8
                                  LP
                                  RP
                                CompSt (60)
                                  LC
                                  DefList (61)
                                  StmtList (61)
                                    Stmt (61)
                                      IF
                                      LP
                                      Exp (61)
                                        ID: Wbf9KS97U8qcDTbdr4
                                      RP
                                      Stmt (61)
                                        IF
                                        LP
                                        Exp (61)
                                          ID: qBfvT98O
                                        RP
                                        Stmt (61)
                                          CompSt (61)
                                            LC
                                            DefList (62)
                                            StmtList (62)
                                            RC
                                        ELSE
                                        Stmt (62)
                                          Exp (62)
                                            ID: sEYGoDdWUZpnOXUwHlFI
                                          SEMI
                                    StmtList (65)
                                  RC
                              ExtDefList (66)
                                ExtDef (66)
                                  Specifier (66)
                                    TYPE: int
                                  FunDec (66)
                                    ID: Z9sYHrQX4xkhz8abo3g
                                    LP
                                    RP
                                  CompSt (66)
                                    LC
                                    DefList (67)
                                    StmtList (67)
                                      Stmt (67)
                                        Exp (67)
                                          ID: aPs5eTfoBNLb
                                        SEMI
                                      StmtList (68)
                                        Stmt (68)
                                          WHILE
                                          LP
                                          Exp (68)
                                            ID: gkNkv
                                          RP
                                          Stmt (68)
                                            Exp (68)
                                              ID: ETwj_vQmIgMCT91zvi
                                            SEMI
                                        StmtList (70)
                                    RC
                                ExtDefList (71)
                                  ExtDef (71)
                                    Specifier (71)
                                      TYPE: int
                                    SEMI
                                  ExtDefList (72)
                                    ExtDef (72)
                                      Specifier (72)
                                        TYPE: int
                                      SEMI
                                    ExtDefList (73)
                                      ExtDef (73)
                                        Specifier (73)
                                          TYPE: int
                                        FunDec (73)
                                          ID: g
                                          LP
                                          RP
                                        CompSt (73)
                                          LC
                                          DefList (74)
                                          StmtList (74)
                                          RC
                                      ExtDefList (75)
                                        ExtDef (75)
                                          Specifier (75)
                                            TYPE: int
                                          SEMI
                                        ExtDefList (76)
                                          ExtDef (76)
                                            Specifier (76)
                                              TYPE: int
                                            SEMI
                                          ExtDefList (77)
                                            ExtDef (77)
                                              Specifier (77)
                                                TYPE: int
                                              SEMI
                                            ExtDefList (78)
                                              ExtDef (78)
                                                Specifier (78)
                                                  TYPE: int
                                                FunDec (78)
                                                  ID: vm7heIggCHd6Sin1k
                                                  LP
                                                  RP
                                                CompSt (78)
                                                  LC
                                                  DefList (79)
                                                  StmtList (79)
                                                  RC
                                              ExtDefList (80)
                                                ExtDef (80)
                                                  Specifier (80)
                                                    TYPE: int
                                                  FunDec (80)
                                                    ID: ChKOzT9yThJvp
                                                    LP
                                                    RP
                                                  CompSt (80)
                                                    LC
                                                    DefList (81)
                                                    StmtList (81)
                                                      Stmt (81)
                                                        Exp (81)
                                                          ID: WuDG
                                                        SEMI
                                                      StmtList (82)
                                                        Stmt (82)
                                                          Exp (82)
                                                            ID: WzkPtzZkn6tyTm0rYZqZ
                                                          SEMI
                                                        StmtList (83)
                                                          Stmt (83)
                                                            Exp (83)
                                                              ID: xxMJowhFYjI
                                                            SEMI
                                                          StmtList (84)
                                                            Stmt (84)
                                                              Exp (84)
                                                                ID: y8aSpDZ54XgnU4KwO
                                                              SEMI
                                                            StmtList (85)
                                                              Stmt (85)
                                                                IF
                                                                LP
                                                                Exp (85)
                                                                  ID: ztD
                                                                RP
                                                                Stmt (85)
                                                                  Exp (85)
                                                                    ID: xqjKAvoOiJ39g
                                                                  SEMI
                                                                ELSE
                                                                Stmt (86)
                                                                  IF
                                                                  LP
                                                                  Exp (86)
                                                                    ID: haIreQsNt0drtjW
                                                                  RP
                                                                  Stmt (86)
                                                                    Exp (86)
                                                                      ID: ds
                                                                    SEMI
                                                              StmtList (89)
                                                                Stmt (89)
                                                                  CompSt (89)
                                                                    LC
                                                                    DefList (90)
                                                                    StmtList (90)
                                                                      Stmt (90)
                                                                        IF
                                                                        LP
                                                                        Exp (90)
                                                                          ID: q4fraQfZ
                                                                        RP
                                                                        Stmt (90)
                                                                          Exp (90)
                                                                            ID: _W6j
                                                                          SEMI
                                                                        ELSE
                                                                        Stmt (91)
                                                                          Exp (91)
                                                                            ID: qJ_hMPeN0U6CWHkl4Sny
                                                                          SEMI
                                                                      StmtList (93)
                                                                    RC
                                                                StmtList (93)
                                                    RC
                                                ExtDefList (94)
                                                  ExtDef (94)
                                                    Specifier (94)
                                                      TYPE: int
                                                    SEMI
                                                  ExtDefList (95)
