Program (1)
  ExtDefList (1)
    ExtDef (1)
      Specifier (1)
        TYPE: float
      SEMI
    ExtDefList (2)
      ExtDef (2)
        Specifier (2)
          TYPE: int
        ExtDecList (2)
          VarDec (2)
            ID: lxvjluQ_go7fA6m0lBm
        SEMI
      ExtDefList (4)
        ExtDef (4)
          Specifier (4)
            TYPE: int
          FunDec (4)
            ID: EFj8JN
            LP
            VarList (4)
              ParamDec (4)
                Specifier (4)
                  TYPE: int
                VarDec (4)
                  ID: y9tIE0Waouq
            RP
          CompSt (4)
            LC
            DefList (5)
            StmtList (5)
              Stmt (5)
                IF
                LP
                Exp (5)
                  ID: TAFZVLMX0ColB6CQYu0
                RP
                Stmt (5)
                  IF
                  LP
                  Exp (5)
                    ID: F6PVVzP8
                  RP
                  Stmt (5)
                    IF
                    LP
                    Exp (6)
                      ID: u
                    RP
                    Stmt (6)
                      Exp (6)
                        ID: dKoUVvNGZ
                      SEMI
                    ELSE
                    Stmt (7)
                      CompSt (7)
                        LC
                        DefList (8)
                        StmtList (8)
                          Stmt (8)
                            IF
                            LP
                            Exp (8)
                              ID: ZbM4KN_pf2OVL
                            RP
                            Stmt (8)
                              Exp (8)
                                ID: t
                              SEMI
                            ELSE
                            Stmt (9)
                              IF
                              LP
                              Exp (9)
                                ID: cvZqgTBViEwXS6F7
                              RP
                              Stmt (9)
                                CompSt (9)
                                  LC
                                  DefList (10)
                                    Def (10)
                                      Specifier (10)
                                        StructSpecifier (10)
                                          STRUCT
                                          OptTag (10)
                                          LC
                                          DefList (11)
                                          RC
                                      DecList (11)
                                        Dec (11)
                                          VarDec (11)
                                            ID: LH_mt
                                      SEMI
                                    DefList (12)
                                      Def (12)
                                        Specifier (12)
                                          StructSpecifier (12)
                                            STRUCT
                                            OptTag (12)
                                              ID: b
                                            LC
                                            DefList (13)
                                              Def (13)
                                                Specifier (13)
                                                  StructSpecifier (13)
                                                    STRUCT
                                                    Tag (13)
                                                      ID: VirdZP7_
                                                DecList (13)
                                                  Dec (13)
                                                    VarDec (13)
                                                      ID: rsuTAV04JPeJZ
                                                SEMI
                                              DefList (14)
                                            RC
                                        DecList (14)
                                          Dec (14)
                                            VarDec (14)
                                              ID: V_
                                        SEMI
                                      DefList (15)
                                        Def (15)
                                          Specifier (15)
                                            StructSpecifier (15)
                                              STRUCT
                                              Tag (15)
                                                ID: Kx_k7_4dRkQtR8L
                                          DecList (15)
                                            Dec (15)
                                              VarDec (15)
                                                ID: Rb35CJQu
                                          SEMI
                                        DefList (16)
                                  StmtList (16)
                                    Stmt (16)
                                      WHILE
                                      LP
                                      Exp (16)
                                        ID: kgnOLesTS6rVHC66XC
                                      RP
                                      Stmt (16)
                                        Exp (16)
                                          ID: Qq8wHtbQPq0
                                        SEMI
                                    StmtList (19)
                                      Stmt (19)
                                        Exp (19)
                                          ID: MreouiPYXgAxTX3a9S
                                        SEMI
                                      StmtList (20)
                                  RC
                              ELSE
                              Stmt (20)
                                IF
                                LP
                                Exp (20)
                                  ID: ZbCjlGyF
                                RP
                                Stmt (20)
                                  Exp (20)
                                    ID: HfQe3
                                  SEMI
                                ELSE
                                Stmt (21)
                                  Exp (21)
                                    ID: fSrpXv_o5_daD
                                  SEMI
                          StmtList (25)
                            Stmt (25)
                              Exp (25)
                                ID: pIYOl2kRGU8KLrEV
                              SEMI
                            StmtList (26)
                              Stmt (26)
                                Exp (26)
                                  ID: B742PSCLncws4zO44
                                SEMI
                              StmtList (27)
                                Stmt (27)
                                  Exp (27)
                                    ID: YkdxrHc_zLdufX2FeFY
                                  SEMI
                                StmtList (28)
                                  Stmt (28)
                                    Exp (28)
                                      ID: zwFQBNX6vu3hf_HQtseR
                                    SEMI
                                  StmtList (29)
                        RC
                  ELSE
                  Stmt (30)
                    Exp (30)
                      ID: Iyk67yQnnXoVWIwj1
                    SEMI
                ELSE
                Stmt (32)
                  IF
                  LP
                  Exp (32)
                    ID: dDrxXGG7ld
                  RP
                  Stmt (32)
                    CompSt (32)
                      LC
                      DefList (33)
                        Def (33)
                          Specifier (33)
                            TYPE: int
                          DecList (33)
                            Dec (33)
                              VarDec (33)
                                ID: ZSdXzMVAyD
                              ASSIGNOP
                              Exp (33)
                                ID: QWUUaW
                            COMMA
                            DecList (33)
                              Dec (33)
                                VarDec (33)
                                  VarDec (33)
                                    ID: O9_7RnEYvKjy
                                  LB
                                  INT: 1084468976
                                  RB
                          SEMI
                        DefList (35)
                      StmtList (35)
                        Stmt (35)
                          Exp (35)
                            ID: IlzSAIhigxfZpVVYS6VQ
                          SEMI
                        StmtList (36)
                          Stmt (36)
                            WHILE
                            LP
                            Exp (36)
                              ID: H
                            RP
                            Stmt (36)
                              RETURN
                              Exp (36)
                                Exp (36)
                                  ID: VwNAxA9k0STj54kUhV
                                ASSIGNOP
                                Exp (36)
                                  Exp (36)
                                    ID: qESRQzpclJSpdr6Ct
                                  OR
                                  Exp (37)
                                    MINUS
                                    Exp (37)
                                      Exp (37)
                                        Exp (37)
                                          ID: rwP
                                        LB
                                        Exp (37)
                                          Exp (37)
                                            ID: TH1N
                                          ASSIGNOP
                                          Exp (37)
                                            Exp (37)
                                              ID: AaHGl8cnJqmKiR
                                            AND
                                            Exp (37)
                                              Exp (37)
                                                ID: QD
                                              RELOP: GT
                                              Exp (37)
                                                Exp (37)
                                                  ID: WPwfZkF
                                                MINUS
                                                Exp (38)
                                                  Exp (38)
                                                    Exp (38)
                                                      ID: l
                                                      LP
                                                      Args (38)
                                                        Exp (38)
                                                          ID: E5tTb02rEZd8
                                                        COMMA
                                                        Args (38)
                                                          Exp (38)
                                                            Exp (38)
                                                              ID: pILfs5Y
                                                            RELOP: LT
                                                            Exp (38)
                                                              Exp (38)
                                                                ID: RlPzwcUxl55TS8
                                                              PLUS
                                                              Exp (38)
                                                                MINUS
                                                                Exp (38)
                                                                  ID: M11EZjBGmG4zH3CI
                                                                  LP
                                                                  Args (39)
                                                                    Exp (39)
                                                                      ID: RBtJBb9AQ97up
                                                                    COMMA
                                                                    Args (39)
                                                                      Exp (39)
                                                                        ID: To7
                                                                      COMMA
                                                                      Args (39)
                                                                        Exp (39)
                                                                          Exp (39)
                                                                            ID: XO2k0DzY64rNnoYBqx
                                                                          AND
                                                                          Exp (39)
                                                                            Exp (39)
                                                                              Exp (39)
                                                                                ID: mufK
                                                                              RELOP: GE
                                                                              Exp (40)
                                                                                Exp (40)
                                                                                  ID: Qi
                                                                                STAR
                                                                                Exp (40)
                                                                                  LP
                                                                                  Exp (40)
                                                                                    Exp (40)
                                                                                      ID: NiUFGt
                                                                                    RELOP: EQ
                                                                                    Exp (40)
                                                                                      Exp (40)
                                                                                        Exp (40)
                                                                                          ID: Wi_p1c1YhbdYGa8HHoVy
                                                                                        DIV
                                                                                        Exp (40)
                                                                                          NOT
                                                                                          Exp (40)
                                                                                            NOT
                                                                                            Exp (40)
                                                                                              NOT
                                                                                              Exp (40)
                                                                                                LP
                                                                                                Exp (41)
                                                                                                  Exp (41)
                                                                                                    ID: ytvZv7FFtoo3uJtA
                                                                                                  RELOP: NE
                                                                                                  Exp (41)
                                                                                                    ID: rydsPYlpmph4VgwQ
                                                                                                RP
                                                                                      PLUS
                                                                                      Exp (41)
                                                                                        MINUS
                                                                                        Exp (41)
                                                                                          MINUS
                                                                                          Exp (41)
                                                                                            MINUS
                                                                                            Exp (41)
                                                                                              MINUS
                                                                                              Exp (41)
                                                                                                NOT
                                                                                                Exp (42)
                                                                                                  FLOAT: 1777444924.1791867496
                                                                                  RP
                                                                            RELOP: LE
                                                                            Exp (42)
                                                                              ID: fJ6t_l9KEiOijagSF
                                                                  RP
                                                      RP
                                                    DIV
                                                    Exp (43)
                                                      MINUS
                                                      Exp (43)
                                                        INT: 5348322
                                                  STAR
                                                  Exp (43)
                                                    NOT
                                                    Exp (43)
                                                      NOT
                                                      Exp (43)
                                                        ID: t
                                                        LP
                                                        RP
                                        RB
                                      DOT
                                      ID: uFC652HBzv
                              SEMI
                          StmtList (45)
                      RC
              StmtList (47)
            RC
        ExtDefList (48)
          ExtDef (48)
            Specifier (48)
              TYPE: int
            SEMI
          ExtDefList (49)
            ExtDef (49)
              Specifier (49)
                TYPE: int
              SEMI
            ExtDefList (50)
              ExtDef (50)
                Specifier (50)
                  TYPE: int
                FunDec (50)
                  ID: XN3LziIR
                  LP
                  VarList (50)
                    ParamDec (50)
                      Specifier (50)
                        TYPE: int
                      VarDec (50)
                        ID: BneTCl0tC96TGNC5_waC
                    COMMA
                    VarList (50)
                      ParamDec (50)
                        Specifier (50)
                          TYPE: int
                        VarDec (50)
                          ID: Z
                  RP
                CompSt (51)
                  LC
                  DefList (52)
                  StmtList (52)
                  RC
              ExtDefList (53)
                ExtDef (53)
                  Specifier (53)
                    TYPE: int
                  FunDec (53)
                    ID: rkCH1Z_iq7CsO
                    LP
                    RP
                  CompSt (53)
                    LC
                    DefList (54)
                    StmtList (54)
                    RC
                ExtDefList (55)
                  ExtDef (55)
                    Specifier (55)
                      TYPE: int
                    ExtDecList (55)
                      VarDec (55)
                        ID: S5BvBFQUGdqeS6t5ta
                      COMMA
                      ExtDecList (55)
                        VarDec (55)
                          ID: rOibRJ9i6
                    SEMI
                  ExtDefList (58)
