Program (1)
  ExtDefList (1)
    ExtDef (1)
      Specifier (1)
        StructSpecifier (1)
          STRUCT
          Tag (1)
            ID: OVXe9TrRciJZPHuWlIV
      ExtDecList (1)
        VarDec (1)
          VarDec (1)
            ID: djRn9mpKHEAAX
          LB
          INT: 567757000
          RB
        COMMA
        ExtDecList (2)
          VarDec (2)
            ID: pp22uFWC8TJ5op8nT
      SEMI
    ExtDefList (5)
      ExtDef (5)
        Specifier (5)
          TYPE: float
        FunDec (5)
          ID: uHn
          LP
          RP
        CompSt (5)
          LC
          DefList (6)
          StmtList (6)
            Stmt (6)
              Exp (6)
                Exp (6)
                  ID: nxNRF89Q2TxqHGpK6eD8
                OR
                Exp (6)
                  Exp (6)
                    ID: JFxAJ9LCCqn
                  RELOP: NE
                  Exp (6)
                    Exp (6)
                      ID: l68tplFxPrAo
                    MINUS
                    Exp (7)
                      Exp (7)
                        ID: hTbQS3rAV
                      LB
                      Exp (7)
                        Exp (7)
                          ID: R_mSDMZp2ot3ycwHv
                        ASSIGNOP
                        Exp (7)
                          Exp (7)
                            ID: B_s6T8uQ6glvDMTZV
                          ASSIGNOP
                          Exp (8)
                            Exp (8)
                              ID: RVZpYa
                            ASSIGNOP
                            Exp (8)
                              Exp (8)
                                ID: edpbTNdCSx8eYxA
                              AND
                              Exp (8)
                                Exp (8)
                                  ID: lc7Zn1t2nTScU
                                RELOP: LT
                                Exp (8)
                                  Exp (8)
                                    ID: HtVyHSXWtUTbTV
                                  PLUS
                                  Exp (9)
                                    Exp (9)
                                      ID: iBpL78T
                                    DIV
                                    Exp (9)
                                      NOT
                                      Exp (9)
                                        MINUS
                                        Exp (9)
                                          ID: LiNpN0
                                          LP
                                          Args (9)
                                            Exp (9)
                                              Exp (9)
                                                ID: YULlq6fbkQNC62fwTQG
                                              OR
                                              Exp (9)
                                                Exp (9)
                                                  Exp (9)
                                                    Exp (9)
                                                      ID: FFOXdy_sQU9
                                                    RELOP: LE
                                                    Exp (10)
                                                      Exp (10)
                                                        Exp (10)
                                                          ID: cniNe9OVLTzKwx9Wl6
                                                        DIV
                                                        Exp (10)
                                                          LP
                                                          Exp (10)
                                                            Exp (10)
                                                              ID: nauVF
                                                            AND
                                                            Exp (10)
                                                              Exp (10)
                                                                ID: WS_BnTdFXQXzi
                                                              RELOP: GT
                                                              Exp (11)
                                                                Exp (11)
                                                                  LP
                                                                  Exp (11)
                                                                    Exp (11)
                                                                      ID: myED
                                                                    ASSIGNOP
                                                                    Exp (11)
                                                                      Exp (11)
                                                                        ID: P9IbgVc
                                                                      ASSIGNOP
                                                                      Exp (11)
                                                                        Exp (11)
                                                                          ID: C5lcIT
                                                                        AND
                                                                        Exp (11)
                                                                          Exp (11)
                                                                            ID: gNH_3FoS
                                                                          DIV
                                                                          Exp (11)
                                                                            LP
                                                                            Exp (11)
                                                                              LP
                                                                              Exp (11)
                                                                                Exp (11)
                                                                                  ID: e3ze
                                                                                ASSIGNOP
                                                                                Exp (12)
                                                                                  Exp (12)
                                                                                    ID: KJOCOisFfrPa1we
                                                                                  OR
                                                                                  Exp (12)
                                                                                    Exp (12)
                                                                                      ID: gA9J32DKRpq4xN5sKDCR
                                                                                    STAR
                                                                                    Exp (12)
                                                                                      LP
                                                                                      Exp (12)
                                                                                        Exp (12)
                                                                                          ID: jiOMrHA9248pe_8C
                                                                                        DIV
                                                                                        Exp (13)
                                                                                          Exp (13)
                                                                                            ID: Zo6Hih0uZelqaj
                                                                                          LB
                                                                                          Exp (13)
                                                                                            Exp (13)
                                                                                              ID: a95PscRfHzJfCWw
                                                                                            MINUS
                                                                                            Exp (13)
                                                                                              ID: sZbKvcFO
                                                                                              LP
                                                                                              Args (13)
                                                                                                Exp (13)
                                                                                                  ID: N1rZK1SMlVCG
                                                                                                COMMA
                                                                                                Args (14)
                                                                                                  Exp (14)
                                                                                                    ID: LVTHxkPu
                                                                                              RP
                                                                                          RB
                                                                                      RP
                                                                              RP
                                                                            RP
                                                                  RP
                                                                STAR
                                                                Exp (14)
                                                                  NOT
                                                                  Exp (14)
                                                                    Exp (14)
                                                                      ID: bU96GSr9Npd95Q2g
                                                                    LB
                                                                    Exp (14)
                                                                      LP
                                                                      Exp (14)
                                                                        ID: pH1f2mn
                                                                      RP
                                                                    RB
                                                          RP
                                                      STAR
                                                      Exp (15)
                                                        ID: FX8jc2_XKVPD
                                                  RELOP: EQ
                                                  Exp (15)
                                                    MINUS
                                                    Exp (15)
                                                      FLOAT: 1249621347.471886688
                                                RELOP: GE
                                                Exp (16)
                                                  Exp (16)
                                                    ID: vt6z
                                                    LP
                                                    RP
                                                  STAR
                                                  Exp (16)
                                                    Exp (16)
                                                      INT: 1326233049
                                                    DOT
                                                    ID: i
                                          RP
                      RB
              SEMI
            StmtList (17)
          RC
      ExtDefList (18)
        ExtDef (18)
          Specifier (18)
            TYPE: int
          SEMI
        ExtDefList (19)
          ExtDef (19)
            Specifier (19)
              TYPE: int
            ExtDecList (19)
              VarDec (19)
                ID: S5bJQ
            SEMI
          ExtDefList (21)
            ExtDef (21)
              Specifier (21)
                StructSpecifier (21)
                  STRUCT
                  OptTag (21)
                  LC
                  DefList (22)
                    Def (22)
                      Specifier (22)
                        StructSpecifier (22)
                          STRUCT
                          Tag (22)
                            ID: al
                      DecList (22)
                        Dec (22)
                          VarDec (22)
                            ID: mb
                      SEMI
                    DefList (23)
                      Def (23)
                        Specifier (23)
                          StructSpecifier (23)
                            STRUCT
                            Tag (23)
                              ID: Q8CpqLfj
                        DecList (23)
                          Dec (23)
                            VarDec (23)
                              ID: c3
                          COMMA
                          DecList (23)
                            Dec (23)
                              VarDec (23)
                                ID: Qe8c
                        SEMI
                      DefList (24)
                        Def (24)
                          Specifier (24)
                            StructSpecifier (24)
                              STRUCT
                              Tag (24)
                                ID: AToQicNHm
                          DecList (24)
                            Dec (24)
                              VarDec (24)
                                ID: M
                              ASSIGNOP
                              Exp (24)
                                ID: oDQicDmzQNu
                          SEMI
                        DefList (25)
                  RC
              SEMI
            ExtDefList (26)
              ExtDef (26)
                Specifier (26)
                  TYPE: int
                FunDec (26)
                  ID: x53Mi6HZSfYx
                  LP
                  VarList (26)
                    ParamDec (26)
                      Specifier (26)
                        TYPE: int
                      VarDec (26)
                        ID: S0Ri0q
                    COMMA
                    VarList (26)
                      ParamDec (26)
                        Specifier (26)
                          TYPE: int
                        VarDec (26)
                          ID: O8tSe0OIuKnsoWY8cd
                  RP
                CompSt (27)
                  LC
                  DefList (28)
                  StmtList (28)
                    Stmt (28)
                      Exp (28)
                        ID: totvKbzIFFVQAh
                      SEMI
                    StmtList (29)
                      Stmt (29)
                        Exp (29)
                          ID: iT___hYPpLoJks2wyE
                        SEMI
                      StmtList (30)
                        Stmt (30)
                          IF
                          LP
                          Exp (30)
                            ID: DguD_lPfhaD
                          RP
                          Stmt (30)
                            Exp (30)
                              ID: pVNZ
                            SEMI
                          ELSE
                          Stmt (31)
                            IF
                            LP
                            Exp (31)
                              ID: HZRnJnpr
                            RP
                            Stmt (31)
                              IF
                              LP
                              Exp (31)
                                ID: _iXGwbMznAlii8H
                              RP
                              Stmt (31)
                                CompSt (31)
                                  LC
                                  DefList (32)
                                  StmtList (32)
                                  RC
                              ELSE
                              Stmt (32)
                                WHILE
                                LP
                                Exp (32)
                                  ID: g6fhu9E8NOrl
                                RP
                                Stmt (32)
                                  RETURN
                                  Exp (32)
                                    ID: BLH6p
                                  SEMI
                        StmtList (37)
                  RC
              ExtDefList (38)
                ExtDef (38)
                  Specifier (38)
                    TYPE: int
                  SEMI
                ExtDefList (39)
                  ExtDef (39)
                    Specifier (39)
                      StructSpecifier (39)
                        STRUCT
                        OptTag (39)
                          ID: DaI_RIQfFqtsP3VU
                        LC
                        DefList (40)
                          Def (40)
                            Specifier (40)
                              StructSpecifier (40)
                                STRUCT
                                Tag (40)
                                  ID: GN5YItNtgIWVdU
                            DecList (40)
                              Dec (40)
                                VarDec (40)
                                  ID: Sdf2MAzS
                            SEMI
                          DefList (41)
                            Def (41)
                              Specifier (41)
                                TYPE: int
                              DecList (41)
                                Dec (41)
                                  VarDec (41)
                                    ID: NhEXyneiE
                              SEMI
                            DefList (42)
                        RC
                    ExtDecList (42)
                      VarDec (42)
                        ID: G_iHPN
                    SEMI
                  ExtDefList (44)
