Program (1)
  ExtDefList (1)
    ExtDef (1)
      Specifier (1)
        TYPE: int
      FunDec (1)
        ID: _kB1qaRSOIx
        LP
        RP
      CompSt (1)
        LC
        DefList (2)
          Def (2)
            Specifier (2)
              TYPE: float
            DecList (2)
              Dec (2)
                VarDec (2)
                  VarDec (2)
                    ID: ZcgLf2sF
                  LB
                  INT: 1413775324
                  RB
                ASSIGNOP
                Exp (2)
                  Exp (2)
                    ID: SCO3PlQr
                  RELOP: LT
                  Exp (2)
                    Exp (2)
                      ID: uIXuvazw2MhuWVmi
                    PLUS
                    Exp (3)
                      Exp (3)
                        Exp (3)
                          ID: Ba7HV5ArWoLpD
                        STAR
                        Exp (3)
                          Exp (3)
                            ID: Xy4y0RMvv
                          LB
                          Exp (3)
                            Exp (3)
                              ID: kU98LhhOBKR5bDSqWkF7
                            ASSIGNOP
                            Exp (4)
                              Exp (4)
                                ID: EhxH9oNsY
                              OR
                              Exp (4)
                                Exp (4)
                                  ID: M9IgsCWMSHGP3
                                AND
                                Exp (4)
                                  Exp (4)
                                    ID: Hx1sxV3dh
                                  RELOP: EQ
                                  Exp (4)
                                    Exp (4)
                                      Exp (4)
                                        ID: FtFPXrk
                                      DIV
                                      Exp (5)
                                        NOT
                                        Exp (5)
                                          ID: H8Yqn03c
                                          LP
                                          Args (5)
                                            Exp (5)
                                              Exp (5)
                                                ID: sqRGdLn95u7
                                              OR
                                              Exp (5)
                                                Exp (5)
                                                  ID: UKsGqqK2AMPnEQ
                                                AND
                                                Exp (5)
                                                  Exp (5)
                                                    ID: Mdr0aOjlWQI6tT
                                                  DIV
                                                  Exp (6)
                                                    NOT
                                                    Exp (6)
                                                      Exp (6)
                                                        LP
                                                        Exp (6)
                                                          Exp (6)
                                                            ID: cT
                                                          ASSIGNOP
                                                          Exp (6)
                                                            Exp (6)
                                                              ID: C2myFQLoS4
                                                            AND
                                                            Exp (6)
                                                              Exp (6)
                                                                Exp (6)
                                                                  Exp (6)
                                                                    ID: x
                                                                  RELOP: GT
                                                                  Exp (6)
                                                                    Exp (6)
                                                                      ID: PzKBwoHyvJ
                                                                    STAR
                                                                    Exp (6)
                                                                      NOT
                                                                      Exp (6)
                                                                        LP
                                                                        Exp (6)
                                                                          Exp (6)
                                                                            ID: MM
                                                                          OR
                                                                          Exp (7)
                                                                            Exp (7)
                                                                              ID: KVggV5
                                                                            RELOP: LE
                                                                            Exp (7)
                                                                              Exp (7)
                                                                                ID: z95orp1k
                                                                              STAR
                                                                              Exp (7)
                                                                                NOT
                                                                                Exp (7)
                                                                                  MINUS
                                                                                  Exp (7)
                                                                                    MINUS
                                                                                    Exp (7)
                                                                                      NOT
                                                                                      Exp (7)
                                                                                        ID: EwJcfNrWoT9iegAIQM
                                                                                        LP
                                                                                        Args (8)
                                                                                          Exp (8)
                                                                                            ID: ixuK
                                                                                          COMMA
                                                                                          Args (8)
                                                                                            Exp (8)
                                                                                              ID: hFu
                                                                                        RP
                                                                        RP
                                                                RELOP: NE
                                                                Exp (8)
                                                                  ID: QZhlARIfiXkRnk1mZOvo
                                                              RELOP: GE
                                                              Exp (8)
                                                                Exp (8)
                                                                  INT: 392627688
                                                                DIV
                                                                Exp (9)
                                                                  FLOAT: 458184098.2018437920
                                                        RP
                                                      DOT
                                                      ID: BoZhNlH9MbBQ2WE
                                          RP
                                    MINUS
                                    Exp (9)
                                      ID: _bSIId9BjnTd1WNs4vN
                          RB
                      DIV
                      Exp (10)
                        NOT
                        Exp (10)
                          MINUS
                          Exp (10)
                            ID: ywFO2C
                            LP
                            RP
            SEMI
          DefList (11)
        StmtList (11)
        RC
    ExtDefList (12)
      ExtDef (12)
        Specifier (12)
          TYPE: int
        ExtDecList (12)
          VarDec (12)
            ID: paaaKXnC85q
        SEMI
      ExtDefList (14)
        ExtDef (14)
          Specifier (14)
            StructSpecifier (14)
              STRUCT
              Tag (14)
                ID: Q9WZ
          ExtDecList (14)
            VarDec (14)
              ID: zTSNX3bsxf
            COMMA
            ExtDecList (14)
              VarDec (14)
                ID: rQC
          SEMI
        ExtDefList (17)
          ExtDef (17)
            Specifier (17)
              TYPE: int
            ExtDecList (17)
              VarDec (17)
                ID: kCrKbQnfnhPZE
            SEMI
          ExtDefList (19)
            ExtDef (19)
              Specifier (19)
                StructSpecifier (19)
                  STRUCT
                  OptTag (19)
                  LC
                  DefList (20)
                    Def (20)
                      Specifier (20)
                        TYPE: int
                      DecList (20)
                        Dec (20)
                          VarDec (20)
                            ID: N7kA7Nw
                      SEMI
                    DefList (21)
                      Def (21)
                        Specifier (21)
                          StructSpecifier (21)
                            STRUCT
                            Tag (21)
                              ID: h0cCOsti1DzAUD8Ot
                        DecList (21)
                          Dec (21)
                            VarDec (21)
                              ID: x1vXCzzf0Gm38gP
                        SEMI
                      DefList (22)
                        Def (22)
                          Specifier (22)
                            TYPE: int
                          DecList (22)
                            Dec (22)
                              VarDec (22)
                                ID: RokfpD
                          SEMI
                        DefList (23)
                          Def (23)
                            Specifier (23)
                              TYPE: int
                            DecList (23)
                              Dec (23)
                                VarDec (23)
                                  ID: iadUWQYs
                            SEMI
                          DefList (24)
                            Def (24)
                              Specifier (24)
                                StructSpecifier (24)
                                  STRUCT
                                  Tag (24)
                                    ID: m8a0
                              DecList (24)
                                Dec (24)
                                  VarDec (24)
                                    ID: vs8VZtIj_3EY8Zk8LgmQ
                                COMMA
                                DecList (24)
                                  Dec (24)
                                    VarDec (24)
                                      ID: uJRBM21TbnhMoy
                              SEMI
                            DefList (26)
                  RC
              SEMI
            ExtDefList (27)
              ExtDef (27)
                Specifier (27)
                  TYPE: int
                FunDec (27)
                  ID: S843z
                  LP
                  VarList (27)
                    ParamDec (27)
                      Specifier (27)
                        TYPE: int
                      VarDec (27)
                        ID: qhdoeo
                  RP
                CompSt (27)
                  LC
                  DefList (28)
                    Def (28)
                      Specifier (28)
                        StructSpecifier (28)
                          STRUCT
                          Tag (28)
                            ID: mfkX
                      DecList (28)
                        Dec (28)
                          VarDec (28)
                            ID: _Zs4x7cBVkuYXw0rIZx4
                      SEMI
                    DefList (29)
                  StmtList (29)
                    Stmt (29)
                      WHILE
                      LP
                      Exp (29)
                        ID: c7XL2lFpgt6eQwU
                      RP
                      Stmt (29)
                        IF
                        LP
                        Exp (29)
                          ID: Nrz
                        RP
                        Stmt (29)
                          RETURN
                          Exp (30)
                            ID: DjyJS4gOVdPTzN
                          SEMI
                        ELSE
                        Stmt (31)
                          Exp (31)
                            ID: G
                          SEMI
                    StmtList (34)
                  RC
              ExtDefList (35)
                ExtDef (35)
                  Specifier (35)
                    TYPE: int
                  ExtDecList (35)
                    VarDec (35)
                      ID: QA3X0nHOpQDWzEGT
                  SEMI
                ExtDefList (37)
                  ExtDef (37)
                    Specifier (37)
                      StructSpecifier (37)
                        STRUCT
                        Tag (37)
                          ID: rxoSOR1QCdw6rWxQAQkh
                    SEMI
                  ExtDefList (38)
                    ExtDef (38)
                      Specifier (38)
                        TYPE: int
                      FunDec (38)
                        ID: nl
                        LP
                        RP
                      CompSt (38)
                        LC
                        DefList (39)
                          Def (39)
                            Specifier (39)
                              TYPE: int
                            DecList (39)
                              Dec (39)
                                VarDec (39)
                                  ID: GlU7I_8mC0eqi0uD
                            SEMI
                          DefList (40)
                        StmtList (40)
                        RC
                    ExtDefList (41)
                      ExtDef (41)
                        Specifier (41)
                          StructSpecifier (41)
                            STRUCT
                            Tag (41)
                              ID: lxG
                        SEMI
                      ExtDefList (42)
                        ExtDef (42)
                          Specifier (42)
                            TYPE: int
                          SEMI
                        ExtDefList (43)
                          ExtDef (43)
                            Specifier (43)
                              TYPE: int
                            SEMI
                          ExtDefList (44)
                            ExtDef (44)
                              Specifier (44)
                                TYPE: int
                              FunDec (44)
                                ID: FYkdFfevj
                                LP
                                VarList (44)
                                  ParamDec (44)
                                    Specifier (44)
                                      TYPE: int
                                    VarDec (44)
                                      ID: fZBlgYjr
                                  COMMA
                                  VarList (44)
                                    ParamDec (44)
                                      Specifier (44)
                                        StructSpecifier (44)
                                          STRUCT
                                          OptTag (44)
                                            ID: y1gTO7xua7zgJUwdx
                                          LC
                                          DefList (46)
                                            Def (46)
                                              Specifier (46)
                                                TYPE: int
                                              DecList (46)
                                                Dec (46)
                                                  VarDec (46)
                                                    ID: uMuqEQdxOYYnFbN
                                              SEMI
                                            DefList (47)
                                          RC
                                      VarDec (47)
                                        ID: _1AYxQIl
                                RP
                              CompSt (47)
                                LC
                                DefList (48)
                                StmtList (48)
                                  Stmt (48)
                                    Exp (48)
                                      ID: kib63ePpZFAMxCSrf
                                    SEMI
                                  StmtList (49)
                                    Stmt (49)
                                      IF
                                      LP
                                      Exp (49)
                                        ID: zEf257I5mHUA
                                      RP
                                      Stmt (49)
                                        CompSt (49)
                                          LC
                                          DefList (50)
                                            Def (50)
                                              Specifier (50)
                                                TYPE: int
                                              DecList (50)
                                                Dec (50)
                                                  VarDec (50)
                                                    ID: byN_NqI5ULBC
                                              SEMI
                                            DefList (51)
                                              Def (51)
                                                Specifier (51)
                                                  TYPE: int
                                                DecList (51)
                                                  Dec (51)
                                                    VarDec (51)
                                                      ID: TOaoYHXHs4j4F_nU
                                                SEMI
                                              DefList (52)
                                                Def (52)
                                                  Specifier (52)
                                                    TYPE: int
                                                  DecList (52)
                                                    Dec (52)
                                                      VarDec (52)
                                                        ID: Q
                                                  SEMI
                                                DefList (53)
                                          StmtList (53)
                                          RC
                                    StmtList (54)
                                RC
                            ExtDefList (55)
                              ExtDef (55)
                                Specifier (55)
                                  TYPE: int
                                SEMI
                              ExtDefList (56)
                                ExtDef (56)
                                  Specifier (56)
                                    TYPE: int
                                  SEMI
                                ExtDefList (57)
                                  ExtDef (57)
                                    Specifier (57)
                                      TYPE: int
                                    SEMI
                                  ExtDefList (58)
                                    ExtDef (58)
                                      Specifier (58)
                                        TYPE: int
                                      FunDec (58)
                                        ID: N9h_r
                                        LP
                                        RP
                                      CompSt (58)
                                        LC
                                        DefList (59)
                                        StmtList (59)
                                        RC
                                    ExtDefList (60)
                                      ExtDef (60)
                                        Specifier (60)
                                          TYPE: int
                                        FunDec (60)
                                          ID: whCZmCEBtm_nqYfLQjdy
                                          LP
                                          RP
                                        CompSt (60)
                                          LC
                                          DefList (61)
                                          StmtList (61)
                                          RC
                                      ExtDefList (62)
                                        ExtDef (62)
                                          Specifier (62)
                                            TYPE: int
                                          SEMI
                                        ExtDefList (63)
                                          ExtDef (63)
                                            Specifier (63)
                                              TYPE: int
                                            FunDec (63)
                                              ID: KOa
                                              LP
                                              RP
                                            CompSt (63)
                                              LC
                                              DefList (64)
                                              StmtList (64)
                                              RC
                                          ExtDefList (65)
                                            ExtDef (65)
                                              Specifier (65)
                                                TYPE: int
                                              SEMI
                                            ExtDefList (66)
                                              ExtDef (66)
                                                Specifier (66)
                                                  TYPE: int
                                                SEMI
                                              ExtDefList (67)
                                                ExtDef (67)
                                                  Specifier (67)
                                                    TYPE: int
                                                  FunDec (67)
                                                    ID: M4wslS0i9
                                                    LP
                                                    RP
                                                  CompSt (67)
                                                    LC
                                                    DefList (68)
                                                    StmtList (68)
                                                    RC
                                                ExtDefList (69)
                                                  ExtDef (69)
                                                    Specifier (69)
                                                      TYPE: int
                                                    SEMI
                                                  ExtDefList (70)
                                                    ExtDef (70)
                                                      Specifier (70)
                                                        TYPE: int
                                                      FunDec (70)
                                                        ID: jNUcMW
                                                        LP
                                                        RP
                                                      CompSt (70)
                                                        LC
                                                        DefList (71)
                                                        StmtList (71)
                                                        RC
                                                    ExtDefList (72)
                                                      ExtDef (72)
                                                        Specifier (72)
                                                          TYPE: int
                                                        SEMI
                                                      ExtDefList (73)
                                                        ExtDef (73)
                                                          Specifier (73)
                                                            TYPE: int
                                                          FunDec (73)
                                                            ID: WJMtDFJ3VPG5
                                                            LP
                                                            RP
                                                          CompSt (73)
                                                            LC
                                                            DefList (74)
                                                            StmtList (74)
                                                            RC
                                                        ExtDefList (75)
                                                          ExtDef (75)
                                                            Specifier (75)
                                                              TYPE: int
                                                            SEMI
                                                          ExtDefList (76)
                                                            ExtDef (76)
                                                              Specifier (76)
                                                                TYPE: int
                                                              SEMI
                                                            ExtDefList (77)
                                                              ExtDef (77)
                                                                Specifier (77)
                                                                  TYPE: int
                                                                FunDec (77)
                                                                  ID: Z5
                                                                  LP
                                                                  RP
                                                                CompSt (77)
                                                                  LC
                                                                  DefList (78)
                                                                  StmtList (78)
                                                                    Stmt (78)
                                                                      Exp (78)
                                                                        ID: v8x4M
                                                                      SEMI
                                                                    StmtList (79)
                                                                      Stmt (79)
                                                                        Exp (79)
                                                                          ID: xYFsTmBFWqoZzU1dfGe5
                                                                        SEMI
                                                                      StmtList (80)
                                                                        Stmt (80)
                                                                          IF
                                                                          LP
                                                                          Exp (80)
                                                                            ID: AgUTk8tbC5L
                                                                          RP
                                                                          Stmt (80)
                                                                            Exp (80)
                                                                              ID: JCWxAhDydZtQM
                                                                            SEMI
                                                                          ELSE
                                                                          Stmt (81)
                                                                            IF
                                                                            LP
                                                                            Exp (81)
                                                                              ID: XbstDENTGUbG0YazbYG
                                                                            RP
                                                                            Stmt (81)
                                                                              Exp (81)
                                                                                ID: GDFJA1p
                                                                              SEMI
                                                                        StmtList (84)
                                                                  RC
                                                              ExtDefList (85)
                                                                ExtDef (85)
                                                                  Specifier (85)
                                                                    TYPE: int
                                                                  SEMI
                                                                ExtDefList (86)
