Program (1)
  ExtDefList (1)
    ExtDef (1)
      Specifier (1)
        StructSpecifier (1)
          STRUCT
          OptTag (1)
            ID: ZJ3GK7ufQ5OrskJ6rg
          LC
          DefList (2)
          RC
      ExtDecList (2)
        VarDec (2)
          VarDec (2)
            ID: wIKeUZbm2
          LB
          INT: 1589478872
          RB
        COMMA
        ExtDecList (2)
          VarDec (2)
            ID: IgiQR07DVU6_dd0GTO
      SEMI
    ExtDefList (5)
      ExtDef (5)
        Specifier (5)
          TYPE: int
        SEMI
      ExtDefList (6)
        ExtDef (6)
          Specifier (6)
            TYPE: int
          SEMI
        ExtDefList (7)
          ExtDef (7)
            Specifier (7)
              TYPE: int
            FunDec (7)
              ID: kDDT8DNcJn
              LP
              VarList (7)
                ParamDec (7)
                  Specifier (7)
                    TYPE: int
                  VarDec (7)
                    ID: WLNOu0Rtfs76dgK5
                COMMA
                VarList (7)
                  ParamDec (7)
                    Specifier (7)
                      TYPE: int
                    VarDec (7)
                      ID: fTpf9Xj2aZu5n96
              RP
            CompSt (8)
              LC
              DefList (9)
                Def (9)
                  Specifier (9)
                    TYPE: int
                  DecList (9)
                    Dec (9)
                      VarDec (9)
                        ID: x7AQbT19V5kE
                  SEMI
                DefList (10)
                  Def (10)
                    Specifier (10)
                      StructSpecifier (10)
                        STRUCT
                        OptTag (10)
                        LC
                        DefList (11)
                        RC
                    DecList (11)
                      Dec (11)
                        VarDec (11)
                          ID: dummtK_v_jBWI43
                    SEMI
                  DefList (12)
                    Def (12)
                      Specifier (12)
                        StructSpecifier (12)
                          STRUCT
                          Tag (12)
                            ID: o8lMlPsDVeEvdCP
                      DecList (12)
                        Dec (12)
                          VarDec (12)
                            ID: dtCxKXqGCvc
                      SEMI
                    DefList (13)
                      Def (13)
                        Specifier (13)
                          StructSpecifier (13)
                            STRUCT
                            Tag (13)
                              ID: nGmxsS
                        DecList (13)
                          Dec (13)
                            VarDec (13)
                              ID: KHo9mooQoE
                        SEMI
                      DefList (14)
                        Def (14)
                          Specifier (14)
                            TYPE: int
                          DecList (14)
                            Dec (14)
                              VarDec (14)
                                ID: P0cd1zLSwU
                          SEMI
                        DefList (15)
                          Def (15)
                            Specifier (15)
                              TYPE: int
                            DecList (15)
                              Dec (15)
                                VarDec (15)
                                  ID: _18RsTIFVnhqfw0z
                            SEMI
                          DefList (16)
                            Def (16)
                              Specifier (16)
                                TYPE: float
                              DecList (16)
                                Dec (16)
                                  VarDec (16)
                                    ID: vnfLigCNCJp_1W
                                  ASSIGNOP
                                  Exp (16)
                                    Exp (16)
                                      ID: MqZj4iMbq3VIi
                                    ASSIGNOP
                                    Exp (16)
                                      Exp (16)
                                        ID: x8Gms795jA500
                                      MINUS
                                      Exp (17)
                                        Exp (17)
                                          Exp (17)
                                            ID: xUz4coAgjo5jcr
                                          DIV
                                          Exp (17)
                                            NOT
                                            Exp (17)
                                              MINUS
                                              Exp (17)
                                                MINUS
                                                Exp (17)
                                                  ID: e2huWfwcY_Sgc0XO
                                                  LP
                                                  Args (17)
                                                    Exp (17)
                                                      Exp (17)
                                                        ID: yCT4fmfBsemhrLc
                                                      OR
                                                      Exp (18)
                                                        Exp (18)
                                                          ID: GGvZzkNF9lIKwyy
                                                        AND
                                                        Exp (18)
                                                          Exp (18)
                                                            ID: WhkWiksvI1x
                                                          RELOP: GT
                                                          Exp (18)
                                                            Exp (18)
                                                              ID: RjitM9EgBL
                                                            PLUS
                                                            Exp (18)
                                                              Exp (18)
                                                                ID: aX233D1mHDhdV
                                                              LB
                                                              Exp (19)
                                                                Exp (19)
                                                                  ID: B
                                                                OR
                                                                Exp (19)
                                                                  Exp (19)
                                                                    ID: FqYABGkdDJH8mNRrWR
                                                                  AND
                                                                  Exp (19)
                                                                    Exp (19)
                                                                      Exp (19)
                                                                        ID: xT2q
                                                                      RELOP: EQ
                                                                      Exp (19)
                                                                        Exp (19)
                                                                          Exp (19)
                                                                            Exp (19)
                                                                              LP
                                                                              Exp (19)
                                                                                Exp (19)
                                                                                  ID: Zp4k
                                                                                ASSIGNOP
                                                                                Exp (19)
                                                                                  Exp (19)
                                                                                    Exp (19)
                                                                                      ID: VHbB7Vdp6
                                                                                    RELOP: LT
                                                                                    Exp (20)
                                                                                      Exp (20)
                                                                                        Exp (20)
                                                                                          LP
                                                                                          Exp (20)
                                                                                            Exp (20)
                                                                                              ID: QJkdticv05VnC_xo
                                                                                            RELOP: LE
                                                                                            Exp (20)
                                                                                              ID: hZnL9y040ymO4
                                                                                              LP
                                                                                              Args (20)
                                                                                                Exp (20)
                                                                                                  ID: FXsu
                                                                                                COMMA
                                                                                                Args (20)
                                                                                                  Exp (20)
                                                                                                    ID: MpDacJ6vCR7I0kM
                                                                                              RP
                                                                                          RP
                                                                                        DOT
                                                                                        ID: DKpuyig8NBGHsxC
                                                                                      DOT
                                                                                      ID: hMplFt4E5Gn_
                                                                                  RELOP: NE
                                                                                  Exp (21)
                                                                                    NOT
                                                                                    Exp (21)
                                                                                      ID: dON
                                                                              RP
                                                                            DOT
                                                                            ID: DrVeXXs
                                                                          DOT
                                                                          ID: UJ5b7Vq
                                                                        DIV
                                                                        Exp (22)
                                                                          INT: 500704883
                                                                    RELOP: GE
                                                                    Exp (22)
                                                                      Exp (22)
                                                                        ID: S9Rhkev1yA4VDH
                                                                        LP
                                                                        RP
                                                                      DOT
                                                                      ID: Lqa
                                                              RB
                                                  RP
                                        STAR
                                        Exp (23)
                                          FLOAT: 1370374444.975051922
                                COMMA
                                DecList (23)
                                  Dec (23)
                                    VarDec (23)
                                      ID: czYQZFbiCKx04g2yWKmK
                              SEMI
                            DefList (25)
              StmtList (25)
              RC
          ExtDefList (26)
            ExtDef (26)
              Specifier (26)
                TYPE: int
              SEMI
            ExtDefList (27)
              ExtDef (27)
                Specifier (27)
                  TYPE: int
                SEMI
              ExtDefList (28)
                ExtDef (28)
                  Specifier (28)
                    TYPE: int
                  SEMI
                ExtDefList (29)
                  ExtDef (29)
                    Specifier (29)
                      TYPE: int
                    SEMI
                  ExtDefList (30)
                    ExtDef (30)
                      Specifier (30)
                        TYPE: int
                      FunDec (30)
                        ID: qbA1
                        LP
                        RP
                      CompSt (30)
                        LC
                        DefList (31)
                        StmtList (31)
                          Stmt (31)
                            IF
                            LP
                            Exp (31)
                              ID: eUz4r2GsTTwS3ntY
                            RP
                            Stmt (31)
                              RETURN
                              Exp (31)
                                ID: rE_RGR
                              SEMI
                            ELSE
                            Stmt (32)
                              IF
                              LP
                              Exp (32)
                                ID: SyMnx_TMGQq6aF8ad
                              RP
                              Stmt (32)
                                Exp (32)
                                  ID: _B0tiIIz0olSuf
                                SEMI
                          StmtList (35)
                        RC
                    ExtDefList (36)
                      ExtDef (36)
                        Specifier (36)
                          TYPE: int
                        SEMI
                      ExtDefList (37)
                        ExtDef (37)
                          Specifier (37)
                            TYPE: int
                          SEMI
                        ExtDefList (38)
                          ExtDef (38)
                            Specifier (38)
                              TYPE: int
                            FunDec (38)
                              ID: VFIDylRLSTq
                              LP
                              RP
                            CompSt (38)
                              LC
                              DefList (39)
                              StmtList (39)
                              RC
                          ExtDefList (40)
                            ExtDef (40)
                              Specifier (40)
                                TYPE: int
                              FunDec (40)
                                ID: oORh41tzNwiU
                                LP
                                RP
                              CompSt (40)
                                LC
                                DefList (41)
                                StmtList (41)
                                RC
                            ExtDefList (42)
                              ExtDef (42)
                                Specifier (42)
                                  TYPE: int
                                FunDec (42)
                                  ID: QoCr1A4RYlWNsJq4f_
                                  LP
                                  RP
                                CompSt (42)
                                  LC
                                  DefList (43)
                                  StmtList (43)
                                    Stmt (43)
                                      Exp (43)
                                        ID: U
                                      SEMI
                                    StmtList (44)
                                      Stmt (44)
                                        Exp (44)
                                          ID: k4sFpmb5zH0
                                        SEMI
                                      StmtList (45)
                                        Stmt (45)
                                          Exp (45)
                                            ID: SK6YdWlZN
                                          SEMI
                                        StmtList (46)
                                          Stmt (46)
                                            WHILE
                                            LP
                                            Exp (46)
                                              ID: krN3
                                            RP
                                            Stmt (46)
                                              IF
                                              LP
                                              Exp (46)
                                                ID: o
                                              RP
                                              Stmt (46)
                                                Exp (46)
                                                  ID: V76sPz6RGOHke3zNn
                                                SEMI
                                              ELSE
                                              Stmt (47)
                                                CompSt (47)
                                                  LC
                                                  DefList (48)
                                                  StmtList (48)
                                                  RC
                                          StmtList (50)
                                  RC
                              ExtDefList (51)
