Program (1)
  ExtDefList (1)
    ExtDef (1)
      Specifier (1)
        TYPE: int
      ExtDecList (1)
        VarDec (1)
          VarDec (1)
            VarDec (1)
              ID: STXzxBxTCwOTGhc0CWi
            LB
            INT: 691972356
            RB
          LB
          INT: 1697879942
          RB
        COMMA
        ExtDecList (2)
          VarDec (2)
            VarDec (2)
              VarDec (2)
                ID: BrkEtxxWspjlI
              LB
              INT: 1570250706
              RB
            LB
            INT: 1544912125
            RB
      SEMI
    ExtDefList (5)
