Program (1)
  ExtDefList (1)
    ExtDef (1)
      Specifier (1)
        StructSpecifier (1)
          STRUCT
          Tag (1)
            ID: V9LPX
      FunDec (1)
        ID: n0oz2cmVlUYQEY1
        LP
        VarList (1)
          ParamDec (1)
            Specifier (1)
              StructSpecifier (1)
                STRUCT
                Tag (1)
                  ID: Zdmd
            VarDec (1)
              VarDec (1)
                VarDec (1)
                  VarDec (1)
                    ID: zHVclOiKhGLw
                  LB
                  INT: 837973073
                  RB
                LB
                INT: 2051838562
                RB
              LB
              INT: 593318552
              RB
        RP
      CompSt (2)
        LC
        DefList (3)
        StmtList (3)
        RC
    ExtDefList (4)
      ExtDef (4)
        Specifier (4)
          StructSpecifier (4)
            STRUCT
            Tag (4)
              ID: BpY
        ExtDecList (4)
          VarDec (4)
            ID: ZtYjzm9P3
        SEMI
      ExtDefList (6)
        ExtDef (6)
          Specifier (6)
            TYPE: float
          SEMI
        ExtDefList (7)
          ExtDef (7)
            Specifier (7)
              StructSpecifier (7)
                STRUCT
                Tag (7)
                  ID: gq8dUETM9
            ExtDecList (7)
              VarDec (7)
                VarDec (7)
                  VarDec (7)
                    ID: PUM
                  LB
                  INT: 294835391
                  RB
                LB
                INT: 1398583514
                RB
              COMMA
              ExtDecList (8)
                VarDec (8)
                  VarDec (8)
                    VarDec (8)
                      VarDec (8)
                        ID: EIGI2EIP4Gja7C4YM
                      LB
                      INT: 1785778229
                      RB
                    LB
                    INT: 1107197235
                    RB
                  LB
                  INT: 1043735524
                  RB
                COMMA
                ExtDecList (9)
                  VarDec (9)
                    ID: b0k6rV
            SEMI
          ExtDefList (13)
