Program (1)
  ExtDefList (1)
    ExtDef (1)
      Specifier (1)
        StructSpecifier (1)
          STRUCT
          OptTag (1)
          LC
          DefList (2)
          RC
      FunDec (2)
        ID: MMyoerWJjMAXzDiuG4Dq
        LP
        VarList (2)
          ParamDec (2)
            Specifier (2)
              StructSpecifier (2)
                STRUCT
                OptTag (2)
                LC
                DefList (3)
                RC
            VarDec (3)
              ID: _
          COMMA
          VarList (3)
            ParamDec (3)
              Specifier (3)
                TYPE: int
              VarDec (3)
                VarDec (3)
                  ID: _HF223Q_cw5dZiUU
                LB
                INT: 223396423
                RB
        RP
      CompSt (3)
        LC
        DefList (4)
        StmtList (4)
        RC
    ExtDefList (5)
