Program (1)
  ExtDefList (1)
    ExtDef (1)
      Specifier (1)
        TYPE: int
      FunDec (1)
        ID: y90
        LP
        VarList (1)
          ParamDec (1)
            Specifier (1)
              TYPE: int
            VarDec (1)
              ID: BEY7rz
          COMMA
          VarList (1)
            ParamDec (1)
              Specifier (1)
                StructSpecifier (1)
                  STRUCT
                  Tag (1)
                    ID: X16zTby7V2c
              VarDec (1)
                ID: weh5
        RP
      CompSt (1)
        LC
        DefList (2)
          Def (2)
            Specifier (2)
              TYPE: int
            DecList (2)
              Dec (2)
                VarDec (2)
                  ID: HECGB
            SEMI
          DefList (3)
            Def (3)
              Specifier (3)
                TYPE: int
              DecList (3)
                Dec (3)
                  VarDec (3)
                    ID: pu1lh7gz6x1F9ZG
              SEMI
            DefList (4)
              Def (4)
                Specifier (4)
                  TYPE: int
                DecList (4)
                  Dec (4)
                    VarDec (4)
                      ID: njlqh
                SEMI
              DefList (5)
                Def (5)
                  Specifier (5)
                    TYPE: int
                  DecList (5)
                    Dec (5)
                      VarDec (5)
                        ID: UaU_PQGXdJI07iiogjR
                  SEMI
                DefList (6)
                  Def (6)
                    Specifier (6)
                      StructSpecifier (6)
                        STRUCT
                        OptTag (6)
                        LC
                        DefList (7)
                        RC
                    DecList (7)
                      Dec (7)
                        VarDec (7)
                          ID: gdVE64rWwtV7qr
                    SEMI
                  DefList (8)
                    Def (8)
                      Specifier (8)
                        TYPE: float
                      DecList (8)
                        Dec (8)
                          VarDec (8)
                            ID: SLP1qhYVm7A
                        COMMA
                        DecList (8)
                          Dec (8)
                            VarDec (8)
                              VarDec (8)
                                ID: tdPXMeO6OjCT9g2ZB
                              LB
                              INT: 803989814
                              RB
                            ASSIGNOP
                            Exp (9)
                              Exp (9)
                                ID: KJ3lLgna8WxtUS
                              ASSIGNOP
                              Exp (9)
                                Exp (9)
                                  ID: T12UF
                                OR
                                Exp (9)
                                  Exp (9)
                                    ID: I
                                  AND
                                  Exp (9)
                                    Exp (9)
                                      ID: GBwTucaMcv
                                    RELOP: LT
                                    Exp (9)
                                      Exp (9)
                                        ID: lvkxGnaCAOZTn
                                      MINUS
                                      Exp (10)
                                        Exp (10)
                                          ID: siSW8b5sK6
                                        STAR
                                        Exp (10)
                                          MINUS
                                          Exp (10)
                                            Exp (10)
                                              Exp (10)
                                                ID: SGAsMRFZjO41
                                              LB
                                              Exp (10)
                                                Exp (10)
                                                  ID: pQx
                                                ASSIGNOP
                                                Exp (10)
                                                  Exp (10)
                                                    ID: xwwv46lSPAC1x98mvd
                                                  OR
                                                  Exp (11)
                                                    Exp (11)
                                                      ID: IpMEcRhv
                                                    RELOP: NE
                                                    Exp (11)
                                                      Exp (11)
                                                        ID: NWTGzBSoMT
                                                      PLUS
                                                      Exp (11)
                                                        Exp (11)
                                                          ID: VEQZHCDO7GUUq49coj
                                                        DIV
                                                        Exp (11)
                                                          MINUS
                                                          Exp (12)
                                                            ID: z1VCi4_i2PGXp
                                                            LP
                                                            Args (12)
                                                              Exp (12)
                                                                Exp (12)
                                                                  ID: t
                                                                OR
                                                                Exp (12)
                                                                  Exp (12)
                                                                    ID: oV5KlH61Ec
                                                                  AND
                                                                  Exp (12)
                                                                    Exp (12)
                                                                      ID: cVqiuKxiHI8fwsCe5Pv
                                                                    RELOP: GE
                                                                    Exp (13)
                                                                      Exp (13)
                                                                        ID: jMwWqC
                                                                      STAR
                                                                      Exp (13)
                                                                        Exp (13)
                                                                          ID: gvFkz0jLUZzNMvJsNJR
                                                                        LB
                                                                        Exp (13)
                                                                          Exp (13)
                                                                            ID: fYP6q9zaMQB
                                                                          RELOP: GT
                                                                          Exp (13)
                                                                            Exp (13)
                                                                              ID: zSiii
                                                                            PLUS
                                                                            Exp (14)
                                                                              Exp (14)
                                                                                Exp (14)
                                                                                  ID: yd7a8LlyiiAtpgaJjmw
                                                                                LB
                                                                                Exp (14)
                                                                                  Exp (14)
                                                                                    ID: YvKU2bogs6FB74wFBJYn
                                                                                  ASSIGNOP
                                                                                  Exp (14)
                                                                                    Exp (14)
                                                                                      ID: jnOKnSPd
                                                                                    AND
                                                                                    Exp (15)
                                                                                      Exp (15)
                                                                                        ID: XM
                                                                                      RELOP: EQ
                                                                                      Exp (15)
                                                                                        Exp (15)
                                                                                          Exp (15)
                                                                                            ID: rvhEajPVB0qTAShxE9hZ
                                                                                          MINUS
                                                                                          Exp (15)
                                                                                            LP
                                                                                            Exp (15)
                                                                                              Exp (15)
                                                                                                ID: yKtbK
                                                                                              RELOP: LE
                                                                                              Exp (15)
                                                                                                Exp (15)
                                                                                                  Exp (15)
                                                                                                    ID: e0
                                                                                                  STAR
                                                                                                  Exp (15)
                                                                                                    Exp (15)
                                                                                                      Exp (15)
                                                                                                        ID: ddrbbHedFJtUj
                                                                                                        LP
                                                                                                        Args (16)
                                                                                                          Exp (16)
                                                                                                            ID: j1l1Nfin3A1t01
                                                                                                          COMMA
                                                                                                          Args (16)
                                                                                                            Exp (16)
                                                                                                              ID: tPM5anY5L3kDwDO
                                                                                                        RP
                                                                                                      DOT
                                                                                                      ID: xBZkVtI1aGdI9aAHvDr
                                                                                                    DOT
                                                                                                    ID: eTTcALU0yR
                                                                                                MINUS
                                                                                                Exp (17)
                                                                                                  Exp (17)
                                                                                                    Exp (17)
                                                                                                      ID: n
                                                                                                    DOT
                                                                                                    ID: Z
                                                                                                  DIV
                                                                                                  Exp (17)
                                                                                                    ID: qvToDzjlCgc67nK_ah
                                                                                            RP
                                                                                        PLUS
                                                                                        Exp (17)
                                                                                          INT: 1419829716
                                                                                RB
                                                                              DOT
                                                                              ID: lHz2H5
                                                                        RB
                                                            RP
                                              RB
                                            DOT
                                            ID: TjO2kE5
                      SEMI
                    DefList (19)
        StmtList (19)
          Stmt (19)
            IF
            LP
            Exp (19)
              Exp (19)
                MINUS
                Exp (19)
                  FLOAT: 1134530038.638159031
              ASSIGNOP
              Exp (19)
                NOT
                Exp (19)
                  MINUS
                  Exp (19)
                    ID: VyviF
                    LP
                    RP
            RP
            Stmt (19)
              CompSt (19)
                LC
                DefList (20)
                  Def (20)
                    Specifier (20)
                      TYPE: int
                    DecList (20)
                      Dec (20)
                        VarDec (20)
                          ID: YqKQDI2N
                    SEMI
                  DefList (21)
                StmtList (21)
                RC
          StmtList (22)
        RC
    ExtDefList (23)
      ExtDef (23)
        Specifier (23)
          StructSpecifier (23)
            STRUCT
            OptTag (23)
            LC
            DefList (24)
              Def (24)
                Specifier (24)
                  TYPE: int
                DecList (24)
                  Dec (24)
                    VarDec (24)
                      ID: IXqJqlbiKppjaV
                SEMI
              DefList (25)
                Def (25)
                  Specifier (25)
                    StructSpecifier (25)
                      STRUCT
                      OptTag (25)
                        ID: GrovyhC8wnvMndxI5
                      LC
                      DefList (26)
                      RC
                  DecList (26)
                    Dec (26)
                      VarDec (26)
                        ID: _jlwJz6uO2dA9L
                  SEMI
                DefList (27)
            RC
        SEMI
      ExtDefList (28)
        ExtDef (28)
          Specifier (28)
            StructSpecifier (28)
              STRUCT
              Tag (28)
                ID: JwljgbU0PmQ0
          ExtDecList (28)
            VarDec (28)
              ID: mWRb57xQzhm
            COMMA
            ExtDecList (28)
              VarDec (28)
                ID: l0
          SEMI
        ExtDefList (31)
          ExtDef (31)
            Specifier (31)
              TYPE: int
            SEMI
          ExtDefList (32)
            ExtDef (32)
              Specifier (32)
                TYPE: int
              FunDec (32)
                ID: PI
                LP
                RP
              CompSt (32)
                LC
                DefList (33)
                StmtList (33)
                RC
            ExtDefList (34)
              ExtDef (34)
                Specifier (34)
                  TYPE: int
                FunDec (34)
                  ID: FQQPLs8irWUfENG5
                  LP
                  RP
                CompSt (34)
                  LC
                  DefList (35)
                  StmtList (35)
                    Stmt (35)
                      RETURN
                      Exp (35)
                        ID: AvA
                      SEMI
                    StmtList (36)
                  RC
              ExtDefList (37)
                ExtDef (37)
                  Specifier (37)
                    TYPE: int
                  SEMI
                ExtDefList (38)
                  ExtDef (38)
                    Specifier (38)
                      TYPE: int
                    SEMI
                  ExtDefList (39)
                    ExtDef (39)
                      Specifier (39)
                        TYPE: int
                      FunDec (39)
                        ID: iot0epolxtSZkkQQ
                        LP
                        RP
                      CompSt (39)
                        LC
                        DefList (40)
                        StmtList (40)
                        RC
                    ExtDefList (41)
                      ExtDef (41)
                        Specifier (41)
                          TYPE: int
                        SEMI
                      ExtDefList (42)
                        ExtDef (42)
                          Specifier (42)
                            TYPE: int
                          SEMI
                        ExtDefList (43)
                          ExtDef (43)
                            Specifier (43)
                              TYPE: int
                            SEMI
                          ExtDefList (44)
                            ExtDef (44)
                              Specifier (44)
                                TYPE: int
                              FunDec (44)
                                ID: L1KlsoU7W
                                LP
                                RP
                              CompSt (44)
                                LC
                                DefList (45)
                                StmtList (45)
                                  Stmt (45)
                                    Exp (45)
                                      ID: DvIN5xL
                                    SEMI
                                  StmtList (46)
                                    Stmt (46)
                                      IF
                                      LP
                                      Exp (46)
                                        ID: SUfv1i
                                      RP
                                      Stmt (46)
                                        Exp (46)
                                          ID: vzrfo7ZLdq9pU
                                        SEMI
                                      ELSE
                                      Stmt (47)
                                        IF
                                        LP
                                        Exp (47)
                                          ID: cwFVdcQNd7RlKsi7
                                        RP
                                        Stmt (47)
                                          Exp (47)
                                            ID: y46_GJws6MnfoVSMgvK
                                          SEMI
                                    StmtList (51)
                                      Stmt (51)
                                        Exp (51)
                                          ID: yzuKPo7npexbSD02Hy_Z
                                        SEMI
                                      StmtList (52)
                                        Stmt (52)
                                          IF
                                          LP
                                          Exp (52)
                                            ID: s5jKuH_
                                          RP
                                          Stmt (52)
                                            Exp (52)
                                              ID: gX3wRSdd
                                            SEMI
                                          ELSE
                                          Stmt (53)
                                            WHILE
                                            LP
                                            Exp (53)
                                              ID: MqK
                                            RP
                                            Stmt (53)
                                              Exp (53)
                                                ID: L8oMgCoQ8l3jjqB8_Z
                                              SEMI
                                        StmtList (56)
                                RC
                            ExtDefList (57)
                              ExtDef (57)
                                Specifier (57)
                                  TYPE: int
                                SEMI
                              ExtDefList (58)
                                ExtDef (58)
                                  Specifier (58)
                                    TYPE: int
                                  FunDec (58)
                                    ID: IN08Sz_BfvOsZcG
                                    LP
                                    RP
                                  CompSt (58)
                                    LC
                                    DefList (59)
                                    StmtList (59)
                                      Stmt (59)
                                        Exp (59)
                                          ID: IRBHYf1m
                                        SEMI
                                      StmtList (60)
                                    RC
                                ExtDefList (61)
