Program (1)
  ExtDefList (1)
    ExtDef (1)
      Specifier (1)
        TYPE: int
      ExtDecList (1)
        VarDec (1)
          VarDec (1)
            ID: sl3rwzw
          LB
          INT: 1395599426
          RB
        COMMA
        ExtDecList (1)
          VarDec (1)
            ID: f
      SEMI
    ExtDefList (4)
      ExtDef (4)
        Specifier (4)
          TYPE: int
        FunDec (4)
          ID: fNelFfwCi9pCeGUifb
          LP
          RP
        CompSt (4)
          LC
          DefList (5)
          StmtList (5)
            Stmt (5)
              IF
              LP
              Exp (5)
                Exp (5)
                  Exp (5)
                    Exp (5)
                      Exp (5)
                        Exp (5)
                          Exp (5)
                            Exp (5)
                              Exp (5)
                                Exp (5)
                                  Exp (5)
                                    Exp (5)
                                      Exp (5)
                                        Exp (5)
                                          Exp (5)
                                            Exp (5)
                                              Exp (5)
                                                Exp (5)
                                                  Exp (5)
                                                    Exp (5)
                                                      Exp (5)
                                                        Exp (5)
                                                          Exp (5)
                                                            MINUS
                                                            Exp (5)
                                                              NOT
                                                              Exp (5)
                                                                MINUS
                                                                Exp (5)
                                                                  ID: RZwR8CmZzC
                                                                  LP
                                                                  Args (5)
                                                                    Exp (5)
                                                                      ID: nl6fQ_tfssfK
                                                                  RP
                                                          MINUS
                                                          Exp (5)
                                                            Exp (5)
                                                              MINUS
                                                              Exp (5)
                                                                ID: WCF9atbzpepkiH26q
                                                                LP
                                                                Args (6)
                                                                  Exp (6)
                                                                    ID: ky0eeF
                                                                RP
                                                            DIV
                                                            Exp (6)
                                                              ID: Nf27fsT0Wf_
                                                        MINUS
                                                        Exp (6)
                                                          Exp (6)
                                                            Exp (6)
                                                              Exp (6)
                                                                NOT
                                                                Exp (6)
                                                                  NOT
                                                                  Exp (6)
                                                                    ID: RPZn9OWI
                                                              DIV
                                                              Exp (6)
                                                                ID: ra9h5ad
                                                            DIV
                                                            Exp (7)
                                                              ID: WcAW
                                                          STAR
                                                          Exp (7)
                                                            ID: vecmHvZIJpt2h
                                                      PLUS
                                                      Exp (7)
                                                        Exp (7)
                                                          Exp (7)
                                                            Exp (7)
                                                              Exp (7)
                                                                MINUS
                                                                Exp (7)
                                                                  ID: uVdOpGV7b6
                                                                  LP
                                                                  Args (7)
                                                                    Exp (7)
                                                                      ID: mUL4a
                                                                  RP
                                                              STAR
                                                              Exp (8)
                                                                ID: GSGo2PPlyEqFvP
                                                            STAR
                                                            Exp (8)
                                                              ID: RdrA1Xg2
                                                          DIV
                                                          Exp (8)
                                                            ID: z_hh2BJ4YUj
                                                        STAR
                                                        Exp (8)
                                                          ID: KqkKtj0GTdUzqpcfkj
                                                    PLUS
                                                    Exp (9)
                                                      MINUS
                                                      Exp (9)
                                                        NOT
                                                        Exp (9)
                                                          ID: BzZyduEe
                                                  MINUS
                                                  Exp (9)
                                                    Exp (9)
                                                      Exp (9)
                                                        Exp (9)
                                                          Exp (9)
                                                            Exp (9)
                                                              Exp (9)
                                                                NOT
                                                                Exp (9)
                                                                  MINUS
                                                                  Exp (9)
                                                                    ID: qbqnKpoSpIO
                                                              DIV
                                                              Exp (9)
                                                                ID: kSZQGgbeTm
                                                            DIV
                                                            Exp (9)
                                                              ID: GqxUKbhAlJ8ckau8MAFK
                                                          DIV
                                                          Exp (10)
                                                            ID: gHuQ0tv
                                                        DIV
                                                        Exp (10)
                                                          ID: i8
                                                      DIV
                                                      Exp (10)
                                                        ID: lUUGuPA_mEL1LetZ
                                                    DIV
                                                    Exp (10)
                                                      ID: O
                                                RELOP: GE
                                                Exp (10)
                                                  NOT
                                                  Exp (10)
                                                    ID: kK0VxQFGV
                                                    LP
                                                    RP
                                              RELOP: LT
                                              Exp (11)
                                                Exp (11)
                                                  Exp (11)
                                                    Exp (11)
                                                      ID: qWjh0SJRGBxl9AQM64I
                                                      LP
                                                      RP
                                                    STAR
                                                    Exp (11)
                                                      ID: SfFNJq6LlpmgUUg
                                                  PLUS
                                                  Exp (12)
                                                    ID: HY
                                                MINUS
                                                Exp (12)
                                                  ID: F5tM6HIaxSCTAowsg
                                            RELOP: GT
                                            Exp (12)
                                              Exp (12)
                                                Exp (12)
                                                  Exp (12)
                                                    Exp (12)
                                                      ID: i5UzYd
                                                      LP
                                                      Args (12)
                                                        Exp (12)
                                                          ID: R0kEyVZQ12ooUp
                                                      RP
                                                    DOT
                                                    ID: ddlgTwJ4wg9sMk9Hb
                                                  DOT
                                                  ID: YyILxthf
                                                STAR
                                                Exp (13)
                                                  ID: pmU71
                                              MINUS
                                              Exp (13)
                                                ID: aIVssZCZpSkFoc
                                          RELOP: LT
                                          Exp (14)
                                            ID: J2e55afYCSJEmxZw
                                            LP
                                            RP
                                        RELOP: LE
                                        Exp (14)
                                          NOT
                                          Exp (14)
                                            ID: NJP0nWJUg
                                            LP
                                            Args (14)
                                              Exp (14)
                                                ID: O
                                            RP
                                      RELOP: LE
                                      Exp (14)
                                        Exp (14)
                                          Exp (14)
                                            NOT
                                            Exp (14)
                                              NOT
                                              Exp (15)
                                                ID: hl
                                          PLUS
                                          Exp (15)
                                            ID: GiTJvOYxf0_
                                        MINUS
                                        Exp (15)
                                          ID: VbeLhZZID7M2buP_n
                                    RELOP: NE
                                    Exp (15)
                                      Exp (15)
                                        Exp (15)
                                          Exp (15)
                                            NOT
                                            Exp (15)
                                              ID: XeCgSZY50DDQE4m7qeB
                                              LP
                                              RP
                                          PLUS
                                          Exp (16)
                                            ID: NEHGy3G_B1LJ_
                                        MINUS
                                        Exp (16)
                                          ID: f6QxUoeQ
                                      MINUS
                                      Exp (16)
                                        ID: wyYk8xH6uw4
                                  RELOP: GE
                                  Exp (16)
                                    Exp (16)
                                      Exp (16)
                                        Exp (16)
                                          ID: edK_LS5w_y6SD6
                                          LP
                                          Args (17)
                                            Exp (17)
                                              ID: RNKxa718Os
                                          RP
                                        MINUS
                                        Exp (17)
                                          ID: haRB6xVQ0KjgYiEL4haR
                                      PLUS
                                      Exp (17)
                                        ID: lGsq8y_ZNCXFKIZXDrsU
                                    PLUS
                                    Exp (18)
                                      ID: aDGsiiYNs68Tu
                                RELOP: EQ
                                Exp (18)
                                  Exp (18)
                                    Exp (18)
                                      Exp (18)
                                        Exp (18)
                                          MINUS
                                          Exp (18)
                                            NOT
                                            Exp (18)
                                              ID: KK0rP91k
                                        STAR
                                        Exp (18)
                                          ID: XF
                                      DIV
                                      Exp (18)
                                        ID: JklvA
                                    DIV
                                    Exp (18)
                                      ID: ofjLIYGfmhtvP
                                  STAR
                                  Exp (19)
                                    ID: UIwm2HRZqoDyiae8Us
                              RELOP: LT
                              Exp (19)
                                Exp (19)
                                  MINUS
                                  Exp (19)
                                    NOT
                                    Exp (19)
                                      ID: r
                                STAR
                                Exp (19)
                                  ID: V6KR2UqkO56
                            RELOP: GT
                            Exp (19)
                              Exp (19)
                                NOT
                                Exp (19)
                                  NOT
                                  Exp (19)
                                    ID: jkEI2JhXSRU6kevlG
                              PLUS
                              Exp (20)
                                ID: MBcCONdTyz5J8
                          RELOP: LE
                          Exp (20)
                            MINUS
                            Exp (20)
                              NOT
                              Exp (20)
                                ID: CeL4jK
                        RELOP: GT
                        Exp (20)
                          Exp (20)
                            Exp (20)
                              Exp (20)
                                Exp (20)
                                  Exp (20)
                                    Exp (20)
                                      Exp (20)
                                        NOT
                                        Exp (20)
                                          ID: oJgnMOhYvnnKtdy
                                          LP
                                          RP
                                      STAR
                                      Exp (21)
                                        ID: uUgzqg0ZEiiFRsGr1mf
                                    STAR
                                    Exp (21)
                                      ID: TNKRYl5e6vdMUef
                                  STAR
                                  Exp (21)
                                    ID: UQAbEZ1ioonHaBJysvd
                                MINUS
                                Exp (22)
                                  ID: yuZoeA0XPv2acAQnMp
                              MINUS
                              Exp (22)
                                ID: NKfnnU3adYA0R
                            PLUS
                            Exp (22)
                              ID: VGA6EjWMNVrEgvUJ
                          PLUS
                          Exp (23)
                            ID: UTXw4C
                      RELOP: GE
                      Exp (23)
                        NOT
                        Exp (23)
                          MINUS
                          Exp (23)
                            ID: ukE9R3xeqDyDS2
                    RELOP: NE
                    Exp (23)
                      Exp (23)
                        Exp (23)
                          ID: nrYTWhTmSDa
                          LP
                          Args (23)
                            Exp (23)
                              ID: alWjJzyAzgunq
                          RP
                        MINUS
                        Exp (24)
                          ID: u60kmsduoFvbDLVZ2
                      MINUS
                      Exp (24)
                        ID: N_arWyuFTGdSK5KqyQp
                  RELOP: LE
                  Exp (24)
                    Exp (24)
                      Exp (24)
                        Exp (24)
                          Exp (24)
                            Exp (24)
                              Exp (24)
                                Exp (24)
                                  NOT
                                  Exp (24)
                                    Exp (24)
                                      ID: qe42TDibFwFf2DqC4
                                    DOT
                                    ID: t3HH42Lq8ydW
                                MINUS
                                Exp (25)
                                  ID: em_P0w3PLqvcp
                              MINUS
                              Exp (25)
                                ID: CELcHT8fbwdyh_
                            PLUS
                            Exp (26)
                              ID: H
                          MINUS
                          Exp (26)
                            ID: wcQRHrYrz
                        MINUS
                        Exp (26)
                          ID: MpKFixuaTdk6LtA8xWYC
                      PLUS
                      Exp (26)
                        ID: NAew1f8y9uGtHMj
                    MINUS
                    Exp (27)
                      ID: bJWFCN4Z14wVlq
                RELOP: EQ
                Exp (27)
                  Exp (27)
                    Exp (27)
                      MINUS
                      Exp (27)
                        MINUS
                        Exp (27)
                          ID: WbOJ6whu
                    DIV
                    Exp (27)
                      ID: e4Z9
                  PLUS
                  Exp (27)
                    ID: Iz0cJdB5r41Axp
              RP
              Stmt (28)
                IF
                LP
                Exp (28)
                  ID: RFyNoRtx5Tye5
                RP
                Stmt (28)
                  Exp (28)
                    ID: PGiEjnBxqE
                  SEMI
                ELSE
                Stmt (29)
                  IF
                  LP
                  Exp (29)
                    ID: gbAEWvRloCclnnHmoK_
                  RP
                  Stmt (29)
                    IF
                    LP
                    Exp (29)
                      ID: zV3QldQh8ncd
                    RP
                    Stmt (30)
                      Exp (30)
                        ID: Iey4aZKV5oC5Y36Vny9b
                      SEMI
            StmtList (35)
          RC
      ExtDefList (36)
