Program (1)
  ExtDefList (1)
    ExtDef (1)
      Specifier (1)
        StructSpecifier (1)
          STRUCT
          OptTag (1)
            ID: Ijosix
          LC
          DefList (2)
            Def (2)
              Specifier (2)
                TYPE: int
              DecList (2)
                Dec (2)
                  VarDec (2)
                    VarDec (2)
                      ID: iYphdYLPMlA7PJqdIa
                    LB
                    INT: 794323309
                    RB
                COMMA
                DecList (2)
                  Dec (2)
                    VarDec (2)
                      ID: ybqJsh
                    ASSIGNOP
                    Exp (3)
                      Exp (3)
                        ID: YVnFECDIuWe43jhXr
                      ASSIGNOP
                      Exp (3)
                        Exp (3)
                          ID: hkIBKCkgZY56lK
                        OR
                        Exp (3)
                          Exp (3)
                            ID: H
                          AND
                          Exp (3)
                            Exp (3)
                              ID: fXnQYG
                            RELOP: NE
                            Exp (4)
                              Exp (4)
                                ID: wRnLjHvw2i_
                              MINUS
                              Exp (4)
                                Exp (4)
                                  ID: v_wqDSY77nqe35tBSrDC
                                DIV
                                Exp (4)
                                  NOT
                                  Exp (4)
                                    MINUS
                                    Exp (4)
                                      ID: tXfsvs
                                      LP
                                      Args (5)
                                        Exp (5)
                                          Exp (5)
                                            ID: wIcE7g6aILEqelm7
                                          ASSIGNOP
                                          Exp (5)
                                            Exp (5)
                                              ID: dKqY04V4hQ5tP9C
                                            RELOP: LT
                                            Exp (5)
                                              Exp (5)
                                                ID: rYcwAiOb3Rl_hO
                                              PLUS
                                              Exp (6)
                                                MINUS
                                                Exp (6)
                                                  NOT
                                                  Exp (6)
                                                    Exp (6)
                                                      ID: hq2tsQDTGnxlcyCYJe4
                                                    LB
                                                    Exp (6)
                                                      Exp (6)
                                                        ID: Rodf
                                                      ASSIGNOP
                                                      Exp (6)
                                                        Exp (6)
                                                          MINUS
                                                          Exp (6)
                                                            MINUS
                                                            Exp (6)
                                                              NOT
                                                              Exp (6)
                                                                Exp (6)
                                                                  ID: Z9CmUgarwJ9QO_X
                                                                  LP
                                                                  Args (7)
                                                                    Exp (7)
                                                                      ID: RI9__P7mSwWx_PXK
                                                                    COMMA
                                                                    Args (7)
                                                                      Exp (7)
                                                                        Exp (7)
                                                                          ID: McLrg8C10
                                                                        RELOP: GE
                                                                        Exp (7)
                                                                          LP
                                                                          Exp (7)
                                                                            Exp (7)
                                                                              ID: TaJIvZMQ1
                                                                            ASSIGNOP
                                                                            Exp (7)
                                                                              Exp (7)
                                                                                ID: zqnzy
                                                                              RELOP: EQ
                                                                              Exp (8)
                                                                                Exp (8)
                                                                                  Exp (8)
                                                                                    ID: fZqYQpXdgd
                                                                                  DIV
                                                                                  Exp (8)
                                                                                    ID: xvzs2a_ZD0v
                                                                                    LP
                                                                                    Args (8)
                                                                                      Exp (8)
                                                                                        Exp (8)
                                                                                          ID: v1XgWN8i4BsTGKWXqYG
                                                                                        AND
                                                                                        Exp (9)
                                                                                          Exp (9)
                                                                                            Exp (9)
                                                                                              ID: seVoUhj0ES
                                                                                            RELOP: LE
                                                                                            Exp (9)
                                                                                              ID: lTTxaRjiUydhgsW
                                                                                          RELOP: GT
                                                                                          Exp (9)
                                                                                            FLOAT: 1017010410.1454635548
                                                                                    RP
                                                                                STAR
                                                                                Exp (10)
                                                                                  INT: 662210919
                                                                          RP
                                                                  RP
                                                                DOT
                                                                ID: VSbj0XerA
                                                        ASSIGNOP
                                                        Exp (10)
                                                          Exp (10)
                                                            Exp (10)
                                                              ID: mQucqV_SPgy_n0fTRMFO
                                                            DOT
                                                            ID: oQQ
                                                          STAR
                                                          Exp (11)
                                                            ID: rYdkiwqRNCXC4
                                                            LP
                                                            RP
                                                    RB
                                      RP
              SEMI
            DefList (12)
          RC
      SEMI
    ExtDefList (13)
      ExtDef (13)
        Specifier (13)
          StructSpecifier (13)
            STRUCT
            Tag (13)
              ID: DgXL
        ExtDecList (13)
          VarDec (13)
            ID: Ge
        SEMI
      ExtDefList (15)
        ExtDef (15)
          Specifier (15)
            StructSpecifier (15)
              STRUCT
              Tag (15)
                ID: ALGWskor
          FunDec (15)
            ID: GOdak3PXE8LmO3l
            LP
            VarList (15)
              ParamDec (15)
                Specifier (15)
                  StructSpecifier (15)
                    STRUCT
                    Tag (15)
                      ID: uN92JBQxIw8ev
                VarDec (16)
                  ID: LM4Pw
              COMMA
              VarList (16)
                ParamDec (16)
                  Specifier (16)
                    TYPE: float
                  VarDec (16)
                    ID: Uu8UjWgQdc
            RP
          CompSt (16)
            LC
            DefList (17)
            StmtList (17)
            RC
        ExtDefList (18)
          ExtDef (18)
            Specifier (18)
              TYPE: int
            FunDec (18)
              ID: nTjuo8T9ycS0
              LP
              RP
            CompSt (18)
              LC
              DefList (19)
                Def (19)
                  Specifier (19)
                    StructSpecifier (19)
                      STRUCT
                      Tag (19)
                        ID: o6k
                  DecList (19)
                    Dec (19)
                      VarDec (19)
                        ID: ZxC
                  SEMI
                DefList (20)
                  Def (20)
                    Specifier (20)
                      TYPE: int
                    DecList (20)
                      Dec (20)
                        VarDec (20)
                          ID: qvtHPP0SmQG
                    SEMI
                  DefList (21)
                    Def (21)
                      Specifier (21)
                        StructSpecifier (21)
                          STRUCT
                          Tag (21)
                            ID: xX
                      DecList (21)
                        Dec (21)
                          VarDec (21)
                            ID: PrMhpI
                      SEMI
                    DefList (22)
              StmtList (22)
                Stmt (22)
                  IF
                  LP
                  Exp (22)
                    ID: g1
                  RP
                  Stmt (22)
                    Exp (22)
                      ID: rzgb
                    SEMI
                StmtList (24)
                  Stmt (24)
                    RETURN
                    Exp (24)
                      ID: Q9bqoIHgMkqyKiDoa
                    SEMI
                  StmtList (25)
              RC
          ExtDefList (26)
            ExtDef (26)
              Specifier (26)
                TYPE: int
              SEMI
            ExtDefList (27)
              ExtDef (27)
                Specifier (27)
                  StructSpecifier (27)
                    STRUCT
                    Tag (27)
                      ID: LZoxt6tKNGQmL8S
                SEMI
              ExtDefList (28)
                ExtDef (28)
                  Specifier (28)
                    TYPE: int
                  SEMI
                ExtDefList (29)
                  ExtDef (29)
                    Specifier (29)
                      TYPE: int
                    SEMI
                  ExtDefList (30)
                    ExtDef (30)
                      Specifier (30)
                        TYPE: int
                      SEMI
                    ExtDefList (31)
                      ExtDef (31)
                        Specifier (31)
                          TYPE: int
                        ExtDecList (31)
                          VarDec (31)
                            ID: B3ebmzl6NMej8nO
                        SEMI
                      ExtDefList (33)
                        ExtDef (33)
                          Specifier (33)
                            TYPE: int
                          ExtDecList (33)
                            VarDec (33)
                              ID: ZM8wEQ7
                            COMMA
                            ExtDecList (33)
                              VarDec (33)
                                ID: Jq55ET_w_LQnnCVsAwI
                          SEMI
                        ExtDefList (36)
                          ExtDef (36)
                            Specifier (36)
                              TYPE: int
                            FunDec (36)
                              ID: ewyr9JCvScTY
                              LP
                              RP
                            CompSt (36)
                              LC
                              DefList (37)
                              StmtList (37)
                                Stmt (37)
                                  Exp (37)
                                    ID: DYyABK8
                                  SEMI
                                StmtList (38)
                                  Stmt (38)
                                    Exp (38)
                                      ID: kSUsPC
                                    SEMI
                                  StmtList (39)
                                    Stmt (39)
                                      IF
                                      LP
                                      Exp (39)
                                        ID: b6PZFTXe_URzER
                                      RP
                                      Stmt (39)
                                        Exp (39)
                                          ID: H7D5b9tQSGZXDW8
                                        SEMI
                                      ELSE
                                      Stmt (40)
                                        IF
                                        LP
                                        Exp (40)
                                          ID: tC
                                        RP
                                        Stmt (40)
                                          IF
                                          LP
                                          Exp (40)
                                            ID: zA
                                          RP
                                          Stmt (40)
                                            WHILE
                                            LP
                                            Exp (40)
                                              ID: Lj3jyZcwZf9ZK
                                            RP
                                            Stmt (41)
                                              IF
                                              LP
                                              Exp (41)
                                                ID: JoZYoMvOeLejiWm
                                              RP
                                              Stmt (41)
                                                Exp (41)
                                                  ID: SdpYMXKThn
                                                SEMI
                                              ELSE
                                              Stmt (42)
                                                Exp (42)
                                                  ID: JTiW__yW_TlkauO
                                                SEMI
                                          ELSE
                                          Stmt (45)
                                            IF
                                            LP
                                            Exp (45)
                                              ID: C
                                            RP
                                            Stmt (45)
                                              IF
                                              LP
                                              Exp (45)
                                                ID: w
                                              RP
                                              Stmt (45)
                                                CompSt (45)
                                                  LC
                                                  DefList (46)
                                                  StmtList (46)
                                                  RC
                                    StmtList (51)
                              RC
                          ExtDefList (52)
                            ExtDef (52)
                              Specifier (52)
                                TYPE: int
                              FunDec (52)
                                ID: UHezuQZLvUh412ZslhE
                                LP
                                RP
                              CompSt (52)
                                LC
                                DefList (53)
                                StmtList (53)
                                RC
                            ExtDefList (54)
                              ExtDef (54)
                                Specifier (54)
                                  StructSpecifier (54)
                                    STRUCT
                                    OptTag (54)
                                    LC
                                    DefList (55)
                                      Def (55)
                                        Specifier (55)
                                          StructSpecifier (55)
                                            STRUCT
                                            OptTag (55)
                                            LC
                                            DefList (56)
                                              Def (56)
                                                Specifier (56)
                                                  StructSpecifier (56)
                                                    STRUCT
                                                    Tag (56)
                                                      ID: hrlQW5Wxk
                                                DecList (56)
                                                  Dec (56)
                                                    VarDec (56)
                                                      ID: GzLKj
                                                SEMI
                                              DefList (57)
                                            RC
                                        DecList (57)
                                          Dec (57)
                                            VarDec (57)
                                              ID: rHSUhFHHlGUbK_FpNc
                                        SEMI
                                      DefList (58)
                                    RC
                                SEMI
                              ExtDefList (59)
                                ExtDef (59)
                                  Specifier (59)
                                    TYPE: int
                                  FunDec (59)
                                    ID: OuccNOsmd_rcjzc_
                                    LP
                                    VarList (59)
                                      ParamDec (59)
                                        Specifier (59)
                                          TYPE: int
                                        VarDec (59)
                                          ID: I
                                    RP
                                  CompSt (59)
                                    LC
                                    DefList (60)
                                    StmtList (60)
                                    RC
                                ExtDefList (61)
