Program (1)
  ExtDefList (1)
    ExtDef (1)
      Specifier (1)
        TYPE: int
      FunDec (1)
        ID: IjJvjolwnCgp1Zd_V44
        LP
        VarList (1)
          ParamDec (1)
            Specifier (1)
              StructSpecifier (1)
                STRUCT
                OptTag (1)
                LC
                DefList (2)
                  Def (2)
                    Specifier (2)
                      StructSpecifier (2)
                        STRUCT
                        OptTag (2)
                        LC
                        DefList (3)
                        RC
                    DecList (3)
                      Dec (3)
                        VarDec (3)
                          VarDec (3)
                            ID: tVbCTZa81fHlLQ2PV
                          LB
                          INT: 1849348360
                          RB
                        ASSIGNOP
                        Exp (3)
                          ID: q
                      COMMA
                      DecList (3)
                        Dec (3)
                          VarDec (3)
                            ID: V1UwD
                    SEMI
                  DefList (4)
                RC
            VarDec (4)
              ID: plJrwAIcm8_IqehL
          COMMA
          VarList (4)
            ParamDec (4)
              Specifier (4)
                TYPE: float
              VarDec (4)
                ID: jurJvqBMBJ5yeXRp
        RP
      CompSt (4)
        LC
        DefList (5)
          Def (5)
            Specifier (5)
              TYPE: float
            DecList (5)
              Dec (5)
                VarDec (5)
                  ID: fh7pUdTW
                ASSIGNOP
                Exp (5)
                  Exp (5)
                    Exp (5)
                      Exp (5)
                        Exp (5)
                          Exp (5)
                            Exp (5)
                              Exp (5)
                                Exp (5)
                                  Exp (5)
                                    Exp (5)
                                      Exp (5)
                                        Exp (5)
                                          Exp (5)
                                            NOT
                                            Exp (5)
                                              NOT
                                              Exp (5)
                                                MINUS
                                                Exp (5)
                                                  ID: tFF4mjN1Enda3rliw7G3
                                          STAR
                                          Exp (5)
                                            ID: a
                                            LP
                                            Args (6)
                                              Exp (6)
                                                ID: pZyIyR9Y
                                            RP
                                        STAR
                                        Exp (6)
                                          NOT
                                          Exp (6)
                                            ID: CNmJ
                                      STAR
                                      Exp (6)
                                        NOT
                                        Exp (6)
                                          ID: YT
                                    STAR
                                    Exp (6)
                                      MINUS
                                      Exp (6)
                                        ID: kMtECfBZygEe
                                  MINUS
                                  Exp (6)
                                    Exp (6)
                                      Exp (6)
                                        MINUS
                                        Exp (7)
                                          ID: bJogfO
                                      STAR
                                      Exp (7)
                                        ID: Zl9_Z9zsQQTQarcqx
                                    STAR
                                    Exp (7)
                                      ID: E
                                PLUS
                                Exp (7)
                                  Exp (7)
                                    NOT
                                    Exp (7)
                                      ID: dGmI
                                  STAR
                                  Exp (7)
                                    ID: KQ9KGTsCaxJzsg8
                              MINUS
                              Exp (8)
                                Exp (8)
                                  Exp (8)
                                    Exp (8)
                                      INT: 574055236
                                    LB
                                    Exp (8)
                                      ID: dVT8sfjB4JMDra2kp74v
                                    RB
                                  DOT
                                  ID: ZTzA5rfXivSVOwHF7f
                                STAR
                                Exp (9)
                                  ID: VjHyk
                            MINUS
                            Exp (9)
                              Exp (9)
                                Exp (9)
                                  Exp (9)
                                    Exp (9)
                                      NOT
                                      Exp (9)
                                        ID: BX3MLi
                                    STAR
                                    Exp (9)
                                      ID: kOEseTso3n1Q13q
                                  DIV
                                  Exp (9)
                                    ID: ieSiL8Yplobtx
                                DIV
                                Exp (10)
                                  ID: yl6OZPd
                              STAR
                              Exp (10)
                                ID: QXkjycTpkqC
                          MINUS
                          Exp (10)
                            Exp (10)
                              Exp (10)
                                Exp (10)
                                  Exp (10)
                                    Exp (10)
                                      NOT
                                      Exp (10)
                                        ID: VJr
                                    STAR
                                    Exp (10)
                                      ID: c8DPSA_E
                                  DIV
                                  Exp (10)
                                    ID: r3iIng
                                DIV
                                Exp (11)
                                  ID: T
                              DIV
                              Exp (11)
                                ID: KJ0oTVW9lYwPiMiRwi7V
                            DIV
                            Exp (11)
                              ID: rca8E73sp9
                        AND
                        Exp (11)
                          Exp (11)
                            Exp (11)
                              Exp (11)
                                Exp (11)
                                  Exp (11)
                                    Exp (11)
                                      Exp (11)
                                        Exp (11)
                                          Exp (11)
                                            Exp (11)
                                              Exp (11)
                                                Exp (11)
                                                  LP
                                                  Exp (11)
                                                    ID: K9k4KqDczExs
                                                  RP
                                                LB
                                                Exp (12)
                                                  ID: fie
                                                RB
                                              STAR
                                              Exp (12)
                                                ID: vScUK
                                            STAR
                                            Exp (12)
                                              ID: gmgU5eLiJEidv39o
                                          DIV
                                          Exp (12)
                                            ID: g
                                        DIV
                                        Exp (12)
                                          ID: BpD91Eqy
                                      STAR
                                      Exp (13)
                                        ID: k83nG3cF0X73
                                    DIV
                                    Exp (13)
                                      ID: j1PSN3BPatG3h15k76
                                  DIV
                                  Exp (13)
                                    ID: BcicGOZvuFKcZ99
                                STAR
                                Exp (14)
                                  ID: RUcj232
                              STAR
                              Exp (14)
                                ID: qaDIZ_TQrSwz78Ifgk
                            STAR
                            Exp (14)
                              ID: ao2l1W8F
                          DIV
                          Exp (14)
                            ID: dpYZyn3CbTksMihkPM
                      AND
                      Exp (15)
                        Exp (15)
                          Exp (15)
                            Exp (15)
                              Exp (15)
                                Exp (15)
                                  Exp (15)
                                    Exp (15)
                                      Exp (15)
                                        Exp (15)
                                          Exp (15)
                                            Exp (15)
                                              Exp (15)
                                                Exp (15)
                                                  Exp (15)
                                                    Exp (15)
                                                      Exp (15)
                                                        Exp (15)
                                                          Exp (15)
                                                            Exp (15)
                                                              Exp (15)
                                                                MINUS
                                                                Exp (15)
                                                                  ID: ELFFHWgN2
                                                              STAR
                                                              Exp (15)
                                                                ID: IENCaGajCfg_0Sr3a
                                                            STAR
                                                            Exp (15)
                                                              ID: aij
                                                          RELOP: NE
                                                          Exp (15)
                                                            ID: iPc
                                                        RELOP: LE
                                                        Exp (16)
                                                          ID: IYODft
                                                      RELOP: EQ
                                                      Exp (16)
                                                        ID: M7tQk_f6BXM5H5Jl6
                                                    RELOP: LT
                                                    Exp (16)
                                                      ID: e
                                                  RELOP: LE
                                                  Exp (16)
                                                    ID: zTSHVtNRdJZDSRfuRk
                                                RELOP: LT
                                                Exp (17)
                                                  ID: LoH
                                              RELOP: EQ
                                              Exp (17)
                                                ID: iaeuI6Wsr
                                            RELOP: GT
                                            Exp (17)
                                              ID: W7bOi6V6kCl
                                          RELOP: NE
                                          Exp (17)
                                            ID: gpDhATI3CXx2IfPUfJ
                                        RELOP: EQ
                                        Exp (18)
                                          ID: xn6gYo
                                      RELOP: EQ
                                      Exp (18)
                                        ID: VWoEBYVXob6vqw
                                    RELOP: LE
                                    Exp (18)
                                      ID: StLBJKqxn
                                  RELOP: EQ
                                  Exp (18)
                                    ID: NjpCKEzt
                                RELOP: GT
                                Exp (19)
                                  ID: E_YQbgsGYaSJrw
                              RELOP: GE
                              Exp (19)
                                ID: Zp7WVauho
                            RELOP: GE
                            Exp (19)
                              ID: EISosPHSSlYtR3c0R
                          RELOP: GE
                          Exp (20)
                            ID: v_7EWsRtFfLzoH
                        RELOP: LT
                        Exp (20)
                          ID: Xl60JEv6pX9tAdRhLF
                    OR
                    Exp (20)
                      Exp (20)
                        Exp (20)
                          Exp (20)
                            Exp (20)
                              Exp (20)
                                Exp (20)
                                  Exp (20)
                                    Exp (20)
                                      Exp (20)
                                        Exp (20)
                                          Exp (20)
                                            Exp (20)
                                              Exp (20)
                                                Exp (20)
                                                  Exp (20)
                                                    Exp (20)
                                                      Exp (20)
                                                        Exp (20)
                                                          NOT
                                                          Exp (20)
                                                            ID: TcgQgxSIZ9lRVnu8xp
                                                        PLUS
                                                        Exp (21)
                                                          ID: jTXS6y
                                                      PLUS
                                                      Exp (21)
                                                        ID: Jj4M
                                                    PLUS
                                                    Exp (21)
                                                      ID: wbr6PuoeteDEtO2W
                                                  MINUS
                                                  Exp (21)
                                                    ID: wWth1M8o
                                                RELOP: GE
                                                Exp (21)
                                                  ID: jY
                                              RELOP: GT
                                              Exp (22)
                                                ID: Ym
                                            RELOP: LT
                                            Exp (22)
                                              ID: Db0
                                          RELOP: LT
                                          Exp (22)
                                            ID: n0zc5wyByQ
                                        RELOP: GE
                                        Exp (22)
                                          ID: uajBYsqrx9OG9Rb
                                      RELOP: GT
                                      Exp (22)
                                        ID: oCtiqUf9wIbrP8
                                    RELOP: EQ
                                    Exp (23)
                                      ID: B4_j_EgWxja
                                  RELOP: GE
                                  Exp (23)
                                    ID: Xy0A7UPDe5j7Fv
                                RELOP: GE
                                Exp (23)
                                  ID: BdrSy
                              RELOP: NE
                              Exp (23)
                                ID: FvsR5KoNW0xL94R
                            RELOP: LE
                            Exp (24)
                              ID: wrfvYvFVCPBNJ
                          RELOP: EQ
                          Exp (24)
                            ID: jFP6CdnLtIUmPV_iK
                        RELOP: LE
                        Exp (24)
                          ID: a
                      AND
                      Exp (24)
                        ID: xtHq
                  OR
                  Exp (25)
                    Exp (25)
                      Exp (25)
                        Exp (25)
                          NOT
                          Exp (25)
                            ID: Qqjqxj5gbPG0q
                        PLUS
                        Exp (25)
                          ID: LeY
                      RELOP: GT
                      Exp (25)
                        ID: y0jaSU4UC_OAQ5n_xl3
                    AND
                    Exp (26)
                      ID: wBr
              COMMA
              DecList (26)
                Dec (26)
                  VarDec (26)
                    ID: VcT65a2sXkDag
                  ASSIGNOP
                  Exp (26)
                    Exp (26)
                      Exp (26)
                        Exp (26)
                          Exp (26)
                            Exp (26)
                              Exp (26)
                                Exp (26)
                                  Exp (26)
                                    Exp (26)
                                      Exp (26)
                                        Exp (26)
                                          Exp (26)
                                            NOT
                                            Exp (26)
                                              ID: W6PUeoGPZpFgJ9b340
                                          STAR
                                          Exp (26)
                                            ID: MUemgc3u5z
                                        PLUS
                                        Exp (27)
                                          ID: jXzPGHkKXNLW2uvF6
                                      MINUS
                                      Exp (27)
                                        ID: QMPP9C4RZrmw9Sq3
                                    MINUS
                                    Exp (27)
                                      ID: kTH460sFr5qUhIgsDc
                                  PLUS
                                  Exp (28)
                                    ID: Gz5AYsSz
                                PLUS
                                Exp (28)
                                  ID: vDOWForxk76S
                              RELOP: GT
                              Exp (28)
                                ID: mQLH2X7MpVAwuMhZjwbz
                            RELOP: NE
                            Exp (29)
                              ID: knXHKrnq4sbvjsncL
                          RELOP: LE
                          Exp (29)
                            ID: qUCY
                        OR
                        Exp (29)
                          ID: vTTOgWD1r42vs2zm
                      OR
                      Exp (29)
                        ID: vsxgSWzO
                    OR
                    Exp (30)
                      ID: alyf_YICdeAce4_mc
            SEMI
          DefList (31)
        StmtList (31)
          Stmt (31)
            IF
            LP
            Exp (31)
              Exp (31)
                MINUS
                Exp (31)
                  NOT
                  Exp (31)
                    MINUS
                    Exp (31)
                      ID: TSIX
              ASSIGNOP
              Exp (31)
                Exp (31)
                  Exp (31)
                    Exp (31)
                      Exp (31)
                        Exp (31)
                          Exp (31)
                            Exp (31)
                              ID: iqJ99b
                              LP
                              RP
                            MINUS
                            Exp (31)
                              ID: piS4KAf_bR6YHXN4MBt
                          PLUS
                          Exp (32)
                            ID: N0gzW
                        MINUS
                        Exp (32)
                          ID: vlrOOhZ22Zy0Zybsx
                      MINUS
                      Exp (32)
                        ID: T
                    MINUS
                    Exp (32)
                      ID: ib0GKbvC7yi
                  RELOP: GE
                  Exp (32)
                    ID: gIf15D_mrWcHa
                AND
                Exp (33)
                  ID: mLl036dRk
            RP
            Stmt (33)
              IF
              LP
              Exp (33)
                ID: nZ82qo
              RP
              Stmt (33)
                Exp (33)
                  ID: QHYtWpYosB1CCdiyz
                SEMI
          StmtList (37)
        RC
    ExtDefList (38)
      ExtDef (38)
        Specifier (38)
          TYPE: float
        SEMI
      ExtDefList (39)
        ExtDef (39)
          Specifier (39)
            StructSpecifier (39)
              STRUCT
              Tag (39)
                ID: TdoQ5w45
          FunDec (39)
            ID: kI0UynGijbmTqDF
            LP
            RP
          CompSt (39)
            LC
            DefList (40)
            StmtList (40)
            RC
        ExtDefList (41)
          ExtDef (41)
            Specifier (41)
              StructSpecifier (41)
                STRUCT
                OptTag (41)
                LC
                DefList (42)
                RC
            SEMI
          ExtDefList (43)
            ExtDef (43)
              Specifier (43)
                StructSpecifier (43)
                  STRUCT
                  Tag (43)
                    ID: _mg
              ExtDecList (43)
                VarDec (43)
                  VarDec (43)
                    VarDec (43)
                      VarDec (43)
                        VarDec (43)
                          ID: J1T7o1_A0zYX6IfLp
                        LB
                        INT: 375352022
                        RB
                      LB
                      INT: 1145261085
                      RB
                    LB
                    INT: 890684738
                    RB
                  LB
                  INT: 363497650
                  RB
                COMMA
                ExtDecList (44)
                  VarDec (44)
                    VarDec (44)
                      ID: czj3laMy6IVtPT
                    LB
                    INT: 275184588
                    RB
              SEMI
            ExtDefList (48)
