Program (1)
  ExtDefList (1)
    ExtDef (1)
      Specifier (1)
        TYPE: int
      FunDec (1)
        ID: fWQzHTiBNIXksiaLB
        LP
        RP
      CompSt (1)
        LC
        DefList (2)
        StmtList (2)
        RC
    ExtDefList (3)
      ExtDef (3)
        Specifier (3)
          TYPE: float
        SEMI
      ExtDefList (4)
        ExtDef (4)
          Specifier (4)
            StructSpecifier (4)
              STRUCT
              OptTag (4)
              LC
              DefList (5)
                Def (5)
                  Specifier (5)
                    StructSpecifier (5)
                      STRUCT
                      OptTag (5)
                        ID: cejRd
                      LC
                      DefList (6)
                        Def (6)
                          Specifier (6)
                            StructSpecifier (6)
                              STRUCT
                              Tag (6)
                                ID: rN9g
                          DecList (6)
                            Dec (6)
                              VarDec (6)
                                ID: Sy9FGf2Vf9mXuqBaqtN
                          SEMI
                        DefList (7)
                      RC
                  DecList (7)
                    Dec (7)
                      VarDec (7)
                        ID: gBx45cT
                  SEMI
                DefList (8)
                  Def (8)
                    Specifier (8)
                      TYPE: int
                    DecList (8)
                      Dec (8)
                        VarDec (8)
                          ID: r2hlJzE6
                    SEMI
                  DefList (9)
                    Def (9)
                      Specifier (9)
                        StructSpecifier (9)
                          STRUCT
                          Tag (9)
                            ID: Hgb9030AoWewam
                      DecList (9)
                        Dec (9)
                          VarDec (9)
                            ID: UXOiVpFMzC3B2sDYkiJ
                      SEMI
                    DefList (10)
                      Def (10)
                        Specifier (10)
                          StructSpecifier (10)
                            STRUCT
                            Tag (10)
                              ID: uF61pO
                        DecList (10)
                          Dec (10)
                            VarDec (10)
                              ID: YnafqAooxsjHzpfp
                        SEMI
                      DefList (11)
                        Def (11)
                          Specifier (11)
                            StructSpecifier (11)
                              STRUCT
                              Tag (11)
                                ID: QQjkiQ_623VHMGKu
                          DecList (11)
                            Dec (11)
                              VarDec (11)
                                ID: NifCwglTUs
                              ASSIGNOP
                              Exp (11)
                                Exp (11)
                                  ID: M8Cgz1MspW
                                AND
                                Exp (12)
                                  Exp (12)
                                    ID: _w5TvYtX
                                  RELOP: LT
                                  Exp (12)
                                    Exp (12)
                                      ID: qbLz1s
                                    PLUS
                                    Exp (12)
                                      Exp (12)
                                        Exp (12)
                                          ID: zg
                                        DIV
                                        Exp (12)
                                          MINUS
                                          Exp (12)
                                            Exp (12)
                                              ID: IpX
                                            LB
                                            Exp (12)
                                              Exp (12)
                                                ID: _pF9C53Huc
                                              ASSIGNOP
                                              Exp (12)
                                                Exp (12)
                                                  ID: DJw_eON
                                                OR
                                                Exp (13)
                                                  Exp (13)
                                                    ID: kiBYDWa4VvbW
                                                  RELOP: GT
                                                  Exp (13)
                                                    Exp (13)
                                                      ID: RODuVEQ9lHNBbarz
                                                    MINUS
                                                    Exp (13)
                                                      MINUS
                                                      Exp (13)
                                                        Exp (13)
                                                          LP
                                                          Exp (13)
                                                            Exp (13)
                                                              ID: ojoS2
                                                            RELOP: EQ
                                                            Exp (14)
                                                              Exp (14)
                                                                ID: GYl
                                                              DIV
                                                              Exp (14)
                                                                ID: BYKcTOIIxmYSb
                                                                LP
                                                                Args (14)
                                                                  Exp (14)
                                                                    Exp (14)
                                                                      ID: bvZmz5GYRQFpKEzcaMrY
                                                                    AND
                                                                    Exp (14)
                                                                      Exp (14)
                                                                        ID: rM3a
                                                                      RELOP: GE
                                                                      Exp (15)
                                                                        Exp (15)
                                                                          NOT
                                                                          Exp (15)
                                                                            Exp (15)
                                                                              ID: HokS5tT_rO
                                                                            LB
                                                                            Exp (15)
                                                                              Exp (15)
                                                                                ID: bMWTjd4a7LcVZJgHBvpQ
                                                                              RELOP: LE
                                                                              Exp (15)
                                                                                Exp (15)
                                                                                  ID: nalDOztD
                                                                                LB
                                                                                Exp (16)
                                                                                  Exp (16)
                                                                                    ID: OaBOEXRV
                                                                                  RELOP: NE
                                                                                  Exp (16)
                                                                                    ID: VqCC
                                                                                RB
                                                                            RB
                                                                        PLUS
                                                                        Exp (16)
                                                                          INT: 328016433
                                                                  COMMA
                                                                  Args (16)
                                                                    Exp (16)
                                                                      Exp (16)
                                                                        NOT
                                                                        Exp (16)
                                                                          ID: XuhpSw
                                                                      STAR
                                                                      Exp (16)
                                                                        FLOAT: 1438503312.187265616
                                                                RP
                                                          RP
                                                        DOT
                                                        ID: jkyP
                                            RB
                                      STAR
                                      Exp (17)
                                        NOT
                                        Exp (17)
                                          ID: mdUUtcFn0STz3I
                                          LP
                                          RP
                            COMMA
                            DecList (17)
                              Dec (17)
                                VarDec (17)
                                  ID: UvLafiqtX4
                          SEMI
                        DefList (18)
              RC
          ExtDecList (18)
            VarDec (18)
              VarDec (18)
                ID: Bgiymlv5VZ1f9
              LB
              INT: 889350597
              RB
          SEMI
        ExtDefList (20)
          ExtDef (20)
            Specifier (20)
              TYPE: int
            ExtDecList (20)
              VarDec (20)
                ID: RkuRuawC1QxNg0v
              COMMA
              ExtDecList (20)
                VarDec (20)
                  ID: TVqtAOB
            SEMI
          ExtDefList (23)
            ExtDef (23)
              Specifier (23)
                TYPE: int
              SEMI
            ExtDefList (24)
              ExtDef (24)
                Specifier (24)
                  TYPE: int
                SEMI
              ExtDefList (25)
                ExtDef (25)
                  Specifier (25)
                    TYPE: int
                  SEMI
                ExtDefList (26)
                  ExtDef (26)
                    Specifier (26)
                      TYPE: int
                    SEMI
                  ExtDefList (27)
                    ExtDef (27)
                      Specifier (27)
                        TYPE: int
                      FunDec (27)
                        ID: oTXStk3VRiem7g
                        LP
                        RP
                      CompSt (27)
                        LC
                        DefList (28)
                        StmtList (28)
                          Stmt (28)
                            CompSt (28)
                              LC
                              DefList (29)
                              StmtList (29)
                                Stmt (29)
                                  Exp (29)
                                    ID: CllOrzdiUcci4oG
                                  SEMI
                                StmtList (30)
                                  Stmt (30)
                                    CompSt (30)
                                      LC
                                      DefList (31)
                                      StmtList (31)
                                      RC
                                  StmtList (31)
                                    Stmt (31)
                                      IF
                                      LP
                                      Exp (31)
                                        ID: ndapZ974oR5Fw9F0KdW
                                      RP
                                      Stmt (31)
                                        Exp (31)
                                          ID: b_0QodIHFxMCbt7TWDF_
                                        SEMI
                                      ELSE
                                      Stmt (33)
                                        Exp (33)
                                          ID: tviAdUWaoJ1ezB
                                        SEMI
                                    StmtList (35)
                              RC
                          StmtList (35)
                            Stmt (35)
                              WHILE
                              LP
                              Exp (35)
                                ID: Sv
                              RP
                              Stmt (35)
                                RETURN
                                Exp (35)
                                  ID: j2aM4rCoAQH
                                SEMI
                            StmtList (37)
                        RC
                    ExtDefList (38)
                      ExtDef (38)
                        Specifier (38)
                          TYPE: int
                        FunDec (38)
                          ID: Nkxt
                          LP
                          VarList (38)
                            ParamDec (38)
                              Specifier (38)
                                TYPE: int
                              VarDec (38)
                                ID: XlZRrCe6TEfJyOme
                            COMMA
                            VarList (38)
                              ParamDec (38)
                                Specifier (38)
                                  TYPE: int
                                VarDec (38)
                                  ID: ZXvF1mwPrb3
                          RP
                        CompSt (39)
                          LC
                          DefList (40)
                          StmtList (40)
                          RC
                      ExtDefList (41)
                        ExtDef (41)
                          Specifier (41)
                            TYPE: int
                          FunDec (41)
                            ID: u2Am2Hr4uV
                            LP
                            VarList (41)
                              ParamDec (41)
                                Specifier (41)
                                  TYPE: int
                                VarDec (41)
                                  ID: MJg_cUXjMKHPMK0MWKD2
                            RP
                          CompSt (41)
                            LC
                            DefList (42)
                            StmtList (42)
                              Stmt (42)
                                IF
                                LP
                                Exp (42)
                                  ID: cdfoamW1ivWXX
                                RP
                                Stmt (42)
                                  Exp (42)
                                    ID: sBov0yFtfNBur
                                  SEMI
                              StmtList (44)
                            RC
                        ExtDefList (45)
                          ExtDef (45)
                            Specifier (45)
                              TYPE: int
                            SEMI
                          ExtDefList (46)
                            ExtDef (46)
                              Specifier (46)
                                TYPE: int
                              FunDec (46)
                                ID: l6u
                                LP
                                RP
                              CompSt (46)
                                LC
                                DefList (47)
                                StmtList (47)
                                  Stmt (47)
                                    Exp (47)
                                      ID: qx0IJ3iW8YlR3XB2IX
                                    SEMI
                                  StmtList (48)
                                    Stmt (48)
                                      CompSt (48)
                                        LC
                                        DefList (49)
                                        StmtList (49)
                                          Stmt (49)
                                            IF
                                            LP
                                            Exp (49)
                                              ID: sOFFYiUh0
                                            RP
                                            Stmt (49)
                                              Exp (49)
                                                ID: SrNm4cwJuTzODV
                                              SEMI
                                            ELSE
                                            Stmt (50)
                                              IF
                                              LP
                                              Exp (50)
                                                ID: Q6lHQbZBUS7
                                              RP
                                              Stmt (50)
                                                Exp (50)
                                                  ID: QU72ixGi8baU
                                                SEMI
                                          StmtList (53)
                                        RC
                                    StmtList (53)
                                      Stmt (53)
                                        Exp (53)
                                          ID: B7
                                        SEMI
                                      StmtList (54)
                                RC
                            ExtDefList (55)
                              ExtDef (55)
                                Specifier (55)
                                  TYPE: int
                                FunDec (55)
                                  ID: fFDB
                                  LP
                                  RP
                                CompSt (55)
                                  LC
                                  DefList (56)
                                  StmtList (56)
                                    Stmt (56)
                                      IF
                                      LP
                                      Exp (56)
                                        ID: Iic9lS
                                      RP
                                      Stmt (56)
                                        Exp (56)
                                          ID: K
                                        SEMI
                                      ELSE
                                      Stmt (57)
                                        Exp (57)
                                          ID: rNz_APnY
                                        SEMI
                                    StmtList (59)
                                      Stmt (59)
                                        Exp (59)
                                          ID: d471
                                        SEMI
                                      StmtList (60)
                                  RC
                              ExtDefList (61)
