Program (1)
  ExtDefList (1)
    ExtDef (1)
      Specifier (1)
        StructSpecifier (1)
          STRUCT
          OptTag (1)
          LC
          DefList (2)
            Def (2)
              Specifier (2)
                StructSpecifier (2)
                  STRUCT
                  Tag (2)
                    ID: guDoeJ4pCbkn72
              DecList (2)
                Dec (2)
                  VarDec (2)
                    VarDec (2)
                      ID: eBKzHTDbSq168
                    LB
                    INT: 168491595
                    RB
              SEMI
            DefList (4)
          RC
      ExtDecList (4)
        VarDec (4)
          ID: brT60xzyb
      SEMI
    ExtDefList (6)
