Program (1)
  ExtDefList (1)
    ExtDef (1)
      Specifier (1)
        TYPE: int
      SEMI
    ExtDefList (2)
      ExtDef (2)
        Specifier (2)
          StructSpecifier (2)
            STRUCT
            OptTag (2)
            LC
            DefList (3)
            RC
        SEMI
      ExtDefList (4)
        ExtDef (4)
          Specifier (4)
            TYPE: int
          SEMI
        ExtDefList (5)
          ExtDef (5)
            Specifier (5)
              StructSpecifier (5)
                STRUCT
                OptTag (5)
                LC
                DefList (6)
                RC
            ExtDecList (6)
              VarDec (6)
                ID: n1b3
            SEMI
          ExtDefList (8)
            ExtDef (8)
              Specifier (8)
                StructSpecifier (8)
                  STRUCT
                  OptTag (8)
                    ID: SVsMO0_Z
                  LC
                  DefList (9)
                  RC
              SEMI
            ExtDefList (10)
              ExtDef (10)
                Specifier (10)
                  StructSpecifier (10)
                    STRUCT
                    OptTag (10)
                    LC
                    DefList (11)
                      Def (11)
                        Specifier (11)
                          TYPE: int
                        DecList (11)
                          Dec (11)
                            VarDec (11)
                              ID: aY27QuS
                            ASSIGNOP
                            Exp (11)
                              Exp (11)
                                ID: JYw3sUNJjZLXtr_iq
                              ASSIGNOP
                              Exp (11)
                                Exp (11)
                                  ID: gfJXQCGKbbZI6
                                OR
                                Exp (12)
                                  Exp (12)
                                    ID: BU63gg0XXn0q
                                  AND
                                  Exp (12)
                                    Exp (12)
                                      ID: Fd7
                                    RELOP: NE
                                    Exp (12)
                                      NOT
                                      Exp (12)
                                        Exp (12)
                                          ID: PE7jEqX
                                        LB
                                        Exp (12)
                                          Exp (12)
                                            ID: BMOpQS9MVpA
                                          ASSIGNOP
                                          Exp (13)
                                            Exp (13)
                                              ID: BDuqLneIsDSP9fVHqhn
                                            MINUS
                                            Exp (13)
                                              Exp (13)
                                                Exp (13)
                                                  MINUS
                                                  Exp (13)
                                                    ID: tlVEi
                                                    LP
                                                    Args (13)
                                                      Exp (13)
                                                        Exp (13)
                                                          ID: CDVR0oJvGBs7da
                                                        ASSIGNOP
                                                        Exp (14)
                                                          Exp (14)
                                                            ID: AvHwVEGC
                                                          AND
                                                          Exp (14)
                                                            Exp (14)
                                                              ID: JOL9h6
                                                            RELOP: EQ
                                                            Exp (14)
                                                              Exp (14)
                                                                Exp (14)
                                                                  LP
                                                                  Exp (14)
                                                                    Exp (14)
                                                                      ID: lMimxFfu2riiUunwRQu
                                                                    RELOP: GE
                                                                    Exp (14)
                                                                      LP
                                                                      Exp (14)
                                                                        Exp (14)
                                                                          ID: mOKAZ
                                                                        RELOP: LE
                                                                        Exp (15)
                                                                          Exp (15)
                                                                            ID: jLiwS
                                                                          MINUS
                                                                          Exp (15)
                                                                            Exp (15)
                                                                              ID: vkiwtE3Y1Zg5St_5jS7X
                                                                            STAR
                                                                            Exp (15)
                                                                              NOT
                                                                              Exp (15)
                                                                                MINUS
                                                                                Exp (15)
                                                                                  LP
                                                                                  Exp (15)
                                                                                    Exp (15)
                                                                                      ID: QNeevxTBnVl5L80B
                                                                                    RELOP: LT
                                                                                    Exp (16)
                                                                                      Exp (16)
                                                                                        ID: qQGRe
                                                                                      PLUS
                                                                                      Exp (16)
                                                                                        Exp (16)
                                                                                          ID: NiQx
                                                                                        LB
                                                                                        Exp (16)
                                                                                          Exp (16)
                                                                                            ID: frGyEumyCUZpib43lC
                                                                                          AND
                                                                                          Exp (16)
                                                                                            Exp (16)
                                                                                              ID: uMqY6KpkLOYO
                                                                                            RELOP: GT
                                                                                            Exp (17)
                                                                                              Exp (17)
                                                                                                ID: Qm7zKdbi9vF
                                                                                              PLUS
                                                                                              Exp (17)
                                                                                                LP
                                                                                                Exp (17)
                                                                                                  Exp (17)
                                                                                                    ID: lzn84qRDflrKTOjeE
                                                                                                  ASSIGNOP
                                                                                                  Exp (17)
                                                                                                    Exp (17)
                                                                                                      ID: mSyxENmx4ZpzKMKHkPmg
                                                                                                    ASSIGNOP
                                                                                                    Exp (18)
                                                                                                      Exp (18)
                                                                                                        ID: BK_Hr
                                                                                                      RELOP: GT
                                                                                                      Exp (18)
                                                                                                        Exp (18)
                                                                                                          ID: qrew
                                                                                                        MINUS
                                                                                                        Exp (18)
                                                                                                          Exp (18)
                                                                                                            ID: DiuJZc9r1T
                                                                                                          LB
                                                                                                          Exp (18)
                                                                                                            Exp (18)
                                                                                                              ID: HcSuk1SQfmEUXYr
                                                                                                            ASSIGNOP
                                                                                                            Exp (18)
                                                                                                              Exp (18)
                                                                                                                ID: l27Mr2
                                                                                                              ASSIGNOP
                                                                                                              Exp (19)
                                                                                                                Exp (19)
                                                                                                                  ID: o5GpRCYreJ
                                                                                                                OR
                                                                                                                Exp (19)
                                                                                                                  Exp (19)
                                                                                                                    ID: QSJE84OBY
                                                                                                                  AND
                                                                                                                  Exp (19)
                                                                                                                    Exp (19)
                                                                                                                      ID: QbkF
                                                                                                                    RELOP: LT
                                                                                                                    Exp (19)
                                                                                                                      Exp (19)
                                                                                                                        ID: sAEQhuxP06
                                                                                                                      PLUS
                                                                                                                      Exp (19)
                                                                                                                        LP
                                                                                                                        Exp (20)
                                                                                                                          Exp (20)
                                                                                                                            Exp (20)
                                                                                                                              ID: EZFe2rxKiP
                                                                                                                            RELOP: NE
                                                                                                                            Exp (20)
                                                                                                                              NOT
                                                                                                                              Exp (20)
                                                                                                                                MINUS
                                                                                                                                Exp (20)
                                                                                                                                  LP
                                                                                                                                  Exp (20)
                                                                                                                                    Exp (20)
                                                                                                                                      LP
                                                                                                                                      Exp (20)
                                                                                                                                        Exp (20)
                                                                                                                                          ID: Kl8UZvE1JImul7Vq3b
                                                                                                                                        RELOP: NE
                                                                                                                                        Exp (20)
                                                                                                                                          Exp (20)
                                                                                                                                            LP
                                                                                                                                            Exp (20)
                                                                                                                                              Exp (20)
                                                                                                                                                ID: ZrYAETKOYDbk5xwv6H
                                                                                                                                              OR
                                                                                                                                              Exp (21)
                                                                                                                                                Exp (21)
                                                                                                                                                  ID: zq7v5iR
                                                                                                                                                AND
                                                                                                                                                Exp (21)
                                                                                                                                                  Exp (21)
                                                                                                                                                    ID: ZCMaj8j1
                                                                                                                                                  STAR
                                                                                                                                                  Exp (21)
                                                                                                                                                    LP
                                                                                                                                                    Exp (21)
                                                                                                                                                      Exp (21)
                                                                                                                                                        ID: t8X_b4
                                                                                                                                                      AND
                                                                                                                                                      Exp (21)
                                                                                                                                                        Exp (21)
                                                                                                                                                          ID: xTrOAMzIe
                                                                                                                                                        PLUS
                                                                                                                                                        Exp (21)
                                                                                                                                                          NOT
                                                                                                                                                          Exp (22)
                                                                                                                                                            ID: uFH9aar
                                                                                                                                                            LP
                                                                                                                                                            Args (22)
                                                                                                                                                              Exp (22)
                                                                                                                                                                ID: BEo2aJH
                                                                                                                                                              COMMA
                                                                                                                                                              Args (22)
                                                                                                                                                                Exp (22)
                                                                                                                                                                  ID: wJE
                                                                                                                                                            RP
                                                                                                                                                    RP
                                                                                                                                            RP
                                                                                                                                          DIV
                                                                                                                                          Exp (22)
                                                                                                                                            ID: tWR7yM
                                                                                                                                      RP
                                                                                                                                    STAR
                                                                                                                                    Exp (22)
                                                                                                                                      Exp (22)
                                                                                                                                        ID: tRc4vt7nH0xvZq1
                                                                                                                                      DOT
                                                                                                                                      ID: u
                                                                                                                                  RP
                                                                                                                          RELOP: GE
                                                                                                                          Exp (23)
                                                                                                                            NOT
                                                                                                                            Exp (23)
                                                                                                                              ID: O
                                                                                                                        RP
                                                                                                          RB
                                                                                                RP
                                                                                        RB
                                                                                  RP
                                                                      RP
                                                                  RP
                                                                DIV
                                                                Exp (23)
                                                                  Exp (23)
                                                                    ID: EsG4uD4x
                                                                  DOT
                                                                  ID: oKivewGGOl0MM
                                                              PLUS
                                                              Exp (24)
                                                                NOT
                                                                Exp (24)
                                                                  FLOAT: 750656039.1702764117
                                                    RP
                                                STAR
                                                Exp (24)
                                                  Exp (24)
                                                    INT: 556869930
                                                  DOT
                                                  ID: VTLh1chRKQ7q52qc
                                              DIV
                                              Exp (25)
                                                MINUS
                                                Exp (25)
                                                  NOT
                                                  Exp (25)
                                                    MINUS
                                                    Exp (25)
                                                      ID: v7diCa_JLrRs7ahLZIpj
                                                      LP
                                                      RP
                                        RB
                        SEMI
                      DefList (26)
                    RC
                ExtDecList (26)
                  VarDec (26)
                    ID: xhZTMduj9N
                  COMMA
                  ExtDecList (26)
                    VarDec (26)
                      VarDec (26)
                        ID: In6Y0D49t13i_VX2FFh
                      LB
                      INT: 1261574555
                      RB
                SEMI
              ExtDefList (29)
                ExtDef (29)
                  Specifier (29)
                    StructSpecifier (29)
                      STRUCT
                      Tag (29)
                        ID: NPGAbn_zXLPDEB
                  FunDec (29)
                    ID: PMYqT5ZqW5qKH9Ss4QQD
                    LP
                    VarList (29)
                      ParamDec (29)
                        Specifier (29)
                          TYPE: float
                        VarDec (30)
                          ID: a2
                    RP
                  CompSt (30)
                    LC
                    DefList (31)
                    StmtList (31)
                    RC
                ExtDefList (32)
                  ExtDef (32)
                    Specifier (32)
                      StructSpecifier (32)
                        STRUCT
                        Tag (32)
                          ID: avpg1PV
                    SEMI
                  ExtDefList (33)
                    ExtDef (33)
                      Specifier (33)
                        TYPE: int
                      SEMI
                    ExtDefList (34)
                      ExtDef (34)
                        Specifier (34)
                          TYPE: int
                        SEMI
                      ExtDefList (35)
                        ExtDef (35)
                          Specifier (35)
                            TYPE: int
                          SEMI
                        ExtDefList (36)
                          ExtDef (36)
                            Specifier (36)
                              StructSpecifier (36)
                                STRUCT
                                Tag (36)
                                  ID: xHW74C
                            SEMI
                          ExtDefList (37)
                            ExtDef (37)
                              Specifier (37)
                                TYPE: int
                              SEMI
                            ExtDefList (38)
                              ExtDef (38)
                                Specifier (38)
                                  TYPE: int
                                SEMI
                              ExtDefList (39)
                                ExtDef (39)
                                  Specifier (39)
                                    StructSpecifier (39)
                                      STRUCT
                                      Tag (39)
                                        ID: kDVgrFCiqAQUAN2C6
                                  SEMI
                                ExtDefList (40)
                                  ExtDef (40)
                                    Specifier (40)
                                      TYPE: int
                                    FunDec (40)
                                      ID: yQWvrg_A
                                      LP
                                      VarList (40)
                                        ParamDec (40)
                                          Specifier (40)
                                            TYPE: int
                                          VarDec (40)
                                            ID: uY82
                                        COMMA
                                        VarList (40)
                                          ParamDec (40)
                                            Specifier (40)
                                              TYPE: int
                                            VarDec (40)
                                              ID: Sy
                                      RP
                                    CompSt (40)
                                      LC
                                      DefList (41)
                                      StmtList (41)
                                      RC
                                  ExtDefList (42)
                                    ExtDef (42)
                                      Specifier (42)
                                        StructSpecifier (42)
                                          STRUCT
                                          OptTag (42)
                                          LC
                                          DefList (43)
                                            Def (43)
                                              Specifier (43)
                                                TYPE: int
                                              DecList (43)
                                                Dec (43)
                                                  VarDec (43)
                                                    ID: oBA
                                                COMMA
                                                DecList (43)
                                                  Dec (43)
                                                    VarDec (43)
                                                      ID: HakubS57paD
                                              SEMI
                                            DefList (44)
                                          RC
                                      FunDec (44)
                                        ID: YLEAjFuEHzAFhqRhHE
                                        LP
                                        RP
                                      CompSt (44)
                                        LC
                                        DefList (45)
                                        StmtList (45)
                                          Stmt (45)
                                            IF
                                            LP
                                            Exp (45)
                                              ID: yI
                                            RP
                                            Stmt (45)
                                              Exp (45)
                                                ID: VKnAx
                                              SEMI
                                          StmtList (47)
                                        RC
                                    ExtDefList (48)
                                      ExtDef (48)
                                        Specifier (48)
                                          TYPE: int
                                        FunDec (48)
                                          ID: _WsSQDx2NSY7LBqC9o4
                                          LP
                                          RP
                                        CompSt (48)
                                          LC
                                          DefList (49)
                                          StmtList (49)
                                            Stmt (49)
                                              Exp (49)
                                                ID: r3Ov2J8D4j6Nb_m
                                              SEMI
                                            StmtList (50)
                                              Stmt (50)
                                                IF
                                                LP
                                                Exp (50)
                                                  ID: V2gqc8F04FlB2eTQ
                                                RP
                                                Stmt (50)
                                                  Exp (50)
                                                    ID: FSM2MMkMPV6C
                                                  SEMI
                                                ELSE
                                                Stmt (51)
                                                  WHILE
                                                  LP
                                                  Exp (51)
                                                    ID: xbV1MciaA4n
                                                  RP
                                                  Stmt (51)
                                                    Exp (51)
                                                      ID: SdjVszs2xzihcIhfdD
                                                    SEMI
                                              StmtList (55)
                                                Stmt (55)
                                                  RETURN
                                                  Exp (55)
                                                    ID: NTBjsD1BME
                                                  SEMI
                                                StmtList (56)
                                                  Stmt (56)
                                                    CompSt (56)
                                                      LC
                                                      DefList (57)
                                                      StmtList (57)
                                                      RC
                                                  StmtList (57)
                                          RC
                                      ExtDefList (58)
                                        ExtDef (58)
                                          Specifier (58)
                                            TYPE: int
                                          SEMI
                                        ExtDefList (59)
                                          ExtDef (59)
                                            Specifier (59)
                                              TYPE: int
                                            FunDec (59)
                                              ID: HFVUHjBuGJJ5vh7iQa2Q
                                              LP
                                              RP
                                            CompSt (59)
                                              LC
                                              DefList (60)
                                              StmtList (60)
                                              RC
                                          ExtDefList (61)
                                            ExtDef (61)
                                              Specifier (61)
                                                TYPE: int
                                              FunDec (61)
                                                ID: TY
                                                LP
                                                RP
                                              CompSt (61)
                                                LC
                                                DefList (62)
                                                StmtList (62)
                                                  Stmt (62)
                                                    Exp (62)
                                                      ID: Byf
                                                    SEMI
                                                  StmtList (63)
                                                RC
                                            ExtDefList (64)
                                              ExtDef (64)
                                                Specifier (64)
                                                  TYPE: int
                                                SEMI
                                              ExtDefList (65)
                                                ExtDef (65)
                                                  Specifier (65)
                                                    TYPE: int
                                                  FunDec (65)
                                                    ID: DN0N1LGj2OrbtT_i
                                                    LP
                                                    RP
                                                  CompSt (65)
                                                    LC
                                                    DefList (66)
                                                    StmtList (66)
                                                    RC
                                                ExtDefList (67)
                                                  ExtDef (67)
                                                    Specifier (67)
                                                      TYPE: int
                                                    FunDec (67)
                                                      ID: YF
                                                      LP
                                                      RP
                                                    CompSt (67)
                                                      LC
                                                      DefList (68)
                                                      StmtList (68)
                                                        Stmt (68)
                                                          Exp (68)
                                                            ID: lN2z7M4tRC9gaAqZ
                                                          SEMI
                                                        StmtList (69)
                                                          Stmt (69)
                                                            Exp (69)
                                                              ID: yLni7jYPITWHnvhxF1_o
                                                            SEMI
                                                          StmtList (70)
                                                      RC
                                                  ExtDefList (71)
                                                    ExtDef (71)
                                                      Specifier (71)
                                                        TYPE: int
                                                      FunDec (71)
                                                        ID: Unk9E95IIgWl
                                                        LP
                                                        RP
                                                      CompSt (71)
                                                        LC
                                                        DefList (72)
                                                        StmtList (72)
                                                          Stmt (72)
                                                            Exp (72)
                                                              ID: Vo1VR06Izy5WIq31W6Y
                                                            SEMI
                                                          StmtList (73)
                                                        RC
                                                    ExtDefList (74)
                                                      ExtDef (74)
                                                        Specifier (74)
                                                          TYPE: int
                                                        FunDec (74)
                                                          ID: y9ptnoSWDYG
                                                          LP
                                                          RP
                                                        CompSt (74)
                                                          LC
                                                          DefList (75)
                                                          StmtList (75)
                                                          RC
                                                      ExtDefList (76)
                                                        ExtDef (76)
                                                          Specifier (76)
                                                            TYPE: int
                                                          FunDec (76)
                                                            ID: gXsZsgRSlUPOrXEj
                                                            LP
                                                            RP
                                                          CompSt (76)
                                                            LC
                                                            DefList (77)
                                                            StmtList (77)
                                                            RC
                                                        ExtDefList (78)
                                                          ExtDef (78)
                                                            Specifier (78)
                                                              TYPE: int
                                                            FunDec (78)
                                                              ID: KIw6WN
                                                              LP
                                                              RP
                                                            CompSt (78)
                                                              LC
                                                              DefList (79)
                                                              StmtList (79)
                                                                Stmt (79)
                                                                  Exp (79)
                                                                    ID: VU7NkMDcT3i
                                                                  SEMI
                                                                StmtList (80)
                                                                  Stmt (80)
                                                                    Exp (80)
                                                                      ID: onEzOO
                                                                    SEMI
                                                                  StmtList (81)
                                                                    Stmt (81)
                                                                      IF
                                                                      LP
                                                                      Exp (81)
                                                                        ID: sY2WZN32BJogETirL2
                                                                      RP
                                                                      Stmt (81)
                                                                        Exp (81)
                                                                          ID: XyFx6cLt4fbYZT_xP
                                                                        SEMI
                                                                      ELSE
                                                                      Stmt (82)
                                                                        IF
                                                                        LP
                                                                        Exp (82)
                                                                          ID: TFc5tIOQifbb4G
                                                                        RP
                                                                        Stmt (82)
                                                                          Exp (82)
                                                                            ID: O3X4pRSHstCvGH6w
                                                                          SEMI
                                                                    StmtList (85)
                                                              RC
                                                          ExtDefList (86)
                                                            ExtDef (86)
                                                              Specifier (86)
                                                                TYPE: int
                                                              FunDec (86)
                                                                ID: vr7JartdxA5qDjOPu
                                                                LP
                                                                RP
                                                              CompSt (86)
                                                                LC
                                                                DefList (87)
                                                                StmtList (87)
                                                                RC
                                                            ExtDefList (88)
