Program (1)
  ExtDefList (1)
    ExtDef (1)
      Specifier (1)
        TYPE: float
      FunDec (1)
        ID: a4eRfe1MlTK
        LP
        RP
      CompSt (1)
        LC
        DefList (2)
        StmtList (2)
        RC
    ExtDefList (3)
      ExtDef (3)
        Specifier (3)
          StructSpecifier (3)
            STRUCT
            OptTag (3)
              ID: yhHtaCi43kcNPqS
            LC
            DefList (4)
              Def (4)
                Specifier (4)
                  StructSpecifier (4)
                    STRUCT
                    OptTag (4)
                    LC
                    DefList (5)
                    RC
                DecList (5)
                  Dec (5)
                    VarDec (5)
                      ID: C
                SEMI
              DefList (6)
                Def (6)
                  Specifier (6)
                    TYPE: int
                  DecList (6)
                    Dec (6)
                      VarDec (6)
                        ID: c
                  SEMI
                DefList (7)
                  Def (7)
                    Specifier (7)
                      StructSpecifier (7)
                        STRUCT
                        Tag (7)
                          ID: sr9m7pFbf7pNolaoK
                    DecList (7)
                      Dec (7)
                        VarDec (7)
                          ID: JFzthZDKtkZ7Qr8fEJf
                    SEMI
                  DefList (8)
                    Def (8)
                      Specifier (8)
                        TYPE: int
                      DecList (8)
                        Dec (8)
                          VarDec (8)
                            ID: ry
                          ASSIGNOP
                          Exp (8)
                            Exp (8)
                              ID: z_8ihMbnMIK
                            ASSIGNOP
                            Exp (8)
                              Exp (8)
                                ID: gn7m_aWh5Cl
                              AND
                              Exp (8)
                                Exp (8)
                                  Exp (8)
                                    ID: BCbde7GzrK0Y
                                  MINUS
                                  Exp (9)
                                    Exp (9)
                                      ID: LdrpxdHOAXGtu1Q
                                    STAR
                                    Exp (9)
                                      MINUS
                                      Exp (9)
                                        NOT
                                        Exp (9)
                                          ID: A0nsyg3mr99_bdHvtbVM
                                          LP
                                          Args (9)
                                            Exp (9)
                                              Exp (9)
                                                ID: T17Zj41a
                                              ASSIGNOP
                                              Exp (10)
                                                Exp (10)
                                                  ID: QybdkqNoEBRxL_nP
                                                ASSIGNOP
                                                Exp (10)
                                                  Exp (10)
                                                    ID: arBAV
                                                  ASSIGNOP
                                                  Exp (10)
                                                    Exp (10)
                                                      ID: N1X7Sj5mKV_sg0FnYl_
                                                    OR
                                                    Exp (11)
                                                      Exp (11)
                                                        ID: mjWZbnnnDb9FvNM
                                                      RELOP: GE
                                                      Exp (11)
                                                        Exp (11)
                                                          ID: KHaMrCcog7Lj
                                                        PLUS
                                                        Exp (11)
                                                          Exp (11)
                                                            ID: xwXdfeSb7otiHvw
                                                          DIV
                                                          Exp (12)
                                                            MINUS
                                                            Exp (12)
                                                              Exp (12)
                                                                Exp (12)
                                                                  ID: nWa
                                                                LB
                                                                Exp (12)
                                                                  Exp (12)
                                                                    ID: B_2XIKM2C4
                                                                  ASSIGNOP
                                                                  Exp (12)
                                                                    Exp (12)
                                                                      ID: s
                                                                    RELOP: GT
                                                                    Exp (12)
                                                                      Exp (12)
                                                                        MINUS
                                                                        Exp (12)
                                                                          LP
                                                                          Exp (12)
                                                                            Exp (12)
                                                                              ID: BF0qvW0KEydB
                                                                            OR
                                                                            Exp (12)
                                                                              Exp (12)
                                                                                Exp (12)
                                                                                  ID: hKtnX1JTArD
                                                                                RELOP: NE
                                                                                Exp (13)
                                                                                  LP
                                                                                  Exp (13)
                                                                                    Exp (13)
                                                                                      ID: IoeL
                                                                                    AND
                                                                                    Exp (13)
                                                                                      Exp (13)
                                                                                        ID: JxLz_U5cV9qa226t5
                                                                                      RELOP: LE
                                                                                      Exp (13)
                                                                                        Exp (13)
                                                                                          Exp (13)
                                                                                            ID: ZYB8
                                                                                          MINUS
                                                                                          Exp (13)
                                                                                            Exp (13)
                                                                                              ID: gf4xbD8AV
                                                                                            DIV
                                                                                            Exp (14)
                                                                                              NOT
                                                                                              Exp (14)
                                                                                                Exp (14)
                                                                                                  ID: Nzzd8
                                                                                                LB
                                                                                                Exp (14)
                                                                                                  Exp (14)
                                                                                                    ID: nTh3tEIm
                                                                                                  AND
                                                                                                  Exp (14)
                                                                                                    Exp (14)
                                                                                                      ID: CA1u5n
                                                                                                    RELOP: NE
                                                                                                    Exp (14)
                                                                                                      Exp (14)
                                                                                                        ID: mb9mLMTR
                                                                                                      STAR
                                                                                                      Exp (14)
                                                                                                        NOT
                                                                                                        Exp (14)
                                                                                                          ID: aBYy4CHYQnAOrPlm8nc
                                                                                                          LP
                                                                                                          Args (15)
                                                                                                            Exp (15)
                                                                                                              ID: qud0Y26JV3_bsWz
                                                                                                            COMMA
                                                                                                            Args (15)
                                                                                                              Exp (15)
                                                                                                                ID: qSIBnsydder2xgu6QuV
                                                                                                          RP
                                                                                                RB
                                                                                        MINUS
                                                                                        Exp (15)
                                                                                          MINUS
                                                                                          Exp (15)
                                                                                            ID: sc4m0h3_kxVSBlcnesJ
                                                                                  RP
                                                                              RELOP: EQ
                                                                              Exp (16)
                                                                                Exp (16)
                                                                                  INT: 561897870
                                                                                STAR
                                                                                Exp (16)
                                                                                  ID: SBc
                                                                          RP
                                                                      DIV
                                                                      Exp (16)
                                                                        MINUS
                                                                        Exp (16)
                                                                          MINUS
                                                                          Exp (16)
                                                                            NOT
                                                                            Exp (16)
                                                                              ID: MD14ckA3c42E
                                                                              LP
                                                                              RP
                                                                RB
                                                              DOT
                                                              ID: Ra
                                          RP
                                RELOP: LT
                                Exp (17)
                                  FLOAT: 968909713.505919190
                        COMMA
                        DecList (17)
                          Dec (17)
                            VarDec (17)
                              ID: kO93234WsIk
                      SEMI
                    DefList (18)
            RC
        ExtDecList (18)
          VarDec (18)
            ID: kEMWKxMyGvA
          COMMA
          ExtDecList (18)
            VarDec (18)
              VarDec (18)
                ID: gEESgnQOqIRV
              LB
              INT: 207057965
              RB
        SEMI
      ExtDefList (21)
        ExtDef (21)
          Specifier (21)
            TYPE: int
          SEMI
        ExtDefList (22)
          ExtDef (22)
            Specifier (22)
              TYPE: int
            FunDec (22)
              ID: tSWC
              LP
              VarList (22)
                ParamDec (22)
                  Specifier (22)
                    TYPE: int
                  VarDec (22)
                    ID: VmqS9PoHyzUYI8iW02
                COMMA
                VarList (22)
                  ParamDec (22)
                    Specifier (22)
                      TYPE: int
                    VarDec (22)
                      ID: qx8R
              RP
            CompSt (22)
              LC
              DefList (23)
              StmtList (23)
              RC
          ExtDefList (24)
            ExtDef (24)
              Specifier (24)
                TYPE: int
              FunDec (24)
                ID: gLt6nS_mhKbY69k0w
                LP
                VarList (24)
                  ParamDec (24)
                    Specifier (24)
                      TYPE: int
                    VarDec (24)
                      ID: kMiUXZC7daQV_udcw9
                RP
              CompSt (24)
                LC
                DefList (25)
                StmtList (25)
                  Stmt (25)
                    IF
                    LP
                    Exp (25)
                      ID: RB
                    RP
                    Stmt (25)
                      WHILE
                      LP
                      Exp (25)
                        ID: uYYjT3Rs8NJ1U
                      RP
                      Stmt (25)
                        Exp (25)
                          ID: bR38agDcW_oChxb_C
                        SEMI
                  StmtList (29)
                    Stmt (29)
                      RETURN
                      Exp (29)
                        ID: k1nHYzSRqmNawf4hE4lO
                      SEMI
                    StmtList (30)
                RC
            ExtDefList (31)
              ExtDef (31)
                Specifier (31)
                  TYPE: int
                SEMI
              ExtDefList (32)
                ExtDef (32)
                  Specifier (32)
                    TYPE: int
                  FunDec (32)
                    ID: L_DHOa9g
                    LP
                    RP
                  CompSt (32)
                    LC
                    DefList (33)
                    StmtList (33)
                      Stmt (33)
                        IF
                        LP
                        Exp (33)
                          ID: BNtd
                        RP
                        Stmt (33)
                          Exp (33)
                            ID: ot_ckKWXSw40Bp
                          SEMI
                        ELSE
                        Stmt (34)
                          IF
                          LP
                          Exp (34)
                            ID: rvMrZr7b1r6uxUPnDPh
                          RP
                          Stmt (34)
                            IF
                            LP
                            Exp (34)
                              ID: OOt_5oMb
                            RP
                            Stmt (35)
                              Exp (35)
                                ID: B
                              SEMI
                            ELSE
                            Stmt (36)
                              CompSt (36)
                                LC
                                DefList (37)
                                StmtList (37)
                                RC
                      StmtList (40)
                    RC
                ExtDefList (41)
                  ExtDef (41)
                    Specifier (41)
                      TYPE: int
                    SEMI
                  ExtDefList (42)
