Program (1)
  ExtDefList (1)
    ExtDef (1)
      Specifier (1)
        TYPE: float
      FunDec (1)
        ID: _Apee7n
        LP
        RP
      CompSt (1)
        LC
        DefList (2)
        StmtList (2)
          Stmt (2)
            IF
            LP
            Exp (2)
              ID: zH1FL
            RP
            Stmt (2)
              CompSt (2)
                LC
                DefList (3)
                  Def (3)
                    Specifier (3)
                      TYPE: int
                    DecList (3)
                      Dec (3)
                        VarDec (3)
                          VarDec (3)
                            ID: U
                          LB
                          INT: 2032126384
                          RB
                        ASSIGNOP
                        Exp (3)
                          Exp (3)
                            ID: lmSzLEMd
                          ASSIGNOP
                          Exp (3)
                            Exp (3)
                              ID: wWZVbQYSIfMMOi
                            RELOP: LT
                            Exp (4)
                              Exp (4)
                                Exp (4)
                                  ID: lq_yl5J4
                                STAR
                                Exp (4)
                                  NOT
                                  Exp (4)
                                    MINUS
                                    Exp (4)
                                      MINUS
                                      Exp (4)
                                        NOT
                                        Exp (4)
                                          Exp (4)
                                            Exp (4)
                                              ID: OnKe
                                            LB
                                            Exp (4)
                                              Exp (4)
                                                ID: jcFjM
                                              OR
                                              Exp (4)
                                                Exp (4)
                                                  ID: qD3ZliAo
                                                AND
                                                Exp (4)
                                                  Exp (4)
                                                    ID: MbZQZ2H_Wrq
                                                  RELOP: GE
                                                  Exp (5)
                                                    Exp (5)
                                                      ID: LDy0AA
                                                    PLUS
                                                    Exp (5)
                                                      Exp (5)
                                                        ID: jq8gPznHo
                                                      DIV
                                                      Exp (5)
                                                        ID: h_s2TV
                                                        LP
                                                        Args (5)
                                                          Exp (5)
                                                            Exp (5)
                                                              ID: hIhKUTYxOemJQOzA0Xjl
                                                            ASSIGNOP
                                                            Exp (6)
                                                              Exp (6)
                                                                ID: lo1HuOuxHnWGcZUwPGne
                                                              ASSIGNOP
                                                              Exp (6)
                                                                Exp (6)
                                                                  ID: JnwnjA
                                                                ASSIGNOP
                                                                Exp (6)
                                                                  Exp (6)
                                                                    Exp (6)
                                                                      ID: cZECCcxseoYR
                                                                    RELOP: NE
                                                                    Exp (7)
                                                                      Exp (7)
                                                                        ID: DmZNgw8HKtDWGsci2I7G
                                                                      MINUS
                                                                      Exp (7)
                                                                        MINUS
                                                                        Exp (7)
                                                                          MINUS
                                                                          Exp (7)
                                                                            Exp (7)
                                                                              ID: ORMhJ
                                                                            LB
                                                                            Exp (7)
                                                                              Exp (7)
                                                                                ID: E
                                                                              RELOP: GT
                                                                              Exp (7)
                                                                                LP
                                                                                Exp (7)
                                                                                  Exp (7)
                                                                                    Exp (7)
                                                                                      Exp (7)
                                                                                        ID: HN2DJNvXhSTAs5fwzl1
                                                                                      LB
                                                                                      Exp (8)
                                                                                        Exp (8)
                                                                                          ID: BbFew6h
                                                                                        DIV
                                                                                        Exp (8)
                                                                                          LP
                                                                                          Exp (8)
                                                                                            Exp (8)
                                                                                              ID: APa4
                                                                                            STAR
                                                                                            Exp (8)
                                                                                              Exp (8)
                                                                                                Exp (8)
                                                                                                  ID: _vew_GGka
                                                                                                LB
                                                                                                Exp (8)
                                                                                                  Exp (8)
                                                                                                    ID: XuK1
                                                                                                  ASSIGNOP
                                                                                                  Exp (8)
                                                                                                    Exp (8)
                                                                                                      ID: hg6OeoAtqekiFp
                                                                                                    ASSIGNOP
                                                                                                    Exp (9)
                                                                                                      Exp (9)
                                                                                                        NOT
                                                                                                        Exp (9)
                                                                                                          ID: iudxJfi67yApv
                                                                                                          LP
                                                                                                          Args (9)
                                                                                                            Exp (9)
                                                                                                              ID: CTkwZYwaMeO0
                                                                                                            COMMA
                                                                                                            Args (9)
                                                                                                              Exp (9)
                                                                                                                ID: F
                                                                                                          RP
                                                                                                      DIV
                                                                                                      Exp (9)
                                                                                                        NOT
                                                                                                        Exp (9)
                                                                                                          ID: W
                                                                                                RB
                                                                                              DOT
                                                                                              ID: H
                                                                                          RP
                                                                                      RB
                                                                                    DIV
                                                                                    Exp (10)
                                                                                      MINUS
                                                                                      Exp (10)
                                                                                        MINUS
                                                                                        Exp (10)
                                                                                          ID: KXV0O
                                                                                  AND
                                                                                  Exp (10)
                                                                                    Exp (10)
                                                                                      MINUS
                                                                                      Exp (10)
                                                                                        NOT
                                                                                        Exp (10)
                                                                                          ID: SwUhA
                                                                                    RELOP: EQ
                                                                                    Exp (10)
                                                                                      Exp (10)
                                                                                        INT: 164541193
                                                                                      STAR
                                                                                      Exp (10)
                                                                                        NOT
                                                                                        Exp (10)
                                                                                          FLOAT: 1276382468.1362536878
                                                                                RP
                                                                            RB
                                                                  RELOP: LE
                                                                  Exp (11)
                                                                    ID: CxUM
                                                        RP
                                            RB
                                          DOT
                                          ID: esqzETz0uSXMDsxqcL
                              MINUS
                              Exp (11)
                                MINUS
                                Exp (11)
                                  ID: KI400VvgLXYF0pXZ
                                  LP
                                  RP
                      COMMA
                      DecList (12)
                        Dec (12)
                          VarDec (12)
                            ID: E
                    SEMI
                  DefList (13)
                StmtList (13)
                RC
          StmtList (14)
        RC
    ExtDefList (15)
      ExtDef (15)
        Specifier (15)
          TYPE: int
        FunDec (15)
          ID: LpRoo2CtNwav
          LP
          VarList (15)
            ParamDec (15)
              Specifier (15)
                TYPE: int
              VarDec (15)
                ID: eo23t7o4Z63wXqL
          RP
        CompSt (15)
          LC
          DefList (16)
          StmtList (16)
          RC
      ExtDefList (17)
        ExtDef (17)
          Specifier (17)
            StructSpecifier (17)
              STRUCT
              OptTag (17)
              LC
              DefList (18)
              RC
          SEMI
        ExtDefList (19)
          ExtDef (19)
            Specifier (19)
              StructSpecifier (19)
                STRUCT
                OptTag (19)
                  ID: fC1VS6L1V8Du1qfQq
                LC
                DefList (20)
                  Def (20)
                    Specifier (20)
                      StructSpecifier (20)
                        STRUCT
                        Tag (20)
                          ID: JZcJyHhRP5lgsR2
                    DecList (20)
                      Dec (20)
                        VarDec (20)
                          ID: DhiAN1lE9mE9RSzgqa
                    SEMI
                  DefList (21)
                    Def (21)
                      Specifier (21)
                        StructSpecifier (21)
                          STRUCT
                          Tag (21)
                            ID: r
                      DecList (21)
                        Dec (21)
                          VarDec (21)
                            ID: b1B
                      SEMI
                    DefList (22)
                RC
            ExtDecList (22)
              VarDec (22)
                ID: UzLuAIZGqeJHMkS
              COMMA
              ExtDecList (22)
                VarDec (22)
                  ID: k378haeIW5i_E
            SEMI
          ExtDefList (25)
            ExtDef (25)
              Specifier (25)
                TYPE: int
              FunDec (25)
                ID: UYOTNRG7
                LP
                VarList (25)
                  ParamDec (25)
                    Specifier (25)
                      TYPE: int
                    VarDec (25)
                      ID: EKtCjV9P4tcVnnmQRKO
                  COMMA
                  VarList (25)
                    ParamDec (25)
                      Specifier (25)
                        TYPE: int
                      VarDec (25)
                        ID: tkgVu5xLlyiWmUfSs2
                RP
              CompSt (26)
                LC
                DefList (27)
                StmtList (27)
                RC
            ExtDefList (28)
              ExtDef (28)
                Specifier (28)
                  TYPE: int
                SEMI
              ExtDefList (29)
                ExtDef (29)
                  Specifier (29)
                    TYPE: int
                  SEMI
                ExtDefList (30)
                  ExtDef (30)
                    Specifier (30)
                      TYPE: int
                    SEMI
                  ExtDefList (31)
                    ExtDef (31)
                      Specifier (31)
                        TYPE: int
                      SEMI
                    ExtDefList (32)
                      ExtDef (32)
                        Specifier (32)
                          TYPE: int
                        SEMI
                      ExtDefList (33)
                        ExtDef (33)
                          Specifier (33)
                            TYPE: int
                          SEMI
                        ExtDefList (34)
                          ExtDef (34)
                            Specifier (34)
                              TYPE: int
                            SEMI
                          ExtDefList (35)
                            ExtDef (35)
                              Specifier (35)
                                TYPE: int
                              FunDec (35)
                                ID: HLShEckHorRpWCe
                                LP
                                RP
                              CompSt (35)
                                LC
                                DefList (36)
                                StmtList (36)
                                RC
                            ExtDefList (37)
                              ExtDef (37)
                                Specifier (37)
                                  TYPE: int
                                FunDec (37)
                                  ID: eB
                                  LP
                                  RP
                                CompSt (37)
                                  LC
                                  DefList (38)
                                  StmtList (38)
                                    Stmt (38)
                                      RETURN
                                      Exp (38)
                                        ID: RHIOKdsX
                                      SEMI
                                    StmtList (39)
                                  RC
                              ExtDefList (40)
                                ExtDef (40)
                                  Specifier (40)
                                    TYPE: int
                                  SEMI
                                ExtDefList (41)
                                  ExtDef (41)
                                    Specifier (41)
                                      TYPE: int
                                    SEMI
                                  ExtDefList (42)
                                    ExtDef (42)
                                      Specifier (42)
                                        TYPE: int
                                      FunDec (42)
                                        ID: tcEIh5A__t1Wu6xiE
                                        LP
                                        RP
                                      CompSt (42)
                                        LC
                                        DefList (43)
                                        StmtList (43)
                                        RC
                                    ExtDefList (44)
                                      ExtDef (44)
                                        Specifier (44)
                                          TYPE: int
                                        FunDec (44)
                                          ID: CVwOooW0_gHeafc8DR6
                                          LP
                                          RP
                                        CompSt (44)
                                          LC
                                          DefList (45)
                                          StmtList (45)
                                            Stmt (45)
                                              Exp (45)
                                                ID: nfqp6Cl3g
                                              SEMI
                                            StmtList (46)
                                          RC
                                      ExtDefList (47)
                                        ExtDef (47)
                                          Specifier (47)
                                            TYPE: int
                                          FunDec (47)
                                            ID: ttHdF39agT
                                            LP
                                            RP
                                          CompSt (47)
                                            LC
                                            DefList (48)
                                            StmtList (48)
                                              Stmt (48)
                                                Exp (48)
                                                  ID: SEtsFt0T_rF1
                                                SEMI
                                              StmtList (49)
                                                Stmt (49)
                                                  IF
                                                  LP
                                                  Exp (49)
                                                    ID: tt8e6uyg1nIjsn43nLA
                                                  RP
                                                  Stmt (49)
                                                    IF
                                                    LP
                                                    Exp (49)
                                                      ID: PtkhQ
                                                    RP
                                                    Stmt (49)
                                                      IF
                                                      LP
                                                      Exp (50)
                                                        ID: VRr
                                                      RP
                                                      Stmt (50)
                                                        Exp (50)
                                                          ID: LrnYdI6PmFLjApdL_H2_
                                                        SEMI
                                                      ELSE
                                                      Stmt (51)
                                                        IF
                                                        LP
                                                        Exp (51)
                                                          ID: BSBNCa
                                                        RP
                                                        Stmt (51)
                                                          Exp (51)
                                                            ID: WqvDbnNb4wQTazUU6p
                                                          SEMI
                                                        ELSE
                                                        Stmt (52)
                                                          CompSt (52)
                                                            LC
                                                            DefList (53)
                                                            StmtList (53)
                                                              Stmt (53)
                                                                Exp (53)
                                                                  ID: uCBPbYSUg4
                                                                SEMI
                                                              StmtList (54)
                                                                Stmt (54)
                                                                  Exp (54)
                                                                    ID: pRChq
                                                                  SEMI
                                                                StmtList (55)
                                                                  Stmt (55)
                                                                    IF
                                                                    LP
                                                                    Exp (55)
                                                                      ID: Ezn5KMORIty2aULM8i
                                                                    RP
                                                                    Stmt (55)
                                                                      Exp (55)
                                                                        ID: NM9TcA
                                                                      SEMI
                                                                    ELSE
                                                                    Stmt (56)
                                                                      IF
                                                                      LP
                                                                      Exp (56)
                                                                        ID: MGp6Y9d2XfCci8g
                                                                      RP
                                                                      Stmt (56)
                                                                        Exp (56)
                                                                          ID: E057rfQG
                                                                        SEMI
                                                                  StmtList (59)
                                                            RC
                                                    ELSE
                                                    Stmt (61)
                                                      Exp (61)
                                                        ID: NybrW2s05_IXbQUC8MvF
                                                      SEMI
                                                  ELSE
                                                  Stmt (63)
                                                    WHILE
                                                    LP
                                                    Exp (63)
                                                      ID: yIpKq6biRAhpwe9_S
                                                    RP
                                                    Stmt (63)
                                                      IF
                                                      LP
                                                      Exp (63)
                                                        ID: F99qdc9lB6zVw
                                                      RP
                                                      Stmt (64)
                                                        CompSt (64)
                                                          LC
                                                          DefList (65)
                                                          StmtList (65)
                                                          RC
                                                      ELSE
                                                      Stmt (65)
                                                        WHILE
                                                        LP
                                                        Exp (65)
                                                          ID: KRSwfm3rkSkxUn
                                                        RP
                                                        Stmt (65)
                                                          Exp (65)
                                                            ID: ZNq6n
                                                          SEMI
                                                StmtList (70)
                                            RC
                                        ExtDefList (71)
