Program (1)
  ExtDefList (1)
    ExtDef (1)
      Specifier (1)
        TYPE: int
      SEMI
    ExtDefList (2)
      ExtDef (2)
        Specifier (2)
          TYPE: float
        FunDec (2)
          ID: WMqTfuRQaa4Mdi
          LP
          RP
        CompSt (2)
          LC
          DefList (3)
          StmtList (3)
          RC
      ExtDefList (4)
        ExtDef (4)
          Specifier (4)
            TYPE: int
          SEMI
        ExtDefList (5)
          ExtDef (5)
            Specifier (5)
              StructSpecifier (5)
                STRUCT
                OptTag (5)
                  ID: vHOyn8b05Cb
                LC
                DefList (6)
                  Def (6)
                    Specifier (6)
                      TYPE: int
                    DecList (6)
                      Dec (6)
                        VarDec (6)
                          ID: qFnSg4VcnGYY_K
                    SEMI
                  DefList (7)
                    Def (7)
                      Specifier (7)
                        StructSpecifier (7)
                          STRUCT
                          Tag (7)
                            ID: hM0xBpU0hAcBgeawd
                      DecList (7)
                        Dec (7)
                          VarDec (7)
                            ID: Kp9TOiyFRTsDCmq7N
                      SEMI
                    DefList (8)
                      Def (8)
                        Specifier (8)
                          TYPE: int
                        DecList (8)
                          Dec (8)
                            VarDec (8)
                              ID: N4_ICV3e
                          COMMA
                          DecList (8)
                            Dec (8)
                              VarDec (8)
                                ID: WIHl
                        SEMI
                      DefList (9)
                        Def (9)
                          Specifier (9)
                            TYPE: int
                          DecList (9)
                            Dec (9)
                              VarDec (9)
                                VarDec (9)
                                  ID: SQf
                                LB
                                INT: 1854404664
                                RB
                              ASSIGNOP
                              Exp (9)
                                Exp (9)
                                  ID: W_rdXAe8ffq1uaTYLN_
                                ASSIGNOP
                                Exp (9)
                                  Exp (9)
                                    ID: KMtlIZYKbJ705XDxF
                                  OR
                                  Exp (10)
                                    Exp (10)
                                      ID: qZc8sD9hQ
                                    AND
                                    Exp (10)
                                      Exp (10)
                                        ID: RSfRm9dvhS
                                      RELOP: LT
                                      Exp (10)
                                        Exp (10)
                                          ID: K_k5EF_SV52P
                                        STAR
                                        Exp (10)
                                          MINUS
                                          Exp (10)
                                            NOT
                                            Exp (10)
                                              ID: q_r
                                              LP
                                              Args (11)
                                                Exp (11)
                                                  Exp (11)
                                                    ID: IYi2
                                                  ASSIGNOP
                                                  Exp (11)
                                                    Exp (11)
                                                      Exp (11)
                                                        ID: zemtesUvS7_XTnAP
                                                      PLUS
                                                      Exp (11)
                                                        Exp (11)
                                                          ID: iog0NWztxvugxf8
                                                        DIV
                                                        Exp (11)
                                                          Exp (11)
                                                            ID: rJgdN
                                                          LB
                                                          Exp (12)
                                                            Exp (12)
                                                              Exp (12)
                                                                Exp (12)
                                                                  ID: r50sgXCPR0d
                                                                RELOP: GE
                                                                Exp (12)
                                                                  Exp (12)
                                                                    ID: P71yY60eLWOFlOTrk
                                                                  DIV
                                                                  Exp (12)
                                                                    LP
                                                                    Exp (12)
                                                                      Exp (12)
                                                                        ID: VbzD22YczoJ9
                                                                      AND
                                                                      Exp (13)
                                                                        Exp (13)
                                                                          Exp (13)
                                                                            ID: wBEvVQy3Ei
                                                                          RELOP: GT
                                                                          Exp (13)
                                                                            Exp (13)
                                                                              ID: AmvujvBU4oNne
                                                                            MINUS
                                                                            Exp (13)
                                                                              Exp (13)
                                                                                Exp (13)
                                                                                  LP
                                                                                  Exp (13)
                                                                                    Exp (13)
                                                                                      ID: CHJnyqd8b33f7
                                                                                    ASSIGNOP
                                                                                    Exp (14)
                                                                                      Exp (14)
                                                                                        ID: yRtRm5
                                                                                      OR
                                                                                      Exp (14)
                                                                                        Exp (14)
                                                                                          Exp (14)
                                                                                            Exp (14)
                                                                                              ID: REFqlSVMSYb_9
                                                                                            STAR
                                                                                            Exp (14)
                                                                                              LP
                                                                                              Exp (14)
                                                                                                Exp (14)
                                                                                                  ID: y6cz8asTrspt9P
                                                                                                AND
                                                                                                Exp (14)
                                                                                                  Exp (14)
                                                                                                    ID: AsunuL_jVpATyT129J4E
                                                                                                  RELOP: LE
                                                                                                  Exp (15)
                                                                                                    Exp (15)
                                                                                                      ID: vEcv_i1FKqim2
                                                                                                    MINUS
                                                                                                    Exp (15)
                                                                                                      MINUS
                                                                                                      Exp (15)
                                                                                                        LP
                                                                                                        Exp (15)
                                                                                                          Exp (15)
                                                                                                            ID: EdVGuvd
                                                                                                          ASSIGNOP
                                                                                                          Exp (15)
                                                                                                            Exp (15)
                                                                                                              Exp (15)
                                                                                                                ID: N7b0_j
                                                                                                              OR
                                                                                                              Exp (15)
                                                                                                                Exp (15)
                                                                                                                  Exp (15)
                                                                                                                    ID: mT8Z0GYjOIOS
                                                                                                                  PLUS
                                                                                                                  Exp (16)
                                                                                                                    ID: lDOh2aCMQ7hkWoaW6hu
                                                                                                                    LP
                                                                                                                    Args (16)
                                                                                                                      Exp (16)
                                                                                                                        ID: ZI3z7
                                                                                                                      COMMA
                                                                                                                      Args (16)
                                                                                                                        Exp (16)
                                                                                                                          ID: dmJ7wfEDzfA1x2iHF
                                                                                                                    RP
                                                                                                                AND
                                                                                                                Exp (17)
                                                                                                                  NOT
                                                                                                                  Exp (17)
                                                                                                                    ID: rLQVyyB7MLY
                                                                                                            OR
                                                                                                            Exp (17)
                                                                                                              MINUS
                                                                                                              Exp (17)
                                                                                                                NOT
                                                                                                                Exp (17)
                                                                                                                  MINUS
                                                                                                                  Exp (17)
                                                                                                                    ID: jHcwj803DH8NCLT79Bft
                                                                                                        RP
                                                                                              RP
                                                                                          RELOP: EQ
                                                                                          Exp (18)
                                                                                            NOT
                                                                                            Exp (18)
                                                                                              NOT
                                                                                              Exp (18)
                                                                                                ID: G_Sm
                                                                                        AND
                                                                                        Exp (18)
                                                                                          ID: mslyzLz_Toqdnp7xau3_
                                                                                  RP
                                                                                DOT
                                                                                ID: NW
                                                                              STAR
                                                                              Exp (18)
                                                                                NOT
                                                                                Exp (18)
                                                                                  ID: fA34JGCmjLcsKJr
                                                                        RELOP: NE
                                                                        Exp (19)
                                                                          MINUS
                                                                          Exp (19)
                                                                            INT: 1873451451
                                                                    RP
                                                              RELOP: EQ
                                                              Exp (19)
                                                                NOT
                                                                Exp (19)
                                                                  MINUS
                                                                  Exp (19)
                                                                    FLOAT: 560819293.973401275
                                                            RELOP: LE
                                                            Exp (19)
                                                              MINUS
                                                              Exp (20)
                                                                Exp (20)
                                                                  ID: t
                                                                  LP
                                                                  RP
                                                                DOT
                                                                ID: T8hG4lnbsl3
                                                          RB
                                                    MINUS
                                                    Exp (20)
                                                      ID: S3FdO
                                              RP
                          SEMI
                        DefList (21)
                RC
            ExtDecList (21)
              VarDec (21)
                ID: f8zR7BXMz6ZNMNF8HJ
            SEMI
          ExtDefList (23)
            ExtDef (23)
              Specifier (23)
                TYPE: int
              ExtDecList (23)
                VarDec (23)
                  ID: NopjfxAb6pMnEYJhr
                COMMA
                ExtDecList (23)
                  VarDec (23)
                    ID: fUE8r8BoavFBIfGllTM
              SEMI
            ExtDefList (26)
              ExtDef (26)
                Specifier (26)
                  TYPE: int
                SEMI
              ExtDefList (27)
                ExtDef (27)
                  Specifier (27)
                    TYPE: int
                  SEMI
                ExtDefList (28)
                  ExtDef (28)
                    Specifier (28)
                      TYPE: int
                    FunDec (28)
                      ID: UQGNtb5QacpoaV1pJFV_
                      LP
                      VarList (28)
                        ParamDec (28)
                          Specifier (28)
                            TYPE: int
                          VarDec (28)
                            ID: Tn
                        COMMA
                        VarList (28)
                          ParamDec (28)
                            Specifier (28)
                              TYPE: int
                            VarDec (28)
                              ID: tP
                      RP
                    CompSt (28)
                      LC
                      DefList (29)
                      StmtList (29)
                        Stmt (29)
                          Exp (29)
                            ID: OY9ThyYm6QGSSfxM
                          SEMI
                        StmtList (30)
                          Stmt (30)
                            Exp (30)
                              ID: oSNFW
                            SEMI
                          StmtList (31)
                            Stmt (31)
                              Exp (31)
                                ID: HO97R7oQM56cQH5xito
                              SEMI
                            StmtList (32)
                              Stmt (32)
                                Exp (32)
                                  ID: tw6
                                SEMI
                              StmtList (33)
                                Stmt (33)
                                  Exp (33)
                                    ID: x9_Fc
                                  SEMI
                                StmtList (34)
                                  Stmt (34)
                                    Exp (34)
                                      ID: Kg
                                    SEMI
                                  StmtList (35)
                                    Stmt (35)
                                      Exp (35)
                                        ID: jQe3a6N2lz38lWSB4xw
                                      SEMI
                                    StmtList (36)
                                      Stmt (36)
                                        IF
                                        LP
                                        Exp (36)
                                          ID: i4bDQ_do8RBBqpHhC
                                        RP
                                        Stmt (36)
                                          Exp (36)
                                            ID: Y
                                          SEMI
                                        ELSE
                                        Stmt (37)
                                          IF
                                          LP
                                          Exp (37)
                                            ID: _5DBoLn_YH7H8axnr
                                          RP
                                          Stmt (37)
                                            CompSt (37)
                                              LC
                                              DefList (38)
                                              StmtList (38)
                                                Stmt (38)
                                                  Exp (38)
                                                    ID: CatnzmM4HKbmbQrN
                                                  SEMI
                                                StmtList (39)
                                                  Stmt (39)
                                                    Exp (39)
                                                      ID: g8Yo63gHFU0_nQmdk4vI
                                                    SEMI
                                                  StmtList (40)
                                                    Stmt (40)
                                                      Exp (40)
                                                        ID: qEIub2
                                                      SEMI
                                                    StmtList (41)
                                                      Stmt (41)
                                                        Exp (41)
                                                          ID: uYrD5
                                                        SEMI
                                                      StmtList (42)
                                                        Stmt (42)
                                                          Exp (42)
                                                            ID: qFJCYTV2qSwsYZvbcV
                                                          SEMI
                                                        StmtList (43)
                                                          Stmt (43)
                                                            IF
                                                            LP
                                                            Exp (43)
                                                              ID: _4HfKq3jMQL
                                                            RP
                                                            Stmt (43)
                                                              IF
                                                              LP
                                                              Exp (43)
                                                                ID: Mx9iG93mGs
                                                              RP
                                                              Stmt (43)
                                                                Exp (43)
                                                                  ID: c7
                                                                SEMI
                                                              ELSE
                                                              Stmt (45)
                                                                RETURN
                                                                Exp (45)
                                                                  ID: D40GxCTXE5POFkN7
                                                                SEMI
                                                          StmtList (48)
                                              RC
                                      StmtList (50)
                                        Stmt (50)
                                          WHILE
                                          LP
                                          Exp (50)
                                            ID: HgzuF
                                          RP
                                          Stmt (50)
                                            Exp (50)
                                              ID: HsqfPPuHYiD1F
                                            SEMI
                                        StmtList (52)
                      RC
                  ExtDefList (53)
                    ExtDef (53)
                      Specifier (53)
                        StructSpecifier (53)
                          STRUCT
                          OptTag (53)
                          LC
                          DefList (54)
                          RC
                      SEMI
                    ExtDefList (55)
