Program (1)
  ExtDefList (1)
    ExtDef (1)
      Specifier (1)
        TYPE: int
      FunDec (1)
        ID: VRyo0ntuF6oD40XfezN
        LP
        VarList (1)
          ParamDec (1)
            Specifier (1)
              StructSpecifier (1)
                STRUCT
                OptTag (1)
                LC
                DefList (2)
                  Def (2)
                    Specifier (2)
                      TYPE: int
                    DecList (2)
                      Dec (2)
                        VarDec (2)
                          ID: SnpPJdGv27j1
                    SEMI
                  DefList (3)
                    Def (3)
                      Specifier (3)
                        StructSpecifier (3)
                          STRUCT
                          Tag (3)
                            ID: zXpSkdouTtOHMQRTZHL
                      DecList (3)
                        Dec (3)
                          VarDec (3)
                            ID: E_SHTQpX
                      SEMI
                    DefList (4)
                      Def (4)
                        Specifier (4)
                          TYPE: int
                        DecList (4)
                          Dec (4)
                            VarDec (4)
                              ID: Gz4m
                          COMMA
                          DecList (4)
                            Dec (4)
                              VarDec (4)
                                ID: gau
                        SEMI
                      DefList (5)
                        Def (5)
                          Specifier (5)
                            TYPE: int
                          DecList (5)
                            Dec (5)
                              VarDec (5)
                                ID: X28qvN8nrpQoDi4o
                              ASSIGNOP
                              Exp (5)
                                ID: oxl
                          SEMI
                        DefList (6)
                RC
            VarDec (6)
              VarDec (6)
                ID: q0i
              LB
              INT: 122339015
              RB
          COMMA
          VarList (6)
            ParamDec (6)
              Specifier (6)
                TYPE: float
              VarDec (6)
                ID: dm9MvNdxW
        RP
      CompSt (6)
        LC
        DefList (7)
        StmtList (7)
          Stmt (7)
            IF
            LP
            Exp (7)
              ID: _Ucoj4dk29rX
            RP
            Stmt (7)
              WHILE
              LP
              Exp (7)
                ID: x
              RP
              Stmt (7)
                Exp (7)
                  Exp (7)
                    ID: frBPm01hV7v3vC
                  OR
                  Exp (8)
                    Exp (8)
                      ID: j4_xyMp2JvSB
                    AND
                    Exp (8)
                      Exp (8)
                        ID: JKtqrh3X
                      RELOP: GT
                      Exp (8)
                        Exp (8)
                          ID: yfP3JW_FYVIeU4
                        MINUS
                        Exp (8)
                          Exp (8)
                            ID: qI7
                          STAR
                          Exp (9)
                            MINUS
                            Exp (9)
                              Exp (9)
                                ID: qZL0A2d
                              LB
                              Exp (9)
                                Exp (9)
                                  ID: D3kBJ79
                                ASSIGNOP
                                Exp (9)
                                  Exp (9)
                                    ID: rLNvMu
                                  RELOP: NE
                                  Exp (9)
                                    Exp (9)
                                      ID: Pg71eTg3WtpnTn
                                    PLUS
                                    Exp (10)
                                      NOT
                                      Exp (10)
                                        ID: e9BX8vV_iQXGMMtjUH
                                        LP
                                        Args (10)
                                          Exp (10)
                                            Exp (10)
                                              ID: WFgK9SW37
                                            ASSIGNOP
                                            Exp (10)
                                              Exp (10)
                                                ID: fw
                                              ASSIGNOP
                                              Exp (10)
                                                Exp (10)
                                                  ID: tUOh2iCsqxhKwQ
                                                ASSIGNOP
                                                Exp (11)
                                                  Exp (11)
                                                    ID: MYAwAN4gw5Z9C
                                                  OR
                                                  Exp (11)
                                                    Exp (11)
                                                      Exp (11)
                                                        ID: ix82fHmYbGUFMg6
                                                      RELOP: EQ
                                                      Exp (11)
                                                        MINUS
                                                        Exp (11)
                                                          Exp (11)
                                                            LP
                                                            Exp (11)
                                                              Exp (11)
                                                                ID: IWB_qx7p320QN32IFYuh
                                                              RELOP: LT
                                                              Exp (12)
                                                                Exp (12)
                                                                  ID: eMjfsMD0
                                                                LB
                                                                Exp (12)
                                                                  Exp (12)
                                                                    ID: P
                                                                  STAR
                                                                  Exp (12)
                                                                    MINUS
                                                                    Exp (12)
                                                                      ID: cWz9HE60h1Rm8
                                                                      LP
                                                                      Args (12)
                                                                        Exp (12)
                                                                          ID: iHtHsBfQwyKZwoEqLC
                                                                        COMMA
                                                                        Args (13)
                                                                          Exp (13)
                                                                            Exp (13)
                                                                              ID: HMJIy1zWr_ce28
                                                                            AND
                                                                            Exp (13)
                                                                              Exp (13)
                                                                                ID: SuI81O2RAv6JU
                                                                              RELOP: LE
                                                                              Exp (13)
                                                                                ID: z
                                                                                LP
                                                                                Args (13)
                                                                                  Exp (13)
                                                                                    Exp (13)
                                                                                      ID: KAVP4l6HsQS9lR4p5QO
                                                                                    DIV
                                                                                    Exp (14)
                                                                                      MINUS
                                                                                      Exp (14)
                                                                                        NOT
                                                                                        Exp (14)
                                                                                          MINUS
                                                                                          Exp (14)
                                                                                            MINUS
                                                                                            Exp (14)
                                                                                              INT: 1996441461
                                                                                  COMMA
                                                                                  Args (14)
                                                                                    Exp (14)
                                                                                      ID: Mfq6n2atUe1Z26KP79_R
                                                                                RP
                                                                      RP
                                                                RB
                                                            RP
                                                          DOT
                                                          ID: jRY
                                                    RELOP: GE
                                                    Exp (15)
                                                      Exp (15)
                                                        FLOAT: 811172702.2027217958
                                                      DIV
                                                      Exp (15)
                                                        MINUS
                                                        Exp (15)
                                                          NOT
                                                          Exp (15)
                                                            NOT
                                                            Exp (15)
                                                              ID: K3sL1iw1gXti8ENjcSHb
                                                              LP
                                                              RP
                                        RP
                              RB
                SEMI
          StmtList (19)
        RC
    ExtDefList (20)
      ExtDef (20)
        Specifier (20)
          TYPE: int
        ExtDecList (20)
          VarDec (20)
            ID: gmfTB7GrF1qcvvYAF1hy
        SEMI
      ExtDefList (22)
        ExtDef (22)
          Specifier (22)
            StructSpecifier (22)
              STRUCT
              Tag (22)
                ID: aY2Jw9IDhWhkgT2FJkEE
          SEMI
        ExtDefList (23)
          ExtDef (23)
            Specifier (23)
              TYPE: int
            SEMI
          ExtDefList (24)
            ExtDef (24)
              Specifier (24)
                TYPE: int
              ExtDecList (24)
                VarDec (24)
                  ID: XvSb
                COMMA
                ExtDecList (24)
                  VarDec (24)
                    ID: YNSMy6mi1QA6behsuHY
              SEMI
            ExtDefList (27)
              ExtDef (27)
                Specifier (27)
                  TYPE: int
                SEMI
              ExtDefList (28)
                ExtDef (28)
                  Specifier (28)
                    TYPE: int
                  FunDec (28)
                    ID: Dqih
                    LP
                    RP
                  CompSt (28)
                    LC
                    DefList (29)
                    StmtList (29)
                      Stmt (29)
                        Exp (29)
                          ID: La09NO5yqqtGJY
                        SEMI
                      StmtList (30)
                        Stmt (30)
                          IF
                          LP
                          Exp (30)
                            ID: oDK6sVYrrbKQn_
                          RP
                          Stmt (30)
                            Exp (30)
                              ID: YdH7OB9
                            SEMI
                          ELSE
                          Stmt (31)
                            IF
                            LP
                            Exp (31)
                              ID: y2xKGW
                            RP
                            Stmt (31)
                              CompSt (31)
                                LC
                                DefList (32)
                                StmtList (32)
                                  Stmt (32)
                                    IF
                                    LP
                                    Exp (32)
                                      ID: Z
                                    RP
                                    Stmt (32)
                                      Exp (32)
                                        ID: vhLLbiKlb
                                      SEMI
                                    ELSE
                                    Stmt (33)
                                      Exp (33)
                                        ID: Wwl0jj0NpqqRjT70GZku
                                      SEMI
                                  StmtList (35)
                                    Stmt (35)
                                      RETURN
                                      Exp (35)
                                        ID: F9KWtkxGnw17LcK
                                      SEMI
                                    StmtList (36)
                                RC
                        StmtList (38)
                    RC
                ExtDefList (39)
                  ExtDef (39)
                    Specifier (39)
                      StructSpecifier (39)
                        STRUCT
                        OptTag (39)
                          ID: hmy7G_6
                        LC
                        DefList (40)
                        RC
                    SEMI
                  ExtDefList (41)
                    ExtDef (41)
                      Specifier (41)
                        TYPE: int
                      SEMI
                    ExtDefList (42)
