Program (1)
  ExtDefList (1)
    ExtDef (1)
      Specifier (1)
        StructSpecifier (1)
          STRUCT
          Tag (1)
            ID: sCRROhkkaOAF269P
      FunDec (1)
        ID: V
        LP
        VarList (1)
          ParamDec (1)
            Specifier (1)
              TYPE: float
            VarDec (1)
              ID: yFZ7cJ1ASf
          COMMA
          VarList (1)
            ParamDec (1)
              Specifier (1)
                TYPE: int
              VarDec (2)
                VarDec (2)
                  ID: k6SFAZpw
                LB
                INT: 1975437015
                RB
        RP
      CompSt (2)
        LC
        DefList (3)
        StmtList (3)
        RC
    ExtDefList (4)
      ExtDef (4)
        Specifier (4)
          TYPE: int
        ExtDecList (4)
          VarDec (4)
            ID: Z0rPFbVq
        SEMI
      ExtDefList (6)
        ExtDef (6)
          Specifier (6)
            TYPE: int
          SEMI
        ExtDefList (7)
          ExtDef (7)
            Specifier (7)
              TYPE: int
            SEMI
          ExtDefList (8)
            ExtDef (8)
              Specifier (8)
                TYPE: int
              SEMI
            ExtDefList (9)
              ExtDef (9)
                Specifier (9)
                  TYPE: int
                SEMI
              ExtDefList (10)
                ExtDef (10)
                  Specifier (10)
                    TYPE: int
                  FunDec (10)
                    ID: ioYyxZNGTE
                    LP
                    RP
                  CompSt (10)
                    LC
                    DefList (11)
                    StmtList (11)
                    RC
                ExtDefList (12)
                  ExtDef (12)
                    Specifier (12)
                      StructSpecifier (12)
                        STRUCT
                        OptTag (12)
                        LC
                        DefList (13)
                          Def (13)
                            Specifier (13)
                              TYPE: int
                            DecList (13)
                              Dec (13)
                                VarDec (13)
                                  ID: U7KbeUt
                            SEMI
                          DefList (14)
                            Def (14)
                              Specifier (14)
                                StructSpecifier (14)
                                  STRUCT
                                  OptTag (14)
                                  LC
                                  DefList (15)
                                    Def (15)
                                      Specifier (15)
                                        TYPE: int
                                      DecList (15)
                                        Dec (15)
                                          VarDec (15)
                                            ID: JTt6jYrbN71Gy
                                      SEMI
                                    DefList (16)
                                      Def (16)
                                        Specifier (16)
                                          StructSpecifier (16)
                                            STRUCT
                                            OptTag (16)
                                            LC
                                            DefList (17)
                                              Def (17)
                                                Specifier (17)
                                                  StructSpecifier (17)
                                                    STRUCT
                                                    OptTag (17)
                                                      ID: xjuceBDE3FV
                                                    LC
                                                    DefList (18)
                                                      Def (18)
                                                        Specifier (18)
                                                          TYPE: int
                                                        DecList (18)
                                                          Dec (18)
                                                            VarDec (18)
                                                              ID: RQkt0rFAFzAJ
                                                        SEMI
                                                      DefList (19)
                                                    RC
                                                DecList (19)
                                                  Dec (19)
                                                    VarDec (19)
                                                      ID: vDTxkiwsKPWXk9
                                                SEMI
                                              DefList (20)
                                                Def (20)
                                                  Specifier (20)
                                                    StructSpecifier (20)
                                                      STRUCT
                                                      OptTag (20)
                                                      LC
                                                      DefList (21)
                                                        Def (21)
                                                          Specifier (21)
                                                            TYPE: int
                                                          DecList (21)
                                                            Dec (21)
                                                              VarDec (21)
                                                                ID: JQNcw8Nm6hCyvBQ
                                                          SEMI
                                                        DefList (22)
                                                      RC
                                                  DecList (22)
                                                    Dec (22)
                                                      VarDec (22)
                                                        ID: LLEmZpK4UN9u_YjKmI
                                                  SEMI
                                                DefList (23)
                                            RC
                                        DecList (23)
                                          Dec (23)
                                            VarDec (23)
                                              ID: M09AZnlSCNChH
                                        SEMI
                                      DefList (24)
                                        Def (24)
                                          Specifier (24)
                                            TYPE: int
                                          DecList (24)
                                            Dec (24)
                                              VarDec (24)
                                                ID: T4AgD
                                          SEMI
                                        DefList (25)
                                          Def (25)
                                            Specifier (25)
                                              StructSpecifier (25)
                                                STRUCT
                                                Tag (25)
                                                  ID: J54DuahoCMZrnZSx
                                            DecList (25)
                                              Dec (25)
                                                VarDec (25)
                                                  ID: GgLChsqUQ6
                                            SEMI
                                          DefList (26)
                                            Def (26)
                                              Specifier (26)
                                                TYPE: int
                                              DecList (26)
                                                Dec (26)
                                                  VarDec (26)
                                                    ID: HFQfRjI
                                              SEMI
                                            DefList (27)
                                  RC
                              DecList (27)
                                Dec (27)
                                  VarDec (27)
                                    ID: Hqze
                              SEMI
                            DefList (28)
                        RC
                    FunDec (28)
                      ID: SFzSjSCjXs2Lk1zrF5
                      LP
                      RP
                    CompSt (28)
                      LC
                      DefList (29)
                        Def (29)
                          Specifier (29)
                            TYPE: int
                          DecList (29)
                            Dec (29)
                              VarDec (29)
                                ID: Wf0VZ49ZgQIPBBXUtlg
                          SEMI
                        DefList (30)
                          Def (30)
                            Specifier (30)
                              TYPE: int
                            DecList (30)
                              Dec (30)
                                VarDec (30)
                                  ID: awtnASeJsiq3ZFHdnPKJ
                              COMMA
                              DecList (30)
                                Dec (30)
                                  VarDec (30)
                                    ID: SQpr
                                  ASSIGNOP
                                  Exp (30)
                                    ID: pIr0BmrSFOZCS_S
                            SEMI
                          DefList (32)
                      StmtList (32)
                        Stmt (32)
                          IF
                          LP
                          Exp (32)
                            ID: Gr
                          RP
                          Stmt (32)
                            RETURN
                            Exp (32)
                              Exp (32)
                                ID: BHxsZLzopd
                              ASSIGNOP
                              Exp (32)
                                Exp (32)
                                  ID: _RhtnhARQeXROxzOh
                                RELOP: LT
                                Exp (33)
                                  MINUS
                                  Exp (33)
                                    NOT
                                    Exp (33)
                                      Exp (33)
                                        ID: VESB0K6zOQqfg3By2H
                                        LP
                                        Args (33)
                                          Exp (33)
                                            Exp (33)
                                              ID: O
                                            OR
                                            Exp (33)
                                              Exp (33)
                                                ID: vxIkd0W3BUq9BTB
                                              AND
                                              Exp (34)
                                                Exp (34)
                                                  ID: dl73I2dD6QBj8Wws
                                                RELOP: GE
                                                Exp (34)
                                                  Exp (34)
                                                    ID: kTnLQ5R51uz3oytn
                                                  PLUS
                                                  Exp (34)
                                                    Exp (34)
                                                      Exp (34)
                                                        ID: pzena9
                                                      DIV
                                                      Exp (34)
                                                        Exp (34)
                                                          ID: s0aX_
                                                        LB
                                                        Exp (35)
                                                          Exp (35)
                                                            Exp (35)
                                                              ID: qROqX3Mv
                                                            STAR
                                                            Exp (35)
                                                              NOT
                                                              Exp (35)
                                                                Exp (35)
                                                                  LP
                                                                  Exp (35)
                                                                    Exp (35)
                                                                      ID: RQjFgqyIjmmcIxm
                                                                    AND
                                                                    Exp (35)
                                                                      Exp (35)
                                                                        ID: GX9Xbn9Zg
                                                                      RELOP: GT
                                                                      Exp (35)
                                                                        Exp (35)
                                                                          Exp (35)
                                                                            ID: Lk04ZVbTzAoB
                                                                          DIV
                                                                          Exp (36)
                                                                            MINUS
                                                                            Exp (36)
                                                                              Exp (36)
                                                                                ID: N
                                                                                LP
                                                                                Args (36)
                                                                                  Exp (36)
                                                                                    ID: o
                                                                                  COMMA
                                                                                  Args (36)
                                                                                    Exp (36)
                                                                                      Exp (36)
                                                                                        ID: e6zlRC
                                                                                      ASSIGNOP
                                                                                      Exp (36)
                                                                                        Exp (36)
                                                                                          ID: Bdxz3fY3PljxJiwhR
                                                                                        RELOP: NE
                                                                                        Exp (36)
                                                                                          Exp (36)
                                                                                            Exp (36)
                                                                                              LP
                                                                                              Exp (36)
                                                                                                Exp (36)
                                                                                                  ID: kbhBQn
                                                                                                RELOP: EQ
                                                                                                Exp (37)
                                                                                                  NOT
                                                                                                  Exp (37)
                                                                                                    Exp (37)
                                                                                                      ID: p28zvzz
                                                                                                    LB
                                                                                                    Exp (37)
                                                                                                      Exp (37)
                                                                                                        ID: tDLmzUBcryMP4DvkF5
                                                                                                      AND
                                                                                                      Exp (37)
                                                                                                        Exp (37)
                                                                                                          ID: f37iGswMmd
                                                                                                        RELOP: LE
                                                                                                        Exp (38)
                                                                                                          ID: spTGpZQB9mDN
                                                                                                    RB
                                                                                              RP
                                                                                            DIV
                                                                                            Exp (38)
                                                                                              ID: y2zS_r2Zx1XCIPjb_ab
                                                                                          STAR
                                                                                          Exp (38)
                                                                                            NOT
                                                                                            Exp (38)
                                                                                              ID: p
                                                                                RP
                                                                              DOT
                                                                              ID: lkX1cIp
                                                                        DIV
                                                                        Exp (39)
                                                                          INT: 1404773900
                                                                  RP
                                                                DOT
                                                                ID: Xqmw9Qw4r6y
                                                          MINUS
                                                          Exp (39)
                                                            FLOAT: 996465792.1867857063
                                                        RB
                                                    STAR
                                                    Exp (40)
                                                      NOT
                                                      Exp (40)
                                                        MINUS
                                                        Exp (40)
                                                          NOT
                                                          Exp (40)
                                                            ID: FfTSWeNCLF9rpW5
                                                            LP
                                                            RP
                                        RP
                                      DOT
                                      ID: _dqQp5UI
                            SEMI
                        StmtList (42)
                      RC
                  ExtDefList (43)
                    ExtDef (43)
                      Specifier (43)
                        TYPE: int
                      SEMI
                    ExtDefList (44)
                      ExtDef (44)
                        Specifier (44)
                          TYPE: int
                        SEMI
                      ExtDefList (45)
                        ExtDef (45)
                          Specifier (45)
                            TYPE: int
                          SEMI
                        ExtDefList (46)
                          ExtDef (46)
                            Specifier (46)
                              TYPE: int
                            ExtDecList (46)
                              VarDec (46)
                                ID: yqCywTQJMjoW
                              COMMA
                              ExtDecList (46)
                                VarDec (46)
                                  ID: vRkCW4CovuAEpxUiyew
                            SEMI
                          ExtDefList (49)
                            ExtDef (49)
                              Specifier (49)
                                TYPE: int
                              FunDec (49)
                                ID: EvqHCIgU
                                LP
                                RP
                              CompSt (49)
                                LC
                                DefList (50)
                                StmtList (50)
                                RC
                            ExtDefList (51)
                              ExtDef (51)
                                Specifier (51)
                                  TYPE: int
                                SEMI
                              ExtDefList (52)
                                ExtDef (52)
                                  Specifier (52)
                                    TYPE: int
                                  FunDec (52)
                                    ID: mMv361_QQgOHU
                                    LP
                                    RP
                                  CompSt (52)
                                    LC
                                    DefList (53)
                                    StmtList (53)
                                      Stmt (53)
                                        Exp (53)
                                          ID: PNxUUgL_
                                        SEMI
                                      StmtList (54)
                                        Stmt (54)
                                          IF
                                          LP
                                          Exp (54)
                                            ID: _etoAiAUCOVO1njfI
                                          RP
                                          Stmt (54)
                                            IF
                                            LP
                                            Exp (54)
                                              ID: Wq1fJRwUelE
                                            RP
                                            Stmt (54)
                                              Exp (54)
                                                ID: D
                                              SEMI
                                            ELSE
                                            Stmt (56)
                                              WHILE
                                              LP
                                              Exp (56)
                                                ID: F6
                                              RP
                                              Stmt (56)
                                                Exp (56)
                                                  ID: M
                                                SEMI
                                          ELSE
                                          Stmt (59)
                                            IF
                                            LP
                                            Exp (59)
                                              ID: grIhI2bX8bcljyixY
                                            RP
                                            Stmt (59)
                                              CompSt (59)
                                                LC
                                                DefList (60)
                                                StmtList (60)
                                                RC
                                            ELSE
                                            Stmt (60)
                                              IF
                                              LP
                                              Exp (60)
                                                ID: ZxyTBJ2lob_XGYDzZ
                                              RP
                                              Stmt (60)
                                                IF
                                                LP
                                                Exp (60)
                                                  ID: fqQWsk3kN1sEpxdGp4
                                                RP
                                                Stmt (61)
                                                  IF
                                                  LP
                                                  Exp (61)
                                                    ID: ayzKGoLcqBc8HCv
                                                  RP
                                                  Stmt (61)
                                                    Exp (61)
                                                      ID: MubdNVbyT
                                                    SEMI
                                        StmtList (67)
                                    RC
                                ExtDefList (68)
