Program (1)
  ExtDefList (1)
    ExtDef (1)
      Specifier (1)
        TYPE: float
      ExtDecList (1)
        VarDec (1)
          VarDec (1)
            ID: QTpd
          LB
          INT: 641514388
          RB
        COMMA
        ExtDecList (1)
          VarDec (1)
            ID: VmNUKiRSJY2li
      SEMI
    ExtDefList (4)
      ExtDef (4)
        Specifier (4)
          TYPE: int
        FunDec (4)
          ID: DI6kBjkOvl38rQRjdHP
          LP
          RP
        CompSt (4)
          LC
          DefList (5)
          StmtList (5)
          RC
      ExtDefList (6)
        ExtDef (6)
          Specifier (6)
            StructSpecifier (6)
              STRUCT
              Tag (6)
                ID: ciZU2x0HYLwq4J
          SEMI
        ExtDefList (7)
          ExtDef (7)
            Specifier (7)
              TYPE: int
            SEMI
          ExtDefList (8)
            ExtDef (8)
              Specifier (8)
                StructSpecifier (8)
                  STRUCT
                  OptTag (8)
                  LC
                  DefList (9)
                    Def (9)
                      Specifier (9)
                        StructSpecifier (9)
                          STRUCT
                          OptTag (9)
                            ID: PsYqIBynMI
                          LC
                          DefList (10)
                            Def (10)
                              Specifier (10)
                                StructSpecifier (10)
                                  STRUCT
                                  OptTag (10)
                                  LC
                                  DefList (11)
                                    Def (11)
                                      Specifier (11)
                                        StructSpecifier (11)
                                          STRUCT
                                          Tag (11)
                                            ID: JmYIuEOeoRXJAP280
                                      DecList (11)
                                        Dec (11)
                                          VarDec (11)
                                            ID: f2
                                      SEMI
                                    DefList (12)
                                  RC
                              DecList (12)
                                Dec (12)
                                  VarDec (12)
                                    ID: QHq0vNYnHHu9wtXM
                                COMMA
                                DecList (12)
                                  Dec (12)
                                    VarDec (12)
                                      ID: jgaQT0MDcmS5SqE9s
                              SEMI
                            DefList (13)
                          RC
                      DecList (13)
                        Dec (13)
                          VarDec (13)
                            ID: mtV
                          ASSIGNOP
                          Exp (13)
                            Exp (13)
                              ID: hrj1w
                            AND
                            Exp (13)
                              Exp (13)
                                Exp (13)
                                  ID: TlPmAo4ln
                                RELOP: LT
                                Exp (13)
                                  Exp (13)
                                    ID: WfyfqyS8LXqSmIA
                                  MINUS
                                  Exp (13)
                                    Exp (13)
                                      ID: Sg9KpIm49Il5JqNqEF8
                                    DIV
                                    Exp (14)
                                      NOT
                                      Exp (14)
                                        MINUS
                                        Exp (14)
                                          ID: fixaUwjpm3cB4Qa9Ey
                                          LP
                                          Args (14)
                                            Exp (14)
                                              Exp (14)
                                                ID: urbOKf0z9iwpC2o3ZSAp
                                              ASSIGNOP
                                              Exp (15)
                                                Exp (15)
                                                  ID: kS3DX4oGfv12r_H
                                                OR
                                                Exp (15)
                                                  Exp (15)
                                                    ID: MSAN96fSlVX
                                                  RELOP: EQ
                                                  Exp (15)
                                                    Exp (15)
                                                      ID: l2w8
                                                    PLUS
                                                    Exp (15)
                                                      Exp (15)
                                                        ID: lBeaQw59
                                                      STAR
                                                      Exp (16)
                                                        MINUS
                                                        Exp (16)
                                                          LP
                                                          Exp (16)
                                                            Exp (16)
                                                              ID: stkPSsAjIAvFGYck
                                                            AND
                                                            Exp (16)
                                                              Exp (16)
                                                                ID: D
                                                              RELOP: NE
                                                              Exp (16)
                                                                MINUS
                                                                Exp (16)
                                                                  MINUS
                                                                  Exp (16)
                                                                    MINUS
                                                                    Exp (16)
                                                                      Exp (16)
                                                                        Exp (16)
                                                                          ID: RHt0A
                                                                        LB
                                                                        Exp (16)
                                                                          Exp (16)
                                                                            ID: pFD
                                                                          RELOP: LE
                                                                          Exp (17)
                                                                            Exp (17)
                                                                              Exp (17)
                                                                                ID: PpOV
                                                                              DIV
                                                                              Exp (17)
                                                                                MINUS
                                                                                Exp (17)
                                                                                  Exp (17)
                                                                                    ID: F
                                                                                  LB
                                                                                  Exp (17)
                                                                                    Exp (17)
                                                                                      ID: xRJ9ZwdJC
                                                                                    RELOP: GE
                                                                                    Exp (17)
                                                                                      Exp (17)
                                                                                        Exp (17)
                                                                                          LP
                                                                                          Exp (17)
                                                                                            Exp (17)
                                                                                              ID: ZZVlwBMwoCgFsymPL7y
                                                                                            ASSIGNOP
                                                                                            Exp (18)
                                                                                              Exp (18)
                                                                                                ID: RHNkQMVzaU4b5QbkuAr
                                                                                              ASSIGNOP
                                                                                              Exp (18)
                                                                                                Exp (18)
                                                                                                  ID: bL9kZ6X8dhQtNs_7Fd
                                                                                                STAR
                                                                                                Exp (18)
                                                                                                  NOT
                                                                                                  Exp (18)
                                                                                                    LP
                                                                                                    Exp (18)
                                                                                                      Exp (18)
                                                                                                        ID: Kkjc
                                                                                                      OR
                                                                                                      Exp (19)
                                                                                                        Exp (19)
                                                                                                          Exp (19)
                                                                                                            ID: jVPvXJHkwSSH
                                                                                                          STAR
                                                                                                          Exp (19)
                                                                                                            ID: neCcJJaHxx
                                                                                                            LP
                                                                                                            Args (19)
                                                                                                              Exp (19)
                                                                                                                ID: J5g
                                                                                                              COMMA
                                                                                                              Args (19)
                                                                                                                Exp (19)
                                                                                                                  ID: szOFkhiZkLyd9Hef5jF1
                                                                                                            RP
                                                                                                        STAR
                                                                                                        Exp (20)
                                                                                                          NOT
                                                                                                          Exp (20)
                                                                                                            ID: DeC0
                                                                                                    RP
                                                                                          RP
                                                                                        DIV
                                                                                        Exp (20)
                                                                                          MINUS
                                                                                          Exp (20)
                                                                                            NOT
                                                                                            Exp (20)
                                                                                              ID: TI7gKQct
                                                                                      PLUS
                                                                                      Exp (20)
                                                                                        FLOAT: 285601858.593724670
                                                                                  RB
                                                                            MINUS
                                                                            Exp (21)
                                                                              INT: 1402700013
                                                                        RB
                                                                      DOT
                                                                      ID: cgsx0pJ
                                                          RP
                                          RP
                              RELOP: GT
                              Exp (21)
                                ID: xvnPk3Chgck
                                LP
                                RP
                      SEMI
                    DefList (22)
                  RC
              ExtDecList (22)
                VarDec (22)
                  ID: sgoqP1KcXKMJvRqe
              SEMI
            ExtDefList (24)
              ExtDef (24)
                Specifier (24)
                  TYPE: int
                FunDec (24)
                  ID: ok1lUdsV
                  LP
                  VarList (24)
                    ParamDec (24)
                      Specifier (24)
                        TYPE: int
                      VarDec (24)
                        ID: J
                  RP
                CompSt (24)
                  LC
                  DefList (25)
                  StmtList (25)
                    Stmt (25)
                      IF
                      LP
                      Exp (25)
                        ID: EuJY45Sz_aBZ
                      RP
                      Stmt (25)
                        CompSt (25)
                          LC
                          DefList (26)
                          StmtList (26)
                            Stmt (26)
                              IF
                              LP
                              Exp (26)
                                ID: oJ_X89a9Mbkd46T7
                              RP
                              Stmt (26)
                                IF
                                LP
                                Exp (26)
                                  ID: KUDyGWZAzcn5G
                                RP
                                Stmt (27)
                                  Exp (27)
                                    ID: U7AGiCifG3RmusnSYKQ
                                  SEMI
                                ELSE
                                Stmt (28)
                                  IF
                                  LP
                                  Exp (28)
                                    ID: zonN
                                  RP
                                  Stmt (28)
                                    Exp (28)
                                      ID: oGHd7mCg8kWW11
                                    SEMI
                                  ELSE
                                  Stmt (29)
                                    Exp (29)
                                      ID: jQM5i7
                                    SEMI
                              ELSE
                              Stmt (32)
                                CompSt (32)
                                  LC
                                  DefList (33)
                                  StmtList (33)
                                  RC
                            StmtList (34)
                              Stmt (34)
                                WHILE
                                LP
                                Exp (34)
                                  ID: PQCf
                                RP
                                Stmt (34)
                                  RETURN
                                  Exp (34)
                                    ID: NB
                                  SEMI
                              StmtList (36)
                                Stmt (36)
                                  Exp (36)
                                    ID: ExNANHDD3xWFYui
                                  SEMI
                                StmtList (37)
                          RC
                    StmtList (38)
                  RC
              ExtDefList (39)
                ExtDef (39)
                  Specifier (39)
                    TYPE: int
                  SEMI
                ExtDefList (40)
                  ExtDef (40)
                    Specifier (40)
                      TYPE: int
                    FunDec (40)
                      ID: q
                      LP
                      VarList (40)
                        ParamDec (40)
                          Specifier (40)
                            TYPE: int
                          VarDec (40)
                            ID: KMcYBpXHz
                        COMMA
                        VarList (40)
                          ParamDec (40)
                            Specifier (40)
                              TYPE: int
                            VarDec (40)
                              ID: sTXTRnfxQYG6ifzGK
                      RP
                    CompSt (40)
                      LC
                      DefList (41)
                      StmtList (41)
                        Stmt (41)
                          Exp (41)
                            ID: PDVWQeA1W
                          SEMI
                        StmtList (42)
                          Stmt (42)
                            IF
                            LP
                            Exp (42)
                              ID: CfDVortu_rlJHLx
                            RP
                            Stmt (42)
                              Exp (42)
                                ID: r7
                              SEMI
                            ELSE
                            Stmt (43)
                              IF
                              LP
                              Exp (43)
                                ID: qHr
                              RP
                              Stmt (43)
                                Exp (43)
                                  ID: wLncq
                                SEMI
                          StmtList (46)
                      RC
                  ExtDefList (47)
                    ExtDef (47)
                      Specifier (47)
                        TYPE: int
                      SEMI
                    ExtDefList (48)
