Program (1)
  ExtDefList (1)
    ExtDef (1)
      Specifier (1)
        StructSpecifier (1)
          STRUCT
          OptTag (1)
            ID: MpbLZ2h0bw
          LC
          DefList (2)
          RC
      SEMI
    ExtDefList (3)
      ExtDef (3)
        Specifier (3)
          TYPE: float
        FunDec (3)
          ID: t
          LP
          VarList (3)
            ParamDec (3)
              Specifier (3)
                TYPE: float
              VarDec (3)
                VarDec (3)
                  VarDec (3)
                    VarDec (3)
                      VarDec (3)
                        ID: apWWtChdxFK
                      LB
                      INT: 1897454289
                      RB
                    LB
                    INT: 1408831679
                    RB
                  LB
                  INT: 773823889
                  RB
                LB
                INT: 124997667
                RB
          RP
        CompSt (4)
          LC
          DefList (5)
          StmtList (5)
          RC
      ExtDefList (6)
