Program (1)
  ExtDefList (1)
    ExtDef (1)
      Specifier (1)
        TYPE: float
      FunDec (1)
        ID: vu9Cd
        LP
        RP
      CompSt (1)
        LC
        DefList (2)
          Def (2)
            Specifier (2)
              TYPE: int
            DecList (2)
              Dec (2)
                VarDec (2)
                  ID: WH4
                ASSIGNOP
                Exp (2)
                  Exp (2)
                    ID: mXSaCYA
                  ASSIGNOP
                  Exp (2)
                    Exp (2)
                      ID: fOk
                    RELOP: NE
                    Exp (2)
                      Exp (2)
                        ID: HcN5kuH6y
                      PLUS
                      Exp (2)
                        MINUS
                        Exp (2)
                          NOT
                          Exp (2)
                            Exp (2)
                              ID: yL8
                            LB
                            Exp (3)
                              Exp (3)
                                ID: IGRMIAyjjxYXljP3KhX
                              OR
                              Exp (3)
                                Exp (3)
                                  ID: P_MB99xtWlvVh
                                AND
                                Exp (3)
                                  Exp (3)
                                    ID: ia3OWHiYblpFAJic
                                  RELOP: LE
                                  Exp (4)
                                    Exp (4)
                                      ID: cE1
                                    MINUS
                                    Exp (4)
                                      Exp (4)
                                        Exp (4)
                                          ID: _
                                        STAR
                                        Exp (4)
                                          ID: Yx0l3FHvEBo3qnraw2
                                          LP
                                          Args (4)
                                            Exp (4)
                                              Exp (4)
                                                ID: BCWTHkTLFM
                                              OR
                                              Exp (4)
                                                Exp (4)
                                                  ID: yFPoJRcsUjYMtTK
                                                RELOP: GT
                                                Exp (5)
                                                  Exp (5)
                                                    Exp (5)
                                                      Exp (5)
                                                        ID: l7XMi5w38BPUySS
                                                      DIV
                                                      Exp (5)
                                                        Exp (5)
                                                          LP
                                                          Exp (5)
                                                            Exp (5)
                                                              ID: dFnmG
                                                            OR
                                                            Exp (5)
                                                              Exp (5)
                                                                ID: qM8K5XhCTzAMmocNGX
                                                              RELOP: EQ
                                                              Exp (6)
                                                                Exp (6)
                                                                  Exp (6)
                                                                    Exp (6)
                                                                      Exp (6)
                                                                        Exp (6)
                                                                          ID: PjaF
                                                                        LB
                                                                        Exp (6)
                                                                          Exp (6)
                                                                            Exp (6)
                                                                              ID: CXBJjuHMDRs
                                                                            LB
                                                                            Exp (6)
                                                                              Exp (6)
                                                                                ID: yUm
                                                                              AND
                                                                              Exp (6)
                                                                                Exp (6)
                                                                                  ID: JQ1gPCBeiS8q5_n7
                                                                                RELOP: LT
                                                                                Exp (7)
                                                                                  NOT
                                                                                  Exp (7)
                                                                                    MINUS
                                                                                    Exp (7)
                                                                                      LP
                                                                                      Exp (7)
                                                                                        Exp (7)
                                                                                          ID: UWz69yaXJw5q7g
                                                                                        RELOP: GE
                                                                                        Exp (7)
                                                                                          Exp (7)
                                                                                            ID: IBaQTwAd2ZykjE7C8
                                                                                          MINUS
                                                                                          Exp (7)
                                                                                            Exp (7)
                                                                                              ID: G_Rn7VypH2KG
                                                                                            STAR
                                                                                            Exp (8)
                                                                                              MINUS
                                                                                              Exp (8)
                                                                                                LP
                                                                                                Exp (8)
                                                                                                  Exp (8)
                                                                                                    ID: GRHAITdMKj4qP3tSF2
                                                                                                  OR
                                                                                                  Exp (8)
                                                                                                    Exp (8)
                                                                                                      Exp (8)
                                                                                                        ID: w7DSaXnBBkCu9Ia
                                                                                                      DIV
                                                                                                      Exp (8)
                                                                                                        NOT
                                                                                                        Exp (8)
                                                                                                          NOT
                                                                                                          Exp (9)
                                                                                                            ID: hO7IfdN
                                                                                                            LP
                                                                                                            Args (9)
                                                                                                              Exp (9)
                                                                                                                ID: CSpXFpcn
                                                                                                              COMMA
                                                                                                              Args (9)
                                                                                                                Exp (9)
                                                                                                                  ID: TyNyCrd6
                                                                                                            RP
                                                                                                    PLUS
                                                                                                    Exp (9)
                                                                                                      NOT
                                                                                                      Exp (9)
                                                                                                        ID: kXfNgBFcSi
                                                                                                RP
                                                                                      RP
                                                                            RB
                                                                          ASSIGNOP
                                                                          Exp (10)
                                                                            Exp (10)
                                                                              ID: kr42qIF1BeXSPT9y
                                                                            MINUS
                                                                            Exp (10)
                                                                              Exp (10)
                                                                                Exp (10)
                                                                                  ID: wGQuxYjmF
                                                                                STAR
                                                                                Exp (10)
                                                                                  ID: Wj1_S3qjTuQ
                                                                              STAR
                                                                              Exp (10)
                                                                                ID: cpNXw6PsTfQy81hkg
                                                                        RB
                                                                      DOT
                                                                      ID: fKRBiv2O4b
                                                                    DIV
                                                                    Exp (11)
                                                                      ID: Y
                                                                  DIV
                                                                  Exp (11)
                                                                    ID: Kxjw
                                                                DIV
                                                                Exp (11)
                                                                  INT: 911836105
                                                          RP
                                                        DOT
                                                        ID: ftCHmGe
                                                    DIV
                                                    Exp (12)
                                                      MINUS
                                                      Exp (12)
                                                        MINUS
                                                        Exp (12)
                                                          MINUS
                                                          Exp (12)
                                                            Exp (12)
                                                              ID: Uh0Xs6Etd4X7yH2
                                                            DOT
                                                            ID: J55iptMdJ
                                                  STAR
                                                  Exp (12)
                                                    NOT
                                                    Exp (12)
                                                      FLOAT: 654878702.514541911
                                          RP
                                      DIV
                                      Exp (13)
                                        MINUS
                                        Exp (13)
                                          MINUS
                                          Exp (13)
                                            NOT
                                            Exp (13)
                                              NOT
                                              Exp (13)
                                                ID: nux9C7
                                                LP
                                                RP
                            RB
              COMMA
              DecList (13)
                Dec (13)
                  VarDec (13)
                    VarDec (13)
                      ID: mPk
                    LB
                    INT: 621329992
                    RB
            SEMI
          DefList (14)
        StmtList (14)
        RC
    ExtDefList (15)
      ExtDef (15)
        Specifier (15)
          StructSpecifier (15)
            STRUCT
            Tag (15)
              ID: o0W5iOiUUnlspvvQFyhc
        SEMI
      ExtDefList (16)
        ExtDef (16)
          Specifier (16)
            TYPE: int
          FunDec (16)
            ID: hBC
            LP
            VarList (16)
              ParamDec (16)
                Specifier (16)
                  TYPE: int
                VarDec (16)
                  ID: ce_3q
              COMMA
              VarList (16)
                ParamDec (16)
                  Specifier (16)
                    StructSpecifier (16)
                      STRUCT
                      OptTag (16)
                      LC
                      DefList (17)
                      RC
                  VarDec (17)
                    ID: Jh8ozFmCBgyF7xVK
            RP
          CompSt (17)
            LC
            DefList (18)
            StmtList (18)
              Stmt (18)
                WHILE
                LP
                Exp (18)
                  ID: rWqQgVwIKHRMGww
                RP
                Stmt (18)
                  Exp (18)
                    ID: GrPQGLrRp
                  SEMI
              StmtList (20)
            RC
        ExtDefList (21)
          ExtDef (21)
            Specifier (21)
              TYPE: int
            ExtDecList (21)
              VarDec (21)
                ID: T86yCEae4kYg6
              COMMA
              ExtDecList (21)
                VarDec (21)
                  ID: AUBiPAXhoomAjqFg1wA
            SEMI
          ExtDefList (24)
            ExtDef (24)
              Specifier (24)
                TYPE: int
              FunDec (24)
                ID: NKORxvHMyW0E4a
                LP
                RP
              CompSt (24)
                LC
                DefList (25)
                StmtList (25)
                  Stmt (25)
                    Exp (25)
                      ID: _A3DpDpPfD1A
                    SEMI
                  StmtList (26)
                    Stmt (26)
                      Exp (26)
                        ID: SrkW6pDe8mSEtJlZvw5i
                      SEMI
                    StmtList (27)
                      Stmt (27)
                        IF
                        LP
                        Exp (27)
                          ID: InCq83NgOiiVx
                        RP
                        Stmt (27)
                          IF
                          LP
                          Exp (27)
                            ID: oAB8ymdxO20i
                          RP
                          Stmt (27)
                            Exp (27)
                              ID: _4Qy06tulSzJ_uh2kM7o
                            SEMI
                          ELSE
                          Stmt (29)
                            IF
                            LP
                            Exp (29)
                              ID: xxz3lPoM1QfMgXR
                            RP
                            Stmt (29)
                              CompSt (29)
                                LC
                                DefList (30)
                                StmtList (30)
                                  Stmt (30)
                                    IF
                                    LP
                                    Exp (30)
                                      ID: NL3FOSl6HjD7DM9ToAK
                                    RP
                                    Stmt (30)
                                      WHILE
                                      LP
                                      Exp (30)
                                        ID: OopoEV
                                      RP
                                      Stmt (31)
                                        IF
                                        LP
                                        Exp (31)
                                          ID: CnJnXELO8s86Edprr
                                        RP
                                        Stmt (31)
                                          Exp (31)
                                            ID: UAHz
                                          SEMI
                                        ELSE
                                        Stmt (32)
                                          WHILE
                                          LP
                                          Exp (32)
                                            ID: ieSCkPMvpK6
                                          RP
                                          Stmt (32)
                                            CompSt (32)
                                              LC
                                              DefList (33)
                                              StmtList (33)
                                                Stmt (33)
                                                  Exp (33)
                                                    ID: BCiBDe2CH
                                                  SEMI
                                                StmtList (34)
                                                  Stmt (34)
                                                    IF
                                                    LP
                                                    Exp (34)
                                                      ID: _ImveZjrMDzB5wMzcSGN
                                                    RP
                                                    Stmt (34)
                                                      WHILE
                                                      LP
                                                      Exp (34)
                                                        ID: nZajz6i
                                                      RP
                                                      Stmt (35)
                                                        IF
                                                        LP
                                                        Exp (35)
                                                          ID: TefeQ1Nm0X
                                                        RP
                                                        Stmt (35)
                                                          Exp (35)
                                                            ID: I6a4m2TK9
                                                          SEMI
                                                        ELSE
                                                        Stmt (36)
                                                          CompSt (36)
                                                            LC
                                                            DefList (37)
                                                            StmtList (37)
                                                              Stmt (37)
                                                                Exp (37)
                                                                  ID: B
                                                                SEMI
                                                              StmtList (38)
                                                                Stmt (38)
                                                                  WHILE
                                                                  LP
                                                                  Exp (38)
                                                                    ID: R8gmRBWlpIZW
                                                                  RP
                                                                  Stmt (38)
                                                                    CompSt (38)
                                                                      LC
                                                                      DefList (39)
                                                                      StmtList (39)
                                                                        Stmt (39)
                                                                          CompSt (39)
                                                                            LC
                                                                            DefList (40)
                                                                              Def (40)
                                                                                Specifier (40)
                                                                                  TYPE: int
                                                                                DecList (40)
                                                                                  Dec (40)
                                                                                    VarDec (40)
                                                                                      ID: Pj1JQZEEBAaNqckI
                                                                                SEMI
                                                                              DefList (41)
                                                                                Def (41)
                                                                                  Specifier (41)
                                                                                    TYPE: int
                                                                                  DecList (41)
                                                                                    Dec (41)
                                                                                      VarDec (41)
                                                                                        ID: olYd4XMAG
                                                                                  SEMI
                                                                                DefList (42)
                                                                                  Def (42)
                                                                                    Specifier (42)
                                                                                      StructSpecifier (42)
                                                                                        STRUCT
                                                                                        OptTag (42)
                                                                                          ID: dRyu4uSF
                                                                                        LC
                                                                                        DefList (43)
                                                                                        RC
                                                                                    DecList (43)
                                                                                      Dec (43)
                                                                                        VarDec (43)
                                                                                          ID: L2
                                                                                    SEMI
                                                                                  DefList (44)
                                                                            StmtList (44)
                                                                              Stmt (44)
                                                                                IF
                                                                                LP
                                                                                Exp (44)
                                                                                  ID: GSacpJ4ppInLL
                                                                                RP
                                                                                Stmt (44)
                                                                                  CompSt (44)
                                                                                    LC
                                                                                    DefList (45)
                                                                                    StmtList (45)
                                                                                      Stmt (45)
                                                                                        CompSt (45)
                                                                                          LC
                                                                                          DefList (46)
                                                                                          StmtList (46)
                                                                                            Stmt (46)
                                                                                              Exp (46)
                                                                                                ID: rlm
                                                                                              SEMI
                                                                                            StmtList (47)
                                                                                          RC
                                                                                      StmtList (47)
                                                                                        Stmt (47)
                                                                                          IF
                                                                                          LP
                                                                                          Exp (47)
                                                                                            ID: Uxwo6GpcVUdevkHA
                                                                                          RP
                                                                                          Stmt (48)
                                                                                            Exp (48)
                                                                                              ID: YBHDfbLY2OuLGzjB8
                                                                                            SEMI
                                                                                          ELSE
                                                                                          Stmt (49)
                                                                                            IF
                                                                                            LP
                                                                                            Exp (49)
                                                                                              ID: vpDz2fa29
                                                                                            RP
                                                                                            Stmt (49)
                                                                                              CompSt (49)
                                                                                                LC
                                                                                                DefList (50)
                                                                                                  Def (50)
                                                                                                    Specifier (50)
                                                                                                      TYPE: int
                                                                                                    DecList (50)
                                                                                                      Dec (50)
                                                                                                        VarDec (50)
                                                                                                          ID: eCksgytDgHdNMZ7
                                                                                                    SEMI
                                                                                                  DefList (51)
                                                                                                StmtList (51)
                                                                                                  Stmt (51)
                                                                                                    WHILE
                                                                                                    LP
                                                                                                    Exp (51)
                                                                                                      ID: BLQtXAQ9v
                                                                                                    RP
                                                                                                    Stmt (51)
                                                                                                      IF
                                                                                                      LP
                                                                                                      Exp (52)
                                                                                                        ID: WmJziKOiK7QyZY
                                                                                                      RP
                                                                                                      Stmt (52)
                                                                                                        Exp (52)
                                                                                                          ID: acbn7wjshd6
                                                                                                        SEMI
                                                                                                      ELSE
                                                                                                      Stmt (53)
                                                                                                        Exp (53)
                                                                                                          ID: YV_vJ
                                                                                                        SEMI
                                                                                                  StmtList (56)
                                                                                                    Stmt (56)
                                                                                                      CompSt (56)
                                                                                                        LC
                                                                                                        DefList (57)
                                                                                                          Def (57)
                                                                                                            Specifier (57)
                                                                                                              TYPE: int
                                                                                                            DecList (57)
                                                                                                              Dec (57)
                                                                                                                VarDec (57)
                                                                                                                  ID: FaRh1Bv6xlYn
                                                                                                            SEMI
                                                                                                          DefList (58)
                                                                                                        StmtList (58)
                                                                                                          Stmt (58)
                                                                                                            IF
                                                                                                            LP
                                                                                                            Exp (58)
                                                                                                              ID: r3vQj96cNk7g8E8s
                                                                                                            RP
                                                                                                            Stmt (58)
                                                                                                              CompSt (58)
                                                                                                                LC
                                                                                                                DefList (59)
                                                                                                                StmtList (59)
                                                                                                                RC
                                                                                                          StmtList (60)
                                                                                                            Stmt (60)
                                                                                                              WHILE
                                                                                                              LP
                                                                                                              Exp (60)
                                                                                                                ID: Y5jl5ev4vSkOnkGU5Y
                                                                                                              RP
                                                                                                              Stmt (60)
                                                                                                                WHILE
                                                                                                                LP
                                                                                                                Exp (61)
                                                                                                                  ID: KrpRnYN
                                                                                                                RP
                                                                                                                Stmt (61)
                                                                                                                  IF
                                                                                                                  LP
                                                                                                                  Exp (61)
                                                                                                                    ID: AMXtOk7y64t
                                                                                                                  RP
                                                                                                                  Stmt (61)
                                                                                                                    CompSt (61)
                                                                                                                      LC
                                                                                                                      DefList (62)
                                                                                                                      StmtList (62)
                                                                                                                      RC
                                                                                                                  ELSE
                                                                                                                  Stmt (62)
                                                                                                                    Exp (62)
                                                                                                                      ID: _3_ISUN6PEWD
                                                                                                                    SEMI
                                                                                                            StmtList (67)
                                                                                                        RC
                                                                                                    StmtList (67)
                                                                                                      Stmt (67)
                                                                                                        Exp (67)
                                                                                                          ID: uezXTzX4w
                                                                                                        SEMI
                                                                                                      StmtList (68)
                                                                                                RC
                                                                                            ELSE
                                                                                            Stmt (68)
                                                                                              IF
                                                                                              LP
                                                                                              Exp (68)
                                                                                                ID: siB3r11Tl5
                                                                                              RP
                                                                                              Stmt (69)
                                                                                                Exp (69)
                                                                                                  ID: pOLb7WCIai1
                                                                                                SEMI
                                                                                              ELSE
                                                                                              Stmt (70)
                                                                                                IF
                                                                                                LP
                                                                                                Exp (70)
                                                                                                  ID: Aa1s
                                                                                                RP
                                                                                                Stmt (70)
                                                                                                  WHILE
                                                                                                  LP
                                                                                                  Exp (71)
                                                                                                    ID: M2
                                                                                                  RP
                                                                                                  Stmt (71)
                                                                                                    CompSt (71)
                                                                                                      LC
                                                                                                      DefList (72)
                                                                                                      StmtList (72)
                                                                                                        Stmt (72)
                                                                                                          Exp (72)
                                                                                                            ID: bAEP8sUYcCb
                                                                                                          SEMI
                                                                                                        StmtList (73)
                                                                                                          Stmt (73)
                                                                                                            IF
                                                                                                            LP
                                                                                                            Exp (73)
                                                                                                              ID: S6
                                                                                                            RP
                                                                                                            Stmt (73)
                                                                                                              Exp (73)
                                                                                                                ID: QTN
                                                                                                              SEMI
                                                                                                            ELSE
                                                                                                            Stmt (74)
                                                                                                              WHILE
                                                                                                              LP
                                                                                                              Exp (74)
                                                                                                                ID: rsr
                                                                                                              RP
                                                                                                              Stmt (74)
                                                                                                                Exp (74)
                                                                                                                  ID: c9yEYMmZ7l
                                                                                                                SEMI
                                                                                                          StmtList (78)
                                                                                                      RC
                                                                                        StmtList (83)
                                                                                    RC
                                                                                ELSE
                                                                                Stmt (83)
                                                                                  Exp (83)
                                                                                    ID: mYRiD53zxOJlCK0GGqHH
                                                                                  SEMI
                                                                              StmtList (86)
                                                                                Stmt (86)
                                                                                  Exp (86)
                                                                                    ID: s0v7l1YA36jRvDpvIatO
                                                                                  SEMI
                                                                                StmtList (87)
                                                                                  Stmt (87)
                                                                                    CompSt (87)
                                                                                      LC
                                                                                      DefList (88)
                                                                                      StmtList (88)
                                                                                      RC
                                                                                  StmtList (88)
                                                                            RC
                                                                        StmtList (88)
                                                                          Stmt (88)
                                                                            IF
                                                                            LP
                                                                            Exp (88)
                                                                              ID: NsiJmVZW
                                                                            RP
                                                                            Stmt (89)
                                                                              IF
                                                                              LP
                                                                              Exp (89)
                                                                                ID: w
                                                                              RP
                                                                              Stmt (89)
                                                                                Exp (89)
                                                                                  ID: DEJQCd5PN
                                                                                SEMI
                                                                          StmtList (92)
                                                                      RC
                                                                StmtList (93)
                                                            RC
                                                  StmtList (96)
                                              RC
                                    ELSE
                                    Stmt (99)
                                      IF
                                      LP
                                      Exp (99)
                                        ID: Sk4pFUWb136DQ
                                      RP
                                      Stmt (99)
                                        Exp (99)
                                          ID: Vi7qJh4bmJiaqwtt
                                        SEMI
                                  StmtList (103)
                                    Stmt (103)
                                      WHILE
                                      LP
                                      Exp (103)
                                        ID: DSflPR16seXkhR18
                                      RP
                                      Stmt (103)
                                        Exp (103)
                                          ID: bqtQ3iUErqZbEGmIFh
                                        SEMI
                                    StmtList (106)
                                      Stmt (106)
                                        IF
                                        LP
                                        Exp (106)
                                          ID: jZ6zbpKM
                                        RP
                                        Stmt (106)
                                          CompSt (106)
                                            LC
                                            DefList (107)
                                            StmtList (107)
                                            RC
                                        ELSE
                                        Stmt (107)
                                          WHILE
                                          LP
                                          Exp (107)
                                            ID: LizkWU
                                          RP
                                          Stmt (107)
                                            Exp (107)
                                              ID: MTZA
                                            SEMI
                                      StmtList (110)
                                RC
                            ELSE
                            Stmt (110)
                              IF
                              LP
                              Exp (110)
                                ID: TvK
                              RP
                              Stmt (110)
                                RETURN
                                Exp (110)
                                  ID: O5uyN
                                SEMI
                      StmtList (115)
                RC
            ExtDefList (116)
