Program (1)
  ExtDefList (1)
    ExtDef (1)
      Specifier (1)
        TYPE: float
      ExtDecList (1)
        VarDec (1)
          ID: O3GLaU52RK6dzPLtvD
        COMMA
        ExtDecList (1)
          VarDec (1)
            VarDec (1)
              VarDec (1)
                VarDec (1)
                  ID: dVK4Q2OhS3dnARkaP
                LB
                INT: 91470875
                RB
              LB
              INT: 486536042
              RB
            LB
            INT: 1365684250
            RB
          COMMA
          ExtDecList (2)
            VarDec (2)
              ID: zQnf7vUB_r6IHO7Ka1zm
      SEMI
    ExtDefList (6)
