Program (1)
  ExtDefList (1)
    ExtDef (1)
      Specifier (1)
        TYPE: float
      SEMI
    ExtDefList (2)
      ExtDef (2)
        Specifier (2)
          StructSpecifier (2)
            STRUCT
            Tag (2)
              ID: XtpRNVbg
        ExtDecList (2)
          VarDec (2)
            ID: A8A20A
          COMMA
          ExtDecList (2)
            VarDec (2)
              VarDec (2)
                ID: au433QUxqyV2Vkwr
              LB
              INT: 1899467266
              RB
        SEMI
      ExtDefList (6)
        ExtDef (6)
          Specifier (6)
            TYPE: int
          FunDec (6)
            ID: sCfq
            LP
            VarList (6)
              ParamDec (6)
                Specifier (6)
                  TYPE: int
                VarDec (6)
                  ID: Lt3Qa
            RP
          CompSt (6)
            LC
            DefList (7)
              Def (7)
                Specifier (7)
                  TYPE: int
                DecList (7)
                  Dec (7)
                    VarDec (7)
                      ID: cAKZXiU6RX
                    ASSIGNOP
                    Exp (7)
                      Exp (7)
                        ID: QuYNU0a6reK
                      AND
                      Exp (7)
                        MINUS
                        Exp (7)
                          NOT
                          Exp (7)
                            ID: j1mr88LxW
                            LP
                            Args (8)
                              Exp (8)
                                ID: SzDsRdQtIzszTyl
                              COMMA
                              Args (8)
                                Exp (8)
                                  Exp (8)
                                    ID: fVLBRU
                                  ASSIGNOP
                                  Exp (8)
                                    Exp (8)
                                      ID: g3DKIvdLBv7T98Bq
                                    OR
                                    Exp (8)
                                      Exp (8)
                                        ID: j6mqq
                                      RELOP: GT
                                      Exp (9)
                                        Exp (9)
                                          ID: bB
                                        MINUS
                                        Exp (9)
                                          Exp (9)
                                            Exp (9)
                                              Exp (9)
                                                Exp (9)
                                                  ID: J3GEHg_0ca4TcR
                                                LB
                                                Exp (9)
                                                  Exp (9)
                                                    ID: PE6x
                                                  AND
                                                  Exp (9)
                                                    Exp (9)
                                                      ID: nvbK8gBtnh3SMqO
                                                    RELOP: GE
                                                    Exp (10)
                                                      Exp (10)
                                                        ID: EzaVcTMHjy0tXo
                                                      PLUS
                                                      Exp (10)
                                                        LP
                                                        Exp (10)
                                                          Exp (10)
                                                            ID: lEQ13WAoCz039a3l
                                                          RELOP: EQ
                                                          Exp (10)
                                                            Exp (10)
                                                              ID: QV8X
                                                            MINUS
                                                            Exp (10)
                                                              ID: cABjAy14pwvi
                                                              LP
                                                              Args (11)
                                                                Exp (11)
                                                                  Exp (11)
                                                                    ID: UtSqCgecF7EKWuzZ
                                                                  ASSIGNOP
                                                                  Exp (11)
                                                                    Exp (11)
                                                                      ID: MYKQZctzMWDA
                                                                    RELOP: NE
                                                                    Exp (11)
                                                                      Exp (11)
                                                                        ID: msJecJDkBD80lPnsgjc
                                                                      PLUS
                                                                      Exp (12)
                                                                        Exp (12)
                                                                          Exp (12)
                                                                            Exp (12)
                                                                              ID: eBE0mA7ZkEQP6
                                                                            DIV
                                                                            Exp (12)
                                                                              MINUS
                                                                              Exp (12)
                                                                                LP
                                                                                Exp (12)
                                                                                  Exp (12)
                                                                                    ID: x1
                                                                                  OR
                                                                                  Exp (12)
                                                                                    Exp (12)
                                                                                      Exp (12)
                                                                                        ID: Uhez
                                                                                      RELOP: LT
                                                                                      Exp (12)
                                                                                        ID: beeemPf3yYAEl4P
                                                                                    RELOP: LE
                                                                                    Exp (13)
                                                                                      MINUS
                                                                                      Exp (13)
                                                                                        ID: qCyYFzuzY_PlU0YXm
                                                                                RP
                                                                          STAR
                                                                          Exp (13)
                                                                            FLOAT: 1044956509.582909992
                                                                        STAR
                                                                        Exp (14)
                                                                          MINUS
                                                                          Exp (14)
                                                                            Exp (14)
                                                                              ID: AdTxSvI0CIPl
                                                                            DOT
                                                                            ID: xVUpfpZEg0Hd
                                                              RP
                                                        RP
                                                RB
                                              DOT
                                              ID: b6jNNtT4AYGsCvinrRY
                                            DIV
                                            Exp (15)
                                              NOT
                                              Exp (15)
                                                INT: 68415513
                                          STAR
                                          Exp (15)
                                            MINUS
                                            Exp (15)
                                              MINUS
                                              Exp (15)
                                                ID: j5JhBvuaoXd1GCgXWe
                                                LP
                                                RP
                            RP
                  COMMA
                  DecList (15)
                    Dec (15)
                      VarDec (15)
                        ID: nUGbmCIlY
                SEMI
              DefList (17)
            StmtList (17)
            RC
        ExtDefList (18)
          ExtDef (18)
            Specifier (18)
              StructSpecifier (18)
                STRUCT
                OptTag (18)
                  ID: _oHu5FnA4DI5xcm
                LC
                DefList (19)
                RC
            SEMI
          ExtDefList (20)
            ExtDef (20)
              Specifier (20)
                StructSpecifier (20)
                  STRUCT
                  Tag (20)
                    ID: tEb
              SEMI
            ExtDefList (21)
              ExtDef (21)
                Specifier (21)
                  TYPE: int
                FunDec (21)
                  ID: E1MeMQEYV
                  LP
                  RP
                CompSt (21)
                  LC
                  DefList (22)
                  StmtList (22)
                    Stmt (22)
                      Exp (22)
                        ID: P9v
                      SEMI
                    StmtList (23)
                      Stmt (23)
                        IF
                        LP
                        Exp (23)
                          ID: BSnPic0ZMl6LvKLg
                        RP
                        Stmt (23)
                          CompSt (23)
                            LC
                            DefList (24)
                              Def (24)
                                Specifier (24)
                                  TYPE: int
                                DecList (24)
                                  Dec (24)
                                    VarDec (24)
                                      ID: Kl
                                SEMI
                              DefList (25)
                                Def (25)
                                  Specifier (25)
                                    StructSpecifier (25)
                                      STRUCT
                                      OptTag (25)
                                      LC
                                      DefList (26)
                                        Def (26)
                                          Specifier (26)
                                            StructSpecifier (26)
                                              STRUCT
                                              OptTag (26)
                                              LC
                                              DefList (27)
                                              RC
                                          DecList (27)
                                            Dec (27)
                                              VarDec (27)
                                                ID: fMJ8XTmzmFxNW_l03
                                          SEMI
                                        DefList (28)
                                      RC
                                  DecList (28)
                                    Dec (28)
                                      VarDec (28)
                                        ID: zLPxqEowUL9PgAe
                                  SEMI
                                DefList (29)
                            StmtList (29)
                              Stmt (29)
                                IF
                                LP
                                Exp (29)
                                  ID: qO
                                RP
                                Stmt (29)
                                  IF
                                  LP
                                  Exp (29)
                                    ID: BITk4Q
                                  RP
                                  Stmt (29)
                                    IF
                                    LP
                                    Exp (29)
                                      ID: NJZ4XiJit1
                                    RP
                                    Stmt (30)
                                      Exp (30)
                                        ID: QtT
                                      SEMI
                                    ELSE
                                    Stmt (31)
                                      Exp (31)
                                        ID: kmr6
                                      SEMI
                                  ELSE
                                  Stmt (33)
                                    WHILE
                                    LP
                                    Exp (33)
                                      ID: w9cWFwk02QXw
                                    RP
                                    Stmt (33)
                                      IF
                                      LP
                                      Exp (33)
                                        ID: R5
                                      RP
                                      Stmt (33)
                                        IF
                                        LP
                                        Exp (34)
                                          ID: bu9
                                        RP
                                        Stmt (34)
                                          Exp (34)
                                            ID: A5XgAzGMCwexT
                                          SEMI
                                        ELSE
                                        Stmt (35)
                                          Exp (35)
                                            ID: my66yUjBDW
                                          SEMI
                                      ELSE
                                      Stmt (37)
                                        IF
                                        LP
                                        Exp (37)
                                          ID: eK8wKOSByvnDo
                                        RP
                                        Stmt (37)
                                          Exp (37)
                                            ID: A36aZPqWBwp46CU
                                          SEMI
                                        ELSE
                                        Stmt (39)
                                          CompSt (39)
                                            LC
                                            DefList (40)
                                            StmtList (40)
                                            RC
                                ELSE
                                Stmt (44)
                                  IF
                                  LP
                                  Exp (44)
                                    ID: j9lP79pV
                                  RP
                                  Stmt (44)
                                    IF
                                    LP
                                    Exp (44)
                                      ID: D
                                    RP
                                    Stmt (44)
                                      IF
                                      LP
                                      Exp (44)
                                        ID: E4BWFBQsJ6
                                      RP
                                      Stmt (45)
                                        RETURN
                                        Exp (45)
                                          ID: r0yO7QUgjMBCjOS
                                        SEMI
                              StmtList (50)
                                Stmt (50)
                                  WHILE
                                  LP
                                  Exp (50)
                                    ID: WyZF
                                  RP
                                  Stmt (50)
                                    Exp (50)
                                      ID: ABahtTj1dqSvfsz
                                    SEMI
                                StmtList (52)
                            RC
                      StmtList (53)
                  RC
              ExtDefList (54)
                ExtDef (54)
                  Specifier (54)
                    TYPE: int
                  SEMI
                ExtDefList (55)
                  ExtDef (55)
                    Specifier (55)
                      TYPE: int
                    SEMI
                  ExtDefList (56)
                    ExtDef (56)
                      Specifier (56)
                        TYPE: int
                      SEMI
                    ExtDefList (57)
                      ExtDef (57)
                        Specifier (57)
                          TYPE: int
                        FunDec (57)
                          ID: G2v2no
                          LP
                          RP
                        CompSt (57)
                          LC
                          DefList (58)
                          StmtList (58)
                          RC
                      ExtDefList (59)
                        ExtDef (59)
                          Specifier (59)
                            TYPE: int
                          SEMI
                        ExtDefList (60)
                          ExtDef (60)
                            Specifier (60)
                              TYPE: int
                            FunDec (60)
                              ID: ykYP2msNtPpzUcj
                              LP
                              RP
                            CompSt (60)
                              LC
                              DefList (61)
                              StmtList (61)
                              RC
                          ExtDefList (62)
                            ExtDef (62)
                              Specifier (62)
                                TYPE: int
                              SEMI
                            ExtDefList (63)
                              ExtDef (63)
                                Specifier (63)
                                  TYPE: int
                                FunDec (63)
                                  ID: UuhYC
                                  LP
                                  RP
                                CompSt (63)
                                  LC
                                  DefList (64)
                                  StmtList (64)
                                  RC
                              ExtDefList (65)
                                ExtDef (65)
                                  Specifier (65)
                                    TYPE: int
                                  FunDec (65)
                                    ID: H2uP
                                    LP
                                    RP
                                  CompSt (65)
                                    LC
                                    DefList (66)
                                    StmtList (66)
                                    RC
                                ExtDefList (67)
                                  ExtDef (67)
                                    Specifier (67)
                                      TYPE: int
                                    SEMI
                                  ExtDefList (68)
                                    ExtDef (68)
                                      Specifier (68)
                                        TYPE: int
                                      FunDec (68)
                                        ID: PgkP9QYlrOPtcpk
                                        LP
                                        VarList (68)
                                          ParamDec (68)
                                            Specifier (68)
                                              TYPE: int
                                            VarDec (68)
                                              ID: HbeQ_BjBhWR8
                                          COMMA
                                          VarList (68)
                                            ParamDec (68)
                                              Specifier (68)
                                                TYPE: int
                                              VarDec (68)
                                                ID: x
                                        RP
                                      CompSt (68)
                                        LC
                                        DefList (69)
                                        StmtList (69)
                                        RC
                                    ExtDefList (70)
                                      ExtDef (70)
                                        Specifier (70)
                                          TYPE: int
                                        SEMI
                                      ExtDefList (71)
                                        ExtDef (71)
                                          Specifier (71)
                                            TYPE: int
                                          SEMI
                                        ExtDefList (72)
                                          ExtDef (72)
                                            Specifier (72)
                                              TYPE: int
                                            SEMI
                                          ExtDefList (73)
