Program (1)
  ExtDefList (1)
    ExtDef (1)
      Specifier (1)
        StructSpecifier (1)
          STRUCT
          Tag (1)
            ID: tuN
      ExtDecList (1)
        VarDec (1)
          VarDec (1)
            VarDec (1)
              ID: kLH3uZnCJ5p3V
            LB
            INT: 1469386614
            RB
          LB
          INT: 360418734
          RB
      SEMI
    ExtDefList (4)
      ExtDef (4)
        Specifier (4)
          StructSpecifier (4)
            STRUCT
            OptTag (4)
            LC
            DefList (5)
            RC
        FunDec (5)
          ID: T5ZZVuwiVVZw_oThTy
          LP
          RP
        CompSt (5)
          LC
          DefList (6)
          StmtList (6)
          RC
      ExtDefList (7)
        ExtDef (7)
          Specifier (7)
            StructSpecifier (7)
              STRUCT
              Tag (7)
                ID: oFSzYRE0CMbw
          FunDec (7)
            ID: pY_GHACzR
            LP
            RP
          CompSt (7)
            LC
            DefList (8)
            StmtList (8)
            RC
        ExtDefList (9)
