Program (1)
  ExtDefList (1)
    ExtDef (1)
      Specifier (1)
        TYPE: int
      ExtDecList (1)
        VarDec (1)
          VarDec (1)
            ID: y2sVReKUyqYpL
          LB
          INT: 1167322790
          RB
        COMMA
        ExtDecList (1)
          VarDec (1)
            ID: PxeVn
      SEMI
    ExtDefList (4)
      ExtDef (4)
        Specifier (4)
          StructSpecifier (4)
            STRUCT
            Tag (4)
              ID: iEdQNmqgLIDVN
        FunDec (4)
          ID: DUBPEWXK
          LP
          VarList (4)
            ParamDec (4)
              Specifier (4)
                StructSpecifier (4)
                  STRUCT
                  Tag (4)
                    ID: dLf2zjrGcgFTvlV9DuCi
              VarDec (5)
                ID: y09uwo
          RP
        CompSt (5)
          LC
          DefList (6)
          StmtList (6)
            Stmt (6)
              IF
              LP
              Exp (6)
                ID: E
              RP
              Stmt (6)
                CompSt (6)
                  LC
                  DefList (7)
                    Def (7)
                      Specifier (7)
                        TYPE: int
                      DecList (7)
                        Dec (7)
                          VarDec (7)
                            ID: sCaqBYVDwFtfAmVUP
                        COMMA
                        DecList (7)
                          Dec (7)
                            VarDec (7)
                              ID: WmPsXs
                            ASSIGNOP
                            Exp (7)
                              ID: YN
                      SEMI
                    DefList (8)
                      Def (8)
                        Specifier (8)
                          TYPE: float
                        DecList (8)
                          Dec (8)
                            VarDec (8)
                              ID: H0BftKbolOnNRm6GQR
                        SEMI
                      DefList (9)
                  StmtList (9)
                    Stmt (9)
                      WHILE
                      LP
                      Exp (9)
                        ID: D5hK
                      RP
                      Stmt (9)
                        Exp (9)
                          ID: LZ7vR9jkeW
                        SEMI
                    StmtList (11)
                  RC
              ELSE
              Stmt (11)
                IF
                LP
                Exp (11)
                  ID: NyABvEegqflGlIQnHKYw
                RP
                Stmt (11)
                  IF
                  LP
                  Exp (11)
                    ID: B3Zxd6hBDk7
                  RP
                  Stmt (12)
                    Exp (12)
                      ID: Tv2zLoDbFwooK
                    SEMI
                  ELSE
                  Stmt (13)
                    RETURN
                    Exp (13)
                      Exp (13)
                        ID: kKyHxIWVbrh
                      ASSIGNOP
                      Exp (13)
                        Exp (13)
                          ID: NBozSm
                        RELOP: LE
                        Exp (13)
                          Exp (13)
                            Exp (13)
                              ID: Ophw
                            DIV
                            Exp (13)
                              ID: Oday4AOdqc_wMv
                              LP
                              Args (14)
                                Exp (14)
                                  ID: stbwfs
                                COMMA
                                Args (14)
                                  Exp (14)
                                    Exp (14)
                                      ID: lH
                                    OR
                                    Exp (14)
                                      Exp (14)
                                        ID: RPByv
                                      AND
                                      Exp (14)
                                        Exp (14)
                                          ID: sgGS3N
                                        RELOP: GT
                                        Exp (14)
                                          Exp (14)
                                            ID: vI9B8
                                          PLUS
                                          Exp (14)
                                            Exp (14)
                                              Exp (14)
                                                ID: yGU
                                              DIV
                                              Exp (14)
                                                Exp (14)
                                                  ID: A
                                                LB
                                                Exp (15)
                                                  Exp (15)
                                                    ID: yjPE0oTpEJvcq
                                                  OR
                                                  Exp (15)
                                                    Exp (15)
                                                      ID: JJL7_SoWl8PDHsFu0Oq
                                                    RELOP: LT
                                                    Exp (15)
                                                      NOT
                                                      Exp (15)
                                                        NOT
                                                        Exp (15)
                                                          MINUS
                                                          Exp (15)
                                                            Exp (15)
                                                              ID: XvIlydg
                                                              LP
                                                              Args (16)
                                                                Exp (16)
                                                                  Exp (16)
                                                                    ID: NfZHIY8
                                                                  DIV
                                                                  Exp (16)
                                                                    NOT
                                                                    Exp (16)
                                                                      MINUS
                                                                      Exp (16)
                                                                        Exp (16)
                                                                          ID: BPqwjwfNipk0jCw
                                                                          LP
                                                                          Args (16)
                                                                            Exp (16)
                                                                              Exp (16)
                                                                                ID: lG_cARIkzeTKvgCXL
                                                                              RELOP: NE
                                                                              Exp (17)
                                                                                Exp (17)
                                                                                  ID: MNdgg_IOdMXKwzJ
                                                                                STAR
                                                                                Exp (17)
                                                                                  NOT
                                                                                  Exp (17)
                                                                                    LP
                                                                                    Exp (17)
                                                                                      Exp (17)
                                                                                        ID: h3dlGx
                                                                                      RELOP: EQ
                                                                                      Exp (17)
                                                                                        Exp (17)
                                                                                          Exp (17)
                                                                                            ID: CbuHDHybay7qDA43
                                                                                          MINUS
                                                                                          Exp (18)
                                                                                            Exp (18)
                                                                                              Exp (18)
                                                                                                Exp (18)
                                                                                                  LP
                                                                                                  Exp (18)
                                                                                                    Exp (18)
                                                                                                      ID: KeujJhHcac
                                                                                                    OR
                                                                                                    Exp (18)
                                                                                                      Exp (18)
                                                                                                        ID: M1gYz3bPTUas4FmI
                                                                                                      RELOP: GE
                                                                                                      Exp (18)
                                                                                                        ID: Nq96oKIpvKS8U
                                                                                                  RP
                                                                                                DOT
                                                                                                ID: SRwp
                                                                                              STAR
                                                                                              Exp (19)
                                                                                                ID: LsaW
                                                                                            STAR
                                                                                            Exp (19)
                                                                                              FLOAT: 1163509227.2113405380
                                                                                        PLUS
                                                                                        Exp (19)
                                                                                          ID: bY_jsq
                                                                                    RP
                                                                          RP
                                                                        DOT
                                                                        ID: kWraln1YR0vq6HLu4Y
                                                              RP
                                                            DOT
                                                            ID: C9UyxKlq2plNN2Mj_
                                                RB
                                            STAR
                                            Exp (20)
                                              ID: MNyRp25WcH
                                              LP
                                              RP
                              RP
                          MINUS
                          Exp (21)
                            NOT
                            Exp (21)
                              MINUS
                              Exp (21)
                                INT: 1565773983
                    SEMI
            StmtList (25)
          RC
      ExtDefList (26)
        ExtDef (26)
          Specifier (26)
            StructSpecifier (26)
              STRUCT
              OptTag (26)
              LC
              DefList (27)
              RC
          SEMI
        ExtDefList (28)
          ExtDef (28)
            Specifier (28)
              StructSpecifier (28)
                STRUCT
                OptTag (28)
                  ID: OuHhAwT6bEIat
                LC
                DefList (29)
                  Def (29)
                    Specifier (29)
                      TYPE: int
                    DecList (29)
                      Dec (29)
                        VarDec (29)
                          ID: HgxqksYoBy
                    SEMI
                  DefList (30)
                RC
            FunDec (30)
              ID: emX7pum4nER6lOPq9l5
              LP
              RP
            CompSt (30)
              LC
              DefList (31)
              StmtList (31)
              RC
          ExtDefList (32)
            ExtDef (32)
              Specifier (32)
                TYPE: int
              SEMI
            ExtDefList (33)
              ExtDef (33)
                Specifier (33)
                  TYPE: int
                SEMI
              ExtDefList (34)
                ExtDef (34)
                  Specifier (34)
                    TYPE: int
                  FunDec (34)
                    ID: GPFjP9K8AfijKy
                    LP
                    VarList (34)
                      ParamDec (34)
                        Specifier (34)
                          TYPE: int
                        VarDec (34)
                          ID: BDGmVHq1pn16gOTBTx6y
                      COMMA
                      VarList (34)
                        ParamDec (34)
                          Specifier (34)
                            TYPE: int
                          VarDec (35)
                            ID: pASnkY9KMTyLR
                    RP
                  CompSt (35)
                    LC
                    DefList (36)
                    StmtList (36)
                    RC
                ExtDefList (37)
