Program (1)
  ExtDefList (1)
    ExtDef (1)
      Specifier (1)
        TYPE: float
      SEMI
    ExtDefList (2)
      ExtDef (2)
        Specifier (2)
          TYPE: int
        SEMI
      ExtDefList (3)
        ExtDef (3)
          Specifier (3)
            TYPE: int
          SEMI
        ExtDefList (4)
          ExtDef (4)
            Specifier (4)
              TYPE: int
            SEMI
          ExtDefList (5)
            ExtDef (5)
              Specifier (5)
                TYPE: int
              FunDec (5)
                ID: xAqW1v
                LP
                RP
              CompSt (5)
                LC
                DefList (6)
                StmtList (6)
                  Stmt (6)
                    IF
                    LP
                    Exp (6)
                      ID: WlQfK5Ne2Z5fvwble
                    RP
                    Stmt (6)
                      Exp (6)
                        ID: Y9iIaiBtUWkQm
                      SEMI
                    ELSE
                    Stmt (7)
                      IF
                      LP
                      Exp (7)
                        ID: lA7EwxO0jVBDj6z9HR
                      RP
                      Stmt (7)
                        IF
                        LP
                        Exp (7)
                          ID: ISwcWTMDYPBPO1zh8
                        RP
                        Stmt (8)
                          RETURN
                          Exp (8)
                            Exp (8)
                              ID: G6Qfp
                            OR
                            Exp (8)
                              Exp (8)
                                ID: kwKH72MY
                              AND
                              Exp (8)
                                Exp (8)
                                  ID: L8kOfbd2
                                MINUS
                                Exp (8)
                                  Exp (8)
                                    ID: gWpIu
                                  STAR
                                  Exp (9)
                                    MINUS
                                    Exp (9)
                                      Exp (9)
                                        ID: PPSNR67izhigIt
                                      LB
                                      Exp (9)
                                        Exp (9)
                                          ID: rvEOjnuA
                                        ASSIGNOP
                                        Exp (9)
                                          Exp (9)
                                            Exp (9)
                                              ID: dJr7Lh5JPnya5PZZr
                                            RELOP: LT
                                            Exp (10)
                                              Exp (10)
                                                ID: Y_eFXlX06dwE6
                                              PLUS
                                              Exp (10)
                                                Exp (10)
                                                  ID: QylGquNK5kNmtG
                                                  LP
                                                  Args (10)
                                                    Exp (10)
                                                      Exp (10)
                                                        ID: SWWfbZzFfDB_Ck
                                                      RELOP: GT
                                                      Exp (11)
                                                        Exp (11)
                                                          LP
                                                          Exp (11)
                                                            Exp (11)
                                                              ID: oau6TUKlGVQ2wjZOM
                                                            AND
                                                            Exp (11)
                                                              Exp (11)
                                                                ID: teOdOb7
                                                              RELOP: NE
                                                              Exp (11)
                                                                Exp (11)
                                                                  Exp (11)
                                                                    ID: G3dmlMSbwbp0M1zroLA
                                                                  PLUS
                                                                  Exp (12)
                                                                    ID: U_XYOQzy0y05ZYH
                                                                    LP
                                                                    Args (12)
                                                                      Exp (12)
                                                                        ID: lToYAlFzhAm
                                                                      COMMA
                                                                      Args (12)
                                                                        Exp (12)
                                                                          Exp (12)
                                                                            ID: u3rviRhzuXoKR
                                                                          OR
                                                                          Exp (13)
                                                                            Exp (13)
                                                                              ID: OyA5G
                                                                            AND
                                                                            Exp (13)
                                                                              Exp (13)
                                                                                Exp (13)
                                                                                  ID: BpdaPFIeZ
                                                                                RELOP: GE
                                                                                Exp (13)
                                                                                  ID: kchah8
                                                                              RELOP: LE
                                                                              Exp (13)
                                                                                Exp (13)
                                                                                  MINUS
                                                                                  Exp (13)
                                                                                    ID: k7S8l
                                                                                DIV
                                                                                Exp (13)
                                                                                  ID: EgVvWoSnET5D
                                                                    RP
                                                                MINUS
                                                                Exp (14)
                                                                  FLOAT: 323097691.244603584
                                                          RP
                                                        DIV
                                                        Exp (14)
                                                          MINUS
                                                          Exp (14)
                                                            MINUS
                                                            Exp (14)
                                                              ID: YRJffGCyw
                                                  RP
                                                DIV
                                                Exp (14)
                                                  ID: txb5Tgr38b
                                                  LP
                                                  RP
                                          RELOP: EQ
                                          Exp (15)
                                            NOT
                                            Exp (15)
                                              Exp (15)
                                                INT: 805835895
                                              DOT
                                              ID: NOI
                                      RB
                          SEMI
                        ELSE
                        Stmt (16)
                          CompSt (16)
                            LC
                            DefList (17)
                              Def (17)
                                Specifier (17)
                                  StructSpecifier (17)
                                    STRUCT
                                    Tag (17)
                                      ID: vhNYSyC
                                DecList (17)
                                  Dec (17)
                                    VarDec (17)
                                      ID: BpOA89phQ
                                SEMI
                              DefList (18)
                            StmtList (18)
                            RC
                  StmtList (21)
                RC
            ExtDefList (22)
              ExtDef (22)
                Specifier (22)
                  TYPE: int
                ExtDecList (22)
                  VarDec (22)
                    VarDec (22)
                      ID: fG
                    LB
                    INT: 12340938
                    RB
                SEMI
              ExtDefList (24)
                ExtDef (24)
                  Specifier (24)
                    TYPE: int
                  SEMI
                ExtDefList (25)
                  ExtDef (25)
                    Specifier (25)
                      TYPE: int
                    SEMI
                  ExtDefList (26)
                    ExtDef (26)
                      Specifier (26)
                        TYPE: int
                      SEMI
                    ExtDefList (27)
                      ExtDef (27)
                        Specifier (27)
                          TYPE: int
                        SEMI
                      ExtDefList (28)
                        ExtDef (28)
                          Specifier (28)
                            TYPE: int
                          SEMI
                        ExtDefList (29)
                          ExtDef (29)
                            Specifier (29)
                              TYPE: int
                            SEMI
                          ExtDefList (30)
                            ExtDef (30)
                              Specifier (30)
                                StructSpecifier (30)
                                  STRUCT
                                  OptTag (30)
                                    ID: htryA_L
                                  LC
                                  DefList (31)
                                  RC
                              SEMI
                            ExtDefList (32)
                              ExtDef (32)
                                Specifier (32)
                                  StructSpecifier (32)
                                    STRUCT
                                    OptTag (32)
                                    LC
                                    DefList (33)
                                      Def (33)
                                        Specifier (33)
                                          StructSpecifier (33)
                                            STRUCT
                                            Tag (33)
                                              ID: PBxobrryw8JF5HAi5fmu
                                        DecList (33)
                                          Dec (33)
                                            VarDec (33)
                                              ID: T7tYy5mW
                                          COMMA
                                          DecList (33)
                                            Dec (33)
                                              VarDec (33)
                                                ID: NlZ4r4q2o
                                              ASSIGNOP
                                              Exp (34)
                                                ID: hSS0XF9_aGtL
                                        SEMI
                                      DefList (35)
                                    RC
                                ExtDecList (35)
                                  VarDec (35)
                                    ID: Whtbuu_GLVx_OheaU
                                  COMMA
                                  ExtDecList (35)
                                    VarDec (35)
                                      ID: AXpwN7H6ozEafqem
                                SEMI
                              ExtDefList (38)
                                ExtDef (38)
                                  Specifier (38)
                                    TYPE: int
                                  SEMI
                                ExtDefList (39)
                                  ExtDef (39)
                                    Specifier (39)
                                      TYPE: int
                                    SEMI
                                  ExtDefList (40)
                                    ExtDef (40)
                                      Specifier (40)
                                        TYPE: int
                                      SEMI
                                    ExtDefList (41)
                                      ExtDef (41)
                                        Specifier (41)
                                          TYPE: int
                                        FunDec (41)
                                          ID: OrtXrZ4CdIkGTB
                                          LP
                                          VarList (41)
                                            ParamDec (41)
                                              Specifier (41)
                                                TYPE: int
                                              VarDec (41)
                                                ID: UNVDnrsieBuIiNQPFOQ
                                            COMMA
                                            VarList (41)
                                              ParamDec (41)
                                                Specifier (41)
                                                  TYPE: int
                                                VarDec (42)
                                                  ID: HF5r
                                          RP
                                        CompSt (42)
                                          LC
                                          DefList (43)
                                          StmtList (43)
                                          RC
                                      ExtDefList (44)
                                        ExtDef (44)
                                          Specifier (44)
                                            TYPE: int
                                          FunDec (44)
                                            ID: O98EvGcm
                                            LP
                                            RP
                                          CompSt (44)
                                            LC
                                            DefList (45)
                                            StmtList (45)
                                            RC
                                        ExtDefList (46)
                                          ExtDef (46)
                                            Specifier (46)
                                              TYPE: int
                                            SEMI
                                          ExtDefList (47)
                                            ExtDef (47)
                                              Specifier (47)
                                                TYPE: int
                                              FunDec (47)
                                                ID: JppirHRqmPfqU_3w2m
                                                LP
                                                VarList (47)
                                                  ParamDec (47)
                                                    Specifier (47)
                                                      TYPE: int
                                                    VarDec (47)
                                                      ID: bfgEBUtM6HkO7
                                                RP
                                              CompSt (47)
                                                LC
                                                DefList (48)
                                                StmtList (48)
                                                RC
                                            ExtDefList (49)
                                              ExtDef (49)
                                                Specifier (49)
                                                  TYPE: int
                                                FunDec (49)
                                                  ID: kILJRgELtR3Tb
                                                  LP
                                                  RP
                                                CompSt (49)
                                                  LC
                                                  DefList (50)
                                                  StmtList (50)
                                                  RC
                                              ExtDefList (51)
                                                ExtDef (51)
                                                  Specifier (51)
                                                    TYPE: int
                                                  FunDec (51)
                                                    ID: O5WyT_a_emqSzCm
                                                    LP
                                                    RP
                                                  CompSt (51)
                                                    LC
                                                    DefList (52)
                                                    StmtList (52)
                                                      Stmt (52)
                                                        WHILE
                                                        LP
                                                        Exp (52)
                                                          ID: elfVVxzTwLMtce
                                                        RP
                                                        Stmt (52)
                                                          Exp (52)
                                                            ID: lXYHh
                                                          SEMI
                                                      StmtList (54)
                                                    RC
                                                ExtDefList (55)
                                                  ExtDef (55)
                                                    Specifier (55)
                                                      TYPE: int
                                                    SEMI
                                                  ExtDefList (56)
                                                    ExtDef (56)
                                                      Specifier (56)
                                                        TYPE: int
                                                      SEMI
                                                    ExtDefList (57)
