Program (1)
  ExtDefList (1)
    ExtDef (1)
      Specifier (1)
        TYPE: int
      SEMI
    ExtDefList (2)
      ExtDef (2)
        Specifier (2)
          TYPE: int
        FunDec (2)
          ID: kuAldFf0O
          LP
          VarList (2)
            ParamDec (2)
              Specifier (2)
                StructSpecifier (2)
                  STRUCT
                  OptTag (2)
                  LC
                  DefList (3)
                    Def (3)
                      Specifier (3)
                        StructSpecifier (3)
                          STRUCT
                          OptTag (3)
                            ID: ZaAiBDZMNh99Bl5t
                          LC
                          DefList (4)
                          RC
                      DecList (4)
                        Dec (4)
                          VarDec (4)
                            ID: m
                        COMMA
                        DecList (4)
                          Dec (4)
                            VarDec (4)
                              ID: IkSkgR_0NnAyWJzC
                          COMMA
                          DecList (4)
                            Dec (4)
                              VarDec (4)
                                ID: DiT8
                      SEMI
                    DefList (5)
                  RC
              VarDec (5)
                ID: eXAitaFq8HFImAhr
            COMMA
            VarList (5)
              ParamDec (5)
                Specifier (5)
                  TYPE: float
                VarDec (5)
                  VarDec (5)
                    ID: uB26GvHvk1lfuRkFOG
                  LB
                  INT: 555017027
                  RB
          RP
        CompSt (6)
          LC
          DefList (7)
            Def (7)
              Specifier (7)
                StructSpecifier (7)
                  STRUCT
                  Tag (7)
                    ID: cPdbIjCkrmn1vCjfr
              DecList (7)
                Dec (7)
                  VarDec (7)
                    ID: nLjpuX1Uyp65Lo001
                  ASSIGNOP
                  Exp (7)
                    Exp (7)
                      ID: megZ03fBP
                    ASSIGNOP
                    Exp (8)
                      Exp (8)
                        ID: bPwdVZhyc0y0
                      RELOP: LT
                      Exp (8)
                        Exp (8)
                          ID: G1AEngCPCXV1_NwIaJF
                        PLUS
                        Exp (8)
                          Exp (8)
                            ID: sfMYVVec7mLvqfDXuJW
                          DIV
                          Exp (9)
                            Exp (9)
                              ID: iyWrbdL4QktunkJyfHj
                            LB
                            Exp (9)
                              Exp (9)
                                ID: KOtt3PKAPc1rn58WDU
                              OR
                              Exp (9)
                                Exp (9)
                                  ID: e9G_1_2V9eY_HhTH
                                AND
                                Exp (10)
                                  Exp (10)
                                    ID: mlIbr9KR
                                  RELOP: LE
                                  Exp (10)
                                    NOT
                                    Exp (10)
                                      MINUS
                                      Exp (10)
                                        NOT
                                        Exp (10)
                                          LP
                                          Exp (10)
                                            Exp (10)
                                              ID: MI_KwsjEeyXB
                                            OR
                                            Exp (10)
                                              Exp (10)
                                                ID: TiQHII4z8N
                                              AND
                                              Exp (11)
                                                Exp (11)
                                                  ID: fnAcI
                                                RELOP: NE
                                                Exp (11)
                                                  Exp (11)
                                                    ID: QbuA2aAHMPg5RA
                                                  MINUS
                                                  Exp (11)
                                                    Exp (11)
                                                      ID: vVJ9HPpdEk7snq
                                                    STAR
                                                    Exp (11)
                                                      ID: oYr17
                                                      LP
                                                      Args (12)
                                                        Exp (12)
                                                          ID: j0h2WNvHl80gCZNdqNp
                                                        COMMA
                                                        Args (12)
                                                          Exp (12)
                                                            Exp (12)
                                                              ID: ZVba_npUWcjXofjxYg8
                                                            OR
                                                            Exp (12)
                                                              Exp (12)
                                                                Exp (12)
                                                                  ID: tPP0h7RayPDtaSUiSk_
                                                                  LP
                                                                  Args (13)
                                                                    Exp (13)
                                                                      Exp (13)
                                                                        ID: XCr0R
                                                                      RELOP: EQ
                                                                      Exp (13)
                                                                        Exp (13)
                                                                          ID: Dtj
                                                                        MINUS
                                                                        Exp (13)
                                                                          Exp (13)
                                                                            LP
                                                                            Exp (13)
                                                                              Exp (13)
                                                                                ID: CqgqP
                                                                              OR
                                                                              Exp (13)
                                                                                Exp (13)
                                                                                  ID: In3KuZWH
                                                                                RELOP: GE
                                                                                Exp (13)
                                                                                  ID: xh7iA5
                                                                            RP
                                                                          DOT
                                                                          ID: bZxRE
                                                                  RP
                                                                PLUS
                                                                Exp (14)
                                                                  MINUS
                                                                  Exp (14)
                                                                    ID: lorm15gdyAz3esi3X96M
                                                              RELOP: GT
                                                              Exp (14)
                                                                Exp (14)
                                                                  Exp (14)
                                                                    Exp (14)
                                                                      ID: i8
                                                                    STAR
                                                                    Exp (14)
                                                                      NOT
                                                                      Exp (14)
                                                                        FLOAT: 1637005917.1482080550
                                                                  MINUS
                                                                  Exp (15)
                                                                    Exp (15)
                                                                      MINUS
                                                                      Exp (15)
                                                                        NOT
                                                                        Exp (15)
                                                                          NOT
                                                                          Exp (15)
                                                                            ID: j2_D1fFUHEUax0FRa
                                                                    DIV
                                                                    Exp (15)
                                                                      MINUS
                                                                      Exp (15)
                                                                        INT: 1221893592
                                                                PLUS
                                                                Exp (15)
                                                                  Exp (15)
                                                                    ID: M5
                                                                    LP
                                                                    RP
                                                                  DOT
                                                                  ID: gsv
                                                      RP
                                          RP
                            RB
              SEMI
            DefList (17)
          StmtList (17)
          RC
      ExtDefList (18)
        ExtDef (18)
          Specifier (18)
            TYPE: int
          ExtDecList (18)
            VarDec (18)
              ID: aD5CE8GUTXsV
          SEMI
        ExtDefList (20)
          ExtDef (20)
            Specifier (20)
              TYPE: int
            FunDec (20)
              ID: QdLWCgwmgknsxos
              LP
              RP
            CompSt (20)
              LC
              DefList (21)
              StmtList (21)
                Stmt (21)
                  IF
                  LP
                  Exp (21)
                    ID: m2lqnzOVDR9Q
                  RP
                  Stmt (21)
                    Exp (21)
                      ID: XcPj3nSBkaj5R06SI
                    SEMI
                  ELSE
                  Stmt (22)
                    IF
                    LP
                    Exp (22)
                      ID: cVz7JFXY5m4gRC4
                    RP
                    Stmt (22)
                      IF
                      LP
                      Exp (22)
                        ID: Drd0hgrDuO
                      RP
                      Stmt (23)
                        Exp (23)
                          ID: DJlJ_IRLVtDb
                        SEMI
                      ELSE
                      Stmt (24)
                        IF
                        LP
                        Exp (24)
                          ID: pdD2CiZRzX8OzsW
                        RP
                        Stmt (24)
                          WHILE
                          LP
                          Exp (24)
                            ID: WsjaXgrTHB_M2Y
                          RP
                          Stmt (25)
                            IF
                            LP
                            Exp (25)
                              ID: HmVoCuBeo
                            RP
                            Stmt (25)
                              Exp (25)
                                ID: lpbr5OfhjG5
                              SEMI
                            ELSE
                            Stmt (26)
                              Exp (26)
                                ID: BgBiISkUaQqUnEdUU
                              SEMI
                        ELSE
                        Stmt (29)
                          IF
                          LP
                          Exp (29)
                            ID: cFI8Vo7wBmi7MB4
                          RP
                          Stmt (29)
                            RETURN
                            Exp (29)
                              ID: yJILK_XYf9PYmEJ
                            SEMI
                          ELSE
                          Stmt (31)
                            IF
                            LP
                            Exp (31)
                              ID: UMWgoh7g0
                            RP
                            Stmt (31)
                              IF
                              LP
                              Exp (31)
                                ID: YSmLLC4Rzuzlo_ZKXxn
                              RP
                              Stmt (32)
                                IF
                                LP
                                Exp (32)
                                  ID: r5qsFpUbu0
                                RP
                                Stmt (32)
                                  CompSt (32)
                                    LC
                                    DefList (33)
                                    StmtList (33)
                                    RC
                StmtList (41)
                  Stmt (41)
                    Exp (41)
                      ID: dy8uVNRI
                    SEMI
                  StmtList (42)
              RC
          ExtDefList (43)
            ExtDef (43)
              Specifier (43)
                TYPE: int
              ExtDecList (43)
                VarDec (43)
                  ID: BPe3F2KtWxH
                COMMA
                ExtDecList (43)
                  VarDec (43)
                    ID: cX5JFN9aqKvVb57
              SEMI
            ExtDefList (46)
