Program (1)
  ExtDefList (1)
    ExtDef (1)
      Specifier (1)
        StructSpecifier (1)
          STRUCT
          Tag (1)
            ID: jgEBF
      ExtDecList (1)
        VarDec (1)
          VarDec (1)
            ID: tpvvSt4YoM6
          LB
          INT: 1635675451
          RB
      SEMI
    ExtDefList (3)
      ExtDef (3)
        Specifier (3)
          TYPE: int
        FunDec (3)
          ID: EilMuU
          LP
          RP
        CompSt (3)
          LC
          DefList (4)
            Def (4)
              Specifier (4)
                StructSpecifier (4)
                  STRUCT
                  OptTag (4)
                    ID: qsKswzWh5T
                  LC
                  DefList (5)
                  RC
              DecList (5)
                Dec (5)
                  VarDec (5)
                    ID: ZS
              SEMI
            DefList (6)
              Def (6)
                Specifier (6)
                  TYPE: int
                DecList (6)
                  Dec (6)
                    VarDec (6)
                      ID: R5tzXmuBmETEaQPOIoq
                SEMI
              DefList (7)
                Def (7)
                  Specifier (7)
                    TYPE: int
                  DecList (7)
                    Dec (7)
                      VarDec (7)
                        ID: AjI_2jlNDBa5O4hv
                  SEMI
                DefList (8)
                  Def (8)
                    Specifier (8)
                      TYPE: int
                    DecList (8)
                      Dec (8)
                        VarDec (8)
                          ID: P
                      COMMA
                      DecList (8)
                        Dec (8)
                          VarDec (8)
                            ID: J
                        COMMA
                        DecList (8)
                          Dec (8)
                            VarDec (8)
                              ID: cXZlIael2g8u
                            ASSIGNOP
                            Exp (8)
                              ID: ywVy7
                    SEMI
                  DefList (9)
                    Def (9)
                      Specifier (9)
                        TYPE: int
                      DecList (9)
                        Dec (9)
                          VarDec (9)
                            ID: pirC
                      SEMI
                    DefList (10)
          StmtList (10)
            Stmt (10)
              IF
              LP
              Exp (10)
                ID: zY1JKW97H
              RP
              Stmt (10)
                WHILE
                LP
                Exp (10)
                  ID: Kf
                RP
                Stmt (10)
                  CompSt (10)
                    LC
                    DefList (11)
                    StmtList (11)
                      Stmt (11)
                        IF
                        LP
                        Exp (11)
                          ID: VQ4RIe7SWvyfNLGPBXnL
                        RP
                        Stmt (11)
                          IF
                          LP
                          Exp (11)
                            ID: L8gn8v2yHpq32j8
                          RP
                          Stmt (12)
                            Exp (12)
                              ID: E9Sg
                            SEMI
                          ELSE
                          Stmt (13)
                            IF
                            LP
                            Exp (13)
                              ID: qshqULrjw_o1dKJuoMqe
                            RP
                            Stmt (13)
                              RETURN
                              Exp (13)
                                ID: Dl
                              SEMI
                      StmtList (18)
                    RC
              ELSE
              Stmt (19)
                Exp (19)
                  Exp (19)
                    ID: DkiQL
                  OR
                  Exp (19)
                    Exp (19)
                      ID: dMDiJ
                    RELOP: LE
                    Exp (19)
                      Exp (19)
                        ID: pI4zNd5OhLjIA_rDRB
                      MINUS
                      Exp (19)
                        MINUS
                        Exp (19)
                          Exp (19)
                            ID: om2xUx_4YNm_mjv9yNcK
                          LB
                          Exp (20)
                            Exp (20)
                              ID: AgNs9T5t2PjwTapd
                            ASSIGNOP
                            Exp (20)
                              Exp (20)
                                ID: bpDJ6Rij8cO5xhGs
                              AND
                              Exp (20)
                                Exp (20)
                                  ID: hym8tIWBJbw1Uci
                                RELOP: GT
                                Exp (21)
                                  Exp (21)
                                    Exp (21)
                                      ID: jcp03LxC6tNsJ_OG61fh
                                    STAR
                                    Exp (21)
                                      MINUS
                                      Exp (21)
                                        ID: O6GyMaWuEZV3A
                                        LP
                                        Args (21)
                                          Exp (21)
                                            ID: GCOG3WdAlubag035pcJw
                                          COMMA
                                          Args (22)
                                            Exp (22)
                                              Exp (22)
                                                ID: GvSqacre7ZVYQP4
                                              AND
                                              Exp (22)
                                                Exp (22)
                                                  ID: I5pzmOx2QP_E
                                                PLUS
                                                Exp (22)
                                                  Exp (22)
                                                    ID: AxMYtHhu5oUU
                                                  DIV
                                                  Exp (23)
                                                    LP
                                                    Exp (23)
                                                      Exp (23)
                                                        ID: jRFxf8NKFAFne1YN5Y
                                                      OR
                                                      Exp (23)
                                                        Exp (23)
                                                          ID: NCah1Wz1m5HTH
                                                        RELOP: NE
                                                        Exp (23)
                                                          Exp (23)
                                                            Exp (23)
                                                              ID: qQ24dSG_tIKeDb3uC
                                                            MINUS
                                                            Exp (24)
                                                              Exp (24)
                                                                ID: qeDAGz2kQoPY5
                                                              STAR
                                                              Exp (24)
                                                                Exp (24)
                                                                  ID: vVGvcmIXp
                                                                LB
                                                                Exp (24)
                                                                  Exp (24)
                                                                    Exp (24)
                                                                      Exp (24)
                                                                        ID: TYbgI9GtJ0PA64zEBc20
                                                                      RELOP: GE
                                                                      Exp (25)
                                                                        ID: fAqPX9B
                                                                    RELOP: EQ
                                                                    Exp (25)
                                                                      ID: e
                                                                  RELOP: LT
                                                                  Exp (25)
                                                                    Exp (25)
                                                                      NOT
                                                                      Exp (25)
                                                                        INT: 1097966694
                                                                    STAR
                                                                    Exp (25)
                                                                      FLOAT: 74655690.1605990520
                                                                RB
                                                          PLUS
                                                          Exp (26)
                                                            Exp (26)
                                                              ID: s
                                                            DOT
                                                            ID: n2GgOd539nCe5X3Yowpk
                                                    RP
                                        RP
                                  DIV
                                  Exp (26)
                                    NOT
                                    Exp (26)
                                      NOT
                                      Exp (26)
                                        ID: CQh
                                        LP
                                        RP
                          RB
                SEMI
            StmtList (28)
          RC
      ExtDefList (29)
        ExtDef (29)
          Specifier (29)
            TYPE: float
          SEMI
        ExtDefList (30)
          ExtDef (30)
            Specifier (30)
              TYPE: int
            SEMI
          ExtDefList (31)
            ExtDef (31)
              Specifier (31)
                TYPE: int
              SEMI
            ExtDefList (32)
              ExtDef (32)
                Specifier (32)
                  TYPE: int
                FunDec (32)
                  ID: TLk3uJV2fv
                  LP
                  VarList (32)
                    ParamDec (32)
                      Specifier (32)
                        TYPE: int
                      VarDec (32)
                        ID: r1nWjmR7c_784rM
                    COMMA
                    VarList (32)
                      ParamDec (32)
                        Specifier (32)
                          StructSpecifier (32)
                            STRUCT
                            OptTag (32)
                            LC
                            DefList (33)
                            RC
                        VarDec (33)
                          ID: SqDphxFqlUl
                  RP
                CompSt (33)
                  LC
                  DefList (34)
                    Def (34)
                      Specifier (34)
                        TYPE: int
                      DecList (34)
                        Dec (34)
                          VarDec (34)
                            ID: N3enD7VCky0SA3nwHm
                      SEMI
                    DefList (35)
                  StmtList (35)
                    Stmt (35)
                      Exp (35)
                        ID: y5LndGLejGd
                      SEMI
                    StmtList (36)
                  RC
              ExtDefList (37)
                ExtDef (37)
                  Specifier (37)
                    TYPE: int
                  SEMI
                ExtDefList (38)
                  ExtDef (38)
                    Specifier (38)
                      TYPE: int
                    ExtDecList (38)
                      VarDec (38)
                        ID: xew3
                      COMMA
                      ExtDecList (38)
                        VarDec (38)
                          ID: bv__5kqxlnJx
                    SEMI
                  ExtDefList (41)
