Program (1)
  ExtDefList (1)
    ExtDef (1)
      Specifier (1)
        TYPE: float
      SEMI
    ExtDefList (2)
      ExtDef (2)
        Specifier (2)
          TYPE: int
        FunDec (2)
          ID: Xt
          LP
          VarList (2)
            ParamDec (2)
              Specifier (2)
                StructSpecifier (2)
                  STRUCT
                  Tag (2)
                    ID: qB9asyoc
              VarDec (2)
                ID: Z6_TbK
            COMMA
            VarList (2)
              ParamDec (2)
                Specifier (2)
                  StructSpecifier (2)
                    STRUCT
                    OptTag (2)
                      ID: w9QdaGuQWKBkFx
                    LC
                    DefList (4)
                    RC
                VarDec (4)
                  ID: TaWiJxJdlo
          RP
        CompSt (4)
          LC
          DefList (5)
          StmtList (5)
            Stmt (5)
              IF
              LP
              Exp (5)
                ID: rMCFYQhF5h75Fx66ib2
              RP
              Stmt (5)
                IF
                LP
                Exp (5)
                  ID: nQRn4m0Lk
                RP
                Stmt (5)
                  CompSt (5)
                    LC
                    DefList (6)
                      Def (6)
                        Specifier (6)
                          TYPE: int
                        DecList (6)
                          Dec (6)
                            VarDec (6)
                              VarDec (6)
                                ID: vUh
                              LB
                              INT: 330704202
                              RB
                            ASSIGNOP
                            Exp (6)
                              ID: LjUz3dhesh3y1d10
                          COMMA
                          DecList (6)
                            Dec (6)
                              VarDec (6)
                                ID: f0ELO4XO9z2
                        SEMI
                      DefList (8)
                    StmtList (8)
                    RC
                ELSE
                Stmt (8)
                  WHILE
                  LP
                  Exp (8)
                    ID: ox2eDi
                  RP
                  Stmt (8)
                    RETURN
                    Exp (8)
                      ID: TsQMvuIfR2V
                    SEMI
              ELSE
              Stmt (11)
                IF
                LP
                Exp (11)
                  ID: aEDjmehLsK
                RP
                Stmt (11)
                  Exp (11)
                    Exp (11)
                      ID: U
                    AND
                    Exp (11)
                      Exp (11)
                        ID: Am_6_NIVqN1M_SbYRq
                      RELOP: EQ
                      Exp (12)
                        Exp (12)
                          Exp (12)
                            ID: zt4xmQp8unMY_wYEYWH
                          DIV
                          Exp (12)
                            NOT
                            Exp (12)
                              MINUS
                              Exp (12)
                                NOT
                                Exp (12)
                                  MINUS
                                  Exp (12)
                                    ID: n
                                    LP
                                    Args (12)
                                      Exp (12)
                                        ID: nYqzWuutmno6NghnMb4
                                      COMMA
                                      Args (13)
                                        Exp (13)
                                          Exp (13)
                                            ID: _LUkeskjz63
                                          ASSIGNOP
                                          Exp (13)
                                            Exp (13)
                                              ID: VK4J
                                            OR
                                            Exp (13)
                                              Exp (13)
                                                ID: mRhGJ
                                              RELOP: GE
                                              Exp (13)
                                                Exp (13)
                                                  ID: amyam6
                                                PLUS
                                                Exp (13)
                                                  Exp (13)
                                                    MINUS
                                                    Exp (13)
                                                      Exp (13)
                                                        Exp (13)
                                                          ID: eHUOcfBsm0Og3zHO2D5
                                                        LB
                                                        Exp (14)
                                                          Exp (14)
                                                            ID: YNWMKEVwVhswt
                                                          RELOP: NE
                                                          Exp (14)
                                                            Exp (14)
                                                              Exp (14)
                                                                LP
                                                                Exp (14)
                                                                  LP
                                                                  Exp (14)
                                                                    Exp (14)
                                                                      ID: qvdOl_g0ePFAEwtsdq
                                                                    OR
                                                                    Exp (14)
                                                                      Exp (14)
                                                                        ID: y1c6Fv7N
                                                                      RELOP: LT
                                                                      Exp (15)
                                                                        Exp (15)
                                                                          Exp (15)
                                                                            ID: m
                                                                          PLUS
                                                                          Exp (15)
                                                                            NOT
                                                                            Exp (15)
                                                                              MINUS
                                                                              Exp (15)
                                                                                MINUS
                                                                                Exp (15)
                                                                                  NOT
                                                                                  Exp (15)
                                                                                    Exp (15)
                                                                                      Exp (15)
                                                                                        ID: GHhpG3ZnF0TaUQLx
                                                                                      LB
                                                                                      Exp (15)
                                                                                        Exp (15)
                                                                                          ID: wrv6pX6M2JUN
                                                                                        RELOP: GT
                                                                                        Exp (15)
                                                                                          Exp (15)
                                                                                            ID: f0u
                                                                                          PLUS
                                                                                          Exp (16)
                                                                                            Exp (16)
                                                                                              ID: pK7QVPc8
                                                                                            STAR
                                                                                            Exp (16)
                                                                                              ID: l6FB7V1tVPOE1S
                                                                                              LP
                                                                                              Args (16)
                                                                                                Exp (16)
                                                                                                  ID: ZQ
                                                                                                COMMA
                                                                                                Args (16)
                                                                                                  Exp (16)
                                                                                                    ID: vrD9jvdtXjblr8jkb
                                                                                                  COMMA
                                                                                                  Args (17)
                                                                                                    Exp (17)
                                                                                                      ID: WjFMRF
                                                                                                    COMMA
                                                                                                    Args (17)
                                                                                                      Exp (17)
                                                                                                        Exp (17)
                                                                                                          ID: DQZku
                                                                                                        RELOP: LE
                                                                                                        Exp (17)
                                                                                                          ID: TnW5OE0ujfz
                                                                                              RP
                                                                                      RB
                                                                                    DOT
                                                                                    ID: f7SAS88TNtVf
                                                                        MINUS
                                                                        Exp (18)
                                                                          Exp (18)
                                                                            Exp (18)
                                                                              ID: nx1o3q1c
                                                                            DOT
                                                                            ID: Yfjy_RSZt8Hgq
                                                                          STAR
                                                                          Exp (18)
                                                                            Exp (18)
                                                                              ID: VEt6n3BO6
                                                                            DOT
                                                                            ID: w
                                                                  RP
                                                                RP
                                                              DIV
                                                              Exp (18)
                                                                NOT
                                                                Exp (19)
                                                                  INT: 888476203
                                                            DIV
                                                            Exp (19)
                                                              Exp (19)
                                                                ID: b
                                                              DOT
                                                              ID: nocsQPz3U
                                                        RB
                                                      DOT
                                                      ID: P425i3aPS
                                                  STAR
                                                  Exp (19)
                                                    FLOAT: 1395672547.1699706684
                                    RP
                        MINUS
                        Exp (20)
                          ID: kBr_
                          LP
                          RP
                  SEMI
            StmtList (23)
          RC
      ExtDefList (24)
        ExtDef (24)
          Specifier (24)
            StructSpecifier (24)
              STRUCT
              OptTag (24)
              LC
              DefList (25)
                Def (25)
                  Specifier (25)
                    TYPE: int
                  DecList (25)
                    Dec (25)
                      VarDec (25)
                        ID: NGp9gGwApPCHDJ1g
                  SEMI
                DefList (26)
                  Def (26)
                    Specifier (26)
                      StructSpecifier (26)
                        STRUCT
                        Tag (26)
                          ID: b3Sk
                    DecList (26)
                      Dec (26)
                        VarDec (26)
                          ID: MdXH2sFcGdqRSED
                    SEMI
                  DefList (27)
              RC
          ExtDecList (27)
            VarDec (27)
              ID: ErNvL05HnRtpNEFyKB
            COMMA
            ExtDecList (27)
              VarDec (27)
                ID: QmpYg6aY3Cwaz664
          SEMI
        ExtDefList (30)
          ExtDef (30)
            Specifier (30)
              TYPE: int
            FunDec (30)
              ID: mXn8
              LP
              RP
            CompSt (30)
              LC
              DefList (31)
              StmtList (31)
              RC
          ExtDefList (32)
