Program (1)
  ExtDefList (1)
    ExtDef (1)
      Specifier (1)
        TYPE: int
      SEMI
    ExtDefList (2)
      ExtDef (2)
        Specifier (2)
          TYPE: int
        SEMI
      ExtDefList (3)
        ExtDef (3)
          Specifier (3)
            TYPE: int
          ExtDecList (3)
            VarDec (3)
              ID: C13yJMUefyw75PE
          SEMI
        ExtDefList (5)
          ExtDef (5)
            Specifier (5)
              StructSpecifier (5)
                STRUCT
                OptTag (5)
                LC
                DefList (6)
                  Def (6)
                    Specifier (6)
                      TYPE: int
                    DecList (6)
                      Dec (6)
                        VarDec (6)
                          ID: U4F1m17eBeUWH1uc1P
                      COMMA
                      DecList (6)
                        Dec (6)
                          VarDec (6)
                            ID: qkl
                        COMMA
                        DecList (6)
                          Dec (6)
                            VarDec (6)
                              ID: EtKF
                            ASSIGNOP
                            Exp (6)
                              ID: j0HYtk9Esh
                    SEMI
                  DefList (8)
                    Def (8)
                      Specifier (8)
                        TYPE: int
                      DecList (8)
                        Dec (8)
                          VarDec (8)
                            ID: rnFrsYtovveRNCx
                      SEMI
                    DefList (9)
                RC
            FunDec (9)
              ID: ULKMxzOi4R
              LP
              VarList (9)
                ParamDec (9)
                  Specifier (9)
                    TYPE: float
                  VarDec (9)
                    VarDec (9)
                      ID: i7xo
                    LB
                    INT: 1719627219
                    RB
              RP
            CompSt (9)
              LC
              DefList (10)
              StmtList (10)
                Stmt (10)
                  IF
                  LP
                  Exp (10)
                    ID: xNE
                  RP
                  Stmt (10)
                    Exp (10)
                      ID: zx1B1jBCQU
                    SEMI
                  ELSE
                  Stmt (11)
                    RETURN
                    Exp (11)
                      Exp (11)
                        ID: pduJNfcZaYAcZaM0s
                      ASSIGNOP
                      Exp (11)
                        Exp (11)
                          ID: EJR7vxT_U
                        OR
                        Exp (11)
                          Exp (11)
                            ID: PPr
                          RELOP: GE
                          Exp (12)
                            Exp (12)
                              ID: UZ64
                            MINUS
                            Exp (12)
                              Exp (12)
                                ID: _C1O73ruZWbXS0
                              STAR
                              Exp (12)
                                LP
                                Exp (12)
                                  Exp (12)
                                    ID: OIN83qk
                                  ASSIGNOP
                                  Exp (12)
                                    Exp (12)
                                      ID: DO497
                                    AND
                                    Exp (12)
                                      Exp (12)
                                        ID: bj
                                      RELOP: NE
                                      Exp (13)
                                        MINUS
                                        Exp (13)
                                          NOT
                                          Exp (13)
                                            Exp (13)
                                              ID: m6QOeDq21amjiIgb3
                                            LB
                                            Exp (13)
                                              Exp (13)
                                                ID: Mpjgd5i8O
                                              ASSIGNOP
                                              Exp (13)
                                                Exp (13)
                                                  ID: xoU1vGnWfas
                                                OR
                                                Exp (14)
                                                  Exp (14)
                                                    ID: UYDrVxQDcD8N
                                                  PLUS
                                                  Exp (14)
                                                    Exp (14)
                                                      MINUS
                                                      Exp (14)
                                                        NOT
                                                        Exp (14)
                                                          ID: aTMOa_Ry
                                                          LP
                                                          Args (14)
                                                            Exp (14)
                                                              Exp (14)
                                                                ID: vSLUMzHIa
                                                              OR
                                                              Exp (14)
                                                                Exp (14)
                                                                  ID: Tj8AVlX871dhIXaBybk
                                                                RELOP: EQ
                                                                Exp (15)
                                                                  Exp (15)
                                                                    Exp (15)
                                                                      Exp (15)
                                                                        ID: p7Hzx8pgrHpYSws
                                                                      LB
                                                                      Exp (15)
                                                                        Exp (15)
                                                                          ID: xTk1BtB
                                                                        AND
                                                                        Exp (15)
                                                                          Exp (15)
                                                                            ID: yzT3VjubR26qZq6q
                                                                          RELOP: LT
                                                                          Exp (16)
                                                                            Exp (16)
                                                                              Exp (16)
                                                                                ID: BtdURk655iKoWm
                                                                              MINUS
                                                                              Exp (16)
                                                                                MINUS
                                                                                Exp (16)
                                                                                  Exp (16)
                                                                                    Exp (16)
                                                                                      Exp (16)
                                                                                        ID: I_Kodg5l
                                                                                      LB
                                                                                      Exp (16)
                                                                                        Exp (16)
                                                                                          ID: lucEPFpsy0PHdu
                                                                                        RELOP: GT
                                                                                        Exp (16)
                                                                                          Exp (16)
                                                                                            ID: ma2nx_fghth3
                                                                                          PLUS
                                                                                          Exp (17)
                                                                                            Exp (17)
                                                                                              ID: Dz81TsqdZ
                                                                                            DIV
                                                                                            Exp (17)
                                                                                              NOT
                                                                                              Exp (17)
                                                                                                MINUS
                                                                                                Exp (17)
                                                                                                  LP
                                                                                                  Exp (17)
                                                                                                    Exp (17)
                                                                                                      ID: MZnEKD8LLxyo_l9dcKXJ
                                                                                                    ASSIGNOP
                                                                                                    Exp (17)
                                                                                                      Exp (17)
                                                                                                        ID: DJLmMngRwEL1I2O
                                                                                                      RELOP: LE
                                                                                                      Exp (18)
                                                                                                        Exp (18)
                                                                                                          Exp (18)
                                                                                                            ID: No4rctJQa
                                                                                                          STAR
                                                                                                          Exp (18)
                                                                                                            Exp (18)
                                                                                                              ID: BBJgwDrEWq8
                                                                                                            LB
                                                                                                            Exp (18)
                                                                                                              Exp (18)
                                                                                                                ID: Btr7WWO5eheVqT
                                                                                                              OR
                                                                                                              Exp (18)
                                                                                                                LP
                                                                                                                Exp (18)
                                                                                                                  Exp (18)
                                                                                                                    ID: fV7Mr7dfiEjFEMhG
                                                                                                                  ASSIGNOP
                                                                                                                  Exp (19)
                                                                                                                    Exp (19)
                                                                                                                      ID: FO
                                                                                                                    AND
                                                                                                                    Exp (19)
                                                                                                                      NOT
                                                                                                                      Exp (19)
                                                                                                                        LP
                                                                                                                        Exp (19)
                                                                                                                          Exp (19)
                                                                                                                            ID: xZYchKcNeVP
                                                                                                                          ASSIGNOP
                                                                                                                          Exp (19)
                                                                                                                            Exp (19)
                                                                                                                              ID: knzooHe
                                                                                                                            ASSIGNOP
                                                                                                                            Exp (19)
                                                                                                                              Exp (19)
                                                                                                                                ID: Qcj_J_N81b2UYab
                                                                                                                              OR
                                                                                                                              Exp (20)
                                                                                                                                Exp (20)
                                                                                                                                  ID: bo4Eb
                                                                                                                                MINUS
                                                                                                                                Exp (20)
                                                                                                                                  Exp (20)
                                                                                                                                    MINUS
                                                                                                                                    Exp (20)
                                                                                                                                      ID: iVOwspTNyFA
                                                                                                                                      LP
                                                                                                                                      Args (20)
                                                                                                                                        Exp (20)
                                                                                                                                          ID: g22
                                                                                                                                        COMMA
                                                                                                                                        Args (20)
                                                                                                                                          Exp (20)
                                                                                                                                            ID: WwoCsBp5y_qwI3SU
                                                                                                                                      RP
                                                                                                                                  DIV
                                                                                                                                  Exp (21)
                                                                                                                                    ID: AosHvIL
                                                                                                                        RP
                                                                                                                RP
                                                                                                            RB
                                                                                                        DIV
                                                                                                        Exp (21)
                                                                                                          ID: IC
                                                                                                  RP
                                                                                      RB
                                                                                    DOT
                                                                                    ID: m7M0m7lMJ
                                                                                  DOT
                                                                                  ID: a
                                                                            MINUS
                                                                            Exp (21)
                                                                              Exp (21)
                                                                                FLOAT: 947493175.357051722
                                                                              DOT
                                                                              ID: zqKy2xFVjVMgeNCd
                                                                      RB
                                                                    MINUS
                                                                    Exp (22)
                                                                      INT: 906158189
                                                                  PLUS
                                                                  Exp (22)
                                                                    MINUS
                                                                    Exp (22)
                                                                      MINUS
                                                                      Exp (22)
                                                                        ID: aANYPlxJZkKD
                                                          RP
                                                    DIV
                                                    Exp (23)
                                                      Exp (23)
                                                        ID: vQzQ6Smm7sdfVnp7
                                                        LP
                                                        RP
                                                      DOT
                                                      ID: In6twPSmsQed
                                            RB
                                RP
                    SEMI
                StmtList (25)
              RC
          ExtDefList (26)
            ExtDef (26)
              Specifier (26)
                StructSpecifier (26)
                  STRUCT
                  Tag (26)
                    ID: N
              FunDec (26)
                ID: iunMLD5sk8LuTImC
                LP
                RP
              CompSt (26)
                LC
                DefList (27)
                StmtList (27)
                RC
            ExtDefList (28)
              ExtDef (28)
                Specifier (28)
                  StructSpecifier (28)
                    STRUCT
                    Tag (28)
                      ID: E_UY2oshetp
                ExtDecList (28)
                  VarDec (28)
                    ID: VEc
                  COMMA
                  ExtDecList (28)
                    VarDec (28)
                      ID: l88uf1MkaV6dbq
                SEMI
              ExtDefList (31)
                ExtDef (31)
                  Specifier (31)
                    TYPE: int
                  SEMI
                ExtDefList (32)
                  ExtDef (32)
                    Specifier (32)
                      TYPE: int
                    SEMI
                  ExtDefList (33)
                    ExtDef (33)
                      Specifier (33)
                        TYPE: int
                      SEMI
                    ExtDefList (34)
                      ExtDef (34)
                        Specifier (34)
                          TYPE: int
                        FunDec (34)
                          ID: pdlsnAMx8P8PqPTg
                          LP
                          VarList (34)
                            ParamDec (34)
                              Specifier (34)
                                TYPE: int
                              VarDec (34)
                                ID: S
                            COMMA
                            VarList (34)
                              ParamDec (34)
                                Specifier (34)
                                  TYPE: int
                                VarDec (34)
                                  ID: o1JpS0CKILVlYuyFqu
                          RP
                        CompSt (35)
                          LC
                          DefList (36)
                          StmtList (36)
                            Stmt (36)
                              IF
                              LP
                              Exp (36)
                                ID: w_sxKZDa3IK
                              RP
                              Stmt (36)
                                Exp (36)
                                  ID: YCtt
                                SEMI
                              ELSE
                              Stmt (37)
                                IF
                                LP
                                Exp (37)
                                  ID: X9HQPgJ1nJDsQ
                                RP
                                Stmt (37)
                                  WHILE
                                  LP
                                  Exp (37)
                                    ID: EQUdby3w2NFNTL1
                                  RP
                                  Stmt (38)
                                    CompSt (38)
                                      LC
                                      DefList (39)
                                        Def (39)
                                          Specifier (39)
                                            TYPE: int
                                          DecList (39)
                                            Dec (39)
                                              VarDec (39)
                                                ID: U1yZQRnLemScGS
                                          SEMI
                                        DefList (40)
                                          Def (40)
                                            Specifier (40)
                                              StructSpecifier (40)
                                                STRUCT
                                                OptTag (40)
                                                  ID: _HYC73kgC4LTyV5mebF_
                                                LC
                                                DefList (41)
                                                  Def (41)
                                                    Specifier (41)
                                                      StructSpecifier (41)
                                                        STRUCT
                                                        Tag (41)
                                                          ID: Go0vitWp2Fc3Eqva
                                                    DecList (41)
                                                      Dec (41)
                                                        VarDec (41)
                                                          ID: WFueVVgtf52QQsiyljn
                                                    SEMI
                                                  DefList (43)
                                                    Def (43)
                                                      Specifier (43)
                                                        TYPE: int
                                                      DecList (43)
                                                        Dec (43)
                                                          VarDec (43)
                                                            ID: gDRcha6gug
                                                      SEMI
                                                    DefList (44)
                                                RC
                                            DecList (44)
                                              Dec (44)
                                                VarDec (44)
                                                  ID: MGH_noWYV
                                            SEMI
                                          DefList (45)
                                            Def (45)
                                              Specifier (45)
                                                TYPE: int
                                              DecList (45)
                                                Dec (45)
                                                  VarDec (45)
                                                    ID: Hhvar1
                                              SEMI
                                            DefList (46)
                                      StmtList (46)
                                        Stmt (46)
                                          Exp (46)
                                            ID: uxK1J
                                          SEMI
                                        StmtList (47)
                                      RC
                            StmtList (50)
                          RC
                      ExtDefList (51)
