Program (1)
  ExtDefList (1)
    ExtDef (1)
      Specifier (1)
        StructSpecifier (1)
          STRUCT
          Tag (1)
            ID: u6WJKik
      SEMI
    ExtDefList (2)
      ExtDef (2)
        Specifier (2)
          TYPE: int
        FunDec (2)
          ID: QxxWaa
          LP
          VarList (2)
            ParamDec (2)
              Specifier (2)
                TYPE: float
              VarDec (2)
                VarDec (2)
                  ID: JGrYq3yi3Rihx6Wi2xOR
                LB
                INT: 1350392995
                RB
            COMMA
            VarList (3)
              ParamDec (3)
                Specifier (3)
                  TYPE: int
                VarDec (3)
                  ID: Xtv5ODYD
          RP
        CompSt (3)
          LC
          DefList (4)
          StmtList (4)
          RC
      ExtDefList (5)
        ExtDef (5)
          Specifier (5)
            TYPE: int
          SEMI
        ExtDefList (6)
          ExtDef (6)
            Specifier (6)
              TYPE: int
            ExtDecList (6)
              VarDec (6)
                ID: Jg7L4rOf
            SEMI
          ExtDefList (8)
            ExtDef (8)
              Specifier (8)
                TYPE: int
              SEMI
            ExtDefList (9)
              ExtDef (9)
                Specifier (9)
                  StructSpecifier (9)
                    STRUCT
                    OptTag (9)
                      ID: k
                    LC
                    DefList (10)
                      Def (10)
                        Specifier (10)
                          TYPE: int
                        DecList (10)
                          Dec (10)
                            VarDec (10)
                              ID: Q
                          COMMA
                          DecList (10)
                            Dec (10)
                              VarDec (10)
                                ID: rNZjKK0kPtKfemPj7
                              ASSIGNOP
                              Exp (10)
                                Exp (10)
                                  ID: sOpB8W
                                OR
                                Exp (10)
                                  Exp (10)
                                    ID: P1ybya40
                                  DIV
                                  Exp (11)
                                    MINUS
                                    Exp (11)
                                      ID: QhzAjqwH
                                      LP
                                      Args (11)
                                        Exp (11)
                                          ID: vMyC7vJQmFJCK98
                                        COMMA
                                        Args (11)
                                          Exp (11)
                                            Exp (11)
                                              ID: ZYIcvU9YdtRVn
                                            ASSIGNOP
                                            Exp (11)
                                              Exp (11)
                                                ID: Adm9ssaQlMwRSRt2
                                              AND
                                              Exp (12)
                                                Exp (12)
                                                  ID: OYpVNYsbDSOs9wM
                                                RELOP: GE
                                                Exp (12)
                                                  Exp (12)
                                                    ID: RkVmCPcS7G
                                                  PLUS
                                                  Exp (12)
                                                    Exp (12)
                                                      Exp (12)
                                                        ID: MwJobHwXHqPGuVsiL
                                                      LB
                                                      Exp (13)
                                                        Exp (13)
                                                          ID: N1naI
                                                        OR
                                                        Exp (13)
                                                          Exp (13)
                                                            Exp (13)
                                                              ID: P6vDHT
                                                            RELOP: GT
                                                            Exp (13)
                                                              Exp (13)
                                                                ID: GpX5HSAD2FfmsdNqYjWb
                                                              PLUS
                                                              Exp (13)
                                                                Exp (13)
                                                                  ID: FFQR
                                                                STAR
                                                                Exp (14)
                                                                  NOT
                                                                  Exp (14)
                                                                    ID: t_FUn1xKOyDR
                                                                    LP
                                                                    Args (14)
                                                                      Exp (14)
                                                                        Exp (14)
                                                                          Exp (14)
                                                                            ID: Tkcx3HYUmjT4w3
                                                                          RELOP: EQ
                                                                          Exp (14)
                                                                            Exp (14)
                                                                              ID: j66tmvYCQ4hkF
                                                                            MINUS
                                                                            Exp (15)
                                                                              Exp (15)
                                                                                ID: pAXy
                                                                              STAR
                                                                              Exp (15)
                                                                                LP
                                                                                Exp (15)
                                                                                  Exp (15)
                                                                                    ID: l8me8cBrjfNC
                                                                                  ASSIGNOP
                                                                                  Exp (15)
                                                                                    Exp (15)
                                                                                      ID: QyvhPvsFeu368
                                                                                    RELOP: LT
                                                                                    Exp (15)
                                                                                      ID: DV13Wt9PNbABx
                                                                                RP
                                                                        RELOP: NE
                                                                        Exp (16)
                                                                          INT: 1517885455
                                                                    RP
                                                          RELOP: LE
                                                          Exp (16)
                                                            Exp (16)
                                                              FLOAT: 1950336633.382217608
                                                            MINUS
                                                            Exp (16)
                                                              MINUS
                                                              Exp (16)
                                                                ID: gSZ0
                                                      RB
                                                    STAR
                                                    Exp (17)
                                                      NOT
                                                      Exp (17)
                                                        Exp (17)
                                                          ID: QX89gxuX0fStsSV
                                                          LP
                                                          RP
                                                        DOT
                                                        ID: kV_qoEyoaVJe
                                      RP
                        SEMI
                      DefList (18)
                        Def (18)
                          Specifier (18)
                            StructSpecifier (18)
                              STRUCT
                              OptTag (18)
                              LC
                              DefList (19)
                              RC
                          DecList (19)
                            Dec (19)
                              VarDec (19)
                                ID: l9YRK
                          SEMI
                        DefList (20)
                    RC
                ExtDecList (20)
                  VarDec (20)
                    ID: PwJ2rZr
                  COMMA
                  ExtDecList (20)
                    VarDec (20)
                      ID: XjeUhYoRyoLfuLL
                SEMI
              ExtDefList (23)
                ExtDef (23)
                  Specifier (23)
                    TYPE: int
                  SEMI
                ExtDefList (24)
                  ExtDef (24)
                    Specifier (24)
                      TYPE: int
                    SEMI
                  ExtDefList (25)
                    ExtDef (25)
                      Specifier (25)
                        TYPE: int
                      FunDec (25)
                        ID: WwM5
                        LP
                        RP
                      CompSt (25)
                        LC
                        DefList (26)
                        StmtList (26)
                        RC
                    ExtDefList (27)
                      ExtDef (27)
                        Specifier (27)
                          TYPE: int
                        FunDec (27)
                          ID: HxAOiq
                          LP
                          RP
                        CompSt (27)
                          LC
                          DefList (28)
                          StmtList (28)
                            Stmt (28)
                              RETURN
                              Exp (28)
                                ID: p_CsNRsFUMAsHQzICV
                              SEMI
                            StmtList (29)
                          RC
                      ExtDefList (30)
                        ExtDef (30)
                          Specifier (30)
                            TYPE: int
                          SEMI
                        ExtDefList (31)
                          ExtDef (31)
                            Specifier (31)
                              TYPE: int
                            FunDec (31)
                              ID: jtDcW6fE7VYVC5OJ3R
                              LP
                              RP
                            CompSt (31)
                              LC
                              DefList (32)
                              StmtList (32)
                              RC
                          ExtDefList (33)
                            ExtDef (33)
                              Specifier (33)
                                TYPE: int
                              SEMI
                            ExtDefList (34)
                              ExtDef (34)
                                Specifier (34)
                                  TYPE: int
                                FunDec (34)
                                  ID: GVKLDLBRQY
                                  LP
                                  RP
                                CompSt (34)
                                  LC
                                  DefList (35)
                                  StmtList (35)
                                    Stmt (35)
                                      Exp (35)
                                        ID: tQVUUV0f_6Co7
                                      SEMI
                                    StmtList (36)
                                      Stmt (36)
                                        Exp (36)
                                          ID: Ez5t
                                        SEMI
                                      StmtList (37)
                                        Stmt (37)
                                          IF
                                          LP
                                          Exp (37)
                                            ID: UBuVEmu8ouVAEZ3UJ6
                                          RP
                                          Stmt (37)
                                            IF
                                            LP
                                            Exp (37)
                                              ID: C7N5MIdwALF5ZC9W1dr
                                            RP
                                            Stmt (38)
                                              Exp (38)
                                                ID: zhHHWti7LfPs9TQV
                                              SEMI
                                            ELSE
                                            Stmt (39)
                                              WHILE
                                              LP
                                              Exp (39)
                                                ID: pL9
                                              RP
                                              Stmt (39)
                                                Exp (39)
                                                  ID: bofCh1eS
                                                SEMI
                                          ELSE
                                          Stmt (42)
                                            IF
                                            LP
                                            Exp (42)
                                              ID: WnvBDHxp9D6
                                            RP
                                            Stmt (42)
                                              CompSt (42)
                                                LC
                                                DefList (43)
                                                StmtList (43)
                                                  Stmt (43)
                                                    Exp (43)
                                                      ID: CEeGhYCBz5w8om4MC3CJ
                                                    SEMI
                                                  StmtList (44)
                                                RC
                                        StmtList (46)
                                  RC
                              ExtDefList (47)
