Program (1)
  ExtDefList (1)
    ExtDef (1)
      Specifier (1)
        StructSpecifier (1)
          STRUCT
          OptTag (1)
            ID: q_a0LjD
          LC
          DefList (2)
            Def (2)
              Specifier (2)
                StructSpecifier (2)
                  STRUCT
                  Tag (2)
                    ID: gXHp78KhArZu3
              DecList (2)
                Dec (2)
                  VarDec (2)
                    ID: Yf0Dep_xLupiIX3Rsf7w
              SEMI
            DefList (3)
          RC
      SEMI
    ExtDefList (4)
      ExtDef (4)
        Specifier (4)
          TYPE: int
        SEMI
      ExtDefList (5)
        ExtDef (5)
          Specifier (5)
            TYPE: int
          ExtDecList (5)
            VarDec (5)
              ID: uimnNlQyUWaO5
          SEMI
        ExtDefList (7)
          ExtDef (7)
            Specifier (7)
              StructSpecifier (7)
                STRUCT
                Tag (7)
                  ID: aecutjJXJxWdN
            FunDec (7)
              ID: gyprDLy3rmA1tY2
              LP
              RP
            CompSt (7)
              LC
              DefList (8)
                Def (8)
                  Specifier (8)
                    StructSpecifier (8)
                      STRUCT
                      OptTag (8)
                      LC
                      DefList (9)
                        Def (9)
                          Specifier (9)
                            TYPE: int
                          DecList (9)
                            Dec (9)
                              VarDec (9)
                                ID: _
                          SEMI
                        DefList (10)
                          Def (10)
                            Specifier (10)
                              TYPE: float
                            DecList (10)
                              Dec (10)
                                VarDec (10)
                                  ID: LLuZb
                              COMMA
                              DecList (10)
                                Dec (10)
                                  VarDec (10)
                                    ID: qqADel2Y
                                COMMA
                                DecList (10)
                                  Dec (10)
                                    VarDec (10)
                                      ID: EkFdbpE
                                  COMMA
                                  DecList (10)
                                    Dec (10)
                                      VarDec (10)
                                        ID: IZjFyEjU5IQS
                            SEMI
                          DefList (12)
                      RC
                  DecList (12)
                    Dec (12)
                      VarDec (12)
                        VarDec (12)
                          ID: NBjzZZCQm4rMR8v
                        LB
                        INT: 818727599
                        RB
                      ASSIGNOP
                      Exp (12)
                        Exp (12)
                          ID: sgk4m5SBF
                        ASSIGNOP
                        Exp (12)
                          Exp (12)
                            ID: RF6OKY3wDWC
                          RELOP: NE
                          Exp (13)
                            Exp (13)
                              ID: lImdr7khY7NKw
                            STAR
                            Exp (13)
                              ID: b88mSWcF4j
                              LP
                              Args (13)
                                Exp (13)
                                  Exp (13)
                                    ID: WHutd
                                  OR
                                  Exp (13)
                                    Exp (13)
                                      ID: Z1Wh1dbMlMN
                                    AND
                                    Exp (14)
                                      Exp (14)
                                        ID: izO4CpQ
                                      RELOP: LE
                                      Exp (14)
                                        Exp (14)
                                          ID: dePyIO5kJZuptvIp_Sf
                                        PLUS
                                        Exp (14)
                                          Exp (14)
                                            Exp (14)
                                              ID: XDaOhIRL8NmuGG
                                            LB
                                            Exp (15)
                                              Exp (15)
                                                ID: LkxQoesrZ4YOWdo6U
                                              OR
                                              Exp (15)
                                                Exp (15)
                                                  ID: wjl3R4CUk_K
                                                RELOP: GT
                                                Exp (15)
                                                  Exp (15)
                                                    NOT
                                                    Exp (15)
                                                      MINUS
                                                      Exp (15)
                                                        NOT
                                                        Exp (15)
                                                          ID: nLH5wfh7DnlymN
                                                          LP
                                                          Args (16)
                                                            Exp (16)
                                                              ID: pBOXxJpFO
                                                            COMMA
                                                            Args (16)
                                                              Exp (16)
                                                                ID: W
                                                              COMMA
                                                              Args (16)
                                                                Exp (16)
                                                                  Exp (16)
                                                                    Exp (16)
                                                                      ID: yk9ntr
                                                                    RELOP: LT
                                                                    Exp (16)
                                                                      Exp (16)
                                                                        ID: h9FjvK9nDBEyDMulZfn
                                                                      DIV
                                                                      Exp (16)
                                                                        NOT
                                                                        Exp (17)
                                                                          NOT
                                                                          Exp (17)
                                                                            LP
                                                                            Exp (17)
                                                                              Exp (17)
                                                                                ID: gd
                                                                              OR
                                                                              Exp (17)
                                                                                Exp (17)
                                                                                  ID: eii4SIZ6heioDZOxoL8v
                                                                                RELOP: GE
                                                                                Exp (17)
                                                                                  NOT
                                                                                  Exp (17)
                                                                                    MINUS
                                                                                    Exp (17)
                                                                                      ID: kFirajJ29xDdtp
                                                                            RP
                                                                  RELOP: EQ
                                                                  Exp (18)
                                                                    ID: AuzU5Nu2z
                                                                    LP
                                                                    Args (18)
                                                                      Exp (18)
                                                                        FLOAT: 1115179431.866987114
                                                                    RP
                                                          RP
                                                  MINUS
                                                  Exp (18)
                                                    INT: 1651444351
                                            RB
                                          DIV
                                          Exp (19)
                                            NOT
                                            Exp (19)
                                              MINUS
                                              Exp (19)
                                                NOT
                                                Exp (19)
                                                  NOT
                                                  Exp (19)
                                                    MINUS
                                                    Exp (19)
                                                      Exp (19)
                                                        ID: BPIdp
                                                        LP
                                                        RP
                                                      DOT
                                                      ID: fz3fFfWXnIk
                              RP
                  SEMI
                DefList (20)
              StmtList (20)
              RC
          ExtDefList (21)
            ExtDef (21)
              Specifier (21)
                TYPE: int
              SEMI
            ExtDefList (22)
              ExtDef (22)
                Specifier (22)
                  TYPE: int
                SEMI
              ExtDefList (23)
                ExtDef (23)
                  Specifier (23)
                    TYPE: int
                  SEMI
                ExtDefList (24)
                  ExtDef (24)
                    Specifier (24)
                      TYPE: int
                    SEMI
                  ExtDefList (25)
                    ExtDef (25)
                      Specifier (25)
                        TYPE: int
                      FunDec (25)
                        ID: NTGNySOUy04
                        LP
                        RP
                      CompSt (25)
                        LC
                        DefList (26)
                        StmtList (26)
                        RC
                    ExtDefList (27)
                      ExtDef (27)
                        Specifier (27)
                          TYPE: int
                        FunDec (27)
                          ID: Z2vAFtTpaKjHgWyDJd
                          LP
                          VarList (27)
                            ParamDec (27)
                              Specifier (27)
                                TYPE: int
                              VarDec (27)
                                ID: nyS0qOnj9_
                            COMMA
                            VarList (27)
                              ParamDec (27)
                                Specifier (27)
                                  TYPE: int
                                VarDec (27)
                                  ID: xGz8hjJ33x1bCzUcM2r1
                          RP
                        CompSt (28)
                          LC
                          DefList (29)
                          StmtList (29)
                            Stmt (29)
                              WHILE
                              LP
                              Exp (29)
                                ID: txQaB3C2h3Bqp_mQ
                              RP
                              Stmt (29)
                                Exp (29)
                                  ID: c5
                                SEMI
                            StmtList (31)
                              Stmt (31)
                                IF
                                LP
                                Exp (31)
                                  ID: xEo5Z
                                RP
                                Stmt (31)
                                  IF
                                  LP
                                  Exp (31)
                                    ID: _
                                  RP
                                  Stmt (31)
                                    CompSt (31)
                                      LC
                                      DefList (32)
                                      StmtList (32)
                                      RC
                                  ELSE
                                  Stmt (32)
                                    RETURN
                                    Exp (32)
                                      ID: lzcYNoi595MF4eEH5L
                                    SEMI
                              StmtList (35)
                          RC
                      ExtDefList (36)
                        ExtDef (36)
                          Specifier (36)
                            TYPE: int
                          SEMI
                        ExtDefList (37)
                          ExtDef (37)
                            Specifier (37)
                              TYPE: int
                            FunDec (37)
                              ID: Mbnc
                              LP
                              RP
                            CompSt (37)
                              LC
                              DefList (38)
                              StmtList (38)
                                Stmt (38)
                                  WHILE
                                  LP
                                  Exp (38)
                                    ID: mlHjm4
                                  RP
                                  Stmt (38)
                                    Exp (38)
                                      ID: gAyzw7QM
                                    SEMI
                                StmtList (40)
                              RC
                          ExtDefList (41)
                            ExtDef (41)
                              Specifier (41)
                                TYPE: int
                              FunDec (41)
                                ID: G67XWV_lnW4Sev8E
                                LP
                                RP
                              CompSt (41)
                                LC
                                DefList (42)
                                StmtList (42)
                                RC
                            ExtDefList (43)
                              ExtDef (43)
                                Specifier (43)
                                  TYPE: int
                                ExtDecList (43)
                                  VarDec (43)
                                    ID: bwFaDGuy34
                                  COMMA
                                  ExtDecList (43)
                                    VarDec (43)
                                      ID: DIFU49XHrg
                                SEMI
                              ExtDefList (46)
                                ExtDef (46)
                                  Specifier (46)
                                    TYPE: int
                                  SEMI
                                ExtDefList (47)
                                  ExtDef (47)
                                    Specifier (47)
                                      TYPE: int
                                    FunDec (47)
                                      ID: ix
                                      LP
                                      RP
                                    CompSt (47)
                                      LC
                                      DefList (48)
                                      StmtList (48)
                                      RC
                                  ExtDefList (49)
                                    ExtDef (49)
                                      Specifier (49)
                                        TYPE: int
                                      SEMI
                                    ExtDefList (50)
                                      ExtDef (50)
                                        Specifier (50)
                                          TYPE: int
                                        FunDec (50)
                                          ID: mAITrIkNjAKB
                                          LP
                                          RP
                                        CompSt (50)
                                          LC
                                          DefList (51)
                                          StmtList (51)
                                          RC
                                      ExtDefList (52)
                                        ExtDef (52)
                                          Specifier (52)
                                            TYPE: int
                                          SEMI
                                        ExtDefList (53)
                                          ExtDef (53)
                                            Specifier (53)
                                              TYPE: int
                                            SEMI
                                          ExtDefList (54)
                                            ExtDef (54)
                                              Specifier (54)
                                                TYPE: int
                                              SEMI
                                            ExtDefList (55)
                                              ExtDef (55)
                                                Specifier (55)
                                                  TYPE: int
                                                FunDec (55)
                                                  ID: S
                                                  LP
                                                  RP
                                                CompSt (55)
                                                  LC
                                                  DefList (56)
                                                  StmtList (56)
                                                  RC
                                              ExtDefList (57)
                                                ExtDef (57)
                                                  Specifier (57)
                                                    TYPE: int
                                                  SEMI
                                                ExtDefList (58)
                                                  ExtDef (58)
                                                    Specifier (58)
                                                      TYPE: int
                                                    SEMI
                                                  ExtDefList (59)
                                                    ExtDef (59)
                                                      Specifier (59)
                                                        TYPE: int
                                                      FunDec (59)
                                                        ID: e0cDrku
                                                        LP
                                                        RP
                                                      CompSt (59)
                                                        LC
                                                        DefList (60)
                                                        StmtList (60)
                                                          Stmt (60)
                                                            Exp (60)
                                                              ID: rSLrcu
                                                            SEMI
                                                          StmtList (61)
                                                            Stmt (61)
                                                              Exp (61)
                                                                ID: EsdPb
                                                              SEMI
                                                            StmtList (62)
                                                              Stmt (62)
                                                                Exp (62)
                                                                  ID: U36LwiG_9e2gE
                                                                SEMI
                                                              StmtList (63)
                                                                Stmt (63)
                                                                  Exp (63)
                                                                    ID: QTB0OWmvJIVC07rIW
                                                                  SEMI
                                                                StmtList (64)
                                                                  Stmt (64)
                                                                    IF
                                                                    LP
                                                                    Exp (64)
                                                                      ID: ZHV5fbvqV4rhag80FSf4
                                                                    RP
                                                                    Stmt (64)
                                                                      Exp (64)
                                                                        ID: xquUZ
                                                                      SEMI
                                                                    ELSE
                                                                    Stmt (65)
                                                                      IF
                                                                      LP
                                                                      Exp (65)
                                                                        ID: XVdOXheW4llI
                                                                      RP
                                                                      Stmt (65)
                                                                        Exp (65)
                                                                          ID: zCTQF5hbVIFnoKvSi
                                                                        SEMI
                                                                  StmtList (68)
                                                                    Stmt (68)
                                                                      Exp (68)
                                                                        ID: t3ja
                                                                      SEMI
                                                                    StmtList (69)
                                                        RC
                                                    ExtDefList (70)
