Program (1)
  ExtDefList (1)
    ExtDef (1)
      Specifier (1)
        TYPE: int
      SEMI
    ExtDefList (2)
      ExtDef (2)
        Specifier (2)
          StructSpecifier (2)
            STRUCT
            OptTag (2)
            LC
            DefList (3)
            RC
        FunDec (3)
          ID: DGdonb7mbLBfmGLVDpX
          LP
          VarList (3)
            ParamDec (3)
              Specifier (3)
                StructSpecifier (3)
                  STRUCT
                  OptTag (3)
                    ID: bS6
                  LC
                  DefList (4)
                    Def (4)
                      Specifier (4)
                        StructSpecifier (4)
                          STRUCT
                          Tag (4)
                            ID: jgOfFJ7Rdc2ZAOW
                      DecList (4)
                        Dec (4)
                          VarDec (4)
                            ID: sUdYZo
                      SEMI
                    DefList (5)
                  RC
              VarDec (5)
                ID: S2CTU
            COMMA
            VarList (5)
              ParamDec (5)
                Specifier (5)
                  TYPE: float
                VarDec (5)
                  ID: wrX1Vt
          RP
        CompSt (5)
          LC
          DefList (6)
          StmtList (6)
          RC
      ExtDefList (7)
        ExtDef (7)
          Specifier (7)
            StructSpecifier (7)
              STRUCT
              Tag (7)
                ID: W5
          ExtDecList (7)
            VarDec (7)
              VarDec (7)
                ID: cfyLfeswSal
              LB
              INT: 1780201240
              RB
          SEMI
        ExtDefList (9)
          ExtDef (9)
            Specifier (9)
              StructSpecifier (9)
                STRUCT
                Tag (9)
                  ID: cBh_rVqkqJ6z7D4MsT
            SEMI
          ExtDefList (10)
            ExtDef (10)
              Specifier (10)
                StructSpecifier (10)
                  STRUCT
                  Tag (10)
                    ID: ZuuOtkO_7IxsBy6osoF
              ExtDecList (10)
                VarDec (10)
                  ID: s0
                COMMA
                ExtDecList (10)
                  VarDec (10)
                    ID: XyyJ
              SEMI
            ExtDefList (13)
              ExtDef (13)
                Specifier (13)
                  StructSpecifier (13)
                    STRUCT
                    Tag (13)
                      ID: E7eNqheTWKVey
                SEMI
              ExtDefList (14)
                ExtDef (14)
                  Specifier (14)
                    StructSpecifier (14)
                      STRUCT
                      OptTag (14)
                      LC
                      DefList (15)
                      RC
                  SEMI
                ExtDefList (16)
                  ExtDef (16)
                    Specifier (16)
                      StructSpecifier (16)
                        STRUCT
                        OptTag (16)
                        LC
                        DefList (17)
                        RC
                    ExtDecList (17)
                      VarDec (17)
                        ID: MpO9OlTAUhEnAdE
                    SEMI
                  ExtDefList (19)
                    ExtDef (19)
                      Specifier (19)
                        StructSpecifier (19)
                          STRUCT
                          OptTag (19)
                          LC
                          DefList (20)
                          RC
                      SEMI
                    ExtDefList (21)
                      ExtDef (21)
                        Specifier (21)
                          TYPE: int
                        FunDec (21)
                          ID: CNJ
                          LP
                          RP
                        CompSt (21)
                          LC
                          DefList (22)
                            Def (22)
                              Specifier (22)
                                TYPE: int
                              DecList (22)
                                Dec (22)
                                  VarDec (22)
                                    ID: yS
                                COMMA
                                DecList (22)
                                  Dec (22)
                                    VarDec (22)
                                      ID: sRvRjUeKfsMq
                                    ASSIGNOP
                                    Exp (22)
                                      ID: V1KsBrq7phfxYc
                              SEMI
                            DefList (23)
                          StmtList (23)
                            Stmt (23)
                              Exp (23)
                                ID: zjT_9uAPH
                              SEMI
                            StmtList (24)
                              Stmt (24)
                                IF
                                LP
                                Exp (24)
                                  ID: xS3WRTubBSbP
                                RP
                                Stmt (24)
                                  WHILE
                                  LP
                                  Exp (24)
                                    ID: YC_v
                                  RP
                                  Stmt (24)
                                    RETURN
                                    Exp (24)
                                      Exp (24)
                                        ID: NDJ5ufcqkDx9gcD4o
                                      ASSIGNOP
                                      Exp (25)
                                        Exp (25)
                                          ID: njd8j4
                                        RELOP: NE
                                        Exp (25)
                                          Exp (25)
                                            ID: vRoTPiH99Z1AwC1
                                          MINUS
                                          Exp (25)
                                            Exp (25)
                                              ID: kojfVKva06KSXSJu
                                            DIV
                                            Exp (25)
                                              NOT
                                              Exp (26)
                                                ID: KGBiZoglFY
                                                LP
                                                Args (26)
                                                  Exp (26)
                                                    ID: Nve3trs3
                                                  COMMA
                                                  Args (26)
                                                    Exp (26)
                                                      Exp (26)
                                                        ID: R0usZLhO4
                                                      ASSIGNOP
                                                      Exp (26)
                                                        Exp (26)
                                                          ID: elivo28tZZwOcaOiGYNf
                                                        OR
                                                        Exp (27)
                                                          Exp (27)
                                                            Exp (27)
                                                              ID: JX2E4eViC4HUP
                                                            AND
                                                            Exp (27)
                                                              Exp (27)
                                                                ID: dVZylgAS6cVUaPE9z
                                                              RELOP: EQ
                                                              Exp (27)
                                                                Exp (27)
                                                                  ID: NuLdE
                                                                PLUS
                                                                Exp (27)
                                                                  Exp (27)
                                                                    ID: r
                                                                  STAR
                                                                  Exp (28)
                                                                    Exp (28)
                                                                      Exp (28)
                                                                        ID: HAtcxADfHGVBHwVSC4K
                                                                      LB
                                                                      Exp (28)
                                                                        Exp (28)
                                                                          ID: QMKbNQB
                                                                        OR
                                                                        Exp (28)
                                                                          Exp (28)
                                                                            ID: wSDffV6ZJfHAyLA
                                                                          AND
                                                                          Exp (29)
                                                                            Exp (29)
                                                                              Exp (29)
                                                                                ID: j3_5LBUAdLhgTPZd
                                                                              RELOP: LT
                                                                              Exp (29)
                                                                                NOT
                                                                                Exp (29)
                                                                                  NOT
                                                                                  Exp (29)
                                                                                    ID: _8kVgs5AwXGy
                                                                                    LP
                                                                                    Args (29)
                                                                                      Exp (29)
                                                                                        Exp (29)
                                                                                          Exp (29)
                                                                                            ID: EJ9zl4h9AA
                                                                                          RELOP: GT
                                                                                          Exp (30)
                                                                                            MINUS
                                                                                            Exp (30)
                                                                                              LP
                                                                                              Exp (30)
                                                                                                FLOAT: 1964407917.262284370
                                                                                              RP
                                                                                        RELOP: LE
                                                                                        Exp (30)
                                                                                          Exp (30)
                                                                                            ID: BqslARc2HBuHTsrFJXUJ
                                                                                          DOT
                                                                                          ID: om
                                                                                    RP
                                                                            RELOP: GE
                                                                            Exp (31)
                                                                              NOT
                                                                              Exp (31)
                                                                                ID: eE9bVl7uwyQWYH_S2AZ
                                                                                LP
                                                                                RP
                                                                      RB
                                                                    DOT
                                                                    ID: wY8jG_oRuTkxaAqFs2
                                                          AND
                                                          Exp (32)
                                                            MINUS
                                                            Exp (32)
                                                              INT: 1972529428
                                                RP
                                    SEMI
                              StmtList (35)
                          RC
                      ExtDefList (36)
                        ExtDef (36)
                          Specifier (36)
                            TYPE: int
                          FunDec (36)
                            ID: LQim
                            LP
                            RP
                          CompSt (36)
                            LC
                            DefList (37)
                            StmtList (37)
                              Stmt (37)
                                CompSt (37)
                                  LC
                                  DefList (38)
                                  StmtList (38)
                                    Stmt (38)
                                      IF
                                      LP
                                      Exp (38)
                                        ID: Fptkj5
                                      RP
                                      Stmt (38)
                                        WHILE
                                        LP
                                        Exp (38)
                                          ID: gW95d9vNQHY1Gk6
                                        RP
                                        Stmt (38)
                                          IF
                                          LP
                                          Exp (39)
                                            ID: z3rbNBeCI9g2q
                                          RP
                                          Stmt (39)
                                            WHILE
                                            LP
                                            Exp (39)
                                              ID: lURvC83If1N
                                            RP
                                            Stmt (39)
                                              IF
                                              LP
                                              Exp (40)
                                                ID: bACu_xj
                                              RP
                                              Stmt (40)
                                                IF
                                                LP
                                                Exp (40)
                                                  ID: ccBQq_Bmn
                                                RP
                                                Stmt (40)
                                                  Exp (40)
                                                    ID: alQtZYwex2
                                                  SEMI
                                                ELSE
                                                Stmt (41)
                                                  Exp (41)
                                                    ID: HAws5_RMxjnQqHk
                                                  SEMI
                                              ELSE
                                              Stmt (43)
                                                WHILE
                                                LP
                                                Exp (43)
                                                  ID: rNbf_ZCMVyw5cK
                                                RP
                                                Stmt (43)
                                                  IF
                                                  LP
                                                  Exp (43)
                                                    ID: c4lNGx9ams
                                                  RP
                                                  Stmt (44)
                                                    WHILE
                                                    LP
                                                    Exp (44)
                                                      ID: O1deDL0s1Xk4fb9yR
                                                    RP
                                                    Stmt (44)
                                                      CompSt (44)
                                                        LC
                                                        DefList (45)
                                                        StmtList (45)
                                                          Stmt (45)
                                                            WHILE
                                                            LP
                                                            Exp (45)
                                                              ID: LLZ7pup3qe5
                                                            RP
                                                            Stmt (45)
                                                              Exp (45)
                                                                ID: cW51_1_K0Zie
                                                              SEMI
                                                          StmtList (47)
                                                        RC
                                                  ELSE
                                                  Stmt (48)
                                                    Exp (48)
                                                      ID: PolHs8KX
                                                    SEMI
                                          ELSE
                                          Stmt (53)
                                            Exp (53)
                                              ID: vOjjijpM
                                            SEMI
                                      ELSE
                                      Stmt (56)
                                        Exp (56)
                                          ID: dBXIt_fdlz9xj
                                        SEMI
                                    StmtList (58)
                                  RC
                              StmtList (58)
                            RC
                        ExtDefList (59)
                          ExtDef (59)
                            Specifier (59)
                              TYPE: int
                            SEMI
                          ExtDefList (60)
                            ExtDef (60)
                              Specifier (60)
                                TYPE: int
                              FunDec (60)
                                ID: SvezCmtaryFeBT6e
                                LP
                                RP
                              CompSt (60)
                                LC
                                DefList (61)
                                StmtList (61)
                                  Stmt (61)
                                    Exp (61)
                                      ID: JhJORTKb
                                    SEMI
                                  StmtList (62)
                                RC
                            ExtDefList (63)
                              ExtDef (63)
                                Specifier (63)
                                  TYPE: int
                                FunDec (63)
                                  ID: MAd
                                  LP
                                  RP
                                CompSt (63)
                                  LC
                                  DefList (64)
                                  StmtList (64)
                                  RC
                              ExtDefList (65)
                                ExtDef (65)
                                  Specifier (65)
                                    TYPE: int
                                  SEMI
                                ExtDefList (66)
                                  ExtDef (66)
                                    Specifier (66)
                                      TYPE: int
                                    SEMI
                                  ExtDefList (67)
                                    ExtDef (67)
                                      Specifier (67)
                                        TYPE: int
                                      SEMI
                                    ExtDefList (68)
                                      ExtDef (68)
                                        Specifier (68)
                                          TYPE: int
                                        SEMI
                                      ExtDefList (69)
                                        ExtDef (69)
                                          Specifier (69)
                                            TYPE: int
                                          FunDec (69)
                                            ID: RYCgqmht
                                            LP
                                            RP
                                          CompSt (69)
                                            LC
                                            DefList (70)
                                            StmtList (70)
                                              Stmt (70)
                                                CompSt (70)
                                                  LC
                                                  DefList (71)
                                                  StmtList (71)
                                                  RC
                                              StmtList (71)
                                            RC
                                        ExtDefList (72)
                                          ExtDef (72)
                                            Specifier (72)
                                              TYPE: int
                                            SEMI
                                          ExtDefList (73)
                                            ExtDef (73)
                                              Specifier (73)
                                                TYPE: int
                                              SEMI
                                            ExtDefList (74)
                                              ExtDef (74)
                                                Specifier (74)
                                                  TYPE: int
                                                SEMI
                                              ExtDefList (75)
                                                ExtDef (75)
                                                  Specifier (75)
                                                    TYPE: int
                                                  FunDec (75)
                                                    ID: MD4miyqPzPHaGM12gF
                                                    LP
                                                    RP
                                                  CompSt (75)
                                                    LC
                                                    DefList (76)
                                                    StmtList (76)
                                                    RC
                                                ExtDefList (77)
                                                  ExtDef (77)
                                                    Specifier (77)
                                                      TYPE: int
                                                    FunDec (77)
                                                      ID: qsOE94ipum7
                                                      LP
                                                      RP
                                                    CompSt (77)
                                                      LC
                                                      DefList (78)
                                                      StmtList (78)
                                                        Stmt (78)
                                                          IF
                                                          LP
                                                          Exp (78)
                                                            ID: boJBeSs
                                                          RP
                                                          Stmt (78)
                                                            WHILE
                                                            LP
                                                            Exp (78)
                                                              ID: NTt_JNAmACxat
                                                            RP
                                                            Stmt (78)
                                                              Exp (78)
                                                                ID: B
                                                              SEMI
                                                          ELSE
                                                          Stmt (80)
                                                            Exp (80)
                                                              ID: La5PZ
                                                            SEMI
                                                        StmtList (82)
                                                      RC
                                                  ExtDefList (83)
                                                    ExtDef (83)
                                                      Specifier (83)
                                                        TYPE: int
                                                      FunDec (83)
                                                        ID: NatdIZJuREPlqZN
                                                        LP
                                                        RP
                                                      CompSt (83)
                                                        LC
                                                        DefList (84)
                                                        StmtList (84)
                                                        RC
                                                    ExtDefList (85)
                                                      ExtDef (85)
                                                        Specifier (85)
                                                          TYPE: int
                                                        FunDec (85)
                                                          ID: w9sRhDWGIMvkXqj
                                                          LP
                                                          RP
                                                        CompSt (85)
                                                          LC
                                                          DefList (86)
                                                          StmtList (86)
                                                          RC
                                                      ExtDefList (87)
                                                        ExtDef (87)
                                                          Specifier (87)
                                                            TYPE: int
                                                          SEMI
                                                        ExtDefList (88)
                                                          ExtDef (88)
                                                            Specifier (88)
                                                              TYPE: int
                                                            FunDec (88)
                                                              ID: CIM
                                                              LP
                                                              RP
                                                            CompSt (88)
                                                              LC
                                                              DefList (89)
                                                              StmtList (89)
                                                              RC
                                                          ExtDefList (90)
                                                            ExtDef (90)
                                                              Specifier (90)
                                                                TYPE: int
                                                              SEMI
                                                            ExtDefList (91)
                                                              ExtDef (91)
                                                                Specifier (91)
                                                                  TYPE: int
                                                                FunDec (91)
                                                                  ID: EtnQMsZV4gx
                                                                  LP
                                                                  RP
                                                                CompSt (91)
                                                                  LC
                                                                  DefList (92)
                                                                  StmtList (92)
                                                                    Stmt (92)
                                                                      Exp (92)
                                                                        ID: xz9AtthqcQawJE7WPzk
                                                                      SEMI
                                                                    StmtList (93)
                                                                      Stmt (93)
                                                                        Exp (93)
                                                                          ID: w5neMerZMlqL
                                                                        SEMI
                                                                      StmtList (94)
                                                                  RC
                                                              ExtDefList (95)
                                                                ExtDef (95)
                                                                  Specifier (95)
                                                                    TYPE: int
                                                                  SEMI
                                                                ExtDefList (96)
                                                                  ExtDef (96)
                                                                    Specifier (96)
                                                                      TYPE: int
                                                                    FunDec (96)
                                                                      ID: rZfHIHhMpCPrw
                                                                      LP
                                                                      RP
                                                                    CompSt (96)
                                                                      LC
                                                                      DefList (97)
                                                                      StmtList (97)
                                                                      RC
                                                                  ExtDefList (98)
                                                                    ExtDef (98)
                                                                      Specifier (98)
                                                                        TYPE: int
                                                                      SEMI
                                                                    ExtDefList (99)
                                                                      ExtDef (99)
                                                                        Specifier (99)
                                                                          TYPE: int
                                                                        SEMI
                                                                      ExtDefList (100)
                                                                        ExtDef (100)
                                                                          Specifier (100)
                                                                            TYPE: int
                                                                          SEMI
                                                                        ExtDefList (101)
                                                                          ExtDef (101)
                                                                            Specifier (101)
                                                                              TYPE: int
                                                                            FunDec (101)
                                                                              ID: ETn2RUHqBwYNRxXNU
                                                                              LP
                                                                              RP
                                                                            CompSt (101)
                                                                              LC
                                                                              DefList (102)
                                                                              StmtList (102)
                                                                                Stmt (102)
                                                                                  Exp (102)
                                                                                    ID: lT1IovMm7zcOSxBMGWR
                                                                                  SEMI
                                                                                StmtList (103)
                                                                                  Stmt (103)
                                                                                    Exp (103)
                                                                                      ID: M_Kah6YPmvdx
                                                                                    SEMI
                                                                                  StmtList (104)
                                                                                    Stmt (104)
                                                                                      IF
                                                                                      LP
                                                                                      Exp (104)
                                                                                        ID: OC9fE
                                                                                      RP
                                                                                      Stmt (104)
                                                                                        Exp (104)
                                                                                          ID: xMGesTy6D7eKnWDHTIFb
                                                                                        SEMI
                                                                                      ELSE
                                                                                      Stmt (105)
                                                                                        IF
                                                                                        LP
                                                                                        Exp (105)
                                                                                          ID: QHFtP
                                                                                        RP
                                                                                        Stmt (105)
                                                                                          Exp (105)
                                                                                            ID: B9
                                                                                          SEMI
                                                                                    StmtList (108)
                                                                              RC
                                                                          ExtDefList (109)
                                                                            ExtDef (109)
                                                                              Specifier (109)
                                                                                TYPE: int
                                                                              SEMI
                                                                            ExtDefList (110)
