Program (1)
  ExtDefList (1)
    ExtDef (1)
      Specifier (1)
        TYPE: int
      FunDec (1)
        ID: x
        LP
        RP
      CompSt (1)
        LC
        DefList (2)
        StmtList (2)
          Stmt (2)
            IF
            LP
            Exp (2)
              Exp (2)
                Exp (2)
                  Exp (2)
                    Exp (2)
                      Exp (2)
                        NOT
                        Exp (2)
                          MINUS
                          Exp (2)
                            FLOAT: 1542029236.1298798894
                      DIV
                      Exp (2)
                        NOT
                        Exp (2)
                          MINUS
                          Exp (2)
                            ID: NXULqSl7y
                    DIV
                    Exp (3)
                      MINUS
                      Exp (3)
                        ID: up83RjhLH
                        LP
                        Args (3)
                          Exp (3)
                            ID: bL
                        RP
                  PLUS
                  Exp (3)
                    Exp (3)
                      Exp (3)
                        Exp (3)
                          Exp (3)
                            Exp (3)
                              Exp (3)
                                ID: MLUR
                                LP
                                Args (3)
                                  Exp (3)
                                    ID: CCno6AEiNM7PK8
                                RP
                              LB
                              Exp (3)
                                ID: qPqSGmbgpHPFev
                              RB
                            DOT
                            ID: Nba
                          LB
                          Exp (4)
                            ID: LAZEGGpqm
                          RB
                        LB
                        Exp (4)
                          ID: l_CQBt36uNfGJpJ
                        RB
                      DOT
                      ID: pYiUWXTb2P
                    DOT
                    ID: Amdj8
                PLUS
                Exp (5)
                  MINUS
                  Exp (5)
                    NOT
                    Exp (5)
                      ID: aaFdKHN1n
              AND
              Exp (5)
                Exp (5)
                  Exp (5)
                    Exp (5)
                      Exp (5)
                        Exp (5)
                          Exp (5)
                            Exp (5)
                              Exp (5)
                                Exp (5)
                                  Exp (5)
                                    Exp (5)
                                      Exp (5)
                                        Exp (5)
                                          Exp (5)
                                            ID: KcKrT4mIOmpe0mXiLROA
                                          DIV
                                          Exp (6)
                                            ID: EaSDQ9Usz4H1Cxq3sE
                                        DIV
                                        Exp (6)
                                          ID: a1BE5ngrBKVUGuSRx
                                      DIV
                                      Exp (6)
                                        ID: lrkxg2USutNAn
                                    PLUS
                                    Exp (7)
                                      ID: d7i5PfvLa8gXNvpGEt8
                                  PLUS
                                  Exp (7)
                                    ID: WFYRpD2lgDhRrFs9u0Ux
                                PLUS
                                Exp (7)
                                  ID: _6NZAOV1JVeXUnwTyS7z
                              RELOP: GE
                              Exp (8)
                                ID: u8myrdraoJ2dXQ
                            RELOP: EQ
                            Exp (8)
                              ID: K
                          RELOP: NE
                          Exp (8)
                            ID: Ur3_oYmj9yd9mDb6E7
                        RELOP: NE
                        Exp (8)
                          ID: NdZs3
                      RELOP: LE
                      Exp (9)
                        ID: vfWu8
                    RELOP: GE
                    Exp (9)
                      ID: vP85x5mo5a0Ad
                  RELOP: LE
                  Exp (9)
                    ID: lbbiGt1hE
                RELOP: GE
                Exp (9)
                  ID: B6N3vW
            RP
            Stmt (10)
              Exp (10)
                Exp (10)
                  Exp (10)
                    Exp (10)
                      Exp (10)
                        Exp (10)
                          Exp (10)
                            Exp (10)
                              ID: jBOi6HsWMkEtRvLYV9
                              LP
                              RP
                            STAR
                            Exp (10)
                              ID: tuhCAFgbJYJqui
                          STAR
                          Exp (10)
                            ID: CRGMOhdPksjKI3k_h2T
                        RELOP: LE
                        Exp (11)
                          ID: xoS2NQmLMKiA
                      RELOP: GT
                      Exp (11)
                        ID: JZe7LEdfrEAq
                    RELOP: GE
                    Exp (11)
                      ID: P
                  AND
                  Exp (11)
                    ID: n_BxbsneEhLz8u87zH
                AND
                Exp (12)
                  ID: H8XhuX
              SEMI
          StmtList (14)
        RC
    ExtDefList (15)
      ExtDef (15)
        Specifier (15)
          TYPE: float
        FunDec (15)
          ID: RSwcs_SAv4o10fn
          LP
          RP
        CompSt (15)
          LC
          DefList (16)
          StmtList (16)
            Stmt (16)
              RETURN
              Exp (16)
                Exp (16)
                  Exp (16)
                    Exp (16)
                      Exp (16)
                        NOT
                        Exp (16)
                          MINUS
                          Exp (16)
                            MINUS
                            Exp (16)
                              ID: OrRkw83OEb
                              LP
                              Args (16)
                                Exp (16)
                                  ID: u3whB
                              RP
                      RELOP: LT
                      Exp (16)
                        Exp (16)
                          Exp (16)
                            MINUS
                            Exp (16)
                              NOT
                              Exp (16)
                                ID: yy007phuTuHkNafLqr
                          STAR
                          Exp (17)
                            ID: xF6aqmQypBFdLRc
                        STAR
                        Exp (17)
                          ID: _n
                    RELOP: EQ
                    Exp (17)
                      Exp (17)
                        Exp (17)
                          Exp (17)
                            Exp (17)
                              Exp (17)
                                NOT
                                Exp (17)
                                  NOT
                                  Exp (17)
                                    ID: WCCISw
                              STAR
                              Exp (17)
                                ID: pYi827isFSWsQkcYj0l
                            PLUS
                            Exp (18)
                              ID: y9Zyfi9p2wdUq
                          MINUS
                          Exp (18)
                            ID: f
                        MINUS
                        Exp (18)
                          ID: JxZ363uFeWAef_jBKM
                      PLUS
                      Exp (18)
                        ID: QUCenz5ckLdpiu
                  RELOP: GT
                  Exp (19)
                    Exp (19)
                      Exp (19)
                        Exp (19)
                          Exp (19)
                            Exp (19)
                              Exp (19)
                                Exp (19)
                                  Exp (19)
                                    Exp (19)
                                      Exp (19)
                                        Exp (19)
                                          Exp (19)
                                            ID: MlB7b
                                            LP
                                            RP
                                          STAR
                                          Exp (19)
                                            ID: vWSbhItyeAWP
                                        STAR
                                        Exp (19)
                                          ID: QZDwbg8z07Fi9uxTE
                                      STAR
                                      Exp (19)
                                        ID: gtrJh
                                    STAR
                                    Exp (20)
                                      ID: hcZpUkMkx_0
                                  STAR
                                  Exp (20)
                                    ID: O_Gbi8T0ieMB2OnQMyU
                                STAR
                                Exp (20)
                                  ID: DYY8lgBXKdT7RxzB
                              STAR
                              Exp (21)
                                ID: y0sPtvtETUkwY
                            STAR
                            Exp (21)
                              ID: QMEP5xQR
                          DIV
                          Exp (21)
                            ID: orF76
                        PLUS
                        Exp (21)
                          ID: GXDeRlyBS
                      PLUS
                      Exp (21)
                        ID: _S6zGpmmu3dWhe
                    PLUS
                    Exp (22)
                      ID: F4TwXJrPE3
                OR
                Exp (22)
                  Exp (22)
                    Exp (22)
                      Exp (22)
                        Exp (22)
                          Exp (22)
                            Exp (22)
                              Exp (22)
                                Exp (22)
                                  Exp (22)
                                    Exp (22)
                                      Exp (22)
                                        Exp (22)
                                          Exp (22)
                                            Exp (22)
                                              Exp (22)
                                                Exp (22)
                                                  Exp (22)
                                                    Exp (22)
                                                      Exp (22)
                                                        Exp (22)
                                                          Exp (22)
                                                            Exp (22)
                                                              Exp (22)
                                                                Exp (22)
                                                                  Exp (22)
                                                                    Exp (22)
                                                                      Exp (22)
                                                                        Exp (22)
                                                                          Exp (22)
                                                                            Exp (22)
                                                                              Exp (22)
                                                                                Exp (22)
                                                                                  Exp (22)
                                                                                    Exp (22)
                                                                                      Exp (22)
                                                                                        Exp (22)
                                                                                          Exp (22)
                                                                                            Exp (22)
                                                                                              Exp (22)
                                                                                                Exp (22)
                                                                                                  Exp (22)
                                                                                                    Exp (22)
                                                                                                      Exp (22)
                                                                                                        Exp (22)
                                                                                                          MINUS
                                                                                                          Exp (22)
                                                                                                            MINUS
                                                                                                            Exp (22)
                                                                                                              ID: RPJ3IHM70u_ShU1Cod
                                                                                                        PLUS
                                                                                                        Exp (22)
                                                                                                          ID: nYavP
                                                                                                      RELOP: EQ
                                                                                                      Exp (23)
                                                                                                        ID: q9fWS827UCwT13X6lxFm
                                                                                                    RELOP: GE
                                                                                                    Exp (23)
                                                                                                      ID: TdQNsiSIm11
                                                                                                  RELOP: LT
                                                                                                  Exp (23)
                                                                                                    ID: GKge
                                                                                                RELOP: GT
                                                                                                Exp (23)
                                                                                                  ID: JwoA4RV3jqYK
                                                                                              RELOP: EQ
                                                                                              Exp (24)
                                                                                                ID: wIWgcrFfrg
                                                                                            RELOP: LT
                                                                                            Exp (24)
                                                                                              ID: qmh
                                                                                          RELOP: NE
                                                                                          Exp (24)
                                                                                            ID: nDvbDI4D
                                                                                        RELOP: NE
                                                                                        Exp (24)
                                                                                          ID: IB1bKHIBeaMiftn
                                                                                      RELOP: GE
                                                                                      Exp (25)
                                                                                        ID: sSe0UxJsFan5aOuAc
                                                                                    RELOP: EQ
                                                                                    Exp (25)
                                                                                      ID: vyOBIGcClQH0IE
                                                                                  RELOP: LE
                                                                                  Exp (25)
                                                                                    ID: GD7Aa
                                                                                RELOP: GE
                                                                                Exp (26)
                                                                                  ID: S
                                                                              RELOP: GE
                                                                              Exp (26)
                                                                                ID: S7pbm4O3PNhS47wINHa
                                                                            RELOP: GT
                                                                            Exp (26)
                                                                              ID: XQQlDlJs8I1VysJ
                                                                          RELOP: EQ
                                                                          Exp (26)
                                                                            ID: QMoQMUXbnd
                                                                        RELOP: LE
                                                                        Exp (27)
                                                                          ID: i_Gy_YbLX0B0jT
                                                                      RELOP: LT
                                                                      Exp (27)
                                                                        ID: PKUXCcIgCErqSQ
                                                                    RELOP: LT
                                                                    Exp (27)
                                                                      ID: Nzjh1CT5cuOWa_2ev
                                                                  RELOP: EQ
                                                                  Exp (28)
                                                                    ID: D6
                                                                RELOP: LE
                                                                Exp (28)
                                                                  ID: d3v
                                                              RELOP: LT
                                                              Exp (28)
                                                                ID: iMVTRojfFzca
                                                            RELOP: NE
                                                            Exp (28)
                                                              ID: MLQu_hlGBuov3Ds
                                                          RELOP: EQ
                                                          Exp (29)
                                                            ID: DV3Mo9SOvcPihGAzrs7H
                                                        RELOP: LE
                                                        Exp (29)
                                                          ID: _Sd2qB1
                                                      RELOP: EQ
                                                      Exp (29)
                                                        ID: Gizvud_h1uuX2Iq
                                                    RELOP: GE
                                                    Exp (30)
                                                      ID: X
                                                  RELOP: EQ
                                                  Exp (30)
                                                    ID: PYlTew3LAbC3
                                                RELOP: GT
                                                Exp (30)
                                                  ID: VTjBJP5poOEXZHn7
                                              RELOP: EQ
                                              Exp (30)
                                                ID: vcHp5prnnHdh3
                                            RELOP: LT
                                            Exp (31)
                                              ID: e06wEnWn0Z0IHTKTrLnd
                                          RELOP: EQ
                                          Exp (31)
                                            ID: IX47cMym5Td
                                        RELOP: LE
                                        Exp (31)
                                          ID: ZrM7gOrBVQdQRU2eo
                                      RELOP: GE
                                      Exp (32)
                                        ID: LTnxEU9tm3FsUBkvw
                                    RELOP: GT
                                    Exp (32)
                                      ID: TuvhA
                                  RELOP: LE
                                  Exp (32)
                                    ID: m4O5Tf6An
                                RELOP: LT
                                Exp (32)
                                  ID: o
                              RELOP: LT
                              Exp (32)
                                ID: h0NGfgt_OgtwYGOZ
                            RELOP: LT
                            Exp (33)
                              ID: x0EaR
                          AND
                          Exp (33)
                            ID: bEYUJXGVUpsd9sAN8
                        AND
                        Exp (33)
                          ID: IRZXT
                      AND
                      Exp (33)
                        ID: w7UKtWczOTypZpb
                    AND
                    Exp (34)
                      ID: MJRTFf
                  AND
                  Exp (34)
                    ID: Of3RbOi1X4_1aX4
              SEMI
            StmtList (35)
              Stmt (35)
                CompSt (35)
                  LC
                  DefList (36)
                  StmtList (36)
                  RC
              StmtList (36)
                Stmt (36)
                  CompSt (36)
                    LC
                    DefList (37)
                    StmtList (37)
                    RC
                StmtList (37)
                  Stmt (37)
                    IF
                    LP
                    Exp (37)
                      ID: i
                    RP
                    Stmt (37)
                      Exp (37)
                        ID: llXaf
                      SEMI
                  StmtList (39)
          RC
      ExtDefList (40)
        ExtDef (40)
          Specifier (40)
            TYPE: int
          ExtDecList (40)
            VarDec (40)
              ID: Li4v896wxGA7EU7uV
          SEMI
        ExtDefList (42)
          ExtDef (42)
            Specifier (42)
              StructSpecifier (42)
                STRUCT
                Tag (42)
                  ID: _AMeL8wa2aSzI_z_rYlo
            FunDec (42)
              ID: Vzw7ieTHioG
              LP
              VarList (42)
                ParamDec (42)
                  Specifier (42)
                    TYPE: float
                  VarDec (42)
                    VarDec (42)
                      VarDec (42)
                        ID: xSJKk
                      LB
                      INT: 551497607
                      RB
                    LB
                    INT: 990978386
                    RB
              RP
            CompSt (43)
              LC
              DefList (44)
                Def (44)
                  Specifier (44)
                    StructSpecifier (44)
                      STRUCT
                      Tag (44)
                        ID: GgHUTVzfG83O
                  DecList (44)
                    Dec (44)
                      VarDec (44)
                        ID: hBPnIAuO2
                    COMMA
                    DecList (44)
                      Dec (44)
                        VarDec (44)
                          ID: mZiNVa
                      COMMA
                      DecList (44)
                        Dec (44)
                          VarDec (44)
                            ID: G6zouNq
                  SEMI
                DefList (46)
              StmtList (46)
              RC
          ExtDefList (47)
