Program (1)
  ExtDefList (1)
    ExtDef (1)
      Specifier (1)
        StructSpecifier (1)
          STRUCT
          OptTag (1)
          LC
          DefList (2)
            Def (2)
              Specifier (2)
                TYPE: float
              DecList (2)
                Dec (2)
                  VarDec (2)
                    VarDec (2)
                      ID: bp4Og_j
                    LB
                    INT: 1700936736
                    RB
                  ASSIGNOP
                  Exp (2)
                    Exp (2)
                      ID: ny8L4ycTQB1U6OR
                    ASSIGNOP
                    Exp (3)
                      Exp (3)
                        ID: ftRCtfZn
                      RELOP: EQ
                      Exp (3)
                        Exp (3)
                          Exp (3)
                            ID: hj
                          MINUS
                          Exp (3)
                            Exp (3)
                              ID: uJtEu1k1Uf9k
                            DIV
                            Exp (3)
                              NOT
                              Exp (3)
                                ID: BBKXThXd3OjGv7
                                LP
                                Args (4)
                                  Exp (4)
                                    ID: pznnEYm
                                  COMMA
                                  Args (4)
                                    Exp (4)
                                      Exp (4)
                                        ID: dgMmfu53bUxgPLmNW
                                      OR
                                      Exp (4)
                                        Exp (4)
                                          ID: TZZPtVWpH12oGs
                                        AND
                                        Exp (4)
                                          Exp (4)
                                            ID: FbyCC0
                                          STAR
                                          Exp (5)
                                            Exp (5)
                                              ID: mh
                                            LB
                                            Exp (5)
                                              Exp (5)
                                                ID: iDtkLzP54XmD9EeBgP
                                              RELOP: LT
                                              Exp (5)
                                                MINUS
                                                Exp (5)
                                                  LP
                                                  Exp (5)
                                                    Exp (5)
                                                      ID: PZ2S7RpA_w1pP
                                                    ASSIGNOP
                                                    Exp (5)
                                                      Exp (5)
                                                        ID: RN_CeJGFTGl3
                                                      OR
                                                      Exp (6)
                                                        Exp (6)
                                                          ID: L
                                                        AND
                                                        Exp (6)
                                                          Exp (6)
                                                            ID: QdD
                                                          RELOP: NE
                                                          Exp (6)
                                                            Exp (6)
                                                              ID: g3D
                                                            PLUS
                                                            Exp (6)
                                                              MINUS
                                                              Exp (6)
                                                                NOT
                                                                Exp (6)
                                                                  MINUS
                                                                  Exp (6)
                                                                    Exp (6)
                                                                      ID: tzvDwHvJ
                                                                      LP
                                                                      Args (6)
                                                                        Exp (6)
                                                                          ID: WHQt4xVmoVupifa
                                                                        COMMA
                                                                        Args (7)
                                                                          Exp (7)
                                                                            Exp (7)
                                                                              ID: p7x3r9LIg
                                                                            RELOP: GT
                                                                            Exp (7)
                                                                              Exp (7)
                                                                                Exp (7)
                                                                                  ID: E10lWuu
                                                                                MINUS
                                                                                Exp (7)
                                                                                  Exp (7)
                                                                                    LP
                                                                                    Exp (7)
                                                                                      Exp (7)
                                                                                        ID: t1VPK
                                                                                      RELOP: GE
                                                                                      Exp (7)
                                                                                        Exp (7)
                                                                                          ID: Flo
                                                                                        MINUS
                                                                                        Exp (7)
                                                                                          NOT
                                                                                          Exp (7)
                                                                                            MINUS
                                                                                            Exp (7)
                                                                                              LP
                                                                                              Exp (7)
                                                                                                Exp (7)
                                                                                                  ID: krzmIAtXA
                                                                                                ASSIGNOP
                                                                                                Exp (8)
                                                                                                  Exp (8)
                                                                                                    ID: Da9Cneuoq3rIVbeNz2mX
                                                                                                  OR
                                                                                                  Exp (8)
                                                                                                    Exp (8)
                                                                                                      ID: bLnP
                                                                                                    AND
                                                                                                    Exp (8)
                                                                                                      Exp (8)
                                                                                                        ID: zwp4
                                                                                                      RELOP: LE
                                                                                                      Exp (8)
                                                                                                        ID: rz8GDgpN1w72
                                                                                              RP
                                                                                    RP
                                                                                  DIV
                                                                                  Exp (9)
                                                                                    NOT
                                                                                    Exp (9)
                                                                                      FLOAT: 1393285484.1893305290
                                                                              PLUS
                                                                              Exp (9)
                                                                                MINUS
                                                                                Exp (9)
                                                                                  INT: 804103682
                                                                      RP
                                                                    DOT
                                                                    ID: gh
                                                  RP
                                            RB
                                RP
                        PLUS
                        Exp (10)
                          Exp (10)
                            MINUS
                            Exp (10)
                              ID: H9Eejnre
                              LP
                              RP
                          STAR
                          Exp (10)
                            NOT
                            Exp (10)
                              Exp (10)
                                ID: Pe3qod
                              DOT
                              ID: LXTdt32j
                COMMA
                DecList (10)
                  Dec (10)
                    VarDec (10)
                      ID: TgskzGk0
              SEMI
            DefList (12)
          RC
      SEMI
    ExtDefList (13)
      ExtDef (13)
        Specifier (13)
          StructSpecifier (13)
            STRUCT
            Tag (13)
              ID: S7NK7e32uOwKCbU
        SEMI
      ExtDefList (14)
        ExtDef (14)
          Specifier (14)
            TYPE: int
          ExtDecList (14)
            VarDec (14)
              ID: blcKUI0s2nV
            COMMA
            ExtDecList (14)
              VarDec (14)
                ID: A14XmCqi
          SEMI
        ExtDefList (17)
          ExtDef (17)
            Specifier (17)
              StructSpecifier (17)
                STRUCT
                Tag (17)
                  ID: Z_Eg
            FunDec (17)
              ID: lnVpuaTUNl
              LP
              VarList (17)
                ParamDec (17)
                  Specifier (17)
                    StructSpecifier (17)
                      STRUCT
                      Tag (17)
                        ID: ueC4Rfj0MQJetj
                  VarDec (17)
                    ID: XJT
                COMMA
                VarList (18)
                  ParamDec (18)
                    Specifier (18)
                      TYPE: int
                    VarDec (18)
                      ID: GJ_R85kG3GNDY7U
              RP
            CompSt (18)
              LC
              DefList (19)
                Def (19)
                  Specifier (19)
                    TYPE: int
                  DecList (19)
                    Dec (19)
                      VarDec (19)
                        ID: Aa9KQKDeG3cckcan9
                  SEMI
                DefList (20)
              StmtList (20)
                Stmt (20)
                  Exp (20)
                    ID: ZY7ZprJCr5x4xrwN
                  SEMI
                StmtList (21)
              RC
          ExtDefList (22)
            ExtDef (22)
              Specifier (22)
                StructSpecifier (22)
                  STRUCT
                  Tag (22)
                    ID: ra
              FunDec (22)
                ID: T5S
                LP
                RP
              CompSt (22)
                LC
                DefList (23)
                  Def (23)
                    Specifier (23)
                      StructSpecifier (23)
                        STRUCT
                        Tag (23)
                          ID: rhxmVWZM6w1ugF
                    DecList (23)
                      Dec (23)
                        VarDec (23)
                          ID: c_G1faG
                    SEMI
                  DefList (24)
                    Def (24)
                      Specifier (24)
                        StructSpecifier (24)
                          STRUCT
                          Tag (24)
                            ID: TWgh95Ysa9ZR2pw_lRq
                      DecList (24)
                        Dec (24)
                          VarDec (24)
                            ID: wyq8uxqedVgBWjTsl7c
                      SEMI
                    DefList (25)
                      Def (25)
                        Specifier (25)
                          TYPE: int
                        DecList (25)
                          Dec (25)
                            VarDec (25)
                              ID: JXeRLWhsI9S
                        SEMI
                      DefList (26)
                StmtList (26)
                  Stmt (26)
                    IF
                    LP
                    Exp (26)
                      ID: Sks2fVtdGH_iD2V8
                    RP
                    Stmt (26)
                      IF
                      LP
                      Exp (26)
                        ID: u6DvViZXvVEf
                      RP
                      Stmt (26)
                        IF
                        LP
                        Exp (27)
                          ID: JF1_87KTybckHH9WKB
                        RP
                        Stmt (27)
                          IF
                          LP
                          Exp (27)
                            ID: d2cstCRw6xzhdvKLOth
                          RP
                          Stmt (28)
                            WHILE
                            LP
                            Exp (28)
                              ID: c1B5t29m08c7j60
                            RP
                            Stmt (28)
                              WHILE
                              LP
                              Exp (28)
                                ID: jMQh59m9NMlQEEqiV
                              RP
                              Stmt (29)
                                CompSt (29)
                                  LC
                                  DefList (30)
                                    Def (30)
                                      Specifier (30)
                                        TYPE: int
                                      DecList (30)
                                        Dec (30)
                                          VarDec (30)
                                            ID: Rk2C93hBQkk7LnoLt
                                      SEMI
                                    DefList (31)
                                      Def (31)
                                        Specifier (31)
                                          TYPE: int
                                        DecList (31)
                                          Dec (31)
                                            VarDec (31)
                                              ID: rX6dXDPv9MkqrbkkWit
                                        SEMI
                                      DefList (32)
                                  StmtList (32)
                                  RC
                          ELSE
                          Stmt (34)
                            Exp (34)
                              ID: p
                            SEMI
                        ELSE
                        Stmt (36)
                          Exp (36)
                            ID: JB_p4M536UACVLISI7
                          SEMI
                      ELSE
                      Stmt (38)
                        IF
                        LP
                        Exp (38)
                          ID: FbQmgS3DQ9
                        RP
                        Stmt (38)
                          IF
                          LP
                          Exp (38)
                            ID: h
                          RP
                          Stmt (38)
                            WHILE
                            LP
                            Exp (38)
                              ID: PYyxXCAUq6
                            RP
                            Stmt (39)
                              WHILE
                              LP
                              Exp (39)
                                ID: xAOzCNZvqksme
                              RP
                              Stmt (39)
                                Exp (39)
                                  ID: NMfwb2VIM
                                SEMI
                          ELSE
                          Stmt (42)
                            CompSt (42)
                              LC
                              DefList (43)
                              StmtList (43)
                                Stmt (43)
                                  Exp (43)
                                    ID: YM8KapYB7XWetucQV5h0
                                  SEMI
                                StmtList (44)
                                  Stmt (44)
                                    IF
                                    LP
                                    Exp (44)
                                      ID: L49Jto
                                    RP
                                    Stmt (44)
                                      CompSt (44)
                                        LC
                                        DefList (45)
                                        StmtList (45)
                                          Stmt (45)
                                            Exp (45)
                                              ID: gIB
                                            SEMI
                                          StmtList (46)
                                            Stmt (46)
                                              IF
                                              LP
                                              Exp (46)
                                                ID: B3hkGz9
                                              RP
                                              Stmt (46)
                                                IF
                                                LP
                                                Exp (46)
                                                  ID: bnGaD7fySRWoxTByUCH
                                                RP
                                                Stmt (47)
                                                  IF
                                                  LP
                                                  Exp (47)
                                                    ID: cmf5sbP
                                                  RP
                                                  Stmt (47)
                                                    IF
                                                    LP
                                                    Exp (47)
                                                      ID: O
                                                    RP
                                                    Stmt (47)
                                                      IF
                                                      LP
                                                      Exp (47)
                                                        ID: lHBqBX4D90XO
                                                      RP
                                                      Stmt (48)
                                                        Exp (48)
                                                          ID: N8ZbkJC0ZkOT_Z8
                                                        SEMI
                                                      ELSE
                                                      Stmt (49)
                                                        Exp (49)
                                                          ID: NbvRYY
                                                        SEMI
                                            StmtList (55)
                                              Stmt (55)
                                                IF
                                                LP
                                                Exp (55)
                                                  ID: udvblhixq8NVBW
                                                RP
                                                Stmt (55)
                                                  Exp (55)
                                                    ID: yS5nLVHI
                                                  SEMI
                                              StmtList (57)
                                                Stmt (57)
                                                  Exp (57)
                                                    ID: mGVRsx
                                                  SEMI
                                                StmtList (58)
                                                  Stmt (58)
                                                    Exp (58)
                                                      ID: gNlsY7DjMLQSza0O3W2
                                                    SEMI
                                                  StmtList (59)
                                        RC
                                    ELSE
                                    Stmt (59)
                                      IF
                                      LP
                                      Exp (59)
                                        ID: r6mq55F9Ha08CcJ2a7_
                                      RP
                                      Stmt (59)
                                        IF
                                        LP
                                        Exp (60)
                                          ID: gfR15HEUSG9mZhvoVZ
                                        RP
                                        Stmt (60)
                                          WHILE
                                          LP
                                          Exp (60)
                                            ID: peqfF
                                          RP
                                          Stmt (60)
                                            RETURN
                                            Exp (61)
                                              ID: mKvpnh8MA
                                            SEMI
                                  StmtList (66)
                              RC
                  StmtList (70)
                RC
            ExtDefList (71)
              ExtDef (71)
                Specifier (71)
                  StructSpecifier (71)
                    STRUCT
                    Tag (71)
                      ID: S
                SEMI
              ExtDefList (72)
                ExtDef (72)
                  Specifier (72)
                    TYPE: int
                  SEMI
                ExtDefList (73)
                  ExtDef (73)
                    Specifier (73)
                      StructSpecifier (73)
                        STRUCT
                        OptTag (73)
                        LC
                        DefList (74)
                          Def (74)
                            Specifier (74)
                              StructSpecifier (74)
                                STRUCT
                                OptTag (74)
                                  ID: yicoov81QPECLSG
                                LC
                                DefList (75)
                                RC
                            DecList (75)
                              Dec (75)
                                VarDec (75)
                                  ID: _pXW29NwIiE
                            SEMI
                          DefList (76)
                        RC
                    SEMI
                  ExtDefList (77)
                    ExtDef (77)
                      Specifier (77)
                        TYPE: int
                      SEMI
                    ExtDefList (78)
                      ExtDef (78)
                        Specifier (78)
                          StructSpecifier (78)
                            STRUCT
                            Tag (78)
                              ID: J6rp4aAYkRxE9AoVe
                        SEMI
                      ExtDefList (79)
                        ExtDef (79)
                          Specifier (79)
                            StructSpecifier (79)
                              STRUCT
                              Tag (79)
                                ID: j
                          SEMI
                        ExtDefList (80)
                          ExtDef (80)
                            Specifier (80)
                              StructSpecifier (80)
                                STRUCT
                                Tag (80)
                                  ID: WRBV0mM7eYgaJyi9l9Qr
                            SEMI
                          ExtDefList (81)
