Program (1)
  ExtDefList (1)
    ExtDef (1)
      Specifier (1)
        TYPE: int
      SEMI
    ExtDefList (2)
      ExtDef (2)
        Specifier (2)
          StructSpecifier (2)
            STRUCT
            OptTag (2)
            LC
            DefList (3)
              Def (3)
                Specifier (3)
                  TYPE: int
                DecList (3)
                  Dec (3)
                    VarDec (3)
                      ID: K
                SEMI
              DefList (4)
            RC
        SEMI
      ExtDefList (5)
        ExtDef (5)
          Specifier (5)
            StructSpecifier (5)
              STRUCT
              Tag (5)
                ID: smhlq
          ExtDecList (5)
            VarDec (5)
              ID: yy4J
            COMMA
            ExtDecList (5)
              VarDec (5)
                VarDec (5)
                  ID: lMfr_5XKMszBMlh8fY
                LB
                INT: 1819380419
                RB
          SEMI
        ExtDefList (9)
          ExtDef (9)
            Specifier (9)
              TYPE: float
            FunDec (9)
              ID: a1FVRI_1uYRy4Qjh
              LP
              RP
            CompSt (9)
              LC
              DefList (10)
              StmtList (10)
                Stmt (10)
                  RETURN
                  Exp (10)
                    Exp (10)
                      ID: QgibWpxzhfyEcrLBvK
                    ASSIGNOP
                    Exp (10)
                      Exp (10)
                        ID: topSfR5AWRI
                      RELOP: LT
                      Exp (10)
                        Exp (10)
                          ID: oDSb4Io4vHpyNKIM
                        MINUS
                        Exp (11)
                          Exp (11)
                            ID: h51o1
                          DIV
                          Exp (11)
                            Exp (11)
                              ID: r_b_vQZ4CdBR7Ik5z
                            LB
                            Exp (11)
                              Exp (11)
                                ID: F_GcdF3V1E96DQZU3F
                              OR
                              Exp (12)
                                Exp (12)
                                  ID: byq9NHyCnoC35
                                AND
                                Exp (12)
                                  Exp (12)
                                    ID: rCl7
                                  RELOP: NE
                                  Exp (12)
                                    MINUS
                                    Exp (12)
                                      NOT
                                      Exp (12)
                                        ID: Aktkrk
                                        LP
                                        Args (12)
                                          Exp (12)
                                            Exp (12)
                                              ID: BMKcaSos71W8L
                                            OR
                                            Exp (13)
                                              Exp (13)
                                                ID: pM8JD
                                              AND
                                              Exp (13)
                                                Exp (13)
                                                  Exp (13)
                                                    ID: nGofewJxf
                                                  RELOP: GE
                                                  Exp (13)
                                                    Exp (13)
                                                      ID: hlJYTmYy3SubMzPZ
                                                    PLUS
                                                    Exp (13)
                                                      ID: rVSDPqWVu5g
                                                      LP
                                                      Args (14)
                                                        Exp (14)
                                                          ID: l79D4FZ4xm96i
                                                        COMMA
                                                        Args (14)
                                                          Exp (14)
                                                            ID: y5IV_6fR7GrxVMPsszB
                                                          COMMA
                                                          Args (14)
                                                            Exp (14)
                                                              Exp (14)
                                                                ID: F_jda1e_HWW3eZA
                                                              RELOP: GT
                                                              Exp (15)
                                                                LP
                                                                Exp (15)
                                                                  Exp (15)
                                                                    ID: vU43mJuqEQ
                                                                  ASSIGNOP
                                                                  Exp (15)
                                                                    Exp (15)
                                                                      ID: Kv2AcZcOps2M8l
                                                                    STAR
                                                                    Exp (15)
                                                                      Exp (15)
                                                                        ID: EPMBqrzRtJ
                                                                      LB
                                                                      Exp (15)
                                                                        Exp (15)
                                                                          ID: pA08sGaqvrdOi
                                                                        OR
                                                                        Exp (16)
                                                                          Exp (16)
                                                                            ID: mz
                                                                          AND
                                                                          Exp (16)
                                                                            Exp (16)
                                                                              ID: J_2fVGwh6qsaH
                                                                            RELOP: EQ
                                                                            Exp (16)
                                                                              Exp (16)
                                                                                ID: Ktex9JWYfoj0G
                                                                              MINUS
                                                                              Exp (16)
                                                                                Exp (16)
                                                                                  ID: wivU2i4YEWEnsKb
                                                                                DIV
                                                                                Exp (17)
                                                                                  INT: 845430456
                                                                      RB
                                                                RP
                                                      RP
                                                RELOP: LE
                                                Exp (17)
                                                  Exp (17)
                                                    ID: eTH1_3eo4Ffw9
                                                  PLUS
                                                  Exp (17)
                                                    Exp (17)
                                                      MINUS
                                                      Exp (17)
                                                        MINUS
                                                        Exp (17)
                                                          FLOAT: 1905035988.736886587
                                                    STAR
                                                    Exp (18)
                                                      Exp (18)
                                                        ID: NY11jl
                                                        LP
                                                        RP
                                                      DOT
                                                      ID: yHAVJ5geCfWm6S7V
                                        RP
                            RB
                  SEMI
                StmtList (19)
              RC
          ExtDefList (20)
            ExtDef (20)
              Specifier (20)
                StructSpecifier (20)
                  STRUCT
                  Tag (20)
                    ID: obY2FGcnaVY76Dx
              SEMI
            ExtDefList (21)
              ExtDef (21)
                Specifier (21)
                  TYPE: int
                SEMI
              ExtDefList (22)
                ExtDef (22)
                  Specifier (22)
                    StructSpecifier (22)
                      STRUCT
                      OptTag (22)
                      LC
                      DefList (23)
                        Def (23)
                          Specifier (23)
                            TYPE: int
                          DecList (23)
                            Dec (23)
                              VarDec (23)
                                ID: GdG4Alpp8Y5h9UQyWF
                          SEMI
                        DefList (24)
                          Def (24)
                            Specifier (24)
                              TYPE: int
                            DecList (24)
                              Dec (24)
                                VarDec (24)
                                  ID: fVMttNm
                            SEMI
                          DefList (25)
                            Def (25)
                              Specifier (25)
                                TYPE: int
                              DecList (25)
                                Dec (25)
                                  VarDec (25)
                                    ID: O5si
                              SEMI
                            DefList (26)
                              Def (26)
                                Specifier (26)
                                  StructSpecifier (26)
                                    STRUCT
                                    OptTag (26)
                                      ID: kaIN45_l
                                    LC
                                    DefList (27)
                                      Def (27)
                                        Specifier (27)
                                          TYPE: int
                                        DecList (27)
                                          Dec (27)
                                            VarDec (27)
                                              ID: uCP_a6WD0
                                        SEMI
                                      DefList (28)
                                        Def (28)
                                          Specifier (28)
                                            TYPE: int
                                          DecList (28)
                                            Dec (28)
                                              VarDec (28)
                                                ID: Bga7_9Qp
                                          SEMI
                                        DefList (29)
                                    RC
                                DecList (29)
                                  Dec (29)
                                    VarDec (29)
                                      ID: XUsL2
                                SEMI
                              DefList (30)
                                Def (30)
                                  Specifier (30)
                                    TYPE: int
                                  DecList (30)
                                    Dec (30)
                                      VarDec (30)
                                        ID: rjGEMq
                                    COMMA
                                    DecList (30)
                                      Dec (30)
                                        VarDec (30)
                                          ID: ZTHVMDckLQui9
                                        ASSIGNOP
                                        Exp (30)
                                          ID: DNY_YzyIGeS0pODsv1
                                  SEMI
                                DefList (32)
                      RC
                  SEMI
                ExtDefList (33)
                  ExtDef (33)
                    Specifier (33)
                      TYPE: int
                    SEMI
                  ExtDefList (34)
                    ExtDef (34)
                      Specifier (34)
                        TYPE: int
                      SEMI
                    ExtDefList (35)
                      ExtDef (35)
                        Specifier (35)
                          TYPE: int
                        FunDec (35)
                          ID: cs0QtI
                          LP
                          VarList (35)
                            ParamDec (35)
                              Specifier (35)
                                TYPE: int
                              VarDec (35)
                                ID: tJNI
                            COMMA
                            VarList (35)
                              ParamDec (35)
                                Specifier (35)
                                  TYPE: int
                                VarDec (35)
                                  ID: gEB95sDiztaUn0Pg8
                          RP
                        CompSt (35)
                          LC
                          DefList (36)
                          StmtList (36)
                            Stmt (36)
                              IF
                              LP
                              Exp (36)
                                ID: Wmj04u4075icX4UDe
                              RP
                              Stmt (36)
                                Exp (36)
                                  ID: upzSt9PKB
                                SEMI
                            StmtList (38)
                          RC
                      ExtDefList (39)
                        ExtDef (39)
                          Specifier (39)
                            TYPE: int
                          SEMI
                        ExtDefList (40)
                          ExtDef (40)
                            Specifier (40)
                              TYPE: int
                            FunDec (40)
                              ID: zgy6sqtew_3J
                              LP
                              RP
                            CompSt (40)
                              LC
                              DefList (41)
                              StmtList (41)
                              RC
                          ExtDefList (42)
                            ExtDef (42)
                              Specifier (42)
                                TYPE: int
                              FunDec (42)
                                ID: C6JTzfQ4
                                LP
                                RP
                              CompSt (42)
                                LC
                                DefList (43)
                                StmtList (43)
                                  Stmt (43)
                                    Exp (43)
                                      ID: pV0x2qL2WK8uYGsXylB
                                    SEMI
                                  StmtList (44)
                                    Stmt (44)
                                      IF
                                      LP
                                      Exp (44)
                                        ID: KJeDAq
                                      RP
                                      Stmt (44)
                                        Exp (44)
                                          ID: d8pmDoKtw
                                        SEMI
                                      ELSE
                                      Stmt (45)
                                        CompSt (45)
                                          LC
                                          DefList (46)
                                          StmtList (46)
                                            Stmt (46)
                                              Exp (46)
                                                ID: avzx
                                              SEMI
                                            StmtList (47)
                                              Stmt (47)
                                                Exp (47)
                                                  ID: yrhcT1DSj38caesO
                                                SEMI
                                              StmtList (48)
                                                Stmt (48)
                                                  Exp (48)
                                                    ID: W5GHPMLW
                                                  SEMI
                                                StmtList (49)
                                                  Stmt (49)
                                                    Exp (49)
                                                      ID: SA7l_JpE8tVEGUMhw
                                                    SEMI
                                                  StmtList (50)
                                                    Stmt (50)
                                                      Exp (50)
                                                        ID: gREt
                                                      SEMI
                                                    StmtList (51)
                                                      Stmt (51)
                                                        IF
                                                        LP
                                                        Exp (51)
                                                          ID: llAge8o6
                                                        RP
                                                        Stmt (51)
                                                          Exp (51)
                                                            ID: ucu_zG5ekbNzJtk8f5H
                                                          SEMI
                                                        ELSE
                                                        Stmt (52)
                                                          IF
                                                          LP
                                                          Exp (52)
                                                            ID: aHz7T_Wat6L7N
                                                          RP
                                                          Stmt (52)
                                                            Exp (52)
                                                              ID: Pu_S45s
                                                            SEMI
                                                      StmtList (55)
                                          RC
                                    StmtList (56)
                                      Stmt (56)
                                        WHILE
                                        LP
                                        Exp (56)
                                          ID: Vc3n
                                        RP
                                        Stmt (56)
                                          CompSt (56)
                                            LC
                                            DefList (57)
                                            StmtList (57)
                                            RC
                                      StmtList (58)
                                RC
                            ExtDefList (59)
