Program (1)
  ExtDefList (1)
    ExtDef (1)
      Specifier (1)
        TYPE: int
      FunDec (1)
        ID: kj5ZWGY52zjhglRlmPv
        LP
        VarList (1)
          ParamDec (1)
            Specifier (1)
              TYPE: float
            VarDec (1)
              VarDec (1)
                ID: e8kSyumvSJNSI
              LB
              INT: 1467863653
              RB
        RP
      CompSt (2)
        LC
        DefList (3)
          Def (3)
            Specifier (3)
              TYPE: float
            DecList (3)
              Dec (3)
                VarDec (3)
                  ID: mta9XXmVFjNL9
            SEMI
          DefList (4)
        StmtList (4)
        RC
    ExtDefList (5)
