Program (1)
  ExtDefList (1)
    ExtDef (1)
      Specifier (1)
        TYPE: float
      FunDec (1)
        ID: u
        LP
        RP
      CompSt (1)
        LC
        DefList (2)
          Def (2)
            Specifier (2)
              TYPE: int
            DecList (2)
              Dec (2)
                VarDec (2)
                  ID: FDFjwoazzYdd0Ube
                ASSIGNOP
                Exp (2)
                  ID: IYPPcTaqUVu1BRNN1RlM
              COMMA
              DecList (2)
                Dec (2)
                  VarDec (2)
                    VarDec (2)
                      ID: VP
                    LB
                    INT: 1722568283
                    RB
            SEMI
          DefList (4)
        StmtList (4)
          Stmt (4)
            IF
            LP
            Exp (4)
              ID: ncXD
            RP
            Stmt (4)
              RETURN
              Exp (4)
                ID: ya
              SEMI
            ELSE
            Stmt (5)
              Exp (5)
                Exp (5)
                  ID: bq
                OR
                Exp (5)
                  Exp (5)
                    ID: lK
                  RELOP: LT
                  Exp (5)
                    Exp (5)
                      ID: LCuj
                    PLUS
                    Exp (5)
                      Exp (5)
                        Exp (5)
                          ID: grS8jVn6Ot4VnqyiR
                        DIV
                        Exp (5)
                          NOT
                          Exp (5)
                            NOT
                            Exp (5)
                              Exp (5)
                                ID: gkA8wmyDJVkMCu_euB
                              LB
                              Exp (6)
                                Exp (6)
                                  ID: cjzySdUjqNaMYuJ
                                ASSIGNOP
                                Exp (6)
                                  Exp (6)
                                    ID: d5hh1LwD4
                                  ASSIGNOP
                                  Exp (6)
                                    Exp (6)
                                      ID: m
                                    AND
                                    Exp (6)
                                      Exp (6)
                                        ID: yHhZz5ek3mr8g
                                      MINUS
                                      Exp (7)
                                        Exp (7)
                                          ID: lY
                                          LP
                                          Args (7)
                                            Exp (7)
                                              Exp (7)
                                                ID: hioyM
                                              OR
                                              Exp (7)
                                                Exp (7)
                                                  ID: GToFMONqz6oMQ
                                                RELOP: GT
                                                Exp (7)
                                                  Exp (7)
                                                    ID: aTwkbqZaLpRPd
                                                    LP
                                                    Args (7)
                                                      Exp (7)
                                                        ID: s0NPV4YKPChxJET0EVp
                                                      COMMA
                                                      Args (8)
                                                        Exp (8)
                                                          ID: bYfJo
                                                        COMMA
                                                        Args (8)
                                                          Exp (8)
                                                            Exp (8)
                                                              ID: kmg0RB7y
                                                            ASSIGNOP
                                                            Exp (8)
                                                              Exp (8)
                                                                ID: poKp6DQA6aCtKT5
                                                              AND
                                                              Exp (8)
                                                                Exp (8)
                                                                  ID: yO2ZoQsrb3BS
                                                                RELOP: GE
                                                                Exp (9)
                                                                  Exp (9)
                                                                    ID: zEnPuiBXP
                                                                  MINUS
                                                                  Exp (9)
                                                                    Exp (9)
                                                                      ID: dUSbvYRvOjv4
                                                                    STAR
                                                                    Exp (9)
                                                                      NOT
                                                                      Exp (9)
                                                                        LP
                                                                        Exp (9)
                                                                          Exp (9)
                                                                            ID: bic9iTrhkOrkbPSsjWr8
                                                                          ASSIGNOP
                                                                          Exp (10)
                                                                            Exp (10)
                                                                              ID: n36etSCXCoZVHBVLIgda
                                                                            ASSIGNOP
                                                                            Exp (10)
                                                                              Exp (10)
                                                                                ID: xgq0r2SWDEJvR3yT0t
                                                                              ASSIGNOP
                                                                              Exp (10)
                                                                                Exp (10)
                                                                                  ID: T5hchGWf_
                                                                                RELOP: EQ
                                                                                Exp (11)
                                                                                  Exp (11)
                                                                                    ID: rKfOtcYjBR6gfbsNfYn
                                                                                  MINUS
                                                                                  Exp (11)
                                                                                    Exp (11)
                                                                                      Exp (11)
                                                                                        ID: TkZs
                                                                                      DIV
                                                                                      Exp (11)
                                                                                        ID: LtmHqBaL95eikwgFgIw
                                                                                        LP
                                                                                        Args (12)
                                                                                          Exp (12)
                                                                                            ID: Hlqu7vUE1AAL7NkvGwzV
                                                                                          COMMA
                                                                                          Args (12)
                                                                                            Exp (12)
                                                                                              ID: DyT
                                                                                            COMMA
                                                                                            Args (12)
                                                                                              Exp (12)
                                                                                                Exp (12)
                                                                                                  ID: QG6j2tmWbE2
                                                                                                ASSIGNOP
                                                                                                Exp (12)
                                                                                                  Exp (12)
                                                                                                    ID: lqNpSSr
                                                                                                  OR
                                                                                                  Exp (13)
                                                                                                    Exp (13)
                                                                                                      Exp (13)
                                                                                                        ID: a4u
                                                                                                      RELOP: NE
                                                                                                      Exp (13)
                                                                                                        ID: VS9qmF3tAfa
                                                                                                    RELOP: LE
                                                                                                    Exp (13)
                                                                                                      ID: ErDLT0G6B2l8oN_wF
                                                                                        RP
                                                                                    DIV
                                                                                    Exp (13)
                                                                                      INT: 217164439
                                                                        RP
                                                    RP
                                                  DIV
                                                  Exp (14)
                                                    FLOAT: 1699469821.1188345068
                                          RP
                                        DOT
                                        ID: pqr6BtuTsY7YICyBcgW
                              RB
                      STAR
                      Exp (15)
                        MINUS
                        Exp (15)
                          ID: T
                          LP
                          RP
              SEMI
          StmtList (17)
        RC
    ExtDefList (18)
      ExtDef (18)
        Specifier (18)
          StructSpecifier (18)
            STRUCT
            OptTag (18)
              ID: Fkfe
            LC
            DefList (19)
              Def (19)
                Specifier (19)
                  StructSpecifier (19)
                    STRUCT
                    Tag (19)
                      ID: XYb
                DecList (19)
                  Dec (19)
                    VarDec (19)
                      ID: D4L3wIR9uTNW1RGstI_
                SEMI
              DefList (20)
            RC
        SEMI
      ExtDefList (21)
        ExtDef (21)
          Specifier (21)
            TYPE: int
          SEMI
        ExtDefList (22)
          ExtDef (22)
            Specifier (22)
              StructSpecifier (22)
                STRUCT
                Tag (22)
                  ID: eU4Q_Bh
            FunDec (22)
              ID: Zfm6Gh5oyFg2RzQu2gU
              LP
              VarList (22)
                ParamDec (22)
                  Specifier (22)
                    StructSpecifier (22)
                      STRUCT
                      Tag (22)
                        ID: bnbj
                  VarDec (22)
                    ID: hxebAqKjb
                COMMA
                VarList (23)
                  ParamDec (23)
                    Specifier (23)
                      TYPE: int
                    VarDec (23)
                      ID: PYSLRntGnh7nXFO8
              RP
            CompSt (23)
              LC
              DefList (24)
                Def (24)
                  Specifier (24)
                    StructSpecifier (24)
                      STRUCT
                      OptTag (24)
                      LC
                      DefList (25)
                      RC
                  DecList (25)
                    Dec (25)
                      VarDec (25)
                        ID: NSI
                  SEMI
                DefList (26)
              StmtList (26)
                Stmt (26)
                  IF
                  LP
                  Exp (26)
                    ID: oEt
                  RP
                  Stmt (26)
                    CompSt (26)
                      LC
                      DefList (27)
                      StmtList (27)
                        Stmt (27)
                          WHILE
                          LP
                          Exp (27)
                            ID: KppSgA74Gp
                          RP
                          Stmt (27)
                            Exp (27)
                              ID: HN9i3FG6gpS
                            SEMI
                        StmtList (29)
                      RC
                StmtList (30)
              RC
          ExtDefList (31)
            ExtDef (31)
              Specifier (31)
                TYPE: int
              ExtDecList (31)
                VarDec (31)
                  ID: MQ3Esd6w_Qy1SB1a9pG
              SEMI
            ExtDefList (33)
              ExtDef (33)
                Specifier (33)
                  StructSpecifier (33)
                    STRUCT
                    Tag (33)
                      ID: IXWcdbdatLAHw7LFz8
                SEMI
              ExtDefList (34)
                ExtDef (34)
                  Specifier (34)
                    TYPE: int
                  SEMI
                ExtDefList (35)
                  ExtDef (35)
                    Specifier (35)
                      TYPE: int
                    ExtDecList (35)
                      VarDec (35)
                        ID: ptasfzG1ImWJtdpzl
                      COMMA
                      ExtDecList (35)
                        VarDec (35)
                          ID: IdgtTiixMP7rJA9jQc
                    SEMI
                  ExtDefList (38)
                    ExtDef (38)
                      Specifier (38)
                        TYPE: int
                      FunDec (38)
                        ID: xUiTdBIwNfLFwzgCeCl
                        LP
                        RP
                      CompSt (38)
                        LC
                        DefList (39)
                        StmtList (39)
                        RC
                    ExtDefList (40)
                      ExtDef (40)
                        Specifier (40)
                          TYPE: int
                        SEMI
                      ExtDefList (41)
                        ExtDef (41)
                          Specifier (41)
                            TYPE: int
                          FunDec (41)
                            ID: _6sWylNqFXUbb3
                            LP
                            RP
                          CompSt (41)
                            LC
                            DefList (42)
                            StmtList (42)
                            RC
                        ExtDefList (43)
                          ExtDef (43)
                            Specifier (43)
                              TYPE: int
                            SEMI
                          ExtDefList (44)
                            ExtDef (44)
                              Specifier (44)
                                TYPE: int
                              FunDec (44)
                                ID: xOnc7tMOW_
                                LP
                                RP
                              CompSt (44)
                                LC
                                DefList (45)
                                StmtList (45)
                                RC
                            ExtDefList (46)
                              ExtDef (46)
                                Specifier (46)
                                  TYPE: int
                                SEMI
                              ExtDefList (47)
                                ExtDef (47)
                                  Specifier (47)
                                    TYPE: int
                                  SEMI
                                ExtDefList (48)
                                  ExtDef (48)
                                    Specifier (48)
                                      TYPE: int
                                    FunDec (48)
                                      ID: qkdWF
                                      LP
                                      RP
                                    CompSt (48)
                                      LC
                                      DefList (49)
                                      StmtList (49)
                                        Stmt (49)
                                          Exp (49)
                                            ID: K9snh
                                          SEMI
                                        StmtList (50)
                                          Stmt (50)
                                            Exp (50)
                                              ID: uUg4nKL_eCHual0W
                                            SEMI
                                          StmtList (51)
                                            Stmt (51)
                                              Exp (51)
                                                ID: gVzP2K7
                                              SEMI
                                            StmtList (52)
                                              Stmt (52)
                                                IF
                                                LP
                                                Exp (52)
                                                  ID: RjTuVKvR_IIyY12
                                                RP
                                                Stmt (52)
                                                  Exp (52)
                                                    ID: NQ7GMfTY0tutIq
                                                  SEMI
                                                ELSE
                                                Stmt (53)
                                                  IF
                                                  LP
                                                  Exp (53)
                                                    ID: WLEO1eGhWO1EGWGS
                                                  RP
                                                  Stmt (53)
                                                    Exp (53)
                                                      ID: t
                                                    SEMI
                                              StmtList (56)
                                      RC
                                  ExtDefList (57)
