Program (1)
  ExtDefList (1)
    ExtDef (1)
      Specifier (1)
        TYPE: float
      FunDec (1)
        ID: uOJU6PY6KR37QW
        LP
        RP
      CompSt (1)
        LC
        DefList (2)
          Def (2)
            Specifier (2)
              StructSpecifier (2)
                STRUCT
                Tag (2)
                  ID: n79Bz
            DecList (2)
              Dec (2)
                VarDec (2)
                  ID: X
            SEMI
          DefList (3)
        StmtList (3)
        RC
    ExtDefList (4)
      ExtDef (4)
        Specifier (4)
          TYPE: int
        ExtDecList (4)
          VarDec (4)
            ID: f9oGG5yNpNQO8roqcm
          COMMA
          ExtDecList (4)
            VarDec (4)
              VarDec (4)
                ID: rDX7lWW_QNSbcmRGk
              LB
              INT: 1725117867
              RB
        SEMI
      ExtDefList (8)
        ExtDef (8)
          Specifier (8)
            TYPE: int
          SEMI
        ExtDefList (9)
          ExtDef (9)
            Specifier (9)
              TYPE: int
            SEMI
          ExtDefList (10)
            ExtDef (10)
              Specifier (10)
                TYPE: int
              FunDec (10)
                ID: hW5g8EwcrPWeJbdgoN
                LP
                RP
              CompSt (10)
                LC
                DefList (11)
                StmtList (11)
                RC
            ExtDefList (12)
              ExtDef (12)
                Specifier (12)
                  StructSpecifier (12)
                    STRUCT
                    OptTag (12)
                    LC
                    DefList (13)
                    RC
                SEMI
              ExtDefList (14)
                ExtDef (14)
                  Specifier (14)
                    StructSpecifier (14)
                      STRUCT
                      Tag (14)
                        ID: j1m65TytWG5KQpga
                  FunDec (14)
                    ID: X
                    LP
                    VarList (14)
                      ParamDec (14)
                        Specifier (14)
                          TYPE: int
                        VarDec (14)
                          ID: YC
                    RP
                  CompSt (14)
                    LC
                    DefList (15)
                      Def (15)
                        Specifier (15)
                          StructSpecifier (15)
                            STRUCT
                            Tag (15)
                              ID: DOv1gvUC
                        DecList (15)
                          Dec (15)
                            VarDec (15)
                              ID: MM1GRE4P
                        SEMI
                      DefList (16)
                    StmtList (16)
                      Stmt (16)
                        WHILE
                        LP
                        Exp (16)
                          ID: fq
                        RP
                        Stmt (16)
                          IF
                          LP
                          Exp (16)
                            ID: n
                          RP
                          Stmt (16)
                            WHILE
                            LP
                            Exp (16)
                              ID: QDRg_J
                            RP
                            Stmt (16)
                              Exp (16)
                                ID: fzyESDqUU4Vooax9Gi
                              SEMI
                          ELSE
                          Stmt (19)
                            Exp (19)
                              ID: lNxmDBaBX7cvtS5
                            SEMI
                      StmtList (22)
                        Stmt (22)
                          IF
                          LP
                          Exp (22)
                            ID: goMWNyB9rJo
                          RP
                          Stmt (22)
                            RETURN
                            Exp (22)
                              ID: z4gUQ8xLPuH9aWl
                            SEMI
                          ELSE
                          Stmt (23)
                            IF
                            LP
                            Exp (23)
                              ID: EqVw9MMx2
                            RP
                            Stmt (23)
                              CompSt (23)
                                LC
                                DefList (24)
                                  Def (24)
                                    Specifier (24)
                                      StructSpecifier (24)
                                        STRUCT
                                        Tag (24)
                                          ID: lT
                                    DecList (24)
                                      Dec (24)
                                        VarDec (24)
                                          ID: TAyQZuZ8R7rTpnRfEIy
                                    SEMI
                                  DefList (25)
                                StmtList (25)
                                RC
                        StmtList (27)
                    RC
                ExtDefList (28)
                  ExtDef (28)
                    Specifier (28)
                      StructSpecifier (28)
                        STRUCT
                        OptTag (28)
                          ID: j5QXWGh3l91bacD
                        LC
                        DefList (29)
                          Def (29)
                            Specifier (29)
                              StructSpecifier (29)
                                STRUCT
                                Tag (29)
                                  ID: PbnEiFX299Vb6KpuwW
                            DecList (29)
                              Dec (29)
                                VarDec (29)
                                  ID: FMW4
                            SEMI
                          DefList (30)
                            Def (30)
                              Specifier (30)
                                TYPE: int
                              DecList (30)
                                Dec (30)
                                  VarDec (30)
                                    ID: DRz0FM5OL9e4
                                COMMA
                                DecList (30)
                                  Dec (30)
                                    VarDec (30)
                                      ID: NGNUn_
                                    ASSIGNOP
                                    Exp (30)
                                      Exp (30)
                                        ID: AXr_3MJ9J5ZvsJ
                                      ASSIGNOP
                                      Exp (30)
                                        Exp (30)
                                          ID: _fxrU2cWKG_oehWII
                                        OR
                                        Exp (31)
                                          Exp (31)
                                            ID: ele7vVw1KWq
                                          RELOP: GE
                                          Exp (31)
                                            Exp (31)
                                              ID: Dl2WTt
                                            STAR
                                            Exp (31)
                                              MINUS
                                              Exp (31)
                                                NOT
                                                Exp (31)
                                                  Exp (31)
                                                    Exp (31)
                                                      ID: wzAJseKAr1rv2K0PI
                                                    LB
                                                    Exp (32)
                                                      Exp (32)
                                                        ID: qHDTN_I99y
                                                      AND
                                                      Exp (32)
                                                        Exp (32)
                                                          ID: R7Kx24KxbP
                                                        RELOP: LT
                                                        Exp (32)
                                                          Exp (32)
                                                            ID: D9z
                                                          PLUS
                                                          Exp (32)
                                                            Exp (32)
                                                              ID: qadJvjuAlD2bSIFwa
                                                              LP
                                                              Args (33)
                                                                Exp (33)
                                                                  Exp (33)
                                                                    ID: HqQvo9I
                                                                  OR
                                                                  Exp (33)
                                                                    Exp (33)
                                                                      ID: PSzNLulfxyB4
                                                                    AND
                                                                    Exp (33)
                                                                      Exp (33)
                                                                        Exp (33)
                                                                          ID: BYAXTDLq0IYpf4_k_sK
                                                                        DIV
                                                                        Exp (34)
                                                                          NOT
                                                                          Exp (34)
                                                                            ID: gRbEs6dpj2eJl2h
                                                                            LP
                                                                            Args (34)
                                                                              Exp (34)
                                                                                ID: yxxEoNA9XAMAGYlv
                                                                              COMMA
                                                                              Args (34)
                                                                                Exp (34)
                                                                                  ID: F
                                                                                COMMA
                                                                                Args (34)
                                                                                  Exp (34)
                                                                                    Exp (34)
                                                                                      ID: STEiALjo3_Ep2
                                                                                    AND
                                                                                    Exp (35)
                                                                                      Exp (35)
                                                                                        ID: qAtSgzlhVHWffG5c
                                                                                      RELOP: NE
                                                                                      Exp (35)
                                                                                        Exp (35)
                                                                                          ID: Cd8bxRb
                                                                                        DIV
                                                                                        Exp (35)
                                                                                          LP
                                                                                          Exp (35)
                                                                                            Exp (35)
                                                                                              ID: aoBdCBOOPLR9aNGvZx
                                                                                            RELOP: GT
                                                                                            Exp (36)
                                                                                              Exp (36)
                                                                                                ID: wONA
                                                                                              MINUS
                                                                                              Exp (36)
                                                                                                Exp (36)
                                                                                                  Exp (36)
                                                                                                    ID: G_N5LEgqSGIorMCwcQ
                                                                                                  DIV
                                                                                                  Exp (36)
                                                                                                    NOT
                                                                                                    Exp (36)
                                                                                                      Exp (36)
                                                                                                        ID: QVR1Slt
                                                                                                      LB
                                                                                                      Exp (36)
                                                                                                        Exp (36)
                                                                                                          ID: ZfyYsh3rcJ2PX
                                                                                                        AND
                                                                                                        Exp (37)
                                                                                                          Exp (37)
                                                                                                            ID: KXIRTgTQA0oLk4b
                                                                                                          RELOP: EQ
                                                                                                          Exp (37)
                                                                                                            ID: g
                                                                                                      RB
                                                                                                STAR
                                                                                                Exp (37)
                                                                                                  ID: GVdb18SpS0mUFPh3q9
                                                                                          RP
                                                                            RP
                                                                      RELOP: LE
                                                                      Exp (38)
                                                                        Exp (38)
                                                                          NOT
                                                                          Exp (38)
                                                                            FLOAT: 1627084518.1672254026
                                                                        MINUS
                                                                        Exp (38)
                                                                          NOT
                                                                          Exp (38)
                                                                            NOT
                                                                            Exp (38)
                                                                              MINUS
                                                                              Exp (38)
                                                                                INT: 1474694831
                                                              RP
                                                            DIV
                                                            Exp (39)
                                                              ID: uqGaWT_NeLFNPrN1RZ
                                                              LP
                                                              RP
                                                    RB
                                                  DOT
                                                  ID: PngWt
                              SEMI
                            DefList (40)
                        RC
                    SEMI
                  ExtDefList (41)
                    ExtDef (41)
                      Specifier (41)
                        TYPE: int
                      FunDec (41)
                        ID: Q9qkOS10DBq
                        LP
                        RP
                      CompSt (41)
                        LC
                        DefList (42)
                        StmtList (42)
                        RC
                    ExtDefList (43)
                      ExtDef (43)
                        Specifier (43)
                          TYPE: int
                        SEMI
                      ExtDefList (44)
                        ExtDef (44)
                          Specifier (44)
                            TYPE: int
                          FunDec (44)
                            ID: GvVcZUEtMGBXJFam
                            LP
                            VarList (44)
                              ParamDec (44)
                                Specifier (44)
                                  TYPE: int
                                VarDec (44)
                                  ID: JJ7qDnI2
                              COMMA
                              VarList (44)
                                ParamDec (44)
                                  Specifier (44)
                                    TYPE: int
                                  VarDec (44)
                                    ID: b_
                            RP
                          CompSt (44)
                            LC
                            DefList (45)
                            StmtList (45)
                            RC
                        ExtDefList (46)
                          ExtDef (46)
                            Specifier (46)
                              TYPE: int
                            SEMI
                          ExtDefList (47)
