Program (1)
  ExtDefList (1)
    ExtDef (1)
      Specifier (1)
        StructSpecifier (1)
          STRUCT
          Tag (1)
            ID: V
      FunDec (1)
        ID: Q2OMi
        LP
        RP
      CompSt (1)
        LC
        DefList (2)
        StmtList (2)
        RC
    ExtDefList (3)
      ExtDef (3)
        Specifier (3)
          TYPE: int
        SEMI
      ExtDefList (4)
        ExtDef (4)
          Specifier (4)
            TYPE: int
          SEMI
        ExtDefList (5)
          ExtDef (5)
            Specifier (5)
              TYPE: float
            ExtDecList (5)
              VarDec (5)
                ID: fJ
            SEMI
          ExtDefList (7)
            ExtDef (7)
              Specifier (7)
                TYPE: int
              ExtDecList (7)
                VarDec (7)
                  ID: tuPAsD6jOrdqDv7
                COMMA
                ExtDecList (7)
                  VarDec (7)
                    ID: ioDizivLNyW
              SEMI
            ExtDefList (10)
              ExtDef (10)
                Specifier (10)
                  TYPE: int
                FunDec (10)
                  ID: DKNVTzStG
                  LP
                  VarList (10)
                    ParamDec (10)
                      Specifier (10)
                        TYPE: int
                      VarDec (10)
                        ID: gDUKYU_cB7eB
                    COMMA
                    VarList (10)
                      ParamDec (10)
                        Specifier (10)
                          StructSpecifier (10)
                            STRUCT
                            OptTag (10)
                              ID: PjsRzoTOk2g19Oau
                            LC
                            DefList (12)
                              Def (12)
                                Specifier (12)
                                  TYPE: int
                                DecList (12)
                                  Dec (12)
                                    VarDec (12)
                                      ID: UwT3Y
                                SEMI
                              DefList (13)
                                Def (13)
                                  Specifier (13)
                                    TYPE: int
                                  DecList (13)
                                    Dec (13)
                                      VarDec (13)
                                        ID: fCGDlYeKKzM9Gy
                                  SEMI
                                DefList (14)
                            RC
                        VarDec (14)
                          ID: _GE6q4Ne
                  RP
                CompSt (14)
                  LC
                  DefList (15)
                  StmtList (15)
                    Stmt (15)
                      Exp (15)
                        ID: wXC0wSFd8EftJzr
                      SEMI
                    StmtList (16)
                      Stmt (16)
                        IF
                        LP
                        Exp (16)
                          ID: MRHcE1
                        RP
                        Stmt (16)
                          WHILE
                          LP
                          Exp (16)
                            ID: nV
                          RP
                          Stmt (16)
                            CompSt (16)
                              LC
                              DefList (17)
                                Def (17)
                                  Specifier (17)
                                    TYPE: int
                                  DecList (17)
                                    Dec (17)
                                      VarDec (17)
                                        ID: U_T1QVSR2SOX4
                                      ASSIGNOP
                                      Exp (17)
                                        ID: oiKTK66F
                                    COMMA
                                    DecList (17)
                                      Dec (17)
                                        VarDec (17)
                                          VarDec (17)
                                            ID: phMGn_ea4CT
                                          LB
                                          INT: 2060791030
                                          RB
                                  SEMI
                                DefList (19)
                              StmtList (19)
                                Stmt (19)
                                  IF
                                  LP
                                  Exp (19)
                                    ID: fNI3Bkz
                                  RP
                                  Stmt (19)
                                    Exp (19)
                                      ID: UNA
                                    SEMI
                                  ELSE
                                  Stmt (20)
                                    RETURN
                                    Exp (20)
                                      Exp (20)
                                        ID: fTqAmfglafnhKWvU8SW
                                      OR
                                      Exp (20)
                                        Exp (20)
                                          ID: U
                                        RELOP: EQ
                                        Exp (20)
                                          Exp (20)
                                            ID: _Y1
                                          PLUS
                                          Exp (21)
                                            Exp (21)
                                              ID: UbiDFw4
                                            STAR
                                            Exp (21)
                                              MINUS
                                              Exp (21)
                                                LP
                                                Exp (21)
                                                  Exp (21)
                                                    ID: vspY_VeR
                                                  ASSIGNOP
                                                  Exp (21)
                                                    Exp (21)
                                                      ID: PK4wY4Xs5Zi07lDPg5QV
                                                    ASSIGNOP
                                                    Exp (21)
                                                      Exp (21)
                                                        ID: MgdlR2
                                                      AND
                                                      Exp (22)
                                                        Exp (22)
                                                          ID: uoXm5bXMgvO
                                                        RELOP: NE
                                                        Exp (22)
                                                          Exp (22)
                                                            ID: vjSjPYd6
                                                          DIV
                                                          Exp (22)
                                                            NOT
                                                            Exp (22)
                                                              Exp (22)
                                                                ID: v5m5CvWeqw8A14
                                                              LB
                                                              Exp (22)
                                                                Exp (22)
                                                                  ID: jvxI_OOd_UiaqJeWjRN9
                                                                OR
                                                                Exp (23)
                                                                  Exp (23)
                                                                    ID: mlkL_lsZCQfJrjlYbr
                                                                  RELOP: LE
                                                                  Exp (23)
                                                                    Exp (23)
                                                                      Exp (23)
                                                                        ID: ol
                                                                      PLUS
                                                                      Exp (23)
                                                                        NOT
                                                                        Exp (23)
                                                                          ID: HStChSV
                                                                          LP
                                                                          Args (23)
                                                                            Exp (23)
                                                                              ID: SlfgJhKkL
                                                                            COMMA
                                                                            Args (24)
                                                                              Exp (24)
                                                                                Exp (24)
                                                                                  Exp (24)
                                                                                    ID: VFpegAup
                                                                                  RELOP: GT
                                                                                  Exp (24)
                                                                                    Exp (24)
                                                                                      ID: Kr7nOgXpY2d8NBDlqh8O
                                                                                    LB
                                                                                    Exp (24)
                                                                                      Exp (24)
                                                                                        ID: b1
                                                                                      AND
                                                                                      Exp (24)
                                                                                        Exp (24)
                                                                                          ID: OVltW2gl
                                                                                        RELOP: GE
                                                                                        Exp (25)
                                                                                          Exp (25)
                                                                                            Exp (25)
                                                                                              ID: NTqKiNjF5iA
                                                                                            STAR
                                                                                            Exp (25)
                                                                                              LP
                                                                                              Exp (25)
                                                                                                ID: SuHjnjS14qtns
                                                                                              RP
                                                                                          PLUS
                                                                                          Exp (25)
                                                                                            ID: N228Kji_pZHDP3
                                                                                    RB
                                                                                RELOP: LT
                                                                                Exp (26)
                                                                                  Exp (26)
                                                                                    ID: I6MhvBj5Jk
                                                                                  MINUS
                                                                                  Exp (26)
                                                                                    Exp (26)
                                                                                      FLOAT: 891989265.390321133
                                                                                    STAR
                                                                                    Exp (26)
                                                                                      Exp (26)
                                                                                        INT: 275593976
                                                                                      DOT
                                                                                      ID: mbo
                                                                          RP
                                                                    MINUS
                                                                    Exp (27)
                                                                      NOT
                                                                      Exp (27)
                                                                        MINUS
                                                                        Exp (27)
                                                                          MINUS
                                                                          Exp (27)
                                                                            ID: fbs3Csc
                                                                            LP
                                                                            RP
                                                              RB
                                                RP
                                    SEMI
                                StmtList (29)
                              RC
                      StmtList (31)
                  RC
              ExtDefList (32)
                ExtDef (32)
                  Specifier (32)
                    StructSpecifier (32)
                      STRUCT
                      OptTag (32)
                      LC
                      DefList (33)
                        Def (33)
                          Specifier (33)
                            TYPE: int
                          DecList (33)
                            Dec (33)
                              VarDec (33)
                                ID: G6V38b
                          SEMI
                        DefList (34)
                      RC
                  SEMI
                ExtDefList (35)
                  ExtDef (35)
                    Specifier (35)
                      TYPE: int
                    SEMI
                  ExtDefList (36)
                    ExtDef (36)
                      Specifier (36)
                        TYPE: int
                      SEMI
                    ExtDefList (37)
                      ExtDef (37)
                        Specifier (37)
                          TYPE: int
                        FunDec (37)
                          ID: YJOi2f8xKFZpPpulqX
                          LP
                          RP
                        CompSt (37)
                          LC
                          DefList (38)
                          StmtList (38)
                          RC
                      ExtDefList (39)
                        ExtDef (39)
                          Specifier (39)
                            TYPE: int
                          SEMI
                        ExtDefList (40)
                          ExtDef (40)
                            Specifier (40)
                              TYPE: int
                            SEMI
                          ExtDefList (41)
                            ExtDef (41)
                              Specifier (41)
                                TYPE: int
                              FunDec (41)
                                ID: ZT_
                                LP
                                RP
                              CompSt (41)
                                LC
                                DefList (42)
                                StmtList (42)
                                  Stmt (42)
                                    Exp (42)
                                      ID: x
                                    SEMI
                                  StmtList (43)
                                RC
                            ExtDefList (44)
                              ExtDef (44)
                                Specifier (44)
                                  TYPE: int
                                FunDec (44)
                                  ID: rQRKbbA55
                                  LP
                                  RP
                                CompSt (44)
                                  LC
                                  DefList (45)
                                  StmtList (45)
                                    Stmt (45)
                                      WHILE
                                      LP
                                      Exp (45)
                                        ID: mKZVZD
                                      RP
                                      Stmt (45)
                                        CompSt (45)
                                          LC
                                          DefList (46)
                                          StmtList (46)
                                          RC
                                    StmtList (47)
                                  RC
                              ExtDefList (48)
                                ExtDef (48)
                                  Specifier (48)
                                    TYPE: int
                                  SEMI
                                ExtDefList (49)
                                  ExtDef (49)
                                    Specifier (49)
                                      TYPE: int
                                    SEMI
                                  ExtDefList (50)
                                    ExtDef (50)
                                      Specifier (50)
                                        TYPE: int
                                      FunDec (50)
                                        ID: yf5rLrmp1tMURYLIyQq
                                        LP
                                        RP
                                      CompSt (50)
                                        LC
                                        DefList (51)
                                        StmtList (51)
                                        RC
                                    ExtDefList (52)
                                      ExtDef (52)
                                        Specifier (52)
                                          TYPE: int
                                        SEMI
                                      ExtDefList (53)
                                        ExtDef (53)
                                          Specifier (53)
                                            TYPE: int
                                          FunDec (53)
                                            ID: k3_REbVrBiv8Vg
                                            LP
                                            RP
                                          CompSt (53)
                                            LC
                                            DefList (54)
                                            StmtList (54)
                                            RC
                                        ExtDefList (55)
                                          ExtDef (55)
                                            Specifier (55)
                                              TYPE: int
                                            SEMI
                                          ExtDefList (56)
                                            ExtDef (56)
                                              Specifier (56)
                                                TYPE: int
                                              FunDec (56)
                                                ID: TgLC1ZB2Bo9
                                                LP
                                                RP
                                              CompSt (56)
                                                LC
                                                DefList (57)
                                                StmtList (57)
                                                  Stmt (57)
                                                    IF
                                                    LP
                                                    Exp (57)
                                                      ID: JTd0G0a5
                                                    RP
                                                    Stmt (57)
                                                      Exp (57)
                                                        ID: LscZ7RN
                                                      SEMI
                                                    ELSE
                                                    Stmt (58)
                                                      IF
                                                      LP
                                                      Exp (58)
                                                        ID: CBMRof
                                                      RP
                                                      Stmt (58)
                                                        Exp (58)
                                                          ID: _BI7
                                                        SEMI
                                                  StmtList (61)
                                                RC
                                            ExtDefList (62)
                                              ExtDef (62)
                                                Specifier (62)
                                                  TYPE: int
                                                SEMI
                                              ExtDefList (63)
