Program (1)
  ExtDefList (1)
    ExtDef (1)
      Specifier (1)
        TYPE: int
      SEMI
    ExtDefList (2)
      ExtDef (2)
        Specifier (2)
          StructSpecifier (2)
            STRUCT
            OptTag (2)
            LC
            DefList (3)
              Def (3)
                Specifier (3)
                  StructSpecifier (3)
                    STRUCT
                    Tag (3)
                      ID: T4FNLEtPp
                DecList (3)
                  Dec (3)
                    VarDec (3)
                      ID: fytpWh8TqQ8Yt
                SEMI
              DefList (4)
            RC
        SEMI
      ExtDefList (5)
        ExtDef (5)
          Specifier (5)
            StructSpecifier (5)
              STRUCT
              Tag (5)
                ID: NcqEv08nJTiS2
          SEMI
        ExtDefList (6)
          ExtDef (6)
            Specifier (6)
              TYPE: int
            SEMI
          ExtDefList (7)
            ExtDef (7)
              Specifier (7)
                TYPE: int
              FunDec (7)
                ID: m
                LP
                RP
              CompSt (7)
                LC
                DefList (8)
                  Def (8)
                    Specifier (8)
                      StructSpecifier (8)
                        STRUCT
                        OptTag (8)
                          ID: EL_1u8cBjAyf6Z
                        LC
                        DefList (9)
                          Def (9)
                            Specifier (9)
                              StructSpecifier (9)
                                STRUCT
                                Tag (9)
                                  ID: PbIFKnd
                            DecList (9)
                              Dec (9)
                                VarDec (9)
                                  ID: GYov_FM2x
                            SEMI
                          DefList (10)
                        RC
                    DecList (10)
                      Dec (10)
                        VarDec (10)
                          ID: kr
                      COMMA
                      DecList (10)
                        Dec (10)
                          VarDec (10)
                            ID: f5CSvPHuQDi5NdH8B
                    SEMI
                  DefList (11)
                StmtList (11)
                  Stmt (11)
                    IF
                    LP
                    Exp (11)
                      ID: q4r8HjtvATiTRhn
                    RP
                    Stmt (11)
                      Exp (11)
                        ID: kP5xwWuP2osi
                      SEMI
                    ELSE
                    Stmt (12)
                      IF
                      LP
                      Exp (12)
                        ID: YHPpI8rAyrGl
                      RP
                      Stmt (12)
                        CompSt (12)
                          LC
                          DefList (13)
                            Def (13)
                              Specifier (13)
                                TYPE: int
                              DecList (13)
                                Dec (13)
                                  VarDec (13)
                                    VarDec (13)
                                      ID: BN11zc
                                    LB
                                    INT: 2128942892
                                    RB
                                  ASSIGNOP
                                  Exp (13)
                                    Exp (13)
                                      ID: x8V
                                    ASSIGNOP
                                    Exp (13)
                                      Exp (13)
                                        Exp (13)
                                          ID: z1
                                        RELOP: GT
                                        Exp (13)
                                          Exp (13)
                                            ID: NU6YVNxM2aLoDLiPvLwV
                                          MINUS
                                          Exp (14)
                                            Exp (14)
                                              ID: CLr4tG0P
                                            DIV
                                            Exp (14)
                                              MINUS
                                              Exp (14)
                                                NOT
                                                Exp (14)
                                                  MINUS
                                                  Exp (14)
                                                    ID: Z85z0necivHdhq
                                                    LP
                                                    Args (14)
                                                      Exp (14)
                                                        ID: n
                                                      COMMA
                                                      Args (14)
                                                        Exp (14)
                                                          Exp (14)
                                                            ID: dcoQH5cG6Eyp9wWITDM
                                                          OR
                                                          Exp (15)
                                                            Exp (15)
                                                              ID: UtidPtb0Civx
                                                            AND
                                                            Exp (15)
                                                              Exp (15)
                                                                ID: CvVTyrLiXJGgtCg
                                                              RELOP: LE
                                                              Exp (15)
                                                                Exp (15)
                                                                  ID: UJ6GTnFFGIRmjbj94i9B
                                                                PLUS
                                                                Exp (16)
                                                                  Exp (16)
                                                                    ID: dzQfA0QDXG8Ej6PMI
                                                                  STAR
                                                                  Exp (16)
                                                                    LP
                                                                    Exp (16)
                                                                      Exp (16)
                                                                        ID: rCGKKMJrp5DSg2fO6m
                                                                      RELOP: LT
                                                                      Exp (16)
                                                                        Exp (16)
                                                                          ID: xvnTnRI2DzH2z
                                                                        STAR
                                                                        Exp (17)
                                                                          Exp (17)
                                                                            ID: GHjj
                                                                          LB
                                                                          Exp (17)
                                                                            Exp (17)
                                                                              ID: UwGlDxgJg7wWxcu
                                                                            AND
                                                                            Exp (17)
                                                                              Exp (17)
                                                                                Exp (17)
                                                                                  ID: ZNba_
                                                                                RELOP: GE
                                                                                Exp (17)
                                                                                  NOT
                                                                                  Exp (17)
                                                                                    FLOAT: 181657203.976244786
                                                                              RELOP: NE
                                                                              Exp (18)
                                                                                Exp (18)
                                                                                  INT: 1053817849
                                                                                STAR
                                                                                Exp (18)
                                                                                  NOT
                                                                                  Exp (18)
                                                                                    ID: _waEYL6
                                                                          RB
                                                                    RP
                                                    RP
                                      RELOP: EQ
                                      Exp (18)
                                        Exp (18)
                                          ID: puCD96oJK
                                          LP
                                          RP
                                        DOT
                                        ID: va6B2fFwfs
                              SEMI
                            DefList (20)
                          StmtList (20)
                          RC
                  StmtList (22)
                RC
            ExtDefList (23)
              ExtDef (23)
                Specifier (23)
                  TYPE: float
                ExtDecList (23)
                  VarDec (23)
                    ID: kTI2ZiMBXOL0
                SEMI
              ExtDefList (25)
                ExtDef (25)
                  Specifier (25)
                    TYPE: int
                  FunDec (25)
                    ID: RLeg6Mx5qv6N
                    LP
                    VarList (25)
                      ParamDec (25)
                        Specifier (25)
                          TYPE: int
                        VarDec (25)
                          ID: E7Cd8POIouAWQykT
                    RP
                  CompSt (25)
                    LC
                    DefList (26)
                    StmtList (26)
                    RC
                ExtDefList (27)
                  ExtDef (27)
                    Specifier (27)
                      TYPE: int
                    FunDec (27)
                      ID: BjVt606_UWXznW
                      LP
                      RP
                    CompSt (27)
                      LC
                      DefList (28)
                      StmtList (28)
                        Stmt (28)
                          Exp (28)
                            ID: XfDNYG8
                          SEMI
                        StmtList (29)
                          Stmt (29)
                            Exp (29)
                              ID: n0u6QjdcNjdurlOi
                            SEMI
                          StmtList (30)
                            Stmt (30)
                              Exp (30)
                                ID: wmiH8xGQdc_Ymsn7_
                              SEMI
                            StmtList (31)
                              Stmt (31)
                                Exp (31)
                                  ID: HtZ3yw224Nev2K6GZ
                                SEMI
                              StmtList (32)
                                Stmt (32)
                                  Exp (32)
                                    ID: WBZMqlO0WsKZ
                                  SEMI
                                StmtList (33)
                                  Stmt (33)
                                    WHILE
                                    LP
                                    Exp (33)
                                      ID: BRhwgtnTTHt_pBmQL
                                    RP
                                    Stmt (33)
                                      IF
                                      LP
                                      Exp (33)
                                        ID: ffNmTpv
                                      RP
                                      Stmt (33)
                                        Exp (33)
                                          ID: g94sihyer
                                        SEMI
                                      ELSE
                                      Stmt (35)
                                        Exp (35)
                                          ID: QxQpgZ
                                        SEMI
                                  StmtList (38)
                                    Stmt (38)
                                      RETURN
                                      Exp (38)
                                        ID: o7GGmk
                                      SEMI
                                    StmtList (39)
                      RC
                  ExtDefList (40)
                    ExtDef (40)
                      Specifier (40)
                        TYPE: int
                      SEMI
                    ExtDefList (41)
                      ExtDef (41)
                        Specifier (41)
                          TYPE: int
                        SEMI
                      ExtDefList (42)
                        ExtDef (42)
                          Specifier (42)
                            TYPE: int
                          ExtDecList (42)
                            VarDec (42)
                              ID: KxjPhFfO5hK6hdSPv
                            COMMA
                            ExtDecList (42)
                              VarDec (42)
                                ID: J
                          SEMI
                        ExtDefList (45)
                          ExtDef (45)
                            Specifier (45)
                              TYPE: int
                            FunDec (45)
                              ID: VGJBti8Cm9rtOTfL
                              LP
                              RP
                            CompSt (45)
                              LC
                              DefList (46)
                              StmtList (46)
                              RC
                          ExtDefList (47)
                            ExtDef (47)
                              Specifier (47)
                                TYPE: int
                              SEMI
                            ExtDefList (48)
                              ExtDef (48)
                                Specifier (48)
                                  TYPE: int
                                SEMI
                              ExtDefList (49)
                                ExtDef (49)
                                  Specifier (49)
                                    TYPE: int
                                  SEMI
                                ExtDefList (50)
                                  ExtDef (50)
                                    Specifier (50)
                                      TYPE: int
                                    SEMI
                                  ExtDefList (51)
                                    ExtDef (51)
                                      Specifier (51)
                                        TYPE: int
                                      SEMI
                                    ExtDefList (52)
                                      ExtDef (52)
                                        Specifier (52)
                                          TYPE: int
                                        SEMI
                                      ExtDefList (53)
                                        ExtDef (53)
                                          Specifier (53)
                                            TYPE: int
                                          FunDec (53)
                                            ID: xtbS7Co
                                            LP
                                            VarList (53)
                                              ParamDec (53)
                                                Specifier (53)
                                                  TYPE: int
                                                VarDec (53)
                                                  ID: _s
                                              COMMA
                                              VarList (53)
                                                ParamDec (53)
                                                  Specifier (53)
                                                    TYPE: int
                                                  VarDec (53)
                                                    ID: uYg6SLx3L52
                                            RP
                                          CompSt (53)
                                            LC
                                            DefList (54)
                                            StmtList (54)
                                            RC
                                        ExtDefList (55)
                                          ExtDef (55)
                                            Specifier (55)
                                              TYPE: int
                                            SEMI
                                          ExtDefList (56)
