Program (1)
  ExtDefList (1)
    ExtDef (1)
      Specifier (1)
        StructSpecifier (1)
          STRUCT
          OptTag (1)
            ID: yaStvAvTkVb_z8rwTymP
          LC
          DefList (2)
            Def (2)
              Specifier (2)
                StructSpecifier (2)
                  STRUCT
                  Tag (2)
                    ID: GYd_NYVkOV
              DecList (2)
                Dec (2)
                  VarDec (2)
                    ID: xDh
              SEMI
            DefList (3)
              Def (3)
                Specifier (3)
                  TYPE: float
                DecList (3)
                  Dec (3)
                    VarDec (3)
                      ID: pZcOSXLJYFk
                SEMI
              DefList (4)
                Def (4)
                  Specifier (4)
                    TYPE: int
                  DecList (4)
                    Dec (4)
                      VarDec (4)
                        VarDec (4)
                          ID: f3iWQPCgz
                        LB
                        INT: 343508992
                        RB
                      ASSIGNOP
                      Exp (4)
                        Exp (4)
                          ID: YBU2lFm7G7QiBMaSfSp
                        RELOP: GE
                        Exp (5)
                          Exp (5)
                            ID: FK5wC2PP
                          PLUS
                          Exp (5)
                            Exp (5)
                              ID: HM8FagdH7
                            STAR
                            Exp (5)
                              Exp (5)
                                ID: oii
                              LB
                              Exp (5)
                                Exp (5)
                                  ID: AKXFf
                                ASSIGNOP
                                Exp (5)
                                  Exp (5)
                                    ID: kwPMcZTQ
                                  OR
                                  Exp (6)
                                    Exp (6)
                                      ID: k4Eyp4pQ
                                    AND
                                    Exp (6)
                                      Exp (6)
                                        Exp (6)
                                          ID: gFcjJny_9FHCtjjnRpt5
                                        RELOP: EQ
                                        Exp (6)
                                          Exp (6)
                                            ID: GFBdmTa04rN8
                                          MINUS
                                          Exp (7)
                                            Exp (7)
                                              ID: vsWO
                                            DIV
                                            Exp (7)
                                              NOT
                                              Exp (7)
                                                Exp (7)
                                                  ID: tAJkbk
                                                  LP
                                                  Args (7)
                                                    Exp (7)
                                                      Exp (7)
                                                        ID: zJSNjKYzsZ
                                                      RELOP: LE
                                                      Exp (7)
                                                        Exp (7)
                                                          ID: KJQd
                                                        PLUS
                                                        Exp (7)
                                                          LP
                                                          Exp (7)
                                                            Exp (7)
                                                              ID: i3KPkCQOSGG3
                                                            OR
                                                            Exp (8)
                                                              Exp (8)
                                                                ID: Ox3tW
                                                              RELOP: LT
                                                              Exp (8)
                                                                Exp (8)
                                                                  ID: R_7juBDy4tAA7
                                                                STAR
                                                                Exp (8)
                                                                  Exp (8)
                                                                    ID: h
                                                                    LP
                                                                    Args (8)
                                                                      Exp (8)
                                                                        ID: zHJtpz9WU
                                                                      COMMA
                                                                      Args (8)
                                                                        Exp (8)
                                                                          Exp (8)
                                                                            ID: JcEbtAFIXk
                                                                          ASSIGNOP
                                                                          Exp (9)
                                                                            Exp (9)
                                                                              ID: nbiLA
                                                                            ASSIGNOP
                                                                            Exp (9)
                                                                              Exp (9)
                                                                                Exp (9)
                                                                                  ID: dOkGacLIOf613VSIm2
                                                                                DIV
                                                                                Exp (9)
                                                                                  Exp (9)
                                                                                    ID: Z4gT24OW4sxwlFsIR
                                                                                  LB
                                                                                  Exp (10)
                                                                                    Exp (10)
                                                                                      ID: DnnBN7
                                                                                    MINUS
                                                                                    Exp (10)
                                                                                      Exp (10)
                                                                                        ID: uSVgLE_gzkk9uGh
                                                                                      DIV
                                                                                      Exp (10)
                                                                                        FLOAT: 617257819.94606702
                                                                                  RB
                                                                              RELOP: GT
                                                                              Exp (11)
                                                                                NOT
                                                                                Exp (11)
                                                                                  ID: MOJaFG
                                                                    RP
                                                                  LB
                                                                  Exp (11)
                                                                    NOT
                                                                    Exp (11)
                                                                      INT: 144609903
                                                                  RB
                                                          RP
                                                  RP
                                                DOT
                                                ID: MYUzkT
                                      RELOP: NE
                                      Exp (11)
                                        NOT
                                        Exp (11)
                                          MINUS
                                          Exp (11)
                                            ID: N464gANVsu0Mz
                                            LP
                                            RP
                              RB
                    COMMA
                    DecList (12)
                      Dec (12)
                        VarDec (12)
                          ID: WQ
                  SEMI
                DefList (13)
          RC
      FunDec (13)
        ID: uHW
        LP
        RP
      CompSt (13)
        LC
        DefList (14)
        StmtList (14)
        RC
    ExtDefList (15)
      ExtDef (15)
        Specifier (15)
          StructSpecifier (15)
            STRUCT
            Tag (15)
              ID: _BJ09vEa7Xy
        ExtDecList (15)
          VarDec (15)
            ID: xa_SuyEutDClzL
        SEMI
      ExtDefList (17)
        ExtDef (17)
          Specifier (17)
            TYPE: int
          SEMI
        ExtDefList (18)
          ExtDef (18)
            Specifier (18)
              TYPE: int
            ExtDecList (18)
              VarDec (18)
                ID: E
              COMMA
              ExtDecList (18)
                VarDec (18)
                  ID: tQZ
            SEMI
          ExtDefList (21)
            ExtDef (21)
              Specifier (21)
                TYPE: int
              SEMI
            ExtDefList (22)
              ExtDef (22)
                Specifier (22)
                  TYPE: int
                FunDec (22)
                  ID: Bck13H
                  LP
                  VarList (22)
                    ParamDec (22)
                      Specifier (22)
                        StructSpecifier (22)
                          STRUCT
                          OptTag (22)
                          LC
                          DefList (23)
                            Def (23)
                              Specifier (23)
                                TYPE: int
                              DecList (23)
                                Dec (23)
                                  VarDec (23)
                                    ID: Cj8y290Tu
                              SEMI
                            DefList (24)
                              Def (24)
                                Specifier (24)
                                  TYPE: int
                                DecList (24)
                                  Dec (24)
                                    VarDec (24)
                                      ID: N
                                SEMI
                              DefList (25)
                                Def (25)
                                  Specifier (25)
                                    StructSpecifier (25)
                                      STRUCT
                                      OptTag (25)
                                      LC
                                      DefList (26)
                                        Def (26)
                                          Specifier (26)
                                            StructSpecifier (26)
                                              STRUCT
                                              Tag (26)
                                                ID: Dm4MaoCC8u
                                          DecList (26)
                                            Dec (26)
                                              VarDec (26)
                                                ID: wcmKXE09U5C
                                          SEMI
                                        DefList (27)
                                      RC
                                  DecList (27)
                                    Dec (27)
                                      VarDec (27)
                                        ID: zFb_DWNZ_
                                  SEMI
                                DefList (28)
                                  Def (28)
                                    Specifier (28)
                                      TYPE: int
                                    DecList (28)
                                      Dec (28)
                                        VarDec (28)
                                          ID: OhWVxVKg
                                    SEMI
                                  DefList (29)
                                    Def (29)
                                      Specifier (29)
                                        StructSpecifier (29)
                                          STRUCT
                                          Tag (29)
                                            ID: FVFv
                                      DecList (29)
                                        Dec (29)
                                          VarDec (29)
                                            ID: wMVCaaY4Kg0ciijB
                                      SEMI
                                    DefList (30)
                          RC
                      VarDec (30)
                        ID: V9qbx07Oerxnr
                  RP
                CompSt (30)
                  LC
                  DefList (31)
                  StmtList (31)
                    Stmt (31)
                      IF
                      LP
                      Exp (31)
                        ID: SgLhHBWCPiiNPkF
                      RP
                      Stmt (31)
                        Exp (31)
                          ID: YdnmapCc5lqvjE8mRn_r
                        SEMI
                    StmtList (33)
                  RC
              ExtDefList (34)
                ExtDef (34)
                  Specifier (34)
                    TYPE: int
                  FunDec (34)
                    ID: rOzWHrXJnWesuJQ
                    LP
                    VarList (34)
                      ParamDec (34)
                        Specifier (34)
                          TYPE: int
                        VarDec (34)
                          ID: G5ZQgw0hSk
                      COMMA
                      VarList (34)
                        ParamDec (34)
                          Specifier (34)
                            TYPE: int
                          VarDec (34)
                            ID: Ahf1XkniCo
                    RP
                  CompSt (35)
                    LC
                    DefList (36)
                    StmtList (36)
                      Stmt (36)
                        IF
                        LP
                        Exp (36)
                          ID: Hb9Ia0eF
                        RP
                        Stmt (36)
                          Exp (36)
                            ID: qTceb
                          SEMI
                        ELSE
                        Stmt (37)
                          RETURN
                          Exp (37)
                            ID: l5S9XInPSwF_HUr7
                          SEMI
                      StmtList (39)
                        Stmt (39)
                          WHILE
                          LP
                          Exp (39)
                            ID: jc5z5qs5CmKeoIOG5P8U
                          RP
                          Stmt (39)
                            CompSt (39)
                              LC
                              DefList (40)
                              StmtList (40)
                              RC
                        StmtList (41)
                    RC
                ExtDefList (42)
                  ExtDef (42)
                    Specifier (42)
                      TYPE: int
                    SEMI
                  ExtDefList (43)
                    ExtDef (43)
                      Specifier (43)
                        TYPE: int
                      SEMI
                    ExtDefList (44)
                      ExtDef (44)
                        Specifier (44)
                          TYPE: int
                        FunDec (44)
                          ID: UC8SlFinQKcINMl9cu
                          LP
                          RP
                        CompSt (44)
                          LC
                          DefList (45)
                          StmtList (45)
                            Stmt (45)
                              Exp (45)
                                ID: jDlOO7
                              SEMI
                            StmtList (46)
                          RC
                      ExtDefList (47)
                        ExtDef (47)
                          Specifier (47)
                            TYPE: int
                          SEMI
                        ExtDefList (48)
                          ExtDef (48)
                            Specifier (48)
                              TYPE: int
                            FunDec (48)
                              ID: lybVwuy_g
                              LP
                              RP
                            CompSt (48)
                              LC
                              DefList (49)
                              StmtList (49)
                              RC
                          ExtDefList (50)
                            ExtDef (50)
                              Specifier (50)
                                TYPE: int
                              SEMI
                            ExtDefList (51)
                              ExtDef (51)
                                Specifier (51)
                                  TYPE: int
                                SEMI
                              ExtDefList (52)
                                ExtDef (52)
                                  Specifier (52)
                                    TYPE: int
                                  FunDec (52)
                                    ID: xcjP8vzh0lIE0mLFpkB
                                    LP
                                    RP
                                  CompSt (52)
                                    LC
                                    DefList (53)
                                    StmtList (53)
                                      Stmt (53)
                                        WHILE
                                        LP
                                        Exp (53)
                                          ID: URQhPdM8dptgpvt
                                        RP
                                        Stmt (53)
                                          IF
                                          LP
                                          Exp (53)
                                            ID: KvVYxW45nNN5wy
                                          RP
                                          Stmt (54)
                                            IF
                                            LP
                                            Exp (54)
                                              ID: uft3AEdwxaWK5
                                            RP
                                            Stmt (54)
                                              IF
                                              LP
                                              Exp (54)
                                                ID: HBc6
                                              RP
                                              Stmt (54)
                                                CompSt (54)
                                                  LC
                                                  DefList (55)
                                                  StmtList (55)
                                                    Stmt (55)
                                                      Exp (55)
                                                        ID: ToyVfEY
                                                      SEMI
                                                    StmtList (56)
                                                      Stmt (56)
                                                        WHILE
                                                        LP
                                                        Exp (56)
                                                          ID: _z
                                                        RP
                                                        Stmt (56)
                                                          IF
                                                          LP
                                                          Exp (56)
                                                            ID: SEyzdAFkBrc42tiaOu
                                                          RP
                                                          Stmt (56)
                                                            IF
                                                            LP
                                                            Exp (57)
                                                              ID: EKx8
                                                            RP
                                                            Stmt (57)
                                                              Exp (57)
                                                                ID: OwP
                                                              SEMI
                                                            ELSE
                                                            Stmt (58)
                                                              Exp (58)
                                                                ID: ISYJuoqZ76IfyNZxpyta
                                                              SEMI
                                                          ELSE
                                                          Stmt (60)
                                                            Exp (60)
                                                              ID: RVyxEbotYwV
                                                            SEMI
                                                      StmtList (63)
                                                        Stmt (63)
                                                          Exp (63)
                                                            ID: YvvDH9Fj2cnyPVIy8Do1
                                                          SEMI
                                                        StmtList (64)
                                                          Stmt (64)
                                                            WHILE
                                                            LP
                                                            Exp (64)
                                                              ID: ldUKeGbRoc
                                                            RP
                                                            Stmt (64)
                                                              Exp (64)
                                                                ID: Rdwc6xfin7z
                                                              SEMI
                                                          StmtList (66)
                                                  RC
                                              ELSE
                                              Stmt (66)
                                                Exp (66)
                                                  ID: UYKEjHXbh7
                                                SEMI
                                            ELSE
                                            Stmt (68)
                                              Exp (68)
                                                ID: QzWo3U4qku4BCArW5RHG
                                              SEMI
                                          ELSE
                                          Stmt (70)
                                            WHILE
                                            LP
                                            Exp (70)
                                              ID: YWtVHufVTh47IH
                                            RP
                                            Stmt (70)
                                              CompSt (70)
                                                LC
                                                DefList (71)
                                                StmtList (71)
                                                RC
                                      StmtList (74)
                                    RC
                                ExtDefList (75)
                                  ExtDef (75)
                                    Specifier (75)
                                      TYPE: int
                                    FunDec (75)
                                      ID: _40QkDNHpBiCRXzD
                                      LP
                                      RP
                                    CompSt (75)
                                      LC
                                      DefList (76)
                                      StmtList (76)
                                      RC
                                  ExtDefList (77)
                                    ExtDef (77)
                                      Specifier (77)
                                        TYPE: int
                                      SEMI
                                    ExtDefList (78)
                                      ExtDef (78)
                                        Specifier (78)
                                          TYPE: int
                                        FunDec (78)
                                          ID: q
                                          LP
                                          RP
                                        CompSt (78)
                                          LC
                                          DefList (79)
                                          StmtList (79)
                                          RC
                                      ExtDefList (80)
                                        ExtDef (80)
                                          Specifier (80)
                                            TYPE: int
                                          FunDec (80)
                                            ID: yE8vtBHRbZvDLOYd8FJ
                                            LP
                                            RP
                                          CompSt (80)
                                            LC
                                            DefList (81)
                                            StmtList (81)
                                            RC
                                        ExtDefList (82)
                                          ExtDef (82)
                                            Specifier (82)
                                              TYPE: int
                                            SEMI
                                          ExtDefList (83)
                                            ExtDef (83)
                                              Specifier (83)
                                                TYPE: int
                                              SEMI
                                            ExtDefList (84)
                                              ExtDef (84)
                                                Specifier (84)
                                                  TYPE: int
                                                FunDec (84)
                                                  ID: aLBh
                                                  LP
                                                  RP
                                                CompSt (84)
                                                  LC
                                                  DefList (85)
                                                  StmtList (85)
                                                  RC
                                              ExtDefList (86)
                                                ExtDef (86)
                                                  Specifier (86)
                                                    TYPE: int
                                                  SEMI
                                                ExtDefList (87)
                                                  ExtDef (87)
                                                    Specifier (87)
                                                      TYPE: int
                                                    SEMI
                                                  ExtDefList (88)
                                                    ExtDef (88)
                                                      Specifier (88)
                                                        TYPE: int
                                                      FunDec (88)
                                                        ID: rRK
                                                        LP
                                                        RP
                                                      CompSt (88)
                                                        LC
                                                        DefList (89)
                                                        StmtList (89)
                                                          Stmt (89)
                                                            IF
                                                            LP
                                                            Exp (89)
                                                              ID: lMSAxv7NG8S0f_lnw
                                                            RP
                                                            Stmt (89)
                                                              Exp (89)
                                                                ID: Gh969
                                                              SEMI
                                                            ELSE
                                                            Stmt (90)
                                                              IF
                                                              LP
                                                              Exp (90)
                                                                ID: H9GXo
                                                              RP
                                                              Stmt (90)
                                                                Exp (90)
                                                                  ID: YJUDcF
                                                                SEMI
                                                          StmtList (93)
                                                        RC
                                                    ExtDefList (94)
                                                      ExtDef (94)
                                                        Specifier (94)
                                                          TYPE: int
                                                        FunDec (94)
                                                          ID: Je0p_AzHeMMNc
                                                          LP
                                                          RP
                                                        CompSt (94)
                                                          LC
                                                          DefList (95)
                                                          StmtList (95)
                                                          RC
                                                      ExtDefList (96)
