Program (1)
  ExtDefList (1)
    ExtDef (1)
      Specifier (1)
        TYPE: int
      FunDec (1)
        ID: hqIV_7hj8b6wErahcC4H
        LP
        VarList (1)
          ParamDec (1)
            Specifier (1)
              StructSpecifier (1)
                STRUCT
                OptTag (1)
                LC
                DefList (2)
                  Def (2)
                    Specifier (2)
                      StructSpecifier (2)
                        STRUCT
                        Tag (2)
                          ID: aEYFBvnF4hHii
                    DecList (2)
                      Dec (2)
                        VarDec (2)
                          ID: zB6x3XP
                    SEMI
                  DefList (3)
                    Def (3)
                      Specifier (3)
                        StructSpecifier (3)
                          STRUCT
                          Tag (3)
                            ID: Bu32BF6NEQqNdJt
                      DecList (3)
                        Dec (3)
                          VarDec (3)
                            ID: kLkzMawcovj_RNrP3Wv
                          ASSIGNOP
                          Exp (3)
                            ID: wm9f
                        COMMA
                        DecList (4)
                          Dec (4)
                            VarDec (4)
                              ID: msRoQo0
                      SEMI
                    DefList (5)
                RC
            VarDec (5)
              ID: PuL9qM8V9fapKwSo
          COMMA
          VarList (5)
            ParamDec (5)
              Specifier (5)
                TYPE: float
              VarDec (5)
                ID: gYpcg1ihmB8QdmjI
        RP
      CompSt (5)
        LC
        DefList (6)
        StmtList (6)
          Stmt (6)
            IF
            LP
            Exp (6)
              ID: Zi_KTJBzhtzBEIFlzx9
            RP
            Stmt (6)
              IF
              LP
              Exp (6)
                ID: b
              RP
              Stmt (6)
                RETURN
                Exp (6)
                  ID: UhCky9Ig
                SEMI
              ELSE
              Stmt (8)
                Exp (8)
                  Exp (8)
                    ID: n4CENH
                  ASSIGNOP
                  Exp (8)
                    Exp (8)
                      ID: NUmCPo2i5g
                    OR
                    Exp (8)
                      Exp (8)
                        ID: ynylvhn_nl7odW
                      AND
                      Exp (8)
                        Exp (8)
                          ID: NRku
                        RELOP: GT
                        Exp (9)
                          Exp (9)
                            Exp (9)
                              Exp (9)
                                ID: R2EzTeSoXYUcgl2YDsb
                              STAR
                              Exp (9)
                                NOT
                                Exp (9)
                                  NOT
                                  Exp (9)
                                    NOT
                                    Exp (9)
                                      MINUS
                                      Exp (9)
                                        NOT
                                        Exp (9)
                                          Exp (9)
                                            ID: K60SyCwaM9Ng
                                            LP
                                            Args (9)
                                              Exp (9)
                                                ID: hXoQh_hkh_
                                              COMMA
                                              Args (10)
                                                Exp (10)
                                                  Exp (10)
                                                    ID: QJxgJvb1z5lvZpfS
                                                  RELOP: LT
                                                  Exp (10)
                                                    Exp (10)
                                                      ID: d
                                                    MINUS
                                                    Exp (10)
                                                      NOT
                                                      Exp (10)
                                                        Exp (10)
                                                          ID: BXRTQ7103e
                                                        LB
                                                        Exp (10)
                                                          Exp (10)
                                                            ID: fR_86ETbVUENV
                                                          ASSIGNOP
                                                          Exp (11)
                                                            Exp (11)
                                                              ID: GbZPdLNfE
                                                            AND
                                                            Exp (11)
                                                              Exp (11)
                                                                ID: UoGm
                                                              RELOP: GE
                                                              Exp (11)
                                                                Exp (11)
                                                                  Exp (11)
                                                                    ID: nugu
                                                                  MINUS
                                                                  Exp (11)
                                                                    MINUS
                                                                    Exp (11)
                                                                      MINUS
                                                                      Exp (11)
                                                                        LP
                                                                        Exp (11)
                                                                          Exp (11)
                                                                            ID: u7HrBO4U3VvuyPoyH3
                                                                          RELOP: NE
                                                                          Exp (12)
                                                                            Exp (12)
                                                                              NOT
                                                                              Exp (12)
                                                                                Exp (12)
                                                                                  ID: N
                                                                                LB
                                                                                Exp (12)
                                                                                  Exp (12)
                                                                                    ID: K31YzwaEz
                                                                                  RELOP: EQ
                                                                                  Exp (12)
                                                                                    MINUS
                                                                                    Exp (12)
                                                                                      Exp (12)
                                                                                        ID: ujJ1HVpr8
                                                                                      LB
                                                                                      Exp (12)
                                                                                        Exp (12)
                                                                                          ID: z7ykv_
                                                                                        ASSIGNOP
                                                                                        Exp (12)
                                                                                          Exp (12)
                                                                                            ID: mcTQley2W2JpTu
                                                                                          RELOP: LE
                                                                                          Exp (13)
                                                                                            ID: Wj
                                                                                      RB
                                                                                RB
                                                                            DIV
                                                                            Exp (13)
                                                                              ID: IATE4BqgDQ
                                                                              LP
                                                                              Args (13)
                                                                                Exp (13)
                                                                                  NOT
                                                                                  Exp (13)
                                                                                    NOT
                                                                                    Exp (13)
                                                                                      MINUS
                                                                                      Exp (13)
                                                                                        MINUS
                                                                                        Exp (13)
                                                                                          INT: 135506241
                                                                              RP
                                                                        RP
                                                                PLUS
                                                                Exp (13)
                                                                  FLOAT: 1346430368.1878104053
                                                        RB
                                            RP
                                          DOT
                                          ID: L40OE4NhsD9Mt5Z2Th
                            DIV
                            Exp (14)
                              NOT
                              Exp (14)
                                MINUS
                                Exp (14)
                                  ID: G47fL_aKMODYw
                          PLUS
                          Exp (14)
                            ID: QYGgiHGqlwyJJ
                            LP
                            RP
                SEMI
          StmtList (18)
        RC
    ExtDefList (19)
      ExtDef (19)
        Specifier (19)
          TYPE: int
        SEMI
      ExtDefList (20)
        ExtDef (20)
          Specifier (20)
            StructSpecifier (20)
              STRUCT
              Tag (20)
                ID: Fx334TUFNm
          ExtDecList (20)
            VarDec (20)
              VarDec (20)
                ID: mRzl4g4JyvW
              LB
              INT: 335026940
              RB
            COMMA
            ExtDecList (20)
              VarDec (20)
                ID: _slFK11M4D
          SEMI
        ExtDefList (23)
          ExtDef (23)
            Specifier (23)
              StructSpecifier (23)
                STRUCT
                OptTag (23)
                  ID: Xiju__GB5r7FKdcilSD
                LC
                DefList (24)
                RC
            FunDec (24)
              ID: ZxE
              LP
              RP
            CompSt (24)
              LC
              DefList (25)
              StmtList (25)
                Stmt (25)
                  Exp (25)
                    ID: v1FpSn
                  SEMI
                StmtList (26)
                  Stmt (26)
                    WHILE
                    LP
                    Exp (26)
                      ID: FWoxX0x7edFzhpW
                    RP
                    Stmt (26)
                      CompSt (26)
                        LC
                        DefList (27)
                        StmtList (27)
                          Stmt (27)
                            WHILE
                            LP
                            Exp (27)
                              ID: iW1id5D0yPtkVRhO
                            RP
                            Stmt (27)
                              Exp (27)
                                ID: s8
                              SEMI
                          StmtList (29)
                        RC
                  StmtList (30)
                    Stmt (30)
                      CompSt (30)
                        LC
                        DefList (31)
                          Def (31)
                            Specifier (31)
                              TYPE: int
                            DecList (31)
                              Dec (31)
                                VarDec (31)
                                  ID: bMxexhrLAJ00
                            SEMI
                          DefList (32)
                            Def (32)
                              Specifier (32)
                                TYPE: int
                              DecList (32)
                                Dec (32)
                                  VarDec (32)
                                    ID: tUnlnt6F37mTOSjqjHYl
                              SEMI
                            DefList (33)
                              Def (33)
                                Specifier (33)
                                  TYPE: int
                                DecList (33)
                                  Dec (33)
                                    VarDec (33)
                                      ID: jY1
                                SEMI
                              DefList (34)
                                Def (34)
                                  Specifier (34)
                                    TYPE: int
                                  DecList (34)
                                    Dec (34)
                                      VarDec (34)
                                        ID: R4iOg
                                  SEMI
                                DefList (35)
                                  Def (35)
                                    Specifier (35)
                                      TYPE: int
                                    DecList (35)
                                      Dec (35)
                                        VarDec (35)
                                          ID: TwlcLvL
                                    SEMI
                                  DefList (36)
                        StmtList (36)
                        RC
                    StmtList (36)
              RC
          ExtDefList (37)
            ExtDef (37)
              Specifier (37)
                StructSpecifier (37)
                  STRUCT
                  Tag (37)
                    ID: jRxYpGGseNMu
              SEMI
            ExtDefList (38)
              ExtDef (38)
                Specifier (38)
                  TYPE: int
                ExtDecList (38)
                  VarDec (38)
                    ID: YNKzwqYYLjS
                SEMI
              ExtDefList (40)
                ExtDef (40)
                  Specifier (40)
                    TYPE: int
                  FunDec (40)
                    ID: GXcWfsv1W1vKz
                    LP
                    RP
                  CompSt (40)
                    LC
                    DefList (41)
                    StmtList (41)
                    RC
                ExtDefList (42)
                  ExtDef (42)
                    Specifier (42)
                      TYPE: int
                    SEMI
                  ExtDefList (43)
                    ExtDef (43)
                      Specifier (43)
                        TYPE: int
                      SEMI
                    ExtDefList (44)
                      ExtDef (44)
                        Specifier (44)
                          TYPE: int
                        SEMI
                      ExtDefList (45)
                        ExtDef (45)
                          Specifier (45)
                            TYPE: int
                          FunDec (45)
                            ID: g70nst
                            LP
                            RP
                          CompSt (45)
                            LC
                            DefList (46)
                            StmtList (46)
                            RC
                        ExtDefList (47)
                          ExtDef (47)
                            Specifier (47)
                              TYPE: int
                            SEMI
                          ExtDefList (48)
                            ExtDef (48)
                              Specifier (48)
                                TYPE: int
                              FunDec (48)
                                ID: qs8hsqS8182RoJv
                                LP
                                RP
                              CompSt (48)
                                LC
                                DefList (49)
                                StmtList (49)
                                RC
                            ExtDefList (50)
                              ExtDef (50)
                                Specifier (50)
                                  TYPE: int
                                SEMI
                              ExtDefList (51)
                                ExtDef (51)
                                  Specifier (51)
                                    TYPE: int
                                  SEMI
                                ExtDefList (52)
                                  ExtDef (52)
                                    Specifier (52)
                                      TYPE: int
                                    FunDec (52)
                                      ID: HnbGPwStbBqhE_Q
                                      LP
                                      RP
                                    CompSt (52)
                                      LC
                                      DefList (53)
                                      StmtList (53)
                                      RC
                                  ExtDefList (54)
                                    ExtDef (54)
                                      Specifier (54)
                                        TYPE: int
                                      SEMI
                                    ExtDefList (55)
                                      ExtDef (55)
                                        Specifier (55)
                                          TYPE: int
                                        SEMI
                                      ExtDefList (56)
                                        ExtDef (56)
                                          Specifier (56)
                                            TYPE: int
                                          SEMI
                                        ExtDefList (57)
                                          ExtDef (57)
                                            Specifier (57)
                                              TYPE: int
                                            FunDec (57)
                                              ID: GvIa_W5cqXnMsc
                                              LP
                                              RP
                                            CompSt (57)
                                              LC
                                              DefList (58)
                                              StmtList (58)
                                              RC
                                          ExtDefList (59)
                                            ExtDef (59)
                                              Specifier (59)
                                                TYPE: int
                                              SEMI
                                            ExtDefList (60)
                                              ExtDef (60)
                                                Specifier (60)
                                                  TYPE: int
                                                SEMI
                                              ExtDefList (61)
                                                ExtDef (61)
                                                  Specifier (61)
                                                    TYPE: int
                                                  SEMI
                                                ExtDefList (62)
                                                  ExtDef (62)
                                                    Specifier (62)
                                                      TYPE: int
                                                    SEMI
                                                  ExtDefList (63)
                                                    ExtDef (63)
                                                      Specifier (63)
                                                        TYPE: int
                                                      FunDec (63)
                                                        ID: G3HCeSBo2PLpn4zOfK
                                                        LP
                                                        RP
                                                      CompSt (63)
                                                        LC
                                                        DefList (64)
                                                        StmtList (64)
                                                        RC
                                                    ExtDefList (65)
                                                      ExtDef (65)
                                                        Specifier (65)
                                                          TYPE: int
                                                        SEMI
                                                      ExtDefList (66)
                                                        ExtDef (66)
                                                          Specifier (66)
                                                            TYPE: int
                                                          FunDec (66)
                                                            ID: EJVv9c9z
                                                            LP
                                                            RP
                                                          CompSt (66)
                                                            LC
                                                            DefList (67)
                                                            StmtList (67)
                                                              Stmt (67)
                                                                Exp (67)
                                                                  ID: KBJ9
                                                                SEMI
                                                              StmtList (68)
                                                            RC
                                                        ExtDefList (69)
                                                          ExtDef (69)
                                                            Specifier (69)
                                                              TYPE: int
                                                            SEMI
                                                          ExtDefList (70)
                                                            ExtDef (70)
                                                              Specifier (70)
                                                                TYPE: int
                                                              SEMI
                                                            ExtDefList (71)
                                                              ExtDef (71)
                                                                Specifier (71)
                                                                  TYPE: int
                                                                SEMI
                                                              ExtDefList (72)
                                                                ExtDef (72)
                                                                  Specifier (72)
                                                                    TYPE: int
                                                                  FunDec (72)
                                                                    ID: l3DdZe_veIi8gmRctss
                                                                    LP
                                                                    RP
                                                                  CompSt (72)
                                                                    LC
                                                                    DefList (73)
                                                                    StmtList (73)
                                                                    RC
                                                                ExtDefList (74)
                                                                  ExtDef (74)
                                                                    Specifier (74)
                                                                      TYPE: int
                                                                    SEMI
                                                                  ExtDefList (75)
                                                                    ExtDef (75)
                                                                      Specifier (75)
                                                                        TYPE: int
                                                                      SEMI
                                                                    ExtDefList (76)
                                                                      ExtDef (76)
                                                                        Specifier (76)
                                                                          TYPE: int
                                                                        SEMI
                                                                      ExtDefList (77)
                                                                        ExtDef (77)
                                                                          Specifier (77)
                                                                            TYPE: int
                                                                          SEMI
                                                                        ExtDefList (78)
                                                                          ExtDef (78)
                                                                            Specifier (78)
                                                                              TYPE: int
                                                                            SEMI
                                                                          ExtDefList (79)
                                                                            ExtDef (79)
                                                                              Specifier (79)
                                                                                TYPE: int
                                                                              SEMI
                                                                            ExtDefList (80)
                                                                              ExtDef (80)
                                                                                Specifier (80)
                                                                                  TYPE: int
                                                                                SEMI
                                                                              ExtDefList (81)
                                                                                ExtDef (81)
                                                                                  Specifier (81)
                                                                                    TYPE: int
                                                                                  FunDec (81)
                                                                                    ID: cy7_TlaiCNKc
                                                                                    LP
                                                                                    RP
                                                                                  CompSt (81)
                                                                                    LC
                                                                                    DefList (82)
                                                                                    StmtList (82)
                                                                                    RC
                                                                                ExtDefList (83)
                                                                                  ExtDef (83)
                                                                                    Specifier (83)
                                                                                      TYPE: int
                                                                                    SEMI
                                                                                  ExtDefList (84)
                                                                                    ExtDef (84)
                                                                                      Specifier (84)
                                                                                        TYPE: int
                                                                                      SEMI
                                                                                    ExtDefList (85)
                                                                                      ExtDef (85)
                                                                                        Specifier (85)
                                                                                          TYPE: int
                                                                                        SEMI
                                                                                      ExtDefList (86)
                                                                                        ExtDef (86)
                                                                                          Specifier (86)
                                                                                            TYPE: int
                                                                                          FunDec (86)
                                                                                            ID: nl4Wr4B
                                                                                            LP
                                                                                            RP
                                                                                          CompSt (86)
                                                                                            LC
                                                                                            DefList (87)
                                                                                            StmtList (87)
                                                                                            RC
                                                                                        ExtDefList (88)
                                                                                          ExtDef (88)
                                                                                            Specifier (88)
                                                                                              TYPE: int
                                                                                            SEMI
                                                                                          ExtDefList (89)
                                                                                            ExtDef (89)
                                                                                              Specifier (89)
                                                                                                TYPE: int
                                                                                              FunDec (89)
                                                                                                ID: flyRGjdMXoFh9xZUv
                                                                                                LP
                                                                                                RP
                                                                                              CompSt (89)
                                                                                                LC
                                                                                                DefList (90)
                                                                                                StmtList (90)
                                                                                                  Stmt (90)
                                                                                                    Exp (90)
                                                                                                      ID: ODY0DrAwpaPIKMNBny
                                                                                                    SEMI
                                                                                                  StmtList (91)
                                                                                                    Stmt (91)
                                                                                                      Exp (91)
                                                                                                        ID: __QT5QaZ
                                                                                                      SEMI
                                                                                                    StmtList (92)
                                                                                                      Stmt (92)
                                                                                                        CompSt (92)
                                                                                                          LC
                                                                                                          DefList (93)
                                                                                                          StmtList (93)
                                                                                                            Stmt (93)
                                                                                                              Exp (93)
                                                                                                                ID: D
                                                                                                              SEMI
                                                                                                            StmtList (94)
                                                                                                              Stmt (94)
                                                                                                                Exp (94)
                                                                                                                  ID: A4zxYkS8dYi
                                                                                                                SEMI
                                                                                                              StmtList (95)
                                                                                                                Stmt (95)
                                                                                                                  IF
                                                                                                                  LP
                                                                                                                  Exp (95)
                                                                                                                    ID: A40PT
                                                                                                                  RP
                                                                                                                  Stmt (95)
                                                                                                                    Exp (95)
                                                                                                                      ID: qdLcGIHKZETMQwV6
                                                                                                                    SEMI
                                                                                                                  ELSE
                                                                                                                  Stmt (96)
                                                                                                                    IF
                                                                                                                    LP
                                                                                                                    Exp (96)
                                                                                                                      ID: R2R6
                                                                                                                    RP
                                                                                                                    Stmt (96)
                                                                                                                      Exp (96)
                                                                                                                        ID: sXZ7D
                                                                                                                      SEMI
                                                                                                                StmtList (99)
                                                                                                                  Stmt (99)
                                                                                                                    Exp (99)
                                                                                                                      ID: Kc7k0VtcV0
                                                                                                                    SEMI
                                                                                                                  StmtList (100)
                                                                                                                    Stmt (100)
                                                                                                                      IF
                                                                                                                      LP
                                                                                                                      Exp (100)
                                                                                                                        ID: vjBPoIemQnCGX
                                                                                                                      RP
                                                                                                                      Stmt (100)
                                                                                                                        IF
                                                                                                                        LP
                                                                                                                        Exp (100)
                                                                                                                          ID: VXAJs
                                                                                                                        RP
                                                                                                                        Stmt (100)
                                                                                                                          WHILE
                                                                                                                          LP
                                                                                                                          Exp (101)
                                                                                                                            ID: Cgo8i8W46dMx5
                                                                                                                          RP
                                                                                                                          Stmt (101)
                                                                                                                            WHILE
                                                                                                                            LP
                                                                                                                            Exp (101)
                                                                                                                              ID: rk94qFtbRDX1xIHYDSi
                                                                                                                            RP
                                                                                                                            Stmt (102)
                                                                                                                              CompSt (102)
                                                                                                                                LC
                                                                                                                                DefList (103)
                                                                                                                                StmtList (103)
                                                                                                                                  Stmt (103)
                                                                                                                                    Exp (103)
                                                                                                                                      ID: KTq
                                                                                                                                    SEMI
                                                                                                                                  StmtList (104)
                                                                                                                                    Stmt (104)
                                                                                                                                      Exp (104)
                                                                                                                                        ID: kiSLdFMNGX0F82TFkBp
                                                                                                                                      SEMI
                                                                                                                                    StmtList (105)
                                                                                                                                      Stmt (105)
                                                                                                                                        IF
                                                                                                                                        LP
                                                                                                                                        Exp (105)
                                                                                                                                          ID: j
                                                                                                                                        RP
                                                                                                                                        Stmt (105)
                                                                                                                                          CompSt (105)
                                                                                                                                            LC
                                                                                                                                            DefList (106)
                                                                                                                                            StmtList (106)
                                                                                                                                            RC
                                                                                                                                        ELSE
                                                                                                                                        Stmt (106)
                                                                                                                                          Exp (106)
                                                                                                                                            ID: URw83ywsd0q37Go7
                                                                                                                                          SEMI
                                                                                                                                      StmtList (108)
                                                                                                                                RC
                                                                                                                        ELSE
                                                                                                                        Stmt (110)
                                                                                                                          IF
                                                                                                                          LP
                                                                                                                          Exp (110)
                                                                                                                            ID: aLDNPAiu2KH
                                                                                                                          RP
                                                                                                                          Stmt (110)
                                                                                                                            Exp (110)
                                                                                                                              ID: DCsDugtVJWksBXMdd3XZ
                                                                                                                            SEMI
                                                                                                                          ELSE
                                                                                                                          Stmt (112)
                                                                                                                            CompSt (112)
                                                                                                                              LC
                                                                                                                              DefList (113)
                                                                                                                              StmtList (113)
                                                                                                                              RC
                                                                                                                      ELSE
                                                                                                                      Stmt (115)
                                                                                                                        WHILE
                                                                                                                        LP
                                                                                                                        Exp (115)
                                                                                                                          ID: KI6rdlpd5RmqFfXFdk
                                                                                                                        RP
                                                                                                                        Stmt (115)
                                                                                                                          IF
                                                                                                                          LP
                                                                                                                          Exp (115)
                                                                                                                            ID: ww7SP8plCxhfNx1
                                                                                                                          RP
                                                                                                                          Stmt (116)
                                                                                                                            CompSt (116)
                                                                                                                              LC
                                                                                                                              DefList (117)
                                                                                                                              StmtList (117)
                                                                                                                              RC
                                                                                                                          ELSE
                                                                                                                          Stmt (117)
                                                                                                                            WHILE
                                                                                                                            LP
                                                                                                                            Exp (117)
                                                                                                                              ID: R1ErQF3hFOCOumHqjph
                                                                                                                            RP
                                                                                                                            Stmt (117)
                                                                                                                              WHILE
                                                                                                                              LP
                                                                                                                              Exp (118)
                                                                                                                                ID: kBcaNqwWxbOl
                                                                                                                              RP
                                                                                                                              Stmt (118)
                                                                                                                                WHILE
                                                                                                                                LP
                                                                                                                                Exp (118)
                                                                                                                                  ID: GaXY6NmZAzEfLf
                                                                                                                                RP
                                                                                                                                Stmt (118)
                                                                                                                                  CompSt (118)
                                                                                                                                    LC
                                                                                                                                    DefList (119)
                                                                                                                                    StmtList (119)
                                                                                                                                      Stmt (119)
                                                                                                                                        Exp (119)
                                                                                                                                          ID: R
                                                                                                                                        SEMI
                                                                                                                                      StmtList (120)
                                                                                                                                    RC
                                                                                                                    StmtList (126)
                                                                                                                      Stmt (126)
                                                                                                                        WHILE
                                                                                                                        LP
                                                                                                                        Exp (126)
                                                                                                                          ID: mAzrSY9
                                                                                                                        RP
                                                                                                                        Stmt (126)
                                                                                                                          CompSt (126)
                                                                                                                            LC
                                                                                                                            DefList (127)
                                                                                                                            StmtList (127)
                                                                                                                            RC
                                                                                                                      StmtList (128)
                                                                                                          RC
                                                                                                      StmtList (128)
                                                                                                RC
                                                                                            ExtDefList (129)
                                                                                              ExtDef (129)
                                                                                                Specifier (129)
                                                                                                  TYPE: int
                                                                                                FunDec (129)
                                                                                                  ID: DYH7b5fPTEQU_LMc
                                                                                                  LP
                                                                                                  RP
                                                                                                CompSt (129)
                                                                                                  LC
                                                                                                  DefList (130)
                                                                                                  StmtList (130)
                                                                                                  RC
                                                                                              ExtDefList (131)
