Program (1)
  ExtDefList (1)
    ExtDef (1)
      Specifier (1)
        TYPE: float
      ExtDecList (1)
        VarDec (1)
          VarDec (1)
            VarDec (1)
              ID: Y7fOQE1
            LB
            INT: 1075790894
            RB
          LB
          INT: 1115261912
          RB
        COMMA
        ExtDecList (1)
          VarDec (1)
            ID: N6
          COMMA
          ExtDecList (2)
            VarDec (2)
              VarDec (2)
                ID: wD_
              LB
              INT: 126890929
              RB
            COMMA
            ExtDecList (2)
              VarDec (2)
                VarDec (2)
                  ID: DkzgWQ5EsmMyIVBob1Uq
                LB
                INT: 1096668906
                RB
      SEMI
    ExtDefList (8)
