Program (1)
  ExtDefList (1)
    ExtDef (1)
      Specifier (1)
        TYPE: float
      ExtDecList (1)
        VarDec (1)
          ID: iazfAIcd7A0ojQ
        COMMA
        ExtDecList (1)
          VarDec (1)
            VarDec (1)
              ID: TI6We
            LB
            INT: 411291767
            RB
          COMMA
          ExtDecList (1)
            VarDec (1)
              VarDec (1)
                VarDec (1)
                  VarDec (1)
                    VarDec (1)
                      ID: itW_YIkVU
                    LB
                    INT: 249605913
                    RB
                  LB
                  INT: 2030667121
                  RB
                LB
                INT: 1496231065
                RB
              LB
              INT: 798743461
              RB
      SEMI
    ExtDefList (7)
