Program (1)
  ExtDefList (1)
    ExtDef (1)
      Specifier (1)
        TYPE: float
      SEMI
    ExtDefList (2)
      ExtDef (2)
        Specifier (2)
          TYPE: int
        FunDec (2)
          ID: ctV_LBZvoKAgu3
          LP
          RP
        CompSt (2)
          LC
          DefList (3)
            Def (3)
              Specifier (3)
                StructSpecifier (3)
                  STRUCT
                  OptTag (3)
                  LC
                  DefList (4)
                  RC
              DecList (4)
                Dec (4)
                  VarDec (4)
                    VarDec (4)
                      VarDec (4)
                        ID: kh2XEfHuDOWlqfwa
                      LB
                      INT: 1431137295
                      RB
                    LB
                    INT: 1178604815
                    RB
                  ASSIGNOP
                  Exp (5)
                    Exp (5)
                      MINUS
                      Exp (5)
                        NOT
                        Exp (5)
                          FLOAT: 1559779760.1102359790
                    ASSIGNOP
                    Exp (5)
                      Exp (5)
                        NOT
                        Exp (5)
                          MINUS
                          Exp (5)
                            ID: wYxfaznX0zhBVOwl
                      ASSIGNOP
                      Exp (6)
                        ID: ULxH4BjjNmHy7E8eFo
              SEMI
            DefList (7)
              Def (7)
                Specifier (7)
                  TYPE: int
                DecList (7)
                  Dec (7)
                    VarDec (7)
                      ID: ChdsQJnzU
                SEMI
              DefList (8)
                Def (8)
                  Specifier (8)
                    StructSpecifier (8)
                      STRUCT
                      OptTag (8)
                      LC
                      DefList (9)
                      RC
                  DecList (9)
                    Dec (9)
                      VarDec (9)
                        ID: sllw
                    COMMA
                    DecList (9)
                      Dec (9)
                        VarDec (9)
                          VarDec (9)
                            VarDec (9)
                              ID: ldTJI5VkXKIgmJ
                            LB
                            INT: 530590268
                            RB
                          LB
                          INT: 1505501201
                          RB
                        ASSIGNOP
                        Exp (10)
                          ID: ON00ywPbx1fSiLo6B
                  SEMI
                DefList (11)
          StmtList (11)
            Stmt (11)
              IF
              LP
              Exp (11)
                Exp (11)
                  MINUS
                  Exp (11)
                    MINUS
                    Exp (11)
                      MINUS
                      Exp (11)
                        Exp (11)
                          Exp (11)
                            ID: PdoevrIIZ2RncsC
                            LP
                            RP
                          DOT
                          ID: sBmLprm2vdJPdy8iOPY
                        DOT
                        ID: X2KyBseGn
                ASSIGNOP
                Exp (12)
                  Exp (12)
                    MINUS
                    Exp (12)
                      FLOAT: 1142367914.1309305177
                  ASSIGNOP
                  Exp (12)
                    ID: aOGpToJVRh4D0a51A0hM
              RP
              Stmt (13)
                WHILE
                LP
                Exp (13)
                  ID: ULmZVfCdC7qn_6rdsmk
                RP
                Stmt (13)
                  Exp (13)
                    ID: n4Rgqy6jU2qxJpjOfTu
                  SEMI
              ELSE
              Stmt (16)
                Exp (16)
                  ID: B5Qvx
                SEMI
            StmtList (18)
              Stmt (18)
                WHILE
                LP
                Exp (18)
                  Exp (18)
                    Exp (18)
                      Exp (18)
                        Exp (18)
                          Exp (18)
                            Exp (18)
                              MINUS
                              Exp (18)
                                NOT
                                Exp (18)
                                  NOT
                                  Exp (18)
                                    ID: y7jNRaZf0MSaW
                            MINUS
                            Exp (18)
                              Exp (18)
                                ID: m
                                LP
                                Args (18)
                                  Exp (18)
                                    ID: CNjlKlK4XvlE13
                                RP
                              DOT
                              ID: doIJShrpU3n
                          MINUS
                          Exp (19)
                            MINUS
                            Exp (19)
                              ID: YNN8R9LptA6bAvOWsSH
                        MINUS
                        Exp (19)
                          Exp (19)
                            MINUS
                            Exp (19)
                              ID: Qse19yOO
                          DIV
                          Exp (20)
                            ID: X_UTaBOx
                      MINUS
                      Exp (20)
                        Exp (20)
                          Exp (20)
                            NOT
                            Exp (20)
                              ID: w09jhd4zg
                          DIV
                          Exp (20)
                            ID: IFqE9nmwnR7xJAzKovzU
                        DIV
                        Exp (21)
                          ID: dcB54dw5tg
                    PLUS
                    Exp (21)
                      MINUS
                      Exp (21)
                        ID: lBH9TzaHMl1Fed
                  OR
                  Exp (21)
                    Exp (21)
                      Exp (21)
                        Exp (21)
                          Exp (21)
                            Exp (21)
                              Exp (21)
                                Exp (21)
                                  Exp (21)
                                    Exp (21)
                                      Exp (21)
                                        FLOAT: 1351167845.561631797
                                      MINUS
                                      Exp (22)
                                        ID: qE_as3dZplv32lt2
                                    RELOP: EQ
                                    Exp (22)
                                      ID: _kOw_
                                  RELOP: LE
                                  Exp (22)
                                    ID: LgfHvjIRU0CbQDoXP
                                RELOP: NE
                                Exp (23)
                                  ID: KtAxKtSj4dpq
                              RELOP: EQ
                              Exp (23)
                                ID: LeUrgbvLvWsZap
                            RELOP: GE
                            Exp (23)
                              ID: lr7wnvmo_r3vMMwgx7
                          RELOP: NE
                          Exp (24)
                            ID: pGu
                        RELOP: EQ
                        Exp (24)
                          ID: tjk
                      RELOP: GT
                      Exp (24)
                        ID: K6y2bFgRIxTbFWLU
                    RELOP: LE
                    Exp (24)
                      ID: Fcxnk
                RP
                Stmt (24)
                  Exp (24)
                    Exp (24)
                      Exp (24)
                        Exp (24)
                          Exp (24)
                            Exp (24)
                              Exp (24)
                                Exp (24)
                                  Exp (24)
                                    Exp (24)
                                      Exp (24)
                                        Exp (24)
                                          Exp (24)
                                            Exp (24)
                                              Exp (24)
                                                Exp (24)
                                                  Exp (24)
                                                    Exp (24)
                                                      Exp (24)
                                                        Exp (24)
                                                          Exp (24)
                                                            Exp (24)
                                                              Exp (24)
                                                                Exp (24)
                                                                  Exp (24)
                                                                    Exp (24)
                                                                      Exp (24)
                                                                        Exp (24)
                                                                          Exp (24)
                                                                            Exp (24)
                                                                              Exp (24)
                                                                                Exp (24)
                                                                                  NOT
                                                                                  Exp (24)
                                                                                    ID: OKrDO
                                                                                STAR
                                                                                Exp (25)
                                                                                  ID: DBUkGeSiiaejqSdq
                                                                              STAR
                                                                              Exp (25)
                                                                                ID: f
                                                                            PLUS
                                                                            Exp (25)
                                                                              ID: pcwF3cdhAet
                                                                          MINUS
                                                                          Exp (25)
                                                                            ID: _es7ZPDKEcvfvKNfs8b
                                                                        PLUS
                                                                        Exp (26)
                                                                          ID: P7WVJ3RLp
                                                                      RELOP: GT
                                                                      Exp (26)
                                                                        ID: HRsYXwFW_MXNtpIXV
                                                                    RELOP: EQ
                                                                    Exp (26)
                                                                      ID: gi8bw
                                                                  RELOP: EQ
                                                                  Exp (26)
                                                                    ID: plpwb
                                                                RELOP: NE
                                                                Exp (27)
                                                                  ID: uYBO71ZgeUbGgdYUC7
                                                              RELOP: LE
                                                              Exp (27)
                                                                ID: m
                                                            RELOP: GE
                                                            Exp (27)
                                                              ID: l55BxduQBkUg2VUJ0L
                                                          RELOP: LE
                                                          Exp (28)
                                                            ID: P3m0WmW54dAmD
                                                        RELOP: GE
                                                        Exp (28)
                                                          ID: Wb
                                                      RELOP: GT
                                                      Exp (28)
                                                        ID: XY9YVVmDk4tA0
                                                    RELOP: LT
                                                    Exp (28)
                                                      ID: M_p65a6hqHV4a7kUs
                                                  RELOP: LE
                                                  Exp (29)
                                                    ID: oOREppUxwMkrSy9YBTzV
                                                RELOP: LT
                                                Exp (29)
                                                  ID: tnTgfVOwj4l97aiWc
                                              RELOP: LT
                                              Exp (29)
                                                ID: KEICE5MLqij2
                                            RELOP: NE
                                            Exp (30)
                                              ID: ZJNSZpyYb1cHrzt12f1i
                                          RELOP: GE
                                          Exp (30)
                                            ID: Cn7RIy9xk
                                        RELOP: NE
                                        Exp (30)
                                          ID: _CqlsOS9XErGzyZNEW
                                      RELOP: GE
                                      Exp (31)
                                        ID: Rsoh9z0bpQ5vAv1Z
                                    RELOP: GT
                                    Exp (31)
                                      ID: G0yHUkZs
                                  RELOP: GT
                                  Exp (31)
                                    ID: BXAGy0mL
                                RELOP: LE
                                Exp (31)
                                  ID: oqKjQ3XuJMj0JtaUnWb2
                              RELOP: GE
                              Exp (32)
                                ID: D5p6FAOBR
                            RELOP: NE
                            Exp (32)
                              ID: u7mkl4V
                          RELOP: NE
                          Exp (32)
                            ID: cNK0KnS5qLdAegcCvQQS
                        RELOP: GT
                        Exp (33)
                          ID: Zx4oVL
                      OR
                      Exp (33)
                        ID: vOo
                    OR
                    Exp (33)
                      ID: TikFc
                  SEMI
              StmtList (35)
                Stmt (35)
                  RETURN
                  Exp (35)
                    Exp (35)
                      MINUS
                      Exp (35)
                        Exp (35)
                          Exp (35)
                            ID: Gnb2jG7pbnufyT5dWE
                            LP
                            RP
                          DOT
                          ID: RhgkB0QdKTXG3xzCfXgM
                        LB
                        Exp (36)
                          ID: Ec6Fe
                        RB
                    ASSIGNOP
                    Exp (36)
                      Exp (36)
                        NOT
                        Exp (36)
                          ID: EPUeU7lL5LVyPJ
                      ASSIGNOP
                      Exp (36)
                        ID: SP8elbq9M4
                  SEMI
                StmtList (37)
          RC
      ExtDefList (38)
        ExtDef (38)
          Specifier (38)
            TYPE: int
          FunDec (38)
            ID: Av7Jfq
            LP
            VarList (38)
              ParamDec (38)
                Specifier (38)
                  TYPE: int
                VarDec (38)
                  ID: fYwHfl_LP
            RP
          CompSt (38)
            LC
            DefList (39)
              Def (39)
                Specifier (39)
                  StructSpecifier (39)
                    STRUCT
                    OptTag (39)
                    LC
                    DefList (40)
                      Def (40)
                        Specifier (40)
                          TYPE: float
                        DecList (40)
                          Dec (40)
                            VarDec (40)
                              ID: yP
                            ASSIGNOP
                            Exp (40)
                              ID: paY5VsK0U
                          COMMA
                          DecList (40)
                            Dec (40)
                              VarDec (40)
                                ID: Hxycu1tHD
                        SEMI
                      DefList (41)
                    RC
                DecList (41)
                  Dec (41)
                    VarDec (41)
                      VarDec (41)
                        VarDec (41)
                          VarDec (41)
                            VarDec (41)
                              ID: wz
                            LB
                            INT: 1349755437
                            RB
                          LB
                          INT: 207824494
                          RB
                        LB
                        INT: 869298896
                        RB
                      LB
                      INT: 544221286
                      RB
                  COMMA
                  DecList (42)
                    Dec (42)
                      VarDec (42)
                        VarDec (42)
                          ID: eePy36Es
                        LB
                        INT: 569312344
                        RB
                    COMMA
                    DecList (42)
                      Dec (42)
                        VarDec (42)
                          ID: iy8gzwP
                        ASSIGNOP
                        Exp (42)
                          ID: Csd2X6N0uizrj634reD
                SEMI
              DefList (44)
            StmtList (44)
            RC
        ExtDefList (45)
          ExtDef (45)
            Specifier (45)
              TYPE: float
            ExtDecList (45)
              VarDec (45)
                ID: fJNWvlK
              COMMA
              ExtDecList (45)
                VarDec (45)
                  ID: LF
            SEMI
          ExtDefList (48)
            ExtDef (48)
              Specifier (48)
                StructSpecifier (48)
                  STRUCT
                  OptTag (48)
                  LC
                  DefList (49)
                    Def (49)
                      Specifier (49)
                        StructSpecifier (49)
                          STRUCT
                          OptTag (49)
                            ID: MmMtEvO
                          LC
                          DefList (50)
                            Def (50)
                              Specifier (50)
                                TYPE: int
                              DecList (50)
                                Dec (50)
                                  VarDec (50)
                                    ID: pHLJ8RUYIZOgUk
                              SEMI
                            DefList (51)
                          RC
                      DecList (51)
                        Dec (51)
                          VarDec (51)
                            ID: wJ4GtCXxdRLtWuKM
                          ASSIGNOP
                          Exp (51)
                            Exp (51)
                              NOT
                              Exp (51)
                                ID: EWt2MwnSL57i_Efl_
                            ASSIGNOP
                            Exp (51)
                              ID: yVJrfM6
                      SEMI
                    DefList (53)
                      Def (53)
                        Specifier (53)
                          TYPE: int
                        DecList (53)
                          Dec (53)
                            VarDec (53)
                              ID: f9
                            ASSIGNOP
                            Exp (53)
                              ID: OSlJbY0fxirVs
                          COMMA
                          DecList (53)
                            Dec (53)
                              VarDec (53)
                                ID: zWNx
                        SEMI
                      DefList (54)
                  RC
              ExtDecList (54)
                VarDec (54)
                  ID: qozkqkqC
                COMMA
                ExtDecList (54)
                  VarDec (54)
                    VarDec (54)
                      ID: V
                    LB
                    INT: 581685704
                    RB
                  COMMA
                  ExtDecList (54)
                    VarDec (54)
                      ID: tNAg1bu7p3crueX
                    COMMA
                    ExtDecList (54)
                      VarDec (54)
                        ID: q_2cX
              SEMI
            ExtDefList (59)
              ExtDef (59)
                Specifier (59)
                  TYPE: float
                SEMI
              ExtDefList (60)
