Program (1)
  ExtDefList (1)
    ExtDef (1)
      Specifier (1)
        TYPE: int
      SEMI
    ExtDefList (2)
      ExtDef (2)
        Specifier (2)
          TYPE: float
        FunDec (2)
          ID: ECPZ2IXrMbHf4h
          LP
          VarList (2)
            ParamDec (2)
              Specifier (2)
                TYPE: int
              VarDec (2)
                VarDec (2)
                  ID: W46dl3G
                LB
                INT: 241043543
                RB
          RP
        CompSt (3)
          LC
          DefList (4)
          StmtList (4)
          RC
      ExtDefList (5)
        ExtDef (5)
          Specifier (5)
            StructSpecifier (5)
              STRUCT
              Tag (5)
                ID: xJ_947lyvETIXpcz7Nus
          ExtDecList (5)
            VarDec (5)
              ID: NUL5v1G5zG0B
          SEMI
        ExtDefList (7)
          ExtDef (7)
            Specifier (7)
              StructSpecifier (7)
                STRUCT
                OptTag (7)
                LC
                DefList (8)
                  Def (8)
                    Specifier (8)
                      TYPE: int
                    DecList (8)
                      Dec (8)
                        VarDec (8)
                          ID: PnGi8h9z
                    SEMI
                  DefList (9)
                    Def (9)
                      Specifier (9)
                        StructSpecifier (9)
                          STRUCT
                          OptTag (9)
                          LC
                          DefList (10)
                            Def (10)
                              Specifier (10)
                                StructSpecifier (10)
                                  STRUCT
                                  OptTag (10)
                                    ID: XyGYz2sKEOh
                                  LC
                                  DefList (11)
                                  RC
                              DecList (11)
                                Dec (11)
                                  VarDec (11)
                                    ID: t84F
                              SEMI
                            DefList (12)
                              Def (12)
                                Specifier (12)
                                  TYPE: int
                                DecList (12)
                                  Dec (12)
                                    VarDec (12)
                                      ID: mpqtDpJ_u3H3OG3wL
                                SEMI
                              DefList (13)
                                Def (13)
                                  Specifier (13)
                                    TYPE: int
                                  DecList (13)
                                    Dec (13)
                                      VarDec (13)
                                        ID: imWEB3
                                  SEMI
                                DefList (14)
                                  Def (14)
                                    Specifier (14)
                                      StructSpecifier (14)
                                        STRUCT
                                        Tag (14)
                                          ID: kmybQvbB8aTObMcTbXcK
                                    DecList (14)
                                      Dec (14)
                                        VarDec (14)
                                          ID: OLmtTQngF
                                    SEMI
                                  DefList (15)
                          RC
                      DecList (15)
                        Dec (15)
                          VarDec (15)
                            ID: jC2cZVPNrsfOPV2e72D
                      SEMI
                    DefList (16)
                      Def (16)
                        Specifier (16)
                          TYPE: int
                        DecList (16)
                          Dec (16)
                            VarDec (16)
                              ID: HIrAYQnk
                          COMMA
                          DecList (16)
                            Dec (16)
                              VarDec (16)
                                ID: jvuwk
                        SEMI
                      DefList (17)
                        Def (17)
                          Specifier (17)
                            StructSpecifier (17)
                              STRUCT
                              Tag (17)
                                ID: DGD
                          DecList (17)
                            Dec (17)
                              VarDec (17)
                                ID: hZI71JQ_jbynb
                              ASSIGNOP
                              Exp (17)
                                Exp (17)
                                  ID: os
                                ASSIGNOP
                                Exp (17)
                                  Exp (17)
                                    ID: BPQmqLN3QxgtnDK6Ry7
                                  OR
                                  Exp (18)
                                    Exp (18)
                                      ID: zMlQ
                                    RELOP: EQ
                                    Exp (18)
                                      Exp (18)
                                        ID: pRo_nNLijRu35
                                      MINUS
                                      Exp (18)
                                        Exp (18)
                                          ID: Rg_qq
                                        STAR
                                        Exp (18)
                                          MINUS
                                          Exp (18)
                                            NOT
                                            Exp (18)
                                              Exp (18)
                                                ID: u60MPBy_JX23xmM
                                              LB
                                              Exp (19)
                                                Exp (19)
                                                  ID: UpdPpc00WT2Fv7Q
                                                ASSIGNOP
                                                Exp (19)
                                                  Exp (19)
                                                    ID: EhR_kl
                                                  ASSIGNOP
                                                  Exp (19)
                                                    Exp (19)
                                                      ID: RhvHxxAiHC
                                                    AND
                                                    Exp (19)
                                                      Exp (19)
                                                        Exp (19)
                                                          MINUS
                                                          Exp (19)
                                                            Exp (19)
                                                              ID: EnNRJ
                                                              LP
                                                              Args (20)
                                                                Exp (20)
                                                                  Exp (20)
                                                                    ID: u9y8XKkhaWSaeSo5tPA0
                                                                  RELOP: NE
                                                                  Exp (20)
                                                                    MINUS
                                                                    Exp (20)
                                                                      LP
                                                                      Exp (20)
                                                                        Exp (20)
                                                                          Exp (20)
                                                                            Exp (20)
                                                                              ID: wnIKMNYjo6ZTFfcEwhzn
                                                                            RELOP: LE
                                                                            Exp (21)
                                                                              Exp (21)
                                                                                ID: p
                                                                              DIV
                                                                              Exp (21)
                                                                                LP
                                                                                Exp (21)
                                                                                  Exp (21)
                                                                                    ID: OKdbOUxBy9
                                                                                  OR
                                                                                  Exp (21)
                                                                                    Exp (21)
                                                                                      Exp (21)
                                                                                        ID: FUHkNT245qDgN1
                                                                                      PLUS
                                                                                      Exp (21)
                                                                                        LP
                                                                                        Exp (21)
                                                                                          Exp (21)
                                                                                            ID: XHY2br
                                                                                          OR
                                                                                          Exp (22)
                                                                                            Exp (22)
                                                                                              ID: atLt83
                                                                                            AND
                                                                                            Exp (22)
                                                                                              Exp (22)
                                                                                                ID: Dz_0AsKlj
                                                                                              RELOP: LT
                                                                                              Exp (22)
                                                                                                LP
                                                                                                Exp (22)
                                                                                                  Exp (22)
                                                                                                    ID: Dis_xABKVW1_VxrT0lT2
                                                                                                  ASSIGNOP
                                                                                                  Exp (22)
                                                                                                    Exp (22)
                                                                                                      ID: CfOktEmErezR9VrXzA
                                                                                                    RELOP: LT
                                                                                                    Exp (23)
                                                                                                      Exp (23)
                                                                                                        ID: PIDup
                                                                                                      PLUS
                                                                                                      Exp (23)
                                                                                                        Exp (23)
                                                                                                          ID: sC4lSmOZpI
                                                                                                        LB
                                                                                                        Exp (23)
                                                                                                          LP
                                                                                                          Exp (23)
                                                                                                            Exp (23)
                                                                                                              ID: e
                                                                                                            ASSIGNOP
                                                                                                            Exp (23)
                                                                                                              NOT
                                                                                                              Exp (23)
                                                                                                                LP
                                                                                                                Exp (23)
                                                                                                                  Exp (23)
                                                                                                                    ID: KhgPi2OBHUJd7
                                                                                                                  STAR
                                                                                                                  Exp (23)
                                                                                                                    Exp (23)
                                                                                                                      ID: mKkEQSP17Xa8x
                                                                                                                    LB
                                                                                                                    Exp (24)
                                                                                                                      Exp (24)
                                                                                                                        ID: KHyB0vPaUvNI7e
                                                                                                                      ASSIGNOP
                                                                                                                      Exp (24)
                                                                                                                        Exp (24)
                                                                                                                          ID: vOBOuHxz_Kx7ih
                                                                                                                        RELOP: EQ
                                                                                                                        Exp (24)
                                                                                                                          Exp (24)
                                                                                                                            ID: BWlZ2bsB2c0tq6Mhh
                                                                                                                          PLUS
                                                                                                                          Exp (25)
                                                                                                                            NOT
                                                                                                                            Exp (25)
                                                                                                                              LP
                                                                                                                              Exp (25)
                                                                                                                                Exp (25)
                                                                                                                                  ID: RU_KxxSQqBwbVuEN
                                                                                                                                AND
                                                                                                                                Exp (25)
                                                                                                                                  LP
                                                                                                                                  Exp (25)
                                                                                                                                    LP
                                                                                                                                    Exp (25)
                                                                                                                                      LP
                                                                                                                                      Exp (25)
                                                                                                                                        Exp (25)
                                                                                                                                          ID: W2x6eeYqY9
                                                                                                                                        AND
                                                                                                                                        Exp (25)
                                                                                                                                          Exp (25)
                                                                                                                                            ID: Ntrp9GWOxXdVaj
                                                                                                                                          RELOP: GE
                                                                                                                                          Exp (26)
                                                                                                                                            Exp (26)
                                                                                                                                              Exp (26)
                                                                                                                                                ID: ijX
                                                                                                                                              MINUS
                                                                                                                                              Exp (26)
                                                                                                                                                Exp (26)
                                                                                                                                                  ID: j
                                                                                                                                                DIV
                                                                                                                                                Exp (26)
                                                                                                                                                  NOT
                                                                                                                                                  Exp (26)
                                                                                                                                                    LP
                                                                                                                                                    Exp (26)
                                                                                                                                                      Exp (26)
                                                                                                                                                        ID: jQ2mnC3ABbhj6rV8
                                                                                                                                                      OR
                                                                                                                                                      Exp (26)
                                                                                                                                                        Exp (26)
                                                                                                                                                          ID: J1EItYP5idQMvsgFbf
                                                                                                                                                        PLUS
                                                                                                                                                        Exp (27)
                                                                                                                                                          Exp (27)
                                                                                                                                                            ID: sZvu3lXihnxT7ue9EAeN
                                                                                                                                                          LB
                                                                                                                                                          Exp (27)
                                                                                                                                                            Exp (27)
                                                                                                                                                              ID: tWLnoaKnKl
                                                                                                                                                            ASSIGNOP
                                                                                                                                                            Exp (27)
                                                                                                                                                              Exp (27)
                                                                                                                                                                ID: V_U8Rc9JCZWDREfNpP3z
                                                                                                                                                              ASSIGNOP
                                                                                                                                                              Exp (28)
                                                                                                                                                                Exp (28)
                                                                                                                                                                  Exp (28)
                                                                                                                                                                    ID: PLno
                                                                                                                                                                  RELOP: LT
                                                                                                                                                                  Exp (28)
                                                                                                                                                                    Exp (28)
                                                                                                                                                                      ID: s
                                                                                                                                                                    PLUS
                                                                                                                                                                    Exp (28)
                                                                                                                                                                      Exp (28)
                                                                                                                                                                        NOT
                                                                                                                                                                        Exp (28)
                                                                                                                                                                          Exp (28)
                                                                                                                                                                            LP
                                                                                                                                                                            Exp (28)
                                                                                                                                                                              Exp (28)
                                                                                                                                                                                ID: g1K0fgSPTGz69SO0ZR
                                                                                                                                                                              ASSIGNOP
                                                                                                                                                                              Exp (28)
                                                                                                                                                                                Exp (28)
                                                                                                                                                                                  ID: ik
                                                                                                                                                                                OR
                                                                                                                                                                                Exp (28)
                                                                                                                                                                                  ID: _L00bt2cPIos1p
                                                                                                                                                                                  LP
                                                                                                                                                                                  Args (29)
                                                                                                                                                                                    Exp (29)
                                                                                                                                                                                      ID: hIalkcVjelmlZqao
                                                                                                                                                                                    COMMA
                                                                                                                                                                                    Args (29)
                                                                                                                                                                                      Exp (29)
                                                                                                                                                                                        ID: SS6Kltgos61DrVwJWr
                                                                                                                                                                                  RP
                                                                                                                                                                            RP
                                                                                                                                                                          DOT
                                                                                                                                                                          ID: WeMETyjBei8XubN
                                                                                                                                                                      DIV
                                                                                                                                                                      Exp (30)
                                                                                                                                                                        ID: uvO5Fa6k
                                                                                                                                                                RELOP: NE
                                                                                                                                                                Exp (30)
                                                                                                                                                                  MINUS
                                                                                                                                                                  Exp (30)
                                                                                                                                                                    MINUS
                                                                                                                                                                    Exp (30)
                                                                                                                                                                      MINUS
                                                                                                                                                                      Exp (30)
                                                                                                                                                                        MINUS
                                                                                                                                                                        Exp (30)
                                                                                                                                                                          ID: oHaP2YQilldz
                                                                                                                                                          RB
                                                                                                                                                    RP
                                                                                                                                            MINUS
                                                                                                                                            Exp (30)
                                                                                                                                              NOT
                                                                                                                                              Exp (30)
                                                                                                                                                NOT
                                                                                                                                                Exp (30)
                                                                                                                                                  ID: Z
                                                                                                                                      RP
                                                                                                                                    RP
                                                                                                                                  RP
                                                                                                                              RP
                                                                                                                    RB
                                                                                                                RP
                                                                                                          RP
                                                                                                        RB
                                                                                                RP
                                                                                        RP
                                                                                    RELOP: GT
                                                                                    Exp (31)
                                                                                      MINUS
                                                                                      Exp (31)
                                                                                        ID: hHW8uO6T
                                                                                RP
                                                                          RELOP: LT
                                                                          Exp (31)
                                                                            FLOAT: 2067519070.764266685
                                                                        RELOP: GE
                                                                        Exp (32)
                                                                          NOT
                                                                          Exp (32)
                                                                            Exp (32)
                                                                              ID: NWKm
                                                                            DOT
                                                                            ID: FdvOmzXlt7fu_6S
                                                                      RP
                                                              RP
                                                            DOT
                                                            ID: LA6djqlNm0FokoJnIQk
                                                        DIV
                                                        Exp (33)
                                                          ID: X5rjcsuNxufDL6K
                                                          LP
                                                          RP
                                                      PLUS
                                                      Exp (33)
                                                        NOT
                                                        Exp (33)
                                                          INT: 399683659
                                              RB
                          SEMI
                        DefList (34)
                RC
            SEMI
          ExtDefList (35)
            ExtDef (35)
              Specifier (35)
                TYPE: int
              FunDec (35)
                ID: vQh1igkTTBJkAX
                LP
                RP
              CompSt (35)
                LC
                DefList (36)
                StmtList (36)
                  Stmt (36)
                    IF
                    LP
                    Exp (36)
                      ID: N4E
                    RP
                    Stmt (36)
                      CompSt (36)
                        LC
                        DefList (37)
                        StmtList (37)
                          Stmt (37)
                            WHILE
                            LP
                            Exp (37)
                              ID: IYC55XjGL38PGwO7G
                            RP
                            Stmt (37)
                              IF
                              LP
                              Exp (37)
                                ID: p3Z
                              RP
                              Stmt (37)
                                Exp (37)
                                  ID: YvmfE4mg
                                SEMI
                              ELSE
                              Stmt (39)
                                Exp (39)
                                  ID: DQ1
                                SEMI
                          StmtList (42)
                        RC
                    ELSE
                    Stmt (42)
                      IF
                      LP
                      Exp (42)
                        ID: CVFqslIhbR_jQ1TaMSU
                      RP
                      Stmt (42)
                        Exp (42)
                          ID: nl479
                        SEMI
                  StmtList (45)
                    Stmt (45)
                      RETURN
                      Exp (45)
                        ID: GVbjOZ7MsnBemAdGjJ8
                      SEMI
                    StmtList (46)
                RC
            ExtDefList (47)
              ExtDef (47)
                Specifier (47)
                  TYPE: int
                FunDec (47)
                  ID: PxaRp7O
                  LP
                  VarList (47)
                    ParamDec (47)
                      Specifier (47)
                        TYPE: int
                      VarDec (47)
                        ID: XHVcwixHa42tyU6To2
                    COMMA
                    VarList (47)
                      ParamDec (47)
                        Specifier (47)
                          TYPE: int
                        VarDec (47)
                          ID: MLyvpfQhknf
                  RP
                CompSt (48)
                  LC
                  DefList (49)
                  StmtList (49)
                  RC
              ExtDefList (50)
                ExtDef (50)
                  Specifier (50)
                    TYPE: int
                  FunDec (50)
                    ID: AMsI8Z1BqgYVHv8
                    LP
                    RP
                  CompSt (50)
                    LC
                    DefList (51)
                    StmtList (51)
                    RC
                ExtDefList (52)
                  ExtDef (52)
                    Specifier (52)
                      TYPE: int
                    ExtDecList (52)
                      VarDec (52)
                        ID: KoWAOo
                      COMMA
                      ExtDecList (52)
                        VarDec (52)
                          ID: p
                    SEMI
                  ExtDefList (55)
