Program (1)
  ExtDefList (1)
    ExtDef (1)
      Specifier (1)
        TYPE: int
      FunDec (1)
        ID: gZPyOO9S05U2FwwEJH6
        LP
        VarList (1)
          ParamDec (1)
            Specifier (1)
              TYPE: float
            VarDec (1)
              VarDec (1)
                ID: V
              LB
              INT: 2030224081
              RB
        RP
      CompSt (2)
        LC
        DefList (3)
          Def (3)
            Specifier (3)
              StructSpecifier (3)
                STRUCT
                Tag (3)
                  ID: WcKPGbnlF
            DecList (3)
              Dec (3)
                VarDec (3)
                  ID: m2M1b
            SEMI
          DefList (4)
        StmtList (4)
        RC
    ExtDefList (5)
      ExtDef (5)
        Specifier (5)
          StructSpecifier (5)
            STRUCT
            OptTag (5)
              ID: SYbPQo6Vh
            LC
            DefList (6)
              Def (6)
                Specifier (6)
                  StructSpecifier (6)
                    STRUCT
                    Tag (6)
                      ID: d5q94v
                DecList (6)
                  Dec (6)
                    VarDec (6)
                      ID: vbwVA
                SEMI
              DefList (7)
                Def (7)
                  Specifier (7)
                    TYPE: int
                  DecList (7)
                    Dec (7)
                      VarDec (7)
                        ID: O
                  SEMI
                DefList (8)
                  Def (8)
                    Specifier (8)
                      TYPE: int
                    DecList (8)
                      Dec (8)
                        VarDec (8)
                          ID: JkB
                      COMMA
                      DecList (8)
                        Dec (8)
                          VarDec (8)
                            ID: rkyR
                          ASSIGNOP
                          Exp (8)
                            Exp (8)
                              ID: mR
                            ASSIGNOP
                            Exp (8)
                              Exp (8)
                                ID: DGcfXTm8pGMBx0rkOb
                              OR
                              Exp (8)
                                Exp (8)
                                  ID: C3B4impjeDroS1U
                                AND
                                Exp (9)
                                  Exp (9)
                                    ID: LSg3oeZVGQG
                                  RELOP: GE
                                  Exp (9)
                                    Exp (9)
                                      ID: nymcffmeP6LbiD
                                    PLUS
                                    Exp (9)
                                      Exp (9)
                                        Exp (9)
                                          ID: G
                                        LB
                                        Exp (9)
                                          Exp (9)
                                            ID: w6SRbypMSZ5pgssR9
                                          ASSIGNOP
                                          Exp (10)
                                            Exp (10)
                                              ID: Juo
                                            RELOP: LE
                                            Exp (10)
                                              Exp (10)
                                                ID: d4thVAACO
                                                LP
                                                Args (10)
                                                  Exp (10)
                                                    Exp (10)
                                                      ID: u8ASDdWE7n1yVNX
                                                    RELOP: LT
                                                    Exp (10)
                                                      Exp (10)
                                                        ID: nKXv62Jyj
                                                      MINUS
                                                      Exp (11)
                                                        NOT
                                                        Exp (11)
                                                          Exp (11)
                                                            Exp (11)
                                                              ID: wg6Gn5Llyt96ryI
                                                            LB
                                                            Exp (11)
                                                              Exp (11)
                                                                ID: gcY9
                                                              AND
                                                              Exp (11)
                                                                Exp (11)
                                                                  ID: y4WTSKX
                                                                RELOP: EQ
                                                                Exp (11)
                                                                  Exp (11)
                                                                    ID: C0KPlZ
                                                                  PLUS
                                                                  Exp (11)
                                                                    Exp (11)
                                                                      ID: JSeXAZ9C0k
                                                                    LB
                                                                    Exp (12)
                                                                      Exp (12)
                                                                        ID: yS4Txuo0Cd_H_lKO3T
                                                                      RELOP: NE
                                                                      Exp (12)
                                                                        MINUS
                                                                        Exp (12)
                                                                          Exp (12)
                                                                            Exp (12)
                                                                              ID: koF1wx8qLXyjF6E8SC7
                                                                              LP
                                                                              Args (12)
                                                                                Exp (12)
                                                                                  ID: wVIxFY89aTUpr9G3ROZ
                                                                                COMMA
                                                                                Args (13)
                                                                                  Exp (13)
                                                                                    Exp (13)
                                                                                      ID: ptn
                                                                                    AND
                                                                                    Exp (13)
                                                                                      Exp (13)
                                                                                        ID: zrQo6Ru1OahMn
                                                                                      RELOP: GT
                                                                                      Exp (13)
                                                                                        Exp (13)
                                                                                          Exp (13)
                                                                                            ID: opzP_aCRIGr
                                                                                          STAR
                                                                                          Exp (13)
                                                                                            ID: gs
                                                                                        MINUS
                                                                                        Exp (13)
                                                                                          LP
                                                                                          Exp (13)
                                                                                            FLOAT: 2116751252.1983372620
                                                                                          RP
                                                                              RP
                                                                            DOT
                                                                            ID: hM64qLeuWA8HV
                                                                          DOT
                                                                          ID: jkvarb
                                                                    RB
                                                            RB
                                                          DOT
                                                          ID: OO6ypOiCCh23UHrZ
                                                RP
                                              DIV
                                              Exp (15)
                                                ID: WmAZo2
                                                LP
                                                RP
                                        RB
                                      STAR
                                      Exp (15)
                                        MINUS
                                        Exp (15)
                                          NOT
                                          Exp (15)
                                            Exp (15)
                                              INT: 1273884479
                                            DOT
                                            ID: W
                    SEMI
                  DefList (16)
            RC
        SEMI
      ExtDefList (17)
        ExtDef (17)
          Specifier (17)
            TYPE: int
          SEMI
        ExtDefList (18)
          ExtDef (18)
            Specifier (18)
              TYPE: int
            ExtDecList (18)
              VarDec (18)
                ID: dJyEB0zmSqH3pt
              COMMA
              ExtDecList (18)
                VarDec (18)
                  ID: VlbYt5EomtmLZz6dbO
            SEMI
          ExtDefList (21)
            ExtDef (21)
              Specifier (21)
                StructSpecifier (21)
                  STRUCT
                  Tag (21)
                    ID: hL4KTi1pM6_T0k
              ExtDecList (21)
                VarDec (21)
                  ID: fa_4r0
              SEMI
            ExtDefList (23)
              ExtDef (23)
                Specifier (23)
                  TYPE: int
                SEMI
              ExtDefList (24)
                ExtDef (24)
                  Specifier (24)
                    TYPE: int
                  SEMI
                ExtDefList (25)
                  ExtDef (25)
                    Specifier (25)
                      TYPE: int
                    SEMI
                  ExtDefList (26)
                    ExtDef (26)
                      Specifier (26)
                        TYPE: int
                      FunDec (26)
                        ID: DIX
                        LP
                        RP
                      CompSt (26)
                        LC
                        DefList (27)
                        StmtList (27)
                          Stmt (27)
                            Exp (27)
                              ID: lJ
                            SEMI
                          StmtList (28)
                            Stmt (28)
                              IF
                              LP
                              Exp (28)
                                ID: rIP5Wb2BPU9t
                              RP
                              Stmt (28)
                                Exp (28)
                                  ID: D
                                SEMI
                              ELSE
                              Stmt (29)
                                IF
                                LP
                                Exp (29)
                                  ID: jptrx4Dn
                                RP
                                Stmt (29)
                                  IF
                                  LP
                                  Exp (29)
                                    ID: oK_Pj732nbO9FBv
                                  RP
                                  Stmt (29)
                                    CompSt (29)
                                      LC
                                      DefList (30)
                                      StmtList (30)
                                        Stmt (30)
                                          WHILE
                                          LP
                                          Exp (30)
                                            ID: BbfDajJ
                                          RP
                                          Stmt (30)
                                            Exp (30)
                                              ID: PtRgIPZjnwOLCjEkW
                                            SEMI
                                        StmtList (32)
                                      RC
                                  ELSE
                                  Stmt (32)
                                    Exp (32)
                                      ID: TmgiV4eztDx
                                    SEMI
                            StmtList (36)
                              Stmt (36)
                                RETURN
                                Exp (36)
                                  ID: zPVKe9ec5Q0RJtnNFUf1
                                SEMI
                              StmtList (37)
                        RC
                    ExtDefList (38)
                      ExtDef (38)
                        Specifier (38)
                          StructSpecifier (38)
                            STRUCT
                            OptTag (38)
                            LC
                            DefList (39)
                              Def (39)
                                Specifier (39)
                                  TYPE: int
                                DecList (39)
                                  Dec (39)
                                    VarDec (39)
                                      ID: jkOexQ6tdu9EHWr
                                SEMI
                              DefList (40)
                                Def (40)
                                  Specifier (40)
                                    StructSpecifier (40)
                                      STRUCT
                                      Tag (40)
                                        ID: Db28AARBoWZ916vqFo8
                                  DecList (40)
                                    Dec (40)
                                      VarDec (40)
                                        ID: wfeV9_poWc1UIQY
                                  SEMI
                                DefList (41)
                            RC
                        ExtDecList (41)
                          VarDec (41)
                            ID: Qf55nGWl6xxc
                        SEMI
                      ExtDefList (43)
                        ExtDef (43)
                          Specifier (43)
                            TYPE: int
                          SEMI
                        ExtDefList (44)
                          ExtDef (44)
                            Specifier (44)
                              TYPE: int
                            FunDec (44)
                              ID: YyhiHNqBvYBf2i
                              LP
                              VarList (44)
                                ParamDec (44)
                                  Specifier (44)
                                    TYPE: int
                                  VarDec (44)
                                    ID: X1jPxAUC_Y
                                COMMA
                                VarList (44)
                                  ParamDec (44)
                                    Specifier (44)
                                      TYPE: int
                                    VarDec (44)
                                      ID: L5G9WEbe_5CGvy8
                              RP
                            CompSt (45)
                              LC
                              DefList (46)
                              StmtList (46)
                              RC
                          ExtDefList (47)
