Program (1)
  ExtDefList (1)
    ExtDef (1)
      Specifier (1)
        StructSpecifier (1)
          STRUCT
          Tag (1)
            ID: eQnrV7wm1bZJ2p
      ExtDecList (1)
        VarDec (1)
          VarDec (1)
            ID: BSNU1CPgnAv5koPLWCZ
          LB
          INT: 579329072
          RB
        COMMA
        ExtDecList (2)
          VarDec (2)
            ID: YMr
      SEMI
    ExtDefList (5)
      ExtDef (5)
        Specifier (5)
          TYPE: float
        SEMI
      ExtDefList (6)
        ExtDef (6)
          Specifier (6)
            TYPE: int
          FunDec (6)
            ID: HJ27eeOW
            LP
            RP
          CompSt (6)
            LC
            DefList (7)
            StmtList (7)
              Stmt (7)
                RETURN
                Exp (7)
                  Exp (7)
                    ID: xA5f
                  ASSIGNOP
                  Exp (7)
                    Exp (7)
                      ID: uT
                    RELOP: GE
                    Exp (7)
                      Exp (7)
                        Exp (7)
                          ID: ZdY_234Y6ck6Z
                        DIV
                        Exp (7)
                          NOT
                          Exp (7)
                            Exp (7)
                              LP
                              Exp (7)
                                Exp (7)
                                  ID: IdInzfFcV
                                ASSIGNOP
                                Exp (8)
                                  Exp (8)
                                    ID: xz
                                  OR
                                  Exp (8)
                                    Exp (8)
                                      ID: kWhsbZj6uAL1
                                    AND
                                    Exp (8)
                                      Exp (8)
                                        ID: x
                                      RELOP: EQ
                                      Exp (8)
                                        Exp (8)
                                          ID: vYpZZ0GM3ygLE
                                        PLUS
                                        Exp (8)
                                          ID: kT2FLOoUmgmO7F4Z7FW
                                          LP
                                          Args (9)
                                            Exp (9)
                                              ID: Y1KQ7_RY2
                                            COMMA
                                            Args (9)
                                              Exp (9)
                                                Exp (9)
                                                  ID: t0HG62ZPY9vau8lieBS
                                                OR
                                                Exp (9)
                                                  Exp (9)
                                                    ID: PrOOMsJ_AH4nTVFyw
                                                  AND
                                                  Exp (10)
                                                    Exp (10)
                                                      ID: C1Eofy
                                                    RELOP: NE
                                                    Exp (10)
                                                      Exp (10)
                                                        ID: zsARtxVKw
                                                      MINUS
                                                      Exp (10)
                                                        Exp (10)
                                                          ID: eyKcj
                                                        STAR
                                                        Exp (10)
                                                          MINUS
                                                          Exp (10)
                                                            Exp (10)
                                                              ID: wGB
                                                            LB
                                                            Exp (10)
                                                              Exp (10)
                                                                ID: nNLwfu7NMl
                                                              ASSIGNOP
                                                              Exp (11)
                                                                Exp (11)
                                                                  ID: F45dC6bAp
                                                                AND
                                                                Exp (11)
                                                                  Exp (11)
                                                                    ID: S0xgRCEHo5rcW0XU
                                                                  RELOP: GT
                                                                  Exp (11)
                                                                    MINUS
                                                                    Exp (11)
                                                                      NOT
                                                                      Exp (11)
                                                                        Exp (11)
                                                                          Exp (11)
                                                                            Exp (11)
                                                                              ID: pT
                                                                            LB
                                                                            Exp (11)
                                                                              Exp (11)
                                                                                ID: GZnL
                                                                              ASSIGNOP
                                                                              Exp (12)
                                                                                Exp (12)
                                                                                  ID: V
                                                                                OR
                                                                                Exp (12)
                                                                                  Exp (12)
                                                                                    ID: oQLGklOv_YKJ_MqZkXW4
                                                                                  DIV
                                                                                  Exp (12)
                                                                                    Exp (12)
                                                                                      Exp (12)
                                                                                        ID: KTxLRX1uFE
                                                                                      LB
                                                                                      Exp (12)
                                                                                        Exp (12)
                                                                                          ID: p5mkN
                                                                                        RELOP: LE
                                                                                        Exp (13)
                                                                                          Exp (13)
                                                                                            Exp (13)
                                                                                              ID: KMTW5H
                                                                                              LP
                                                                                              Args (13)
                                                                                                Exp (13)
                                                                                                  ID: ZvFGo43j2bb9hbenPl0
                                                                                                COMMA
                                                                                                Args (13)
                                                                                                  Exp (13)
                                                                                                    Exp (13)
                                                                                                      ID: okgQxH6sBCSkyze1
                                                                                                    RELOP: LT
                                                                                                    Exp (14)
                                                                                                      ID: RTy27xjNHaJppDEZw
                                                                                              RP
                                                                                            PLUS
                                                                                            Exp (14)
                                                                                              NOT
                                                                                              Exp (14)
                                                                                                Exp (14)
                                                                                                  INT: 335425685
                                                                                                DOT
                                                                                                ID: ncfA8aSs3yMW72yvZyMc
                                                                                          MINUS
                                                                                          Exp (15)
                                                                                            Exp (15)
                                                                                              MINUS
                                                                                              Exp (15)
                                                                                                MINUS
                                                                                                Exp (15)
                                                                                                  ID: Y
                                                                                            STAR
                                                                                            Exp (15)
                                                                                              FLOAT: 888132489.527726683
                                                                                      RB
                                                                                    DOT
                                                                                    ID: h
                                                                            RB
                                                                          DOT
                                                                          ID: Lvx2Ui8xHQQ9FUigULjz
                                                                        DOT
                                                                        ID: tc41du
                                                            RB
                                          RP
                              RP
                            DOT
                            ID: ySYUyYWJ8uvY
                      STAR
                      Exp (16)
                        MINUS
                        Exp (16)
                          NOT
                          Exp (16)
                            ID: kqG5OrTj8e
                            LP
                            RP
                SEMI
              StmtList (18)
            RC
        ExtDefList (19)
          ExtDef (19)
            Specifier (19)
              StructSpecifier (19)
                STRUCT
                OptTag (19)
                LC
                DefList (20)
                  Def (20)
                    Specifier (20)
                      StructSpecifier (20)
                        STRUCT
                        Tag (20)
                          ID: YBw
                    DecList (20)
                      Dec (20)
                        VarDec (20)
                          ID: JWh
                        ASSIGNOP
                        Exp (20)
                          ID: JxlWWBzO
                    SEMI
                  DefList (21)
                RC
            SEMI
          ExtDefList (22)
            ExtDef (22)
              Specifier (22)
                TYPE: int
              ExtDecList (22)
                VarDec (22)
                  ID: XhNtHxIUKl
              SEMI
            ExtDefList (24)
              ExtDef (24)
                Specifier (24)
                  StructSpecifier (24)
                    STRUCT
                    Tag (24)
                      ID: r
                SEMI
              ExtDefList (25)
                ExtDef (25)
                  Specifier (25)
                    TYPE: int
                  SEMI
                ExtDefList (26)
                  ExtDef (26)
                    Specifier (26)
                      StructSpecifier (26)
                        STRUCT
                        Tag (26)
                          ID: BSbfTxbsGa55eKZzXRO
                    SEMI
                  ExtDefList (27)
                    ExtDef (27)
                      Specifier (27)
                        TYPE: int
                      SEMI
                    ExtDefList (28)
                      ExtDef (28)
                        Specifier (28)
                          TYPE: int
                        SEMI
                      ExtDefList (29)
                        ExtDef (29)
                          Specifier (29)
                            StructSpecifier (29)
                              STRUCT
                              Tag (29)
                                ID: myTW
                          SEMI
                        ExtDefList (30)
                          ExtDef (30)
                            Specifier (30)
                              TYPE: int
                            SEMI
                          ExtDefList (31)
                            ExtDef (31)
                              Specifier (31)
                                TYPE: int
                              SEMI
                            ExtDefList (32)
                              ExtDef (32)
                                Specifier (32)
                                  StructSpecifier (32)
                                    STRUCT
                                    Tag (32)
                                      ID: Hp42dtzWObj
                                SEMI
                              ExtDefList (33)
                                ExtDef (33)
                                  Specifier (33)
                                    TYPE: int
                                  SEMI
                                ExtDefList (34)
                                  ExtDef (34)
                                    Specifier (34)
                                      StructSpecifier (34)
                                        STRUCT
                                        OptTag (34)
                                          ID: dWcqDRWHZOSCX
                                        LC
                                        DefList (35)
                                        RC
                                    ExtDecList (35)
                                      VarDec (35)
                                        ID: n3Fm
                                    SEMI
                                  ExtDefList (37)
                                    ExtDef (37)
                                      Specifier (37)
                                        TYPE: int
                                      ExtDecList (37)
                                        VarDec (37)
                                          ID: DGjKwEJmxe37iL
                                      SEMI
                                    ExtDefList (39)
                                      ExtDef (39)
                                        Specifier (39)
                                          StructSpecifier (39)
                                            STRUCT
                                            Tag (39)
                                              ID: P5HtJn0jB
                                        SEMI
                                      ExtDefList (40)
                                        ExtDef (40)
                                          Specifier (40)
                                            StructSpecifier (40)
                                              STRUCT
                                              OptTag (40)
                                              LC
                                              DefList (41)
                                                Def (41)
                                                  Specifier (41)
                                                    TYPE: int
                                                  DecList (41)
                                                    Dec (41)
                                                      VarDec (41)
                                                        ID: q5wxRGTe25J8gVrJ4I
                                                  SEMI
                                                DefList (42)
                                                  Def (42)
                                                    Specifier (42)
                                                      TYPE: int
                                                    DecList (42)
                                                      Dec (42)
                                                        VarDec (42)
                                                          ID: hurmNkELwt
                                                      COMMA
                                                      DecList (42)
                                                        Dec (42)
                                                          VarDec (42)
                                                            ID: OtNO
                                                        COMMA
                                                        DecList (42)
                                                          Dec (42)
                                                            VarDec (42)
                                                              ID: rmi2xU4RjBh
                                                    SEMI
                                                  DefList (43)
                                              RC
                                          SEMI
                                        ExtDefList (44)
                                          ExtDef (44)
                                            Specifier (44)
                                              TYPE: int
                                            FunDec (44)
                                              ID: Bl
                                              LP
                                              VarList (44)
                                                ParamDec (44)
                                                  Specifier (44)
                                                    TYPE: int
                                                  VarDec (44)
                                                    ID: yX
                                              RP
                                            CompSt (44)
                                              LC
                                              DefList (45)
                                              StmtList (45)
                                                Stmt (45)
                                                  IF
                                                  LP
                                                  Exp (45)
                                                    ID: ss4WYzQpMT_VqkzZ4h_
                                                  RP
                                                  Stmt (45)
                                                    Exp (45)
                                                      ID: DzfoI
                                                    SEMI
                                                  ELSE
                                                  Stmt (46)
                                                    IF
                                                    LP
                                                    Exp (46)
                                                      ID: GoJISLKYR6QCAimH
                                                    RP
                                                    Stmt (46)
                                                      WHILE
                                                      LP
                                                      Exp (46)
                                                        ID: H_8RrlwD
                                                      RP
                                                      Stmt (47)
                                                        CompSt (47)
                                                          LC
                                                          DefList (48)
                                                          StmtList (48)
                                                            Stmt (48)
                                                              IF
                                                              LP
                                                              Exp (48)
                                                                ID: _8kIU
                                                              RP
                                                              Stmt (48)
                                                                Exp (48)
                                                                  ID: P67Hh
                                                                SEMI
                                                              ELSE
                                                              Stmt (49)
                                                                Exp (49)
                                                                  ID: brbp
                                                                SEMI
                                                            StmtList (51)
                                                          RC
                                                StmtList (54)
                                              RC
                                          ExtDefList (55)
                                            ExtDef (55)
                                              Specifier (55)
                                                TYPE: int
                                              SEMI
                                            ExtDefList (56)
                                              ExtDef (56)
                                                Specifier (56)
                                                  TYPE: int
                                                FunDec (56)
                                                  ID: rTh
                                                  LP
                                                  RP
                                                CompSt (56)
                                                  LC
                                                  DefList (57)
                                                  StmtList (57)
                                                  RC
                                              ExtDefList (58)
                                                ExtDef (58)
                                                  Specifier (58)
                                                    TYPE: int
                                                  SEMI
                                                ExtDefList (59)
                                                  ExtDef (59)
                                                    Specifier (59)
                                                      TYPE: int
                                                    SEMI
                                                  ExtDefList (60)
                                                    ExtDef (60)
                                                      Specifier (60)
                                                        TYPE: int
                                                      SEMI
                                                    ExtDefList (61)
                                                      ExtDef (61)
                                                        Specifier (61)
                                                          TYPE: int
                                                        FunDec (61)
                                                          ID: yRORsBAWplVzZMWA
                                                          LP
                                                          RP
                                                        CompSt (61)
                                                          LC
                                                          DefList (62)
                                                          StmtList (62)
                                                          RC
                                                      ExtDefList (63)
                                                        ExtDef (63)
                                                          Specifier (63)
                                                            TYPE: int
                                                          FunDec (63)
                                                            ID: DeYeCbNwO7HMCsg7GET
                                                            LP
                                                            VarList (63)
                                                              ParamDec (63)
                                                                Specifier (63)
                                                                  TYPE: int
                                                                VarDec (63)
                                                                  ID: r0sjDD_Nf
                                                              COMMA
                                                              VarList (63)
                                                                ParamDec (63)
                                                                  Specifier (63)
                                                                    TYPE: int
                                                                  VarDec (63)
                                                                    ID: F
                                                            RP
                                                          CompSt (64)
                                                            LC
                                                            DefList (65)
                                                            StmtList (65)
                                                            RC
                                                        ExtDefList (66)
