Program (1)
  ExtDefList (1)
    ExtDef (1)
      Specifier (1)
        StructSpecifier (1)
          STRUCT
          Tag (1)
            ID: aX0X5nv6R7IT7zTICg
      ExtDecList (1)
        VarDec (1)
          VarDec (1)
            ID: iGPNca39NeAcmdhy6UsB
          LB
          INT: 2119174276
          RB
        COMMA
        ExtDecList (2)
          VarDec (2)
            ID: Yk5JMMRq9
      SEMI
    ExtDefList (5)
      ExtDef (5)
        Specifier (5)
          TYPE: int
        FunDec (5)
          ID: JmtOkM
          LP
          VarList (5)
            ParamDec (5)
              Specifier (5)
                TYPE: int
              VarDec (5)
                ID: Vww2Pld9TSQ_q95
            COMMA
            VarList (5)
              ParamDec (5)
                Specifier (5)
                  TYPE: int
                VarDec (5)
                  ID: ExmMs0wOiT
          RP
        CompSt (6)
          LC
          DefList (7)
          StmtList (7)
          RC
      ExtDefList (8)
        ExtDef (8)
          Specifier (8)
            TYPE: int
          SEMI
        ExtDefList (9)
          ExtDef (9)
            Specifier (9)
              TYPE: int
            FunDec (9)
              ID: MUAC1
              LP
              RP
            CompSt (9)
              LC
              DefList (10)
              StmtList (10)
              RC
          ExtDefList (11)
            ExtDef (11)
              Specifier (11)
                TYPE: int
              FunDec (11)
                ID: ZxBp
                LP
                VarList (11)
                  ParamDec (11)
                    Specifier (11)
                      TYPE: int
                    VarDec (11)
                      ID: r5Js6KLIhIdJx4w
                RP
              CompSt (11)
                LC
                DefList (12)
                StmtList (12)
                  Stmt (12)
                    Exp (12)
                      ID: tr0pi
                    SEMI
                  StmtList (13)
                    Stmt (13)
                      IF
                      LP
                      Exp (13)
                        ID: o_58LkPQYkg02Buzd
                      RP
                      Stmt (13)
                        CompSt (13)
                          LC
                          DefList (14)
                            Def (14)
                              Specifier (14)
                                TYPE: int
                              DecList (14)
                                Dec (14)
                                  VarDec (14)
                                    ID: HAq7EzrkN
                              SEMI
                            DefList (15)
                              Def (15)
                                Specifier (15)
                                  StructSpecifier (15)
                                    STRUCT
                                    OptTag (15)
                                    LC
                                    DefList (16)
                                      Def (16)
                                        Specifier (16)
                                          StructSpecifier (16)
                                            STRUCT
                                            Tag (16)
                                              ID: HMhdkQBRardszxF3
                                        DecList (16)
                                          Dec (16)
                                            VarDec (16)
                                              ID: kRbKSyRLax_x
                                        SEMI
                                      DefList (17)
                                        Def (17)
                                          Specifier (17)
                                            StructSpecifier (17)
                                              STRUCT
                                              Tag (17)
                                                ID: Va6I9utysGc
                                          DecList (17)
                                            Dec (17)
                                              VarDec (17)
                                                ID: sBfWuGgO
                                          SEMI
                                        DefList (18)
                                    RC
                                DecList (18)
                                  Dec (18)
                                    VarDec (18)
                                      ID: fxFr0JUpTZp590n_Sh2y
                                SEMI
                              DefList (19)
                                Def (19)
                                  Specifier (19)
                                    StructSpecifier (19)
                                      STRUCT
                                      OptTag (19)
                                        ID: BI3qY7KiylfAhe
                                      LC
                                      DefList (20)
                                        Def (20)
                                          Specifier (20)
                                            TYPE: int
                                          DecList (20)
                                            Dec (20)
                                              VarDec (20)
                                                ID: d58Q6sV3t63i0Dd
                                          SEMI
                                        DefList (21)
                                      RC
                                  DecList (21)
                                    Dec (21)
                                      VarDec (21)
                                        ID: QGxBGRc1rC6sc36
                                    COMMA
                                    DecList (21)
                                      Dec (21)
                                        VarDec (21)
                                          ID: Q
                                        ASSIGNOP
                                        Exp (21)
                                          ID: O1p0kdrhkS
                                  SEMI
                                DefList (22)
                          StmtList (22)
                            Stmt (22)
                              IF
                              LP
                              Exp (22)
                                ID: f_450lpUnF
                              RP
                              Stmt (22)
                                WHILE
                                LP
                                Exp (22)
                                  ID: LTwGn7w
                                RP
                                Stmt (22)
                                  Exp (22)
                                    ID: RtWm3fpBGB1lb5nW
                                  SEMI
                              ELSE
                              Stmt (25)
                                RETURN
                                Exp (25)
                                  ID: D46f
                                SEMI
                            StmtList (27)
                          RC
                      ELSE
                      Stmt (27)
                        IF
                        LP
                        Exp (27)
                          ID: xK9Q7lUm5Nbq9SqS460N
                        RP
                        Stmt (27)
                          Exp (27)
                            Exp (27)
                              ID: TOxN7lwglmwGs20Y
                            ASSIGNOP
                            Exp (28)
                              Exp (28)
                                ID: VD41NOwut_JM2r
                              RELOP: GE
                              Exp (28)
                                Exp (28)
                                  ID: gPJZTqHoZMPALt
                                PLUS
                                Exp (28)
                                  Exp (28)
                                    NOT
                                    Exp (28)
                                      NOT
                                      Exp (28)
                                        Exp (28)
                                          Exp (28)
                                            ID: hD6_iiVOXBnGzC5F95B
                                          LB
                                          Exp (29)
                                            Exp (29)
                                              ID: Pm6IRTLT7pCgKa8g8
                                            OR
                                            Exp (29)
                                              Exp (29)
                                                ID: VpMzcw4i8
                                              AND
                                              Exp (29)
                                                Exp (29)
                                                  ID: y24TIT
                                                RELOP: GT
                                                Exp (29)
                                                  Exp (29)
                                                    ID: _cDM6In__
                                                  MINUS
                                                  Exp (30)
                                                    Exp (30)
                                                      ID: knw5lNojS1D43BBidv
                                                    DIV
                                                    Exp (30)
                                                      MINUS
                                                      Exp (30)
                                                        NOT
                                                        Exp (30)
                                                          MINUS
                                                          Exp (30)
                                                            ID: r2
                                                            LP
                                                            Args (30)
                                                              Exp (30)
                                                                ID: eSvk1pda36bjutUUprkL
                                                              COMMA
                                                              Args (31)
                                                                Exp (31)
                                                                  Exp (31)
                                                                    ID: iY4Nw
                                                                  ASSIGNOP
                                                                  Exp (31)
                                                                    Exp (31)
                                                                      ID: LZjOQtvhGbsPrVxh
                                                                    ASSIGNOP
                                                                    Exp (31)
                                                                      Exp (31)
                                                                        ID: ZvKdzm06ZviC8mER
                                                                      ASSIGNOP
                                                                      Exp (31)
                                                                        Exp (31)
                                                                          ID: TAqFzc
                                                                        OR
                                                                        Exp (32)
                                                                          Exp (32)
                                                                            ID: B
                                                                          RELOP: EQ
                                                                          Exp (32)
                                                                            Exp (32)
                                                                              Exp (32)
                                                                                NOT
                                                                                Exp (32)
                                                                                  LP
                                                                                  Exp (32)
                                                                                    Exp (32)
                                                                                      ID: F_0
                                                                                    MINUS
                                                                                    Exp (32)
                                                                                      Exp (32)
                                                                                        ID: CahyeCEQK1bgINCG
                                                                                      STAR
                                                                                      Exp (32)
                                                                                        NOT
                                                                                        Exp (32)
                                                                                          NOT
                                                                                          Exp (32)
                                                                                            ID: vzzz4
                                                                                            LP
                                                                                            Args (32)
                                                                                              Exp (32)
                                                                                                Exp (32)
                                                                                                  ID: FNgZObD2SNxd
                                                                                                RELOP: LT
                                                                                                Exp (33)
                                                                                                  Exp (33)
                                                                                                    ID: a_bj6ak0u2cPppqG
                                                                                                  LB
                                                                                                  Exp (33)
                                                                                                    Exp (33)
                                                                                                      ID: GWuglAwVoq1
                                                                                                    AND
                                                                                                    Exp (33)
                                                                                                      Exp (33)
                                                                                                        ID: PsvsNyDgMS28_s
                                                                                                      RELOP: NE
                                                                                                      Exp (34)
                                                                                                        Exp (34)
                                                                                                          ID: g4TY5_q
                                                                                                          LP
                                                                                                          Args (34)
                                                                                                            Exp (34)
                                                                                                              ID: xXUmvUrKqpZ_oE
                                                                                                            COMMA
                                                                                                            Args (34)
                                                                                                              Exp (34)
                                                                                                                ID: kKplaA8l356oeF
                                                                                                              COMMA
                                                                                                              Args (34)
                                                                                                                Exp (34)
                                                                                                                  ID: RQzoB8MX6Ol4rFm_cRTZ
                                                                                                                COMMA
                                                                                                                Args (35)
                                                                                                                  Exp (35)
                                                                                                                    Exp (35)
                                                                                                                      ID: mwjT
                                                                                                                    RELOP: LE
                                                                                                                    Exp (35)
                                                                                                                      ID: aVlv7UMDQCBsZU
                                                                                                          RP
                                                                                                        DIV
                                                                                                        Exp (35)
                                                                                                          NOT
                                                                                                          Exp (35)
                                                                                                            INT: 1416990381
                                                                                                  RB
                                                                                            RP
                                                                                  RP
                                                                              DIV
                                                                              Exp (36)
                                                                                FLOAT: 1530700252.1106174843
                                                                            DIV
                                                                            Exp (36)
                                                                              NOT
                                                                              Exp (36)
                                                                                ID: c529
                                                            RP
                                          RB
                                        DOT
                                        ID: sfpEkVOEkRbNudRFd
                                  STAR
                                  Exp (37)
                                    MINUS
                                    Exp (37)
                                      ID: dTTjxb35XEkE
                                      LP
                                      RP
                          SEMI
                    StmtList (40)
                RC
            ExtDefList (41)
              ExtDef (41)
                Specifier (41)
                  TYPE: float
                FunDec (41)
                  ID: Pmj
                  LP
                  RP
                CompSt (41)
                  LC
                  DefList (42)
                  StmtList (42)
                  RC
              ExtDefList (43)
                ExtDef (43)
                  Specifier (43)
                    TYPE: int
                  SEMI
                ExtDefList (44)
