Program (1)
  ExtDefList (1)
    ExtDef (1)
      Specifier (1)
        StructSpecifier (1)
          STRUCT
          Tag (1)
            ID: I_gtM3t
      SEMI
    ExtDefList (2)
      ExtDef (2)
        Specifier (2)
          TYPE: int
        FunDec (2)
          ID: l6l6dwg
          LP
          RP
        CompSt (2)
          LC
          DefList (3)
            Def (3)
              Specifier (3)
                TYPE: float
              DecList (3)
                Dec (3)
                  VarDec (3)
                    ID: lJBmjFbVnTvoj
              SEMI
            DefList (4)
          StmtList (4)
            Stmt (4)
              IF
              LP
              Exp (4)
                ID: s_wTOEothnm
              RP
              Stmt (4)
                CompSt (4)
                  LC
                  DefList (5)
                  StmtList (5)
                    Stmt (5)
                      IF
                      LP
                      Exp (5)
                        ID: YtCsmWcQVD
                      RP
                      Stmt (5)
                        Exp (5)
                          ID: LDmMsxid
                        SEMI
                    StmtList (7)
                      Stmt (7)
                        IF
                        LP
                        Exp (7)
                          ID: t
                        RP
                        Stmt (7)
                          WHILE
                          LP
                          Exp (7)
                            ID: FboEsaJVs
                          RP
                          Stmt (7)
                            Exp (7)
                              ID: DJ
                            SEMI
                        ELSE
                        Stmt (9)
                          IF
                          LP
                          Exp (9)
                            ID: NZS1RMgySzgkFhJW1Y
                          RP
                          Stmt (9)
                            IF
                            LP
                            Exp (9)
                              ID: gL3PM7tMnSARB
                            RP
                            Stmt (10)
                              Exp (10)
                                ID: hX1muQ
                              SEMI
                            ELSE
                            Stmt (11)
                              RETURN
                              Exp (11)
                                Exp (11)
                                  ID: SAujmTPGsGvM_9D9yT
                                ASSIGNOP
                                Exp (11)
                                  Exp (11)
                                    ID: VQsM5i2cMnwNd
                                  RELOP: LE
                                  Exp (12)
                                    Exp (12)
                                      ID: aIWv2rJVrR9
                                    MINUS
                                    Exp (12)
                                      Exp (12)
                                        Exp (12)
                                          ID: pMdp
                                        DIV
                                        Exp (12)
                                          ID: AFVzP_f49Bhjx7vEvO
                                          LP
                                          Args (12)
                                            Exp (12)
                                              Exp (12)
                                                ID: wvA9bQnbt4a9gK
                                              ASSIGNOP
                                              Exp (13)
                                                Exp (13)
                                                  ID: OUkvXM7KWoxENjJex8g
                                                ASSIGNOP
                                                Exp (13)
                                                  Exp (13)
                                                    ID: wLrdX
                                                  OR
                                                  Exp (13)
                                                    Exp (13)
                                                      ID: XZgZZDVJQVZYX3nDs
                                                    AND
                                                    Exp (14)
                                                      Exp (14)
                                                        Exp (14)
                                                          ID: WC
                                                        RELOP: EQ
                                                        Exp (14)
                                                          Exp (14)
                                                            ID: gg5dCagkzn6WN6_TR
                                                          PLUS
                                                          Exp (14)
                                                            Exp (14)
                                                              ID: XcQ3on8OxS
                                                            DIV
                                                            Exp (14)
                                                              Exp (14)
                                                                ID: yyxixHPJSErN5Nz
                                                              LB
                                                              Exp (15)
                                                                Exp (15)
                                                                  ID: uEwvtMEv7
                                                                STAR
                                                                Exp (15)
                                                                  NOT
                                                                  Exp (15)
                                                                    Exp (15)
                                                                      ID: rBhuwNs
                                                                    LB
                                                                    Exp (15)
                                                                      Exp (15)
                                                                        ID: DW_SnQ
                                                                      OR
                                                                      Exp (15)
                                                                        Exp (15)
                                                                          Exp (15)
                                                                            ID: nsAGAb
                                                                          RELOP: LT
                                                                          Exp (15)
                                                                            Exp (15)
                                                                              ID: IS9
                                                                            STAR
                                                                            Exp (16)
                                                                              LP
                                                                              Exp (16)
                                                                                Exp (16)
                                                                                  ID: YxMimpUgiPh3WLa
                                                                                RELOP: NE
                                                                                Exp (16)
                                                                                  Exp (16)
                                                                                    Exp (16)
                                                                                      Exp (16)
                                                                                        MINUS
                                                                                        Exp (16)
                                                                                          NOT
                                                                                          Exp (16)
                                                                                            Exp (16)
                                                                                              LP
                                                                                              Exp (16)
                                                                                                Exp (16)
                                                                                                  ID: zdxMD67TehOWwWDiZ
                                                                                                OR
                                                                                                Exp (16)
                                                                                                  ID: yFyh_SjWb3
                                                                                                  LP
                                                                                                  Args (17)
                                                                                                    Exp (17)
                                                                                                      ID: zOmmPeBrx
                                                                                                    COMMA
                                                                                                    Args (17)
                                                                                                      Exp (17)
                                                                                                        ID: Kt5J52JJp
                                                                                                  RP
                                                                                              RP
                                                                                            DOT
                                                                                            ID: UKGRbTPOqvWISm
                                                                                      STAR
                                                                                      Exp (17)
                                                                                        ID: oYH2xwx
                                                                                    DIV
                                                                                    Exp (18)
                                                                                      ID: mWDs_9f2KUA59
                                                                                  STAR
                                                                                  Exp (18)
                                                                                    ID: kCbC5f
                                                                              RP
                                                                        RELOP: GT
                                                                        Exp (18)
                                                                          NOT
                                                                          Exp (18)
                                                                            NOT
                                                                            Exp (18)
                                                                              FLOAT: 954870641.646550504
                                                                    RB
                                                              RB
                                                      RELOP: GE
                                                      Exp (19)
                                                        Exp (19)
                                                          INT: 829477505
                                                        DOT
                                                        ID: N5XcVVNpzHgLPY
                                          RP
                                      STAR
                                      Exp (19)
                                        NOT
                                        Exp (19)
                                          MINUS
                                          Exp (19)
                                            ID: mG8tft9o
                                            LP
                                            RP
                              SEMI
                      StmtList (24)
                  RC
            StmtList (25)
          RC
      ExtDefList (26)
        ExtDef (26)
          Specifier (26)
            StructSpecifier (26)
              STRUCT
              OptTag (26)
              LC
              DefList (27)
                Def (27)
                  Specifier (27)
                    TYPE: int
                  DecList (27)
                    Dec (27)
                      VarDec (27)
                        ID: _MaNqheV8zr
                  SEMI
                DefList (28)
                  Def (28)
                    Specifier (28)
                      TYPE: int
                    DecList (28)
                      Dec (28)
                        VarDec (28)
                          ID: _9j7
                    SEMI
                  DefList (29)
                    Def (29)
                      Specifier (29)
                        StructSpecifier (29)
                          STRUCT
                          OptTag (29)
                          LC
                          DefList (30)
                            Def (30)
                              Specifier (30)
                                StructSpecifier (30)
                                  STRUCT
                                  OptTag (30)
                                    ID: VgATue9uOUaud_iurtZm
                                  LC
                                  DefList (31)
                                    Def (31)
                                      Specifier (31)
                                        TYPE: int
                                      DecList (31)
                                        Dec (31)
                                          VarDec (31)
                                            ID: tF7MXTsdl
                                      SEMI
                                    DefList (32)
                                      Def (32)
                                        Specifier (32)
                                          StructSpecifier (32)
                                            STRUCT
                                            Tag (32)
                                              ID: tpjOo8NAfwqmH99
                                        DecList (32)
                                          Dec (32)
                                            VarDec (32)
                                              ID: lZCvF2i0
                                        SEMI
                                      DefList (33)
                                  RC
                              DecList (33)
                                Dec (33)
                                  VarDec (33)
                                    ID: pEfgsAJg1
                              SEMI
                            DefList (34)
                              Def (34)
                                Specifier (34)
                                  TYPE: int
                                DecList (34)
                                  Dec (34)
                                    VarDec (34)
                                      ID: M0R
                                SEMI
                              DefList (35)
                          RC
                      DecList (35)
                        Dec (35)
                          VarDec (35)
                            ID: Lwi3h5OPvZu
                      SEMI
                    DefList (36)
                      Def (36)
                        Specifier (36)
                          TYPE: int
                        DecList (36)
                          Dec (36)
                            VarDec (36)
                              ID: SgF6i1z3Xf_uahejh
                        SEMI
                      DefList (37)
                        Def (37)
                          Specifier (37)
                            StructSpecifier (37)
                              STRUCT
                              Tag (37)
                                ID: af
                          DecList (37)
                            Dec (37)
                              VarDec (37)
                                ID: TiglZ8n
                            COMMA
                            DecList (37)
                              Dec (37)
                                VarDec (37)
                                  ID: Qcsab
                                ASSIGNOP
                                Exp (37)
                                  ID: aziopHdXq_vsrSTGjz
                          SEMI
                        DefList (38)
              RC
          ExtDecList (38)
            VarDec (38)
              VarDec (38)
                ID: ilVsNcQPCl7KCrPhldD
              LB
              INT: 1787625848
              RB
          SEMI
        ExtDefList (40)
          ExtDef (40)
            Specifier (40)
              TYPE: int
            FunDec (40)
              ID: nX
              LP
              VarList (40)
                ParamDec (40)
                  Specifier (40)
                    TYPE: int
                  VarDec (40)
                    ID: Clthup7PKfO
              RP
            CompSt (40)
              LC
              DefList (41)
              StmtList (41)
              RC
          ExtDefList (42)
            ExtDef (42)
              Specifier (42)
                TYPE: int
              SEMI
            ExtDefList (43)
              ExtDef (43)
                Specifier (43)
                  TYPE: int
                SEMI
              ExtDefList (44)
                ExtDef (44)
                  Specifier (44)
                    TYPE: int
                  ExtDecList (44)
                    VarDec (44)
                      ID: L7fx1OZLql
                    COMMA
                    ExtDecList (44)
                      VarDec (44)
                        ID: dozUXlAvDAhns1U
                  SEMI
                ExtDefList (47)
                  ExtDef (47)
                    Specifier (47)
                      TYPE: int
                    SEMI
                  ExtDefList (48)
                    ExtDef (48)
                      Specifier (48)
                        TYPE: int
                      SEMI
                    ExtDefList (49)
                      ExtDef (49)
                        Specifier (49)
                          TYPE: int
                        FunDec (49)
                          ID: qLatRQK2sdwzCEH
                          LP
                          RP
                        CompSt (49)
                          LC
                          DefList (50)
                          StmtList (50)
                          RC
                      ExtDefList (51)
                        ExtDef (51)
                          Specifier (51)
                            TYPE: int
                          FunDec (51)
                            ID: lAuCP
                            LP
                            RP
                          CompSt (51)
                            LC
                            DefList (52)
                            StmtList (52)
                            RC
                        ExtDefList (53)
                          ExtDef (53)
                            Specifier (53)
                              TYPE: int
                            SEMI
                          ExtDefList (54)
                            ExtDef (54)
                              Specifier (54)
                                TYPE: int
                              FunDec (54)
                                ID: kgDg
                                LP
                                RP
                              CompSt (54)
                                LC
                                DefList (55)
                                StmtList (55)
                                RC
                            ExtDefList (56)
                              ExtDef (56)
                                Specifier (56)
                                  TYPE: int
                                FunDec (56)
                                  ID: V20vBQB3t
                                  LP
                                  RP
                                CompSt (56)
                                  LC
                                  DefList (57)
                                  StmtList (57)
                                  RC
                              ExtDefList (58)
                                ExtDef (58)
                                  Specifier (58)
                                    TYPE: int
                                  SEMI
                                ExtDefList (59)
                                  ExtDef (59)
                                    Specifier (59)
                                      TYPE: int
                                    SEMI
                                  ExtDefList (60)
                                    ExtDef (60)
                                      Specifier (60)
                                        TYPE: int
                                      SEMI
                                    ExtDefList (61)
                                      ExtDef (61)
                                        Specifier (61)
                                          TYPE: int
                                        SEMI
                                      ExtDefList (62)
                                        ExtDef (62)
                                          Specifier (62)
                                            TYPE: int
                                          SEMI
                                        ExtDefList (63)
                                          ExtDef (63)
                                            Specifier (63)
                                              TYPE: int
                                            SEMI
                                          ExtDefList (64)
                                            ExtDef (64)
                                              Specifier (64)
                                                TYPE: int
                                              FunDec (64)
                                                ID: uxYE
                                                LP
                                                VarList (64)
                                                  ParamDec (64)
                                                    Specifier (64)
                                                      TYPE: int
                                                    VarDec (64)
                                                      ID: lCL71JWQLBJ98
                                                  COMMA
                                                  VarList (64)
                                                    ParamDec (64)
                                                      Specifier (64)
                                                        TYPE: int
                                                      VarDec (64)
                                                        ID: BumgEZXOjwbf93Ji
                                                RP
                                              CompSt (65)
                                                LC
                                                DefList (66)
                                                StmtList (66)
                                                RC
                                            ExtDefList (67)
