Program (1)
  ExtDefList (1)
    ExtDef (1)
      Specifier (1)
        TYPE: int
      SEMI
    ExtDefList (2)
      ExtDef (2)
        Specifier (2)
          TYPE: int
        ExtDecList (2)
          VarDec (2)
            ID: W5VZ23yKlLlFKRzBa
        SEMI
      ExtDefList (4)
        ExtDef (4)
          Specifier (4)
            TYPE: int
          ExtDecList (4)
            VarDec (4)
              ID: Puwd26kr
            COMMA
            ExtDecList (4)
              VarDec (4)
                ID: Oi2Oh1kunlqtVeht
          SEMI
        ExtDefList (7)
          ExtDef (7)
            Specifier (7)
              TYPE: int
            SEMI
          ExtDefList (8)
            ExtDef (8)
              Specifier (8)
                StructSpecifier (8)
                  STRUCT
                  OptTag (8)
                    ID: RaUyJ52Hnq_
                  LC
                  DefList (9)
                    Def (9)
                      Specifier (9)
                        StructSpecifier (9)
                          STRUCT
                          Tag (9)
                            ID: WvTGHyWRXjKa4Wk
                      DecList (9)
                        Dec (9)
                          VarDec (9)
                            ID: FtQKnmn
                      SEMI
                    DefList (10)
                      Def (10)
                        Specifier (10)
                          TYPE: int
                        DecList (10)
                          Dec (10)
                            VarDec (10)
                              ID: sPyWDdfEcP48_IqHVr7
                        SEMI
                      DefList (11)
                        Def (11)
                          Specifier (11)
                            TYPE: int
                          DecList (11)
                            Dec (11)
                              VarDec (11)
                                ID: qj8I4vSJ
                          SEMI
                        DefList (12)
                          Def (12)
                            Specifier (12)
                              TYPE: int
                            DecList (12)
                              Dec (12)
                                VarDec (12)
                                  ID: WjbP
                            SEMI
                          DefList (13)
                  RC
              FunDec (13)
                ID: tdUCNOVfCFAFbvMN6P
                LP
                RP
              CompSt (13)
                LC
                DefList (14)
                  Def (14)
                    Specifier (14)
                      TYPE: float
                    DecList (14)
                      Dec (14)
                        VarDec (14)
                          ID: RHqXH
                    SEMI
                  DefList (15)
                    Def (15)
                      Specifier (15)
                        TYPE: int
                      DecList (15)
                        Dec (15)
                          VarDec (15)
                            ID: RXV
                        COMMA
                        DecList (15)
                          Dec (15)
                            VarDec (15)
                              VarDec (15)
                                ID: K
                              LB
                              INT: 237899062
                              RB
                            ASSIGNOP
                            Exp (15)
                              ID: NTWBQ53qd2J54S4
                      SEMI
                    DefList (16)
                StmtList (16)
                  Stmt (16)
                    IF
                    LP
                    Exp (16)
                      ID: mc5lMMzQRk
                    RP
                    Stmt (16)
                      CompSt (16)
                        LC
                        DefList (17)
                        StmtList (17)
                        RC
                    ELSE
                    Stmt (17)
                      IF
                      LP
                      Exp (17)
                        ID: IS2
                      RP
                      Stmt (17)
                        RETURN
                        Exp (17)
                          Exp (17)
                            ID: ZhLQH_w
                          ASSIGNOP
                          Exp (17)
                            Exp (17)
                              ID: qbezrQSmW0cccebut
                            AND
                            Exp (18)
                              Exp (18)
                                ID: UQaraHCBcNqmdCe8F
                              RELOP: LT
                              Exp (18)
                                Exp (18)
                                  ID: sDPrxHRXmcS14o
                                STAR
                                Exp (18)
                                  NOT
                                  Exp (18)
                                    MINUS
                                    Exp (18)
                                      Exp (18)
                                        ID: qf
                                      LB
                                      Exp (18)
                                        Exp (18)
                                          ID: IVcZIBkorHP6DQ
                                        OR
                                        Exp (19)
                                          Exp (19)
                                            ID: iROa
                                          RELOP: NE
                                          Exp (19)
                                            Exp (19)
                                              ID: _Tp4a5OgBo
                                            MINUS
                                            Exp (19)
                                              Exp (19)
                                                ID: Ukrpum
                                                LP
                                                Args (19)
                                                  Exp (19)
                                                    Exp (19)
                                                      ID: zTgQYj
                                                    OR
                                                    Exp (19)
                                                      Exp (19)
                                                        ID: jyTkgAS1f
                                                      AND
                                                      Exp (20)
                                                        Exp (20)
                                                          Exp (20)
                                                            ID: FFl_TTVMroLJa
                                                          RELOP: EQ
                                                          Exp (20)
                                                            LP
                                                            Exp (20)
                                                              Exp (20)
                                                                LP
                                                                Exp (20)
                                                                  Exp (20)
                                                                    ID: _EKAGFVTVKseFLPMrJ
                                                                  OR
                                                                  Exp (20)
                                                                    Exp (20)
                                                                      ID: mLS1cAoN7Xgto
                                                                    AND
                                                                    Exp (21)
                                                                      Exp (21)
                                                                        ID: k6nHxs4Rwf9y3XuZz
                                                                      RELOP: GT
                                                                      Exp (21)
                                                                        Exp (21)
                                                                          ID: yQeTP007Ccby66I4
                                                                        STAR
                                                                        Exp (21)
                                                                          Exp (21)
                                                                            ID: cklNaTBJr
                                                                          LB
                                                                          Exp (22)
                                                                            Exp (22)
                                                                              ID: nFYpbOqVcvWQrq
                                                                            RELOP: GE
                                                                            Exp (22)
                                                                              Exp (22)
                                                                                Exp (22)
                                                                                  Exp (22)
                                                                                    ID: CiDpqiE
                                                                                  LB
                                                                                  Exp (22)
                                                                                    Exp (22)
                                                                                      ID: GNs50Qsbz8zFqz2
                                                                                    ASSIGNOP
                                                                                    Exp (22)
                                                                                      Exp (22)
                                                                                        ID: ixDQzhMMTDNYU
                                                                                      DIV
                                                                                      Exp (23)
                                                                                        NOT
                                                                                        Exp (23)
                                                                                          MINUS
                                                                                          Exp (23)
                                                                                            LP
                                                                                            Exp (23)
                                                                                              LP
                                                                                              Exp (23)
                                                                                                Exp (23)
                                                                                                  ID: jb2i
                                                                                                AND
                                                                                                Exp (23)
                                                                                                  Exp (23)
                                                                                                    ID: KquehUViey4n_
                                                                                                  MINUS
                                                                                                  Exp (23)
                                                                                                    LP
                                                                                                    Exp (23)
                                                                                                      Exp (23)
                                                                                                        ID: quypZnsSkck_
                                                                                                      OR
                                                                                                      Exp (24)
                                                                                                        Exp (24)
                                                                                                          ID: eZEB9_wzD9Soo
                                                                                                        RELOP: EQ
                                                                                                        Exp (24)
                                                                                                          Exp (24)
                                                                                                            ID: PYHbl
                                                                                                          LB
                                                                                                          Exp (24)
                                                                                                            Exp (24)
                                                                                                              ID: ghVYO2d
                                                                                                            ASSIGNOP
                                                                                                            Exp (24)
                                                                                                              Exp (24)
                                                                                                                ID: UX0zjW
                                                                                                              OR
                                                                                                              Exp (24)
                                                                                                                Exp (24)
                                                                                                                  ID: K
                                                                                                                RELOP: GT
                                                                                                                Exp (24)
                                                                                                                  ID: rJxVafw26xkk71YSxi
                                                                                                                  LP
                                                                                                                  Args (25)
                                                                                                                    Exp (25)
                                                                                                                      ID: HM8l
                                                                                                                    COMMA
                                                                                                                    Args (25)
                                                                                                                      Exp (25)
                                                                                                                        ID: a9HBjROUqpzLlJ
                                                                                                                  RP
                                                                                                          RB
                                                                                                    RP
                                                                                              RP
                                                                                            RP
                                                                                  RB
                                                                                DOT
                                                                                ID: jhstBnbArAEhJY2
                                                                              DOT
                                                                              ID: _kLu7
                                                                          RB
                                                                RP
                                                              DOT
                                                              ID: E_wlxD0RFFD1hfUKXsY
                                                            RP
                                                        RELOP: LE
                                                        Exp (26)
                                                          Exp (26)
                                                            Exp (26)
                                                              Exp (26)
                                                                INT: 136999432
                                                              DOT
                                                              ID: ODKNhtCmwlTNuh
                                                            PLUS
                                                            Exp (27)
                                                              MINUS
                                                              Exp (27)
                                                                ID: u8
                                                          PLUS
                                                          Exp (27)
                                                            Exp (27)
                                                              ID: jrP
                                                              LP
                                                              RP
                                                            DOT
                                                            ID: QkZCHB
                                                RP
                                              DIV
                                              Exp (27)
                                                NOT
                                                Exp (27)
                                                  FLOAT: 1357054931.1412692683
                                      RB
                        SEMI
                  StmtList (31)
                RC
            ExtDefList (32)
              ExtDef (32)
                Specifier (32)
                  StructSpecifier (32)
                    STRUCT
                    Tag (32)
                      ID: KrSv3SLLoZF
                ExtDecList (32)
                  VarDec (32)
                    ID: VKb2TRe
                SEMI
              ExtDefList (34)
                ExtDef (34)
                  Specifier (34)
                    StructSpecifier (34)
                      STRUCT
                      OptTag (34)
                      LC
                      DefList (35)
                        Def (35)
                          Specifier (35)
                            StructSpecifier (35)
                              STRUCT
                              Tag (35)
                                ID: FsF_Sb6cgK9
                          DecList (35)
                            Dec (35)
                              VarDec (35)
                                ID: km1obMR3XwhQXbP
                          SEMI
                        DefList (36)
                      RC
                  SEMI
                ExtDefList (37)
                  ExtDef (37)
                    Specifier (37)
                      TYPE: int
                    SEMI
                  ExtDefList (38)
                    ExtDef (38)
                      Specifier (38)
                        TYPE: int
                      SEMI
                    ExtDefList (39)
                      ExtDef (39)
                        Specifier (39)
                          TYPE: int
                        FunDec (39)
                          ID: e6
                          LP
                          VarList (39)
                            ParamDec (39)
                              Specifier (39)
                                TYPE: int
                              VarDec (39)
                                ID: ixmu
                            COMMA
                            VarList (39)
                              ParamDec (39)
                                Specifier (39)
                                  TYPE: int
                                VarDec (39)
                                  ID: oxodiC8F
                          RP
                        CompSt (39)
                          LC
                          DefList (40)
                          StmtList (40)
                            Stmt (40)
                              IF
                              LP
                              Exp (40)
                                ID: s4tYBhc_iUzR6AuAgk
                              RP
                              Stmt (40)
                                WHILE
                                LP
                                Exp (40)
                                  ID: Mqd5EYa4cWwrvghPc
                                RP
                                Stmt (41)
                                  IF
                                  LP
                                  Exp (41)
                                    ID: b
                                  RP
                                  Stmt (41)
                                    Exp (41)
                                      ID: zLD4v5UWHtrl6UQh
                                    SEMI
                                  ELSE
                                  Stmt (42)
                                    Exp (42)
                                      ID: LEuvlOtA6um8W
                                    SEMI
                              ELSE
                              Stmt (45)
                                IF
                                LP
                                Exp (45)
                                  ID: TYoOH
                                RP
                                Stmt (45)
                                  Exp (45)
                                    ID: ySJ
                                  SEMI
                            StmtList (48)
                          RC
                      ExtDefList (49)
