Program (1)
  ExtDefList (1)
    ExtDef (1)
      Specifier (1)
        StructSpecifier (1)
          STRUCT
          Tag (1)
            ID: qXAY8zU3AsAAlxdw
      SEMI
    ExtDefList (2)
      ExtDef (2)
        Specifier (2)
          TYPE: int
        SEMI
      ExtDefList (3)
        ExtDef (3)
          Specifier (3)
            StructSpecifier (3)
              STRUCT
              Tag (3)
                ID: wTB_UsCsRPQIb40uoAT5
          FunDec (3)
            ID: kGyMlXYt3L
            LP
            VarList (3)
              ParamDec (3)
                Specifier (3)
                  TYPE: float
                VarDec (3)
                  ID: rfGwLWowJqmYo
            RP
          CompSt (4)
            LC
            DefList (5)
            StmtList (5)
              Stmt (5)
                IF
                LP
                Exp (5)
                  ID: TC
                RP
                Stmt (5)
                  RETURN
                  Exp (5)
                    ID: aPa6n_
                  SEMI
              StmtList (7)
            RC
        ExtDefList (8)
          ExtDef (8)
            Specifier (8)
              StructSpecifier (8)
                STRUCT
                OptTag (8)
                LC
                DefList (9)
                  Def (9)
                    Specifier (9)
                      TYPE: int
                    DecList (9)
                      Dec (9)
                        VarDec (9)
                          ID: LxpvlOjNgt31JwTRX5u
                        ASSIGNOP
                        Exp (9)
                          Exp (9)
                            ID: HXxd
                          ASSIGNOP
                          Exp (9)
                            Exp (9)
                              ID: PbnhS
                            OR
                            Exp (9)
                              Exp (9)
                                ID: qwQNZZWaPRUdqnGl
                              RELOP: GE
                              Exp (10)
                                Exp (10)
                                  ID: U13mBjyPcPWl
                                PLUS
                                Exp (10)
                                  Exp (10)
                                    ID: arjl
                                  STAR
                                  Exp (10)
                                    NOT
                                    Exp (10)
                                      ID: tVDfaFvu
                                      LP
                                      Args (10)
                                        Exp (10)
                                          Exp (10)
                                            ID: lDu9
                                          ASSIGNOP
                                          Exp (10)
                                            Exp (10)
                                              ID: hPTBXHu5QG
                                            AND
                                            Exp (11)
                                              Exp (11)
                                                NOT
                                                Exp (11)
                                                  Exp (11)
                                                    Exp (11)
                                                      ID: bG20Q1FGTRNaqQEgH
                                                    LB
                                                    Exp (11)
                                                      Exp (11)
                                                        ID: uyOBei1ozwHKdqBDXd
                                                      OR
                                                      Exp (11)
                                                        Exp (11)
                                                          ID: kokTo7zk
                                                        RELOP: EQ
                                                        Exp (12)
                                                          Exp (12)
                                                            Exp (12)
                                                              ID: QvlHNo8KdeaiZY8
                                                            STAR
                                                            Exp (12)
                                                              LP
                                                              Exp (12)
                                                                Exp (12)
                                                                  ID: xxtdC90hBfXY2
                                                                RELOP: NE
                                                                Exp (12)
                                                                  Exp (12)
                                                                    ID: _Imc4tZkRgIL0T
                                                                  MINUS
                                                                  Exp (13)
                                                                    Exp (13)
                                                                      ID: Dv69UcuS5b4Oo4tz8
                                                                      LP
                                                                      Args (13)
                                                                        Exp (13)
                                                                          ID: ORb9ZrPdzqhn8O
                                                                        COMMA
                                                                        Args (13)
                                                                          Exp (13)
                                                                            Exp (13)
                                                                              ID: JIhzqwelDWQpy
                                                                            ASSIGNOP
                                                                            Exp (14)
                                                                              Exp (14)
                                                                                ID: xp6
                                                                              RELOP: LT
                                                                              Exp (14)
                                                                                Exp (14)
                                                                                  ID: Gd
                                                                                MINUS
                                                                                Exp (14)
                                                                                  Exp (14)
                                                                                    ID: HBsQtWyiwVC
                                                                                  STAR
                                                                                  Exp (14)
                                                                                    ID: ebhnu07
                                                                                    LP
                                                                                    Args (14)
                                                                                      Exp (14)
                                                                                        ID: v6
                                                                                      COMMA
                                                                                      Args (14)
                                                                                        Exp (14)
                                                                                          Exp (14)
                                                                                            ID: e3rbeD0G
                                                                                          OR
                                                                                          Exp (15)
                                                                                            Exp (15)
                                                                                              Exp (15)
                                                                                                ID: C6_GYK8UurRxHWOd
                                                                                              RELOP: GT
                                                                                              Exp (15)
                                                                                                ID: J_HpIULE8W0P2
                                                                                            RELOP: LE
                                                                                            Exp (15)
                                                                                              Exp (15)
                                                                                                ID: _33j373WhD
                                                                                              STAR
                                                                                              Exp (16)
                                                                                                INT: 2080588369
                                                                                    RP
                                                                      RP
                                                                    DIV
                                                                    Exp (16)
                                                                      MINUS
                                                                      Exp (16)
                                                                        MINUS
                                                                        Exp (16)
                                                                          MINUS
                                                                          Exp (16)
                                                                            NOT
                                                                            Exp (16)
                                                                              ID: erhNLLhn3JdH_oxEoN46
                                                              RP
                                                          MINUS
                                                          Exp (17)
                                                            ID: ymm
                                                            LP
                                                            RP
                                                    RB
                                                  DOT
                                                  ID: gM6LWW6pUKPAQT9ICD
                                              DIV
                                              Exp (17)
                                                MINUS
                                                Exp (17)
                                                  FLOAT: 1850016466.1680100776
                                      RP
                    SEMI
                  DefList (19)
                RC
            ExtDecList (19)
              VarDec (19)
                VarDec (19)
                  ID: NdClshH5jzBkUbcYCUS
                LB
                INT: 1854445426
                RB
              COMMA
              ExtDecList (19)
                VarDec (19)
                  ID: sS6YbWySt
            SEMI
          ExtDefList (22)
            ExtDef (22)
              Specifier (22)
                StructSpecifier (22)
                  STRUCT
                  OptTag (22)
                    ID: Cc1hH9YRW5KoVjc4
                  LC
                  DefList (23)
                    Def (23)
                      Specifier (23)
                        StructSpecifier (23)
                          STRUCT
                          Tag (23)
                            ID: tFZJ0mYl04LAVIKmuTs
                      DecList (23)
                        Dec (23)
                          VarDec (23)
                            ID: PWcmByYfmLYWxBQ6X_
                      SEMI
                    DefList (24)
                      Def (24)
                        Specifier (24)
                          TYPE: int
                        DecList (24)
                          Dec (24)
                            VarDec (24)
                              ID: pGxhJHA2dd6CLg6
                          COMMA
                          DecList (24)
                            Dec (24)
                              VarDec (24)
                                ID: crlr
                        SEMI
                      DefList (25)
                  RC
              SEMI
            ExtDefList (26)
              ExtDef (26)
                Specifier (26)
                  TYPE: int
                SEMI
              ExtDefList (27)
                ExtDef (27)
                  Specifier (27)
                    TYPE: int
                  FunDec (27)
                    ID: P4N7trmfdZ
                    LP
                    RP
                  CompSt (27)
                    LC
                    DefList (28)
                    StmtList (28)
                    RC
                ExtDefList (29)
                  ExtDef (29)
                    Specifier (29)
                      TYPE: int
                    FunDec (29)
                      ID: FwEZMAI2Ptx4EC
                      LP
                      RP
                    CompSt (29)
                      LC
                      DefList (30)
                      StmtList (30)
                        Stmt (30)
                          Exp (30)
                            ID: VV1awOFRo
                          SEMI
                        StmtList (31)
                          Stmt (31)
                            Exp (31)
                              ID: i
                            SEMI
                          StmtList (32)
                            Stmt (32)
                              Exp (32)
                                ID: un
                              SEMI
                            StmtList (33)
                              Stmt (33)
                                IF
                                LP
                                Exp (33)
                                  ID: En6gvlKBh
                                RP
                                Stmt (33)
                                  Exp (33)
                                    ID: EnPfaAX21nGuBCqZ6
                                  SEMI
                                ELSE
                                Stmt (34)
                                  IF
                                  LP
                                  Exp (34)
                                    ID: F
                                  RP
                                  Stmt (34)
                                    IF
                                    LP
                                    Exp (34)
                                      ID: s0T
                                    RP
                                    Stmt (34)
                                      CompSt (34)
                                        LC
                                        DefList (35)
                                        StmtList (35)
                                        RC
                                    ELSE
                                    Stmt (35)
                                      WHILE
                                      LP
                                      Exp (35)
                                        ID: zaSOFjEU9W49qxqgOvmx
                                      RP
                                      Stmt (35)
                                        Exp (35)
                                          ID: sZiWII2JX3JYz
                                        SEMI
                              StmtList (41)
                      RC
                  ExtDefList (42)
                    ExtDef (42)
                      Specifier (42)
                        TYPE: int
                      FunDec (42)
                        ID: LRD1K_5GNb
                        LP
                        RP
                      CompSt (42)
                        LC
                        DefList (43)
                        StmtList (43)
                        RC
                    ExtDefList (44)
                      ExtDef (44)
                        Specifier (44)
                          TYPE: int
                        SEMI
                      ExtDefList (45)
                        ExtDef (45)
                          Specifier (45)
                            TYPE: int
                          FunDec (45)
                            ID: AbWbr7K
                            LP
                            VarList (45)
                              ParamDec (45)
                                Specifier (45)
                                  TYPE: int
                                VarDec (45)
                                  ID: Jr
                              COMMA
                              VarList (45)
                                ParamDec (45)
                                  Specifier (45)
                                    TYPE: int
                                  VarDec (45)
                                    ID: oQVRvjz
                            RP
                          CompSt (45)
                            LC
                            DefList (46)
                            StmtList (46)
                            RC
                        ExtDefList (47)
