Program (1)
  ExtDefList (1)
    ExtDef (1)
      Specifier (1)
        StructSpecifier (1)
          STRUCT
          OptTag (1)
            ID: isFZ2ky
          LC
          DefList (2)
            Def (2)
              Specifier (2)
                StructSpecifier (2)
                  STRUCT
                  OptTag (2)
                  LC
                  DefList (3)
                  RC
              DecList (3)
                Dec (3)
                  VarDec (3)
                    ID: qehy
              SEMI
            DefList (4)
              Def (4)
                Specifier (4)
                  StructSpecifier (4)
                    STRUCT
                    Tag (4)
                      ID: H
                DecList (4)
                  Dec (4)
                    VarDec (4)
                      ID: TUhDvKCf8BMHeSRFqU1
                SEMI
              DefList (5)
                Def (5)
                  Specifier (5)
                    TYPE: int
                  DecList (5)
                    Dec (5)
                      VarDec (5)
                        ID: T2C
                    COMMA
                    DecList (5)
                      Dec (5)
                        VarDec (5)
                          ID: PytHdJUetYn_afw
                        ASSIGNOP
                        Exp (5)
                          Exp (5)
                            ID: icbqyAhb_eaI4uY9QZjv
                          AND
                          Exp (6)
                            Exp (6)
                              ID: Sud5T6Ub
                            RELOP: LT
                            Exp (6)
                              Exp (6)
                                ID: MWZJ6j
                              STAR
                              Exp (6)
                                MINUS
                                Exp (6)
                                  Exp (6)
                                    Exp (6)
                                      ID: cfFWqEe9f0_b0pql
                                    LB
                                    Exp (6)
                                      Exp (6)
                                        ID: J
                                      ASSIGNOP
                                      Exp (6)
                                        Exp (6)
                                          ID: HDvoIDXQTX
                                        OR
                                        Exp (7)
                                          Exp (7)
                                            ID: mGs91XUpTPvg3SjMn6ak
                                          RELOP: GE
                                          Exp (7)
                                            Exp (7)
                                              ID: dpfuM0Xtn
                                            PLUS
                                            Exp (7)
                                              Exp (7)
                                                LP
                                                Exp (7)
                                                  Exp (7)
                                                    ID: SA
                                                  AND
                                                  Exp (7)
                                                    Exp (7)
                                                      ID: C_OEUtlPFNJiD_VP
                                                    RELOP: LE
                                                    Exp (8)
                                                      Exp (8)
                                                        ID: mjifFxQp
                                                      MINUS
                                                      Exp (8)
                                                        ID: id830
                                                        LP
                                                        Args (8)
                                                          Exp (8)
                                                            Exp (8)
                                                              ID: nSum32m7
                                                            OR
                                                            Exp (8)
                                                              Exp (8)
                                                                Exp (8)
                                                                  ID: jt09cVU5LLN
                                                                RELOP: NE
                                                                Exp (8)
                                                                  Exp (8)
                                                                    ID: R8PaaJZcpLnTKCVaw5A
                                                                  LB
                                                                  Exp (9)
                                                                    Exp (9)
                                                                      ID: rB4nCij
                                                                    AND
                                                                    Exp (9)
                                                                      Exp (9)
                                                                        ID: r1vkQo
                                                                      RELOP: EQ
                                                                      Exp (9)
                                                                        Exp (9)
                                                                          NOT
                                                                          Exp (9)
                                                                            ID: LYGhUunuV
                                                                            LP
                                                                            Args (9)
                                                                              Exp (9)
                                                                                ID: Q3Y1mR
                                                                              COMMA
                                                                              Args (9)
                                                                                Exp (9)
                                                                                  ID: FYjtRbJ
                                                                                COMMA
                                                                                Args (10)
                                                                                  Exp (10)
                                                                                    Exp (10)
                                                                                      ID: Bo0qSCkThNI1iHs
                                                                                    OR
                                                                                    Exp (10)
                                                                                      Exp (10)
                                                                                        ID: cikPIMVhgN4Sawo1
                                                                                      AND
                                                                                      Exp (10)
                                                                                        Exp (10)
                                                                                          ID: bJLiPKC8TEanZJf
                                                                                        RELOP: GT
                                                                                        Exp (11)
                                                                                          ID: Ko
                                                                            RP
                                                                        MINUS
                                                                        Exp (11)
                                                                          Exp (11)
                                                                            FLOAT: 569552148.2088395442
                                                                          STAR
                                                                          Exp (11)
                                                                            ID: J3Vu61MkaW2_
                                                                  RB
                                                              AND
                                                              Exp (12)
                                                                INT: 1848407650
                                                        RP
                                                RP
                                              DIV
                                              Exp (12)
                                                NOT
                                                Exp (12)
                                                  ID: nIKwxrzkuc9cKNxnkhcW
                                                  LP
                                                  RP
                                    RB
                                  DOT
                                  ID: j26
                  SEMI
                DefList (14)
                  Def (14)
                    Specifier (14)
                      TYPE: float
                    DecList (14)
                      Dec (14)
                        VarDec (14)
                          VarDec (14)
                            ID: tkkHbWef6_q3T6uZnsZ1
                          LB
                          INT: 677776164
                          RB
                    SEMI
                  DefList (15)
          RC
      FunDec (15)
        ID: zAqYJ9uluYqz5x5
        LP
        RP
      CompSt (15)
        LC
        DefList (16)
        StmtList (16)
        RC
    ExtDefList (17)
      ExtDef (17)
        Specifier (17)
          TYPE: int
        ExtDecList (17)
          VarDec (17)
            ID: jEvB
          COMMA
          ExtDecList (17)
            VarDec (17)
              ID: v0Qtp6
        SEMI
      ExtDefList (20)
        ExtDef (20)
          Specifier (20)
            TYPE: int
          SEMI
        ExtDefList (21)
          ExtDef (21)
            Specifier (21)
              TYPE: int
            FunDec (21)
              ID: JYRDNDFS5V
              LP
              RP
            CompSt (21)
              LC
              DefList (22)
              StmtList (22)
              RC
          ExtDefList (23)
            ExtDef (23)
              Specifier (23)
                TYPE: int
              FunDec (23)
                ID: zdzAfFxb1dhBsP_kA4
                LP
                VarList (23)
                  ParamDec (23)
                    Specifier (23)
                      TYPE: int
                    VarDec (23)
                      ID: NpKy3Yfmwlo2rHKw
                  COMMA
                  VarList (23)
                    ParamDec (23)
                      Specifier (23)
                        TYPE: int
                      VarDec (24)
                        ID: Fw2tURQJ3P8jNACwHNCe
                RP
              CompSt (24)
                LC
                DefList (25)
                StmtList (25)
                  Stmt (25)
                    WHILE
                    LP
                    Exp (25)
                      ID: U5fVEgFH
                    RP
                    Stmt (25)
                      IF
                      LP
                      Exp (25)
                        ID: pRG4nMPlLaW1DBhFP3WV
                      RP
                      Stmt (26)
                        CompSt (26)
                          LC
                          DefList (27)
                          StmtList (27)
                            Stmt (27)
                              WHILE
                              LP
                              Exp (27)
                                ID: H26
                              RP
                              Stmt (27)
                                Exp (27)
                                  ID: noCiU0STFrG
                                SEMI
                            StmtList (29)
                          RC
                      ELSE
                      Stmt (29)
                        Exp (29)
                          ID: mTT0mgVfvr
                        SEMI
                  StmtList (32)
                    Stmt (32)
                      IF
                      LP
                      Exp (32)
                        ID: qldNTciALDO
                      RP
                      Stmt (32)
                        RETURN
                        Exp (32)
                          ID: zJ
                        SEMI
                    StmtList (34)
                RC
            ExtDefList (35)
              ExtDef (35)
                Specifier (35)
                  TYPE: int
                FunDec (35)
                  ID: MQr82YhStiKrbN7ndD
                  LP
                  RP
                CompSt (35)
                  LC
                  DefList (36)
                  StmtList (36)
                    Stmt (36)
                      CompSt (36)
                        LC
                        DefList (37)
                        StmtList (37)
                        RC
                    StmtList (37)
                      Stmt (37)
                        Exp (37)
                          ID: M1uALFAPC2hVB91WP4lQ
                        SEMI
                      StmtList (38)
                        Stmt (38)
                          CompSt (38)
                            LC
                            DefList (39)
                            StmtList (39)
                            RC
                        StmtList (39)
                  RC
              ExtDefList (40)
                ExtDef (40)
                  Specifier (40)
                    TYPE: int
                  SEMI
                ExtDefList (41)
                  ExtDef (41)
                    Specifier (41)
                      TYPE: int
                    FunDec (41)
                      ID: WqSIG_ym4UKSE844zf
                      LP
                      RP
                    CompSt (41)
                      LC
                      DefList (42)
                      StmtList (42)
                      RC
                  ExtDefList (43)
                    ExtDef (43)
                      Specifier (43)
                        TYPE: int
                      FunDec (43)
                        ID: nEDnxjWMEsMKrTx
                        LP
                        RP
                      CompSt (43)
                        LC
                        DefList (44)
                        StmtList (44)
                        RC
                    ExtDefList (45)
                      ExtDef (45)
                        Specifier (45)
                          TYPE: int
                        FunDec (45)
                          ID: jAO9a4rVcJEqL
                          LP
                          RP
                        CompSt (45)
                          LC
                          DefList (46)
                          StmtList (46)
                          RC
                      ExtDefList (47)
                        ExtDef (47)
                          Specifier (47)
                            TYPE: int
                          SEMI
                        ExtDefList (48)
                          ExtDef (48)
                            Specifier (48)
                              TYPE: int
                            SEMI
                          ExtDefList (49)
                            ExtDef (49)
                              Specifier (49)
                                TYPE: int
                              SEMI
                            ExtDefList (50)
                              ExtDef (50)
                                Specifier (50)
                                  TYPE: int
                                SEMI
                              ExtDefList (51)
                                ExtDef (51)
                                  Specifier (51)
                                    TYPE: int
                                  FunDec (51)
                                    ID: ISLqiq7tm2
                                    LP
                                    RP
                                  CompSt (51)
                                    LC
                                    DefList (52)
                                    StmtList (52)
                                      Stmt (52)
                                        Exp (52)
                                          ID: Ae5wum
                                        SEMI
                                      StmtList (53)
                                        Stmt (53)
                                          Exp (53)
                                            ID: W2lFTv8W3Jm
                                          SEMI
                                        StmtList (54)
                                          Stmt (54)
                                            IF
                                            LP
                                            Exp (54)
                                              ID: eMIj
                                            RP
                                            Stmt (54)
                                              Exp (54)
                                                ID: mDo_DF1
                                              SEMI
                                            ELSE
                                            Stmt (55)
                                              IF
                                              LP
                                              Exp (55)
                                                ID: YqQ_q9FtR
                                              RP
                                              Stmt (55)
                                                Exp (55)
                                                  ID: GVgZYA2kjW3DYbfRQMrM
                                                SEMI
                                          StmtList (58)
                                    RC
                                ExtDefList (59)
                                  ExtDef (59)
                                    Specifier (59)
                                      TYPE: int
                                    SEMI
                                  ExtDefList (60)
                                    ExtDef (60)
                                      Specifier (60)
                                        TYPE: int
                                      SEMI
                                    ExtDefList (61)
                                      ExtDef (61)
                                        Specifier (61)
                                          TYPE: int
                                        SEMI
                                      ExtDefList (62)
