Program (1)
  ExtDefList (1)
    ExtDef (1)
      Specifier (1)
        TYPE: float
      SEMI
    ExtDefList (2)
      ExtDef (2)
        Specifier (2)
          TYPE: int
        ExtDecList (2)
          VarDec (2)
            ID: UHr6aIDvt6y3IDef_
          COMMA
          ExtDecList (2)
            VarDec (2)
              ID: F
        SEMI
      ExtDefList (5)
        ExtDef (5)
          Specifier (5)
            StructSpecifier (5)
              STRUCT
              Tag (5)
                ID: fCN1w_TBKAD
          ExtDecList (5)
            VarDec (5)
              ID: pdIyxpUHpZvw
          SEMI
        ExtDefList (7)
          ExtDef (7)
            Specifier (7)
              StructSpecifier (7)
                STRUCT
                OptTag (7)
                  ID: Hmah_hxTNq_CPOzJ4VL
                LC
                DefList (8)
                  Def (8)
                    Specifier (8)
                      TYPE: int
                    DecList (8)
                      Dec (8)
                        VarDec (8)
                          VarDec (8)
                            ID: vWl0oC1AV
                          LB
                          INT: 1812427150
                          RB
                    SEMI
                  DefList (9)
                RC
            FunDec (9)
              ID: O2rWQ
              LP
              RP
            CompSt (9)
              LC
              DefList (10)
              StmtList (10)
                Stmt (10)
                  IF
                  LP
                  Exp (10)
                    ID: SIVkFCwiG1ZFrbnvA
                  RP
                  Stmt (10)
                    RETURN
                    Exp (10)
                      Exp (10)
                        ID: yVPRY39dpm5
                      AND
                      Exp (11)
                        Exp (11)
                          ID: x5oqFYQoq
                        RELOP: LT
                        Exp (11)
                          Exp (11)
                            ID: TKIafgAag1WFfN4HESBH
                          STAR
                          Exp (11)
                            Exp (11)
                              ID: uWyq2C
                            LB
                            Exp (11)
                              Exp (11)
                                ID: _FQmmfUeLZ0zViUqvo
                              ASSIGNOP
                              Exp (12)
                                Exp (12)
                                  ID: qxAAF
                                OR
                                Exp (12)
                                  Exp (12)
                                    ID: lpT4se2lpucwv
                                  RELOP: NE
                                  Exp (12)
                                    Exp (12)
                                      ID: ZrhUrQx0F4hQ_6jZ
                                    PLUS
                                    Exp (12)
                                      Exp (12)
                                        Exp (12)
                                          ID: muKyx_bXsfzJswfh
                                          LP
                                          Args (13)
                                            Exp (13)
                                              Exp (13)
                                                ID: L
                                              AND
                                              Exp (13)
                                                Exp (13)
                                                  ID: wk__gEg7Dqz5Fl4
                                                RELOP: LE
                                                Exp (13)
                                                  Exp (13)
                                                    Exp (13)
                                                      ID: QMKe
                                                    MINUS
                                                    Exp (13)
                                                      Exp (13)
                                                        Exp (13)
                                                          ID: tWeHEo5iS2cFSqw9W
                                                        STAR
                                                        Exp (14)
                                                          Exp (14)
                                                            ID: P4r08SNFWq7ruS8CJ_r
                                                          LB
                                                          Exp (14)
                                                            Exp (14)
                                                              ID: feQFIeUUk11Z0Q
                                                            ASSIGNOP
                                                            Exp (14)
                                                              Exp (14)
                                                                ID: MmgpKtjLGNHkmaY
                                                              AND
                                                              Exp (15)
                                                                Exp (15)
                                                                  ID: Po9XCTbM4ph0
                                                                RELOP: EQ
                                                                Exp (15)
                                                                  Exp (15)
                                                                    ID: Rph0iVZbI
                                                                  STAR
                                                                  Exp (15)
                                                                    LP
                                                                    Exp (15)
                                                                      Exp (15)
                                                                        ID: GshmR
                                                                      ASSIGNOP
                                                                      Exp (15)
                                                                        Exp (15)
                                                                          ID: jjxnM
                                                                        AND
                                                                        Exp (16)
                                                                          Exp (16)
                                                                            Exp (16)
                                                                              ID: j0RUShrPIse
                                                                            MINUS
                                                                            Exp (16)
                                                                              Exp (16)
                                                                                ID: I3bsl9br
                                                                              STAR
                                                                              Exp (16)
                                                                                MINUS
                                                                                Exp (16)
                                                                                  LP
                                                                                  Exp (16)
                                                                                    Exp (16)
                                                                                      ID: E94OeHlmWe1QNBDlfiFQ
                                                                                    ASSIGNOP
                                                                                    Exp (17)
                                                                                      Exp (17)
                                                                                        ID: vkJgnsal
                                                                                      AND
                                                                                      Exp (17)
                                                                                        Exp (17)
                                                                                          ID: APyGg
                                                                                        RELOP: GT
                                                                                        Exp (17)
                                                                                          Exp (17)
                                                                                            ID: pW9ZjiS
                                                                                          PLUS
                                                                                          Exp (17)
                                                                                            Exp (17)
                                                                                              ID: naAWr
                                                                                            STAR
                                                                                            Exp (17)
                                                                                              ID: f
                                                                                              LP
                                                                                              Args (17)
                                                                                                Exp (17)
                                                                                                  ID: kMWViySIo0CHjsC
                                                                                                COMMA
                                                                                                Args (18)
                                                                                                  Exp (18)
                                                                                                    Exp (18)
                                                                                                      ID: HaGk
                                                                                                    ASSIGNOP
                                                                                                    Exp (18)
                                                                                                      Exp (18)
                                                                                                        ID: Ef2
                                                                                                      RELOP: GE
                                                                                                      Exp (18)
                                                                                                        ID: LE
                                                                                              RP
                                                                                  RP
                                                                          PLUS
                                                                          Exp (18)
                                                                            Exp (18)
                                                                              ID: eYyu
                                                                            DIV
                                                                            Exp (18)
                                                                              ID: mmFR
                                                                    RP
                                                          RB
                                                      STAR
                                                      Exp (18)
                                                        ID: QIMZ
                                                  MINUS
                                                  Exp (19)
                                                    Exp (19)
                                                      INT: 580471674
                                                    STAR
                                                    Exp (19)
                                                      FLOAT: 524429000.1109710984
                                          RP
                                        DOT
                                        ID: lpgx3BSxPCINkZQkAjE
                                      DIV
                                      Exp (20)
                                        MINUS
                                        Exp (20)
                                          NOT
                                          Exp (20)
                                            MINUS
                                            Exp (20)
                                              ID: NUmmwdiy7uza
                                              LP
                                              RP
                            RB
                    SEMI
                StmtList (22)
              RC
          ExtDefList (23)
            ExtDef (23)
              Specifier (23)
                TYPE: int
              FunDec (23)
                ID: g4ioWdGS
                LP
                VarList (23)
                  ParamDec (23)
                    Specifier (23)
                      TYPE: int
                    VarDec (23)
                      ID: DXgw
                  COMMA
                  VarList (23)
                    ParamDec (23)
                      Specifier (23)
                        TYPE: int
                      VarDec (23)
                        ID: lgjVwRa4ilu
                RP
              CompSt (23)
                LC
                DefList (24)
                StmtList (24)
                  Stmt (24)
                    CompSt (24)
                      LC
                      DefList (25)
                      StmtList (25)
                        Stmt (25)
                          CompSt (25)
                            LC
                            DefList (26)
                              Def (26)
                                Specifier (26)
                                  StructSpecifier (26)
                                    STRUCT
                                    OptTag (26)
                                    LC
                                    DefList (27)
                                      Def (27)
                                        Specifier (27)
                                          TYPE: int
                                        DecList (27)
                                          Dec (27)
                                            VarDec (27)
                                              ID: JyrpJsJClCUMNZyQ
                                        SEMI
                                      DefList (28)
                                    RC
                                DecList (28)
                                  Dec (28)
                                    VarDec (28)
                                      ID: PDFIuRdCXZp420rgIzb
                                SEMI
                              DefList (29)
                                Def (29)
                                  Specifier (29)
                                    TYPE: int
                                  DecList (29)
                                    Dec (29)
                                      VarDec (29)
                                        ID: ovCB6B
                                    COMMA
                                    DecList (29)
                                      Dec (29)
                                        VarDec (29)
                                          ID: UOzkI
                                        ASSIGNOP
                                        Exp (29)
                                          ID: xbuyt
                                  SEMI
                                DefList (30)
                            StmtList (30)
                            RC
                        StmtList (30)
                      RC
                  StmtList (30)
                    Stmt (30)
                      Exp (30)
                        ID: eSLJwM
                      SEMI
                    StmtList (31)
                      Stmt (31)
                        WHILE
                        LP
                        Exp (31)
                          ID: EtbUKQVzkf_FAJ
                        RP
                        Stmt (31)
                          IF
                          LP
                          Exp (31)
                            ID: T9AOTKdF
                          RP
                          Stmt (31)
                            Exp (31)
                              ID: daeSygzWYNrzdj0AH
                            SEMI
                          ELSE
                          Stmt (33)
                            CompSt (33)
                              LC
                              DefList (34)
                              StmtList (34)
                                Stmt (34)
                                  IF
                                  LP
                                  Exp (34)
                                    ID: nKzRK7mc
                                  RP
                                  Stmt (34)
                                    Exp (34)
                                      ID: l
                                    SEMI
                                  ELSE
                                  Stmt (35)
                                    IF
                                    LP
                                    Exp (35)
                                      ID: xVrVfooFjy8e3sOBafDk
                                    RP
                                    Stmt (35)
                                      Exp (35)
                                        ID: nwFttQewti
                                      SEMI
                                StmtList (39)
                                  Stmt (39)
                                    Exp (39)
                                      ID: Gen_t
                                    SEMI
                                  StmtList (40)
                                    Stmt (40)
                                      Exp (40)
                                        ID: XaCGdOaWv8rgCNLWFTuP
                                      SEMI
                                    StmtList (41)
                              RC
                      StmtList (43)
                        Stmt (43)
                          Exp (43)
                            ID: l316GBKyCPqB6Sj6y7hQ
                          SEMI
                        StmtList (44)
                RC
            ExtDefList (45)
