Program (1)
  ExtDefList (1)
    ExtDef (1)
      Specifier (1)
        StructSpecifier (1)
          STRUCT
          Tag (1)
            ID: kOkUWs
      ExtDecList (1)
        VarDec (1)
          VarDec (1)
            VarDec (1)
              ID: iE7tmQoM
            LB
            INT: 372392285
            RB
          LB
          INT: 261425179
          RB
      SEMI
    ExtDefList (3)
      ExtDef (3)
        Specifier (3)
          TYPE: int
        FunDec (3)
          ID: aTUEawx0kkUK
          LP
          RP
        CompSt (3)
          LC
          DefList (4)
          StmtList (4)
          RC
      ExtDefList (5)
        ExtDef (5)
          Specifier (5)
            StructSpecifier (5)
              STRUCT
              Tag (5)
                ID: enzysxTOgnjp2G
          SEMI
        ExtDefList (6)
