Program (1)
  ExtDefList (1)
    ExtDef (1)
      Specifier (1)
        StructSpecifier (1)
          STRUCT
          OptTag (1)
            ID: SpwGLFBTZWzf
          LC
          DefList (2)
            Def (2)
              Specifier (2)
                TYPE: float
              DecList (2)
                Dec (2)
                  VarDec (2)
                    ID: bo0
              SEMI
            DefList (3)
          RC
      ExtDecList (3)
        VarDec (3)
          VarDec (3)
            VarDec (3)
              ID: DrKK9dhZlf
            LB
            INT: 1279772308
            RB
          LB
          INT: 1640821667
          RB
      SEMI
    ExtDefList (5)
