Program (1)
  ExtDefList (1)
    ExtDef (1)
      Specifier (1)
        StructSpecifier (1)
          STRUCT
          OptTag (1)
            ID: P87Vq
          LC
          DefList (2)
            Def (2)
              Specifier (2)
                TYPE: float
              DecList (2)
                Dec (2)
                  VarDec (2)
                    VarDec (2)
                      ID: xz0fD
                    LB
                    INT: 236576321
                    RB
                  ASSIGNOP
                  Exp (2)
                    Exp (2)
                      ID: MQrQ16tRirRkhcwYRQBD
                      LP
                      RP
                    ASSIGNOP
                    Exp (3)
                      Exp (3)
                        Exp (3)
                          Exp (3)
                            Exp (3)
                              Exp (3)
                                Exp (3)
                                  Exp (3)
                                    Exp (3)
                                      Exp (3)
                                        Exp (3)
                                          Exp (3)
                                            Exp (3)
                                              Exp (3)
                                                NOT
                                                Exp (3)
                                                  MINUS
                                                  Exp (3)
                                                    NOT
                                                    Exp (3)
                                                      ID: xcb0woTOuOXvtrHjf5b
                                              STAR
                                              Exp (3)
                                                Exp (3)
                                                  Exp (3)
                                                    ID: oA
                                                  DOT
                                                  ID: k6laQEm2ZB4oi
                                                DOT
                                                ID: HS0WF1CJkpRHwm_0vm
                                            DIV
                                            Exp (4)
                                              MINUS
                                              Exp (4)
                                                ID: hv_hzjItFjxe98e22Tvn
                                          PLUS
                                          Exp (4)
                                            Exp (4)
                                              Exp (4)
                                                MINUS
                                                Exp (5)
                                                  ID: a56RDvFbe0fEZ
                                              DIV
                                              Exp (5)
                                                ID: syMd
                                            DIV
                                            Exp (5)
                                              ID: qLTwdAatwossulde
                                        RELOP: GT
                                        Exp (5)
                                          Exp (5)
                                            Exp (5)
                                              Exp (5)
                                                Exp (5)
                                                  ID: Yi
                                                  LP
                                                  RP
                                                STAR
                                                Exp (6)
                                                  ID: V
                                              DIV
                                              Exp (6)
                                                ID: lz
                                            STAR
                                            Exp (6)
                                              ID: c6h2
                                          DIV
                                          Exp (6)
                                            ID: EPq
                                      RELOP: GE
                                      Exp (6)
                                        Exp (6)
                                          Exp (6)
                                            MINUS
                                            Exp (6)
                                              ID: l2RsOi5_qicBt4XoBil
                                          STAR
                                          Exp (6)
                                            ID: Tnl2w7Jy8NjxDEjWoL
                                        PLUS
                                        Exp (7)
                                          ID: _
                                    RELOP: GE
                                    Exp (7)
                                      Exp (7)
                                        NOT
                                        Exp (7)
                                          ID: X_
                                      DIV
                                      Exp (7)
                                        ID: tXEa
                                  RELOP: LE
                                  Exp (7)
                                    Exp (7)
                                      Exp (7)
                                        Exp (7)
                                          Exp (7)
                                            Exp (7)
                                              Exp (7)
                                                Exp (7)
                                                  Exp (7)
                                                    Exp (7)
                                                      Exp (7)
                                                        Exp (7)
                                                          ID: KRcbeY
                                                          LP
                                                          Args (7)
                                                            Exp (7)
                                                              ID: i
                                                          RP
                                                        MINUS
                                                        Exp (7)
                                                          ID: DkfLs5NqB
                                                      PLUS
                                                      Exp (7)
                                                        ID: rA_HzDFR
                                                    MINUS
                                                    Exp (8)
                                                      ID: laIgwMxANi0f3
                                                  PLUS
                                                  Exp (8)
                                                    ID: FDdW
                                                PLUS
                                                Exp (8)
                                                  ID: T
                                              MINUS
                                              Exp (8)
                                                ID: iYBDWAu4lDXb
                                            PLUS
                                            Exp (8)
                                              ID: B2Qcwg
                                          PLUS
                                          Exp (9)
                                            ID: CsNO3pGO
                                        PLUS
                                        Exp (9)
                                          ID: QRn2UGApV4HwF8b0lWj2
                                      PLUS
                                      Exp (9)
                                        ID: anVuRiexCCAMM2
                                    PLUS
                                    Exp (10)
                                      ID: fE6WJduKHpFsOM
                                RELOP: GE
                                Exp (10)
                                  Exp (10)
                                    Exp (10)
                                      Exp (10)
                                        Exp (10)
                                          Exp (10)
                                            Exp (10)
                                              Exp (10)
                                                Exp (10)
                                                  Exp (10)
                                                    Exp (10)
                                                      ID: vi8EyWRvyfm
                                                      LP
                                                      RP
                                                    PLUS
                                                    Exp (10)
                                                      ID: qbY5hgJcG75X
                                                  MINUS
                                                  Exp (11)
                                                    ID: VrBoBSPMemSq_n9NB0Y
                                                MINUS
                                                Exp (11)
                                                  ID: uOFUZo3l8k4PXpgvQ7
                                              PLUS
                                              Exp (11)
                                                ID: DhV93buksDnx
                                            MINUS
                                            Exp (12)
                                              ID: WzVrUQPuE
                                          PLUS
                                          Exp (12)
                                            ID: b
                                        PLUS
                                        Exp (12)
                                          ID: Surrjehi50
                                      PLUS
                                      Exp (12)
                                        ID: sJt
                                    PLUS
                                    Exp (12)
                                      ID: F_
                                  MINUS
                                  Exp (12)
                                    ID: yERgwRocgx
                              RELOP: NE
                              Exp (13)
                                Exp (13)
                                  Exp (13)
                                    MINUS
                                    Exp (13)
                                      ID: ap9mFaZY_
                                  STAR
                                  Exp (13)
                                    ID: Yj3rs4LI
                                MINUS
                                Exp (13)
                                  ID: EO_zqdPu1lf5bO7f1
                            RELOP: GT
                            Exp (13)
                              ID: x0D9n0lbts
                              LP
                              RP
                          RELOP: EQ
                          Exp (14)
                            Exp (14)
                              Exp (14)
                                Exp (14)
                                  Exp (14)
                                    Exp (14)
                                      Exp (14)
                                        Exp (14)
                                          Exp (14)
                                            Exp (14)
                                              Exp (14)
                                                Exp (14)
                                                  ID: sWzKLlkOqseZIWg
                                                  LP
                                                  RP
                                                DIV
                                                Exp (14)
                                                  ID: INz4yA
                                              DIV
                                              Exp (14)
                                                ID: eNdfhDLqTsu07q
                                            PLUS
                                            Exp (15)
                                              ID: DUax6WasDf61t
                                          MINUS
                                          Exp (15)
                                            ID: dIjqSgiR
                                        PLUS
                                        Exp (15)
                                          ID: q
                                      MINUS
                                      Exp (15)
                                        ID: cTfPBnwcJ
                                    MINUS
                                    Exp (15)
                                      ID: C0m7394SAYksn
                                  PLUS
                                  Exp (16)
                                    ID: qRSVY
                                PLUS
                                Exp (16)
                                  ID: WkU
                              MINUS
                              Exp (16)
                                ID: u2BQxk5
                            PLUS
                            Exp (16)
                              ID: PG3P7tdX90
                        AND
                        Exp (16)
                          Exp (16)
                            Exp (16)
                              Exp (16)
                                Exp (16)
                                  Exp (16)
                                    Exp (16)
                                      Exp (16)
                                        Exp (16)
                                          Exp (16)
                                            Exp (16)
                                              Exp (16)
                                                Exp (16)
                                                  Exp (16)
                                                    Exp (16)
                                                      Exp (16)
                                                        Exp (16)
                                                          Exp (16)
                                                            Exp (16)
                                                              Exp (16)
                                                                Exp (16)
                                                                  Exp (16)
                                                                    Exp (16)
                                                                      Exp (16)
                                                                        Exp (16)
                                                                          Exp (16)
                                                                            Exp (16)
                                                                              Exp (16)
                                                                                Exp (16)
                                                                                  Exp (16)
                                                                                    Exp (16)
                                                                                      Exp (16)
                                                                                        Exp (16)
                                                                                          MINUS
                                                                                          Exp (16)
                                                                                            ID: ZNBInFWsgjZTB6nE
                                                                                        MINUS
                                                                                        Exp (17)
                                                                                          ID: HAHNuhGdjljdk5XkCAy
                                                                                      PLUS
                                                                                      Exp (17)
                                                                                        ID: xVLLg
                                                                                    MINUS
                                                                                    Exp (17)
                                                                                      ID: KtB
                                                                                  PLUS
                                                                                  Exp (17)
                                                                                    ID: i
                                                                                PLUS
                                                                                Exp (17)
                                                                                  ID: ah4bZ
                                                                              RELOP: GE
                                                                              Exp (18)
                                                                                ID: vxYvNHImCb6L
                                                                            RELOP: GT
                                                                            Exp (18)
                                                                              ID: Qi2_DYy3wTZ9V5s5OlA
                                                                          RELOP: GT
                                                                          Exp (18)
                                                                            ID: VL
                                                                        RELOP: GT
                                                                        Exp (18)
                                                                          ID: hHwrIxxA
                                                                      RELOP: LE
                                                                      Exp (19)
                                                                        ID: Wzhv5ICKv7Qdht
                                                                    RELOP: GT
                                                                    Exp (19)
                                                                      ID: Utq
                                                                  RELOP: LT
                                                                  Exp (19)
                                                                    ID: KhPYIfTlQjONyQxbbi3
                                                                RELOP: LE
                                                                Exp (19)
                                                                  ID: e
                                                              RELOP: GE
                                                              Exp (20)
                                                                ID: uqcXQyY25q7y2F2
                                                            RELOP: GE
                                                            Exp (20)
                                                              ID: EAD5QM
                                                          RELOP: GE
                                                          Exp (20)
                                                            ID: KgOdnCH
                                                        RELOP: LT
                                                        Exp (20)
                                                          ID: PFfC
                                                      RELOP: EQ
                                                      Exp (21)
                                                        ID: GwLqjGZy_M0Cw
                                                    RELOP: EQ
                                                    Exp (21)
                                                      ID: RmZnE04mFfCgJjZFX
                                                  RELOP: EQ
                                                  Exp (21)
                                                    ID: c__5JovY
                                                RELOP: LT
                                                Exp (21)
                                                  ID: ZVOmsOERV6Q2x
                                              RELOP: GT
                                              Exp (22)
                                                ID: trr8UoD
                                            RELOP: GE
                                            Exp (22)
                                              ID: _ajBbZBjljW
                                          RELOP: LT
                                          Exp (22)
                                            ID: YqFMFI9t
                                        RELOP: GT
                                        Exp (22)
                                          ID: b
                                      RELOP: NE
                                      Exp (22)
                                        ID: TVNosG41
                                    RELOP: EQ
                                    Exp (23)
                                      ID: rY7XpfA02kmKc7cS
                                  RELOP: GT
                                  Exp (23)
                                    ID: rDSfhRUF1I5RKnNj
                                RELOP: LT
                                Exp (23)
                                  ID: UYVw
                              RELOP: GE
                              Exp (23)
                                ID: o5D
                            RELOP: GE
                            Exp (24)
                              ID: Ju6KMD
                          RELOP: EQ
                          Exp (24)
                            ID: m_vRbPxl0
                      AND
                      Exp (24)
                        Exp (24)
                          Exp (24)
                            Exp (24)
                              Exp (24)
                                Exp (24)
                                  Exp (24)
                                    Exp (24)
                                      Exp (24)
                                        Exp (24)
                                          Exp (24)
                                            Exp (24)
                                              ID: ZzBmDqUmQjV
                                              LP
                                              Args (24)
                                                Exp (24)
                                                  ID: I_S57mwRlngOn2jJu
                                              RP
                                            STAR
                                            Exp (25)
                                              ID: y_IUC
                                          DIV
                                          Exp (25)
                                            ID: d
                                        DIV
                                        Exp (25)
                                          ID: uAFaXGxC
                                      DIV
                                      Exp (25)
                                        ID: oO300MkKTniFD
                                    DIV
                                    Exp (25)
                                      ID: e9
                                  DIV
                                  Exp (25)
                                    ID: wZpNEBPIkzbxP6u
                                MINUS
                                Exp (26)
                                  ID: KoTu
                              PLUS
                              Exp (26)
                                ID: mps56aMgvAkT
                            MINUS
                            Exp (26)
                              ID: vTkfSoed
                          MINUS
                          Exp (26)
                            ID: B
                        MINUS
                        Exp (26)
                          ID: oUVRkv0gyupEH
              SEMI
            DefList (28)
              Def (28)
                Specifier (28)
                  TYPE: int
                DecList (28)
                  Dec (28)
                    VarDec (28)
                      ID: CEjipkQddRt
                SEMI
              DefList (29)
                Def (29)
                  Specifier (29)
                    TYPE: float
                  DecList (29)
                    Dec (29)
                      VarDec (29)
                        ID: cCUic19o
                  SEMI
                DefList (30)
          RC
      SEMI
    ExtDefList (31)
