Program (1)
  ExtDefList (1)
    ExtDef (1)
      Specifier (1)
        StructSpecifier (1)
          STRUCT
          OptTag (1)
            ID: yZoiAf
          LC
          DefList (2)
          RC
      SEMI
    ExtDefList (3)
      ExtDef (3)
        Specifier (3)
          TYPE: float
        ExtDecList (3)
          VarDec (3)
            ID: rGYgsx7TnKkGZh
          COMMA
          ExtDecList (3)
            VarDec (3)
              VarDec (3)
                ID: WYGCR
              LB
              INT: 1577820461
              RB
        SEMI
      ExtDefList (6)
        ExtDef (6)
          Specifier (6)
            StructSpecifier (6)
              STRUCT
              OptTag (6)
              LC
              DefList (7)
                Def (7)
                  Specifier (7)
                    TYPE: int
                  DecList (7)
                    Dec (7)
                      VarDec (7)
                        ID: mWO
                  SEMI
                DefList (8)
              RC
          ExtDecList (8)
            VarDec (8)
              ID: dKD1AD
          SEMI
        ExtDefList (10)
          ExtDef (10)
            Specifier (10)
              StructSpecifier (10)
                STRUCT
                Tag (10)
                  ID: caarY3FtXbrktsXYa0
            FunDec (10)
              ID: EB6VQ
              LP
              RP
            CompSt (10)
              LC
              DefList (11)
                Def (11)
                  Specifier (11)
                    StructSpecifier (11)
                      STRUCT
                      Tag (11)
                        ID: txhm
                  DecList (11)
                    Dec (11)
                      VarDec (11)
                        ID: K0KA2Erj86c
                  SEMI
                DefList (12)
                  Def (12)
                    Specifier (12)
                      TYPE: int
                    DecList (12)
                      Dec (12)
                        VarDec (12)
                          ID: GD9bD
                      COMMA
                      DecList (12)
                        Dec (12)
                          VarDec (12)
                            ID: wQFVU8O19D
                          ASSIGNOP
                          Exp (12)
                            Exp (12)
                              ID: _Fpj19Gtz8eWv8NC
                            OR
                            Exp (12)
                              Exp (12)
                                ID: FdnSFsSGzWpy7A
                              RELOP: LT
                              Exp (13)
                                Exp (13)
                                  ID: XgNR2rc6VrKKGSIK
                                PLUS
                                Exp (13)
                                  Exp (13)
                                    ID: tFXLA
                                  DIV
                                  Exp (13)
                                    NOT
                                    Exp (13)
                                      MINUS
                                      Exp (13)
                                        ID: fmatiI1Y7
                                        LP
                                        Args (13)
                                          Exp (13)
                                            ID: PBctMo
                                          COMMA
                                          Args (14)
                                            Exp (14)
                                              Exp (14)
                                                ID: sOAbD0q993xE434b
                                              ASSIGNOP
                                              Exp (14)
                                                Exp (14)
                                                  ID: HZlduEB0JWbfw3F
                                                AND
                                                Exp (14)
                                                  Exp (14)
                                                    ID: XdfMD7x0kZ9fx1
                                                  RELOP: GT
                                                  Exp (15)
                                                    Exp (15)
                                                      ID: aZ_s0tro5Bz
                                                    MINUS
                                                    Exp (15)
                                                      Exp (15)
                                                        ID: WA1wc
                                                      STAR
                                                      Exp (15)
                                                        Exp (15)
                                                          Exp (15)
                                                            ID: UMD9
                                                          LB
                                                          Exp (15)
                                                            Exp (15)
                                                              ID: wm6yIjWx18ZlhSEmJ
                                                            ASSIGNOP
                                                            Exp (16)
                                                              Exp (16)
                                                                ID: M2NLYKIkqTPrAPtL
                                                              ASSIGNOP
                                                              Exp (16)
                                                                Exp (16)
                                                                  Exp (16)
                                                                    ID: CZNSgGgT
                                                                  LB
                                                                  Exp (16)
                                                                    Exp (16)
                                                                      ID: GO2cTYJiPFXCpBsHGv
                                                                    RELOP: GE
                                                                    Exp (17)
                                                                      Exp (17)
                                                                        ID: XTPK20c
                                                                      STAR
                                                                      Exp (17)
                                                                        MINUS
                                                                        Exp (17)
                                                                          ID: a
                                                                          LP
                                                                          Args (17)
                                                                            Exp (17)
                                                                              Exp (17)
                                                                                ID: jpRYonhs7HCrAF
                                                                              ASSIGNOP
                                                                              Exp (17)
                                                                                Exp (17)
                                                                                  ID: CS
                                                                                OR
                                                                                Exp (17)
                                                                                  Exp (17)
                                                                                    Exp (17)
                                                                                      ID: PdgzF3bVwCkohQRX
                                                                                    RELOP: LE
                                                                                    Exp (18)
                                                                                      Exp (18)
                                                                                        ID: wBH_CrBjfM0bHQ
                                                                                      MINUS
                                                                                      Exp (18)
                                                                                        Exp (18)
                                                                                          ID: Df
                                                                                        STAR
                                                                                        Exp (18)
                                                                                          Exp (18)
                                                                                            Exp (18)
                                                                                              ID: ascUx
                                                                                            LB
                                                                                            Exp (18)
                                                                                              Exp (18)
                                                                                                ID: x0xQlvB
                                                                                              AND
                                                                                              Exp (18)
                                                                                                Exp (18)
                                                                                                  ID: IDdVRO7jui1HucddG
                                                                                                RELOP: NE
                                                                                                Exp (19)
                                                                                                  Exp (19)
                                                                                                    ID: IM1oMbvGxlhX2rJcElsj
                                                                                                  MINUS
                                                                                                  Exp (19)
                                                                                                    Exp (19)
                                                                                                      ID: Oxd
                                                                                                    STAR
                                                                                                    Exp (19)
                                                                                                      NOT
                                                                                                      Exp (19)
                                                                                                        LP
                                                                                                        Exp (19)
                                                                                                          ID: ic7inNHjwDBF9l
                                                                                                        RP
                                                                                            RB
                                                                                          DOT
                                                                                          ID: mUnRpch
                                                                                  RELOP: EQ
                                                                                  Exp (20)
                                                                                    Exp (20)
                                                                                      INT: 705494575
                                                                                    PLUS
                                                                                    Exp (20)
                                                                                      MINUS
                                                                                      Exp (20)
                                                                                        MINUS
                                                                                        Exp (20)
                                                                                          ID: Y6j_eG
                                                                          RP
                                                                  RB
                                                                ASSIGNOP
                                                                Exp (20)
                                                                  Exp (20)
                                                                    FLOAT: 1642094841.531480389
                                                                  ASSIGNOP
                                                                  Exp (21)
                                                                    ID: F36qXHkk
                                                                    LP
                                                                    RP
                                                          RB
                                                        DOT
                                                        ID: c7ladOTun9
                                        RP
                    SEMI
                  DefList (22)
                    Def (22)
                      Specifier (22)
                        TYPE: int
                      DecList (22)
                        Dec (22)
                          VarDec (22)
                            ID: Z4I6cwt
                      SEMI
                    DefList (23)
              StmtList (23)
              RC
          ExtDefList (24)
            ExtDef (24)
              Specifier (24)
                TYPE: int
              SEMI
            ExtDefList (25)
              ExtDef (25)
                Specifier (25)
                  TYPE: int
                SEMI
              ExtDefList (26)
                ExtDef (26)
                  Specifier (26)
                    TYPE: int
                  FunDec (26)
                    ID: SvOwORmy5
                    LP
                    VarList (26)
                      ParamDec (26)
                        Specifier (26)
                          TYPE: int
                        VarDec (26)
                          ID: Ea0KyqRfpDc3D7Us2U
                      COMMA
                      VarList (26)
                        ParamDec (26)
                          Specifier (26)
                            TYPE: int
                          VarDec (26)
                            ID: GN
                    RP
                  CompSt (27)
                    LC
                    DefList (28)
                    StmtList (28)
                      Stmt (28)
                        IF
                        LP
                        Exp (28)
                          ID: wbDYcHDuzxXhZ
                        RP
                        Stmt (28)
                          WHILE
                          LP
                          Exp (28)
                            ID: HFJeqoa52puoQl
                          RP
                          Stmt (29)
                            CompSt (29)
                              LC
                              DefList (30)
                              StmtList (30)
                                Stmt (30)
                                  Exp (30)
                                    ID: _EBzW
                                  SEMI
                                StmtList (31)
                                  Stmt (31)
                                    Exp (31)
                                      ID: c7MvQYAKkOPP8LK
                                    SEMI
                                  StmtList (32)
                                    Stmt (32)
                                      IF
                                      LP
                                      Exp (32)
                                        ID: FEK39sBxaR0wTjZg
                                      RP
                                      Stmt (32)
                                        IF
                                        LP
                                        Exp (32)
                                          ID: Kk6XqkW2NaShTnvjI
                                        RP
                                        Stmt (33)
                                          Exp (33)
                                            ID: OM
                                          SEMI
                                        ELSE
                                        Stmt (34)
                                          Exp (34)
                                            ID: gIdjaAynye
                                          SEMI
                                    StmtList (37)
                              RC
                        ELSE
                        Stmt (38)
                          IF
                          LP
                          Exp (38)
                            ID: iF
                          RP
                          Stmt (38)
                            RETURN
                            Exp (38)
                              ID: oeQVIcBhk
                            SEMI
                      StmtList (41)
                    RC
                ExtDefList (42)
                  ExtDef (42)
                    Specifier (42)
                      TYPE: int
                    SEMI
                  ExtDefList (43)
