Program (1)
  ExtDefList (1)
    ExtDef (1)
      Specifier (1)
        TYPE: int
      FunDec (1)
        ID: Pi3oy
        LP
        RP
      CompSt (1)
        LC
        DefList (2)
        StmtList (2)
          Stmt (2)
            IF
            LP
            Exp (2)
              Exp (2)
                MINUS
                Exp (2)
                  ID: YREaZP
                  LP
                  RP
              ASSIGNOP
              Exp (2)
                Exp (2)
                  Exp (2)
                    Exp (2)
                      Exp (2)
                        Exp (2)
                          Exp (2)
                            Exp (2)
                              Exp (2)
                                Exp (2)
                                  Exp (2)
                                    Exp (2)
                                      Exp (2)
                                        Exp (2)
                                          Exp (2)
                                            Exp (2)
                                              Exp (2)
                                                NOT
                                                Exp (2)
                                                  NOT
                                                  Exp (2)
                                                    NOT
                                                    Exp (2)
                                                      ID: eXGd
                                              DIV
                                              Exp (2)
                                                LP
                                                Exp (2)
                                                  ID: AeP
                                                RP
                                            STAR
                                            Exp (2)
                                              ID: KBEpnjtinWlg0
                                              LP
                                              RP
                                          DIV
                                          Exp (3)
                                            MINUS
                                            Exp (3)
                                              ID: fvdWDIf
                                        DIV
                                        Exp (3)
                                          MINUS
                                          Exp (3)
                                            ID: rg0vqZQg5gDf5hae1h
                                      STAR
                                      Exp (3)
                                        Exp (3)
                                          ID: okHv
                                          LP
                                          Args (3)
                                            Exp (3)
                                              ID: UjpHS99
                                          RP
                                        LB
                                        Exp (4)
                                          ID: t_P
                                        RB
                                    DIV
                                    Exp (4)
                                      MINUS
                                      Exp (4)
                                        ID: Frk7u
                                  PLUS
                                  Exp (4)
                                    INT: 2134734366
                                RELOP: GT
                                Exp (4)
                                  Exp (4)
                                    Exp (4)
                                      Exp (4)
                                        Exp (4)
                                          Exp (4)
                                            Exp (4)
                                              Exp (4)
                                                ID: SOfSngGbBuYtgogXL
                                                LP
                                                Args (5)
                                                  Exp (5)
                                                    ID: XXRxTT9XTVttMAd1i
                                                RP
                                              DIV
                                              Exp (5)
                                                ID: ohXqUVOIupMd0Yx
                                            DIV
                                            Exp (5)
                                              ID: faaKbN2287eNeaW
                                          DIV
                                          Exp (6)
                                            ID: JxZKOfW
                                        PLUS
                                        Exp (6)
                                          ID: rjFNhK
                                      PLUS
                                      Exp (6)
                                        ID: TzZqdMv3wfl
                                    MINUS
                                    Exp (6)
                                      ID: ftdY9nMsrm
                                  PLUS
                                  Exp (6)
                                    ID: EfXFxP
                              RELOP: EQ
                              Exp (7)
                                Exp (7)
                                  Exp (7)
                                    Exp (7)
                                      Exp (7)
                                        MINUS
                                        Exp (7)
                                          ID: p5BBOOP_h_
                                      PLUS
                                      Exp (7)
                                        ID: dDkr3HX7t8lTk
                                    MINUS
                                    Exp (7)
                                      ID: _qmEl6N
                                  PLUS
                                  Exp (7)
                                    ID: tDwFgZooAoQM5Yz10
                                PLUS
                                Exp (8)
                                  ID: d2AGFr6UiwRY
                            RELOP: LE
                            Exp (8)
                              Exp (8)
                                Exp (8)
                                  Exp (8)
                                    Exp (8)
                                      Exp (8)
                                        Exp (8)
                                          Exp (8)
                                            Exp (8)
                                              Exp (8)
                                                Exp (8)
                                                  Exp (8)
                                                    Exp (8)
                                                      MINUS
                                                      Exp (8)
                                                        ID: cEoSi
                                                    STAR
                                                    Exp (8)
                                                      ID: SPF
                                                  STAR
                                                  Exp (8)
                                                    ID: zr7L6xkN3Dp3z9PP4i
                                                DIV
                                                Exp (9)
                                                  ID: WjFiuuQ
                                              DIV
                                              Exp (9)
                                                ID: BQBKTHtPc8UYr5G04
                                            DIV
                                            Exp (9)
                                              ID: MBmZJzx5
                                          DIV
                                          Exp (9)
                                            ID: L9t
                                        DIV
                                        Exp (9)
                                          ID: OdhU8GPhYvo
                                      STAR
                                      Exp (10)
                                        ID: vnIzn4i
                                    PLUS
                                    Exp (10)
                                      ID: I7m5A5ksRh6sXuU_Re
                                  PLUS
                                  Exp (10)
                                    ID: kwY1CIRgqcxW2
                                PLUS
                                Exp (10)
                                  ID: jW8OOSA
                              PLUS
                              Exp (11)
                                ID: VfRWaD
                          RELOP: LE
                          Exp (11)
                            Exp (11)
                              ID: bUU2UWYz94WGhW_PTvs
                              LP
                              Args (11)
                                Exp (11)
                                  ID: uwI9GQZKRmmUf7Z9r
                              RP
                            LB
                            Exp (12)
                              ID: _Vg6wQeFs09e7Qqhz
                            RB
                        RELOP: GE
                        Exp (12)
                          Exp (12)
                            Exp (12)
                              Exp (12)
                                Exp (12)
                                  INT: 637205444
                                DOT
                                ID: cO1
                              DIV
                              Exp (12)
                                ID: SdLJklPZFYiQ
                            PLUS
                            Exp (13)
                              ID: KLpvv_465JJ
                          PLUS
                          Exp (13)
                            ID: yDGgNgRtjunAfd
                      AND
                      Exp (13)
                        Exp (13)
                          Exp (13)
                            Exp (13)
                              Exp (13)
                                Exp (13)
                                  Exp (13)
                                    Exp (13)
                                      Exp (13)
                                        Exp (13)
                                          Exp (13)
                                            Exp (13)
                                              Exp (13)
                                                Exp (13)
                                                  Exp (13)
                                                    Exp (13)
                                                      Exp (13)
                                                        Exp (13)
                                                          Exp (13)
                                                            Exp (13)
                                                              Exp (13)
                                                                Exp (13)
                                                                  Exp (13)
                                                                    Exp (13)
                                                                      Exp (13)
                                                                        Exp (13)
                                                                          Exp (13)
                                                                            Exp (13)
                                                                              Exp (13)
                                                                                MINUS
                                                                                Exp (13)
                                                                                  ID: _1EtAXNKMiOP
                                                                              STAR
                                                                              Exp (14)
                                                                                ID: F9x89J4EJjKKTfQ4r
                                                                            STAR
                                                                            Exp (14)
                                                                              ID: UXAJtum1
                                                                          MINUS
                                                                          Exp (14)
                                                                            ID: vmCt4bo8FbribKFglof
                                                                        MINUS
                                                                        Exp (15)
                                                                          ID: QgOU9ZpebvtKI3N
                                                                      MINUS
                                                                      Exp (15)
                                                                        ID: VdFYvO
                                                                    MINUS
                                                                    Exp (15)
                                                                      ID: QNfcurOqB
                                                                  PLUS
                                                                  Exp (15)
                                                                    ID: bGv73sjq9Xewv5nIemi
                                                                PLUS
                                                                Exp (16)
                                                                  ID: uxfyG_UmO6
                                                              PLUS
                                                              Exp (16)
                                                                ID: BZxK23nl
                                                            PLUS
                                                            Exp (16)
                                                              ID: nxFmjVxT_p7DzwrPy8l
                                                          MINUS
                                                          Exp (16)
                                                            ID: SbVDBQ8eHOt
                                                        MINUS
                                                        Exp (17)
                                                          ID: Gy_r
                                                      MINUS
                                                      Exp (17)
                                                        ID: sQYVnglZslJf1
                                                    RELOP: GE
                                                    Exp (17)
                                                      ID: ecX_RTJvjmfO4u9d5C4G
                                                  RELOP: GE
                                                  Exp (18)
                                                    ID: tXHUpylMC1Mq8oLXgIJv
                                                RELOP: NE
                                                Exp (18)
                                                  ID: d029Xr2c2OnQQ5W
                                              RELOP: LT
                                              Exp (18)
                                                ID: hzgTa_
                                            RELOP: GE
                                            Exp (19)
                                              ID: WcVfaH4igi
                                          RELOP: LT
                                          Exp (19)
                                            ID: RXv4quNUAOISsO8z5qN
                                        RELOP: EQ
                                        Exp (19)
                                          ID: FtPgrhuuq16prKsaX_j
                                      RELOP: EQ
                                      Exp (20)
                                        ID: fKEaTG
                                    RELOP: LT
                                    Exp (20)
                                      ID: iPbBPfUpKlZA
                                  RELOP: NE
                                  Exp (20)
                                    ID: gvlQs9Fn
                                RELOP: GT
                                Exp (20)
                                  ID: MM2gySxt4k
                              RELOP: GE
                              Exp (21)
                                ID: A5ePzL41agv
                            RELOP: GE
                            Exp (21)
                              ID: ByQZ1q4n_Wrktdx
                          RELOP: EQ
                          Exp (21)
                            ID: dxIWmTYF5r1EJqFAoGM
                        RELOP: LE
                        Exp (22)
                          ID: apNz7J1DNgy
                    AND
                    Exp (22)
                      Exp (22)
                        Exp (22)
                          Exp (22)
                            Exp (22)
                              Exp (22)
                                Exp (22)
                                  Exp (22)
                                    Exp (22)
                                      Exp (22)
                                        Exp (22)
                                          Exp (22)
                                            Exp (22)
                                              Exp (22)
                                                FLOAT: 1748329029.40153807
                                              DIV
                                              Exp (22)
                                                ID: PnV6DIeq46XT_RS1lcs
                                            MINUS
                                            Exp (23)
                                              ID: oet0eFLK
                                          MINUS
                                          Exp (23)
                                            ID: uEusXkYz4J0248eHx
                                        PLUS
                                        Exp (23)
                                          ID: zzbmXGHT
                                      PLUS
                                      Exp (23)
                                        ID: coNyAJ
                                    PLUS
                                    Exp (24)
                                      ID: y_INXXD
                                  RELOP: LT
                                  Exp (24)
                                    ID: tv8ojm
                                RELOP: NE
                                Exp (24)
                                  ID: Ntqo6ToTuA
                              RELOP: NE
                              Exp (24)
                                ID: FpgizKS_qLImIllu7p0n
                            RELOP: LT
                            Exp (25)
                              ID: J87O9WYfJsw2cSJ8QFb
                          RELOP: NE
                          Exp (25)
                            ID: m6diimBG4mEMB
                        RELOP: GE
                        Exp (25)
                          ID: _e6dZkiYHtuXw
                      RELOP: LE
                      Exp (26)
                        ID: Npp
                  AND
                  Exp (26)
                    Exp (26)
                      Exp (26)
                        Exp (26)
                          Exp (26)
                            Exp (26)
                              NOT
                              Exp (26)
                                ID: oPrhknlvy
                            PLUS
                            Exp (26)
                              ID: d
                          PLUS
                          Exp (26)
                            ID: fGrPebVPYXoh
                        MINUS
                        Exp (26)
                          ID: MolfI5416M27G6ekmJ
                      RELOP: LT
                      Exp (27)
                        ID: hTbd4gjRqHuAAeRTLXhL
                    RELOP: GE
                    Exp (27)
                      ID: T7cInMXwV
                AND
                Exp (27)
                  Exp (27)
                    Exp (27)
                      Exp (27)
                        Exp (27)
                          Exp (27)
                            Exp (27)
                              MINUS
                              Exp (27)
                                ID: AtJ
                            DIV
                            Exp (27)
                              ID: PfiWmxO
                          DIV
                          Exp (28)
                            ID: JiE6GcIsMpjkf9r3
                        PLUS
                        Exp (28)
                          ID: JUWxyiIjp3aKj
                      MINUS
                      Exp (28)
                        ID: LeALOXJR2L2
                    RELOP: NE
                    Exp (29)
                      ID: xI83PLQxnYiy3vpf1
                  RELOP: GE
                  Exp (29)
                    ID: Xzafg
            RP
            Stmt (29)
              IF
              LP
              Exp (29)
                Exp (29)
                  Exp (29)
                    Exp (29)
                      Exp (29)
                        Exp (29)
                          Exp (29)
                            Exp (29)
                              Exp (29)
                                Exp (29)
                                  Exp (29)
                                    Exp (29)
                                      Exp (29)
                                        Exp (29)
                                          Exp (29)
                                            Exp (29)
                                              Exp (29)
                                                Exp (29)
                                                  Exp (29)
                                                    NOT
                                                    Exp (29)
                                                      ID: VoH
                                                  DIV
                                                  Exp (29)
                                                    ID: nvUgGUci3IX3hPZVNhW
                                                STAR
                                                Exp (30)
                                                  ID: MhuHHzO
                                              DIV
                                              Exp (30)
                                                ID: emGR9K15NavdK
                                            STAR
                                            Exp (30)
                                              ID: F
                                          MINUS
                                          Exp (30)
                                            ID: ClzAJRBmg2YBfhczs
                                        MINUS
                                        Exp (31)
                                          ID: IkZJ9xeTGmKdYg
                                      PLUS
                                      Exp (31)
                                        ID: Lp
                                    MINUS
                                    Exp (31)
                                      ID: PyraPC
                                  RELOP: GT
                                  Exp (31)
                                    ID: UKOHkk
                                RELOP: GT
                                Exp (31)
                                  ID: kQrlD84YTqh2ppZJFW
                              RELOP: LE
                              Exp (32)
                                ID: qNPhAGQLHE1v
                            RELOP: EQ
                            Exp (32)
                              ID: BwVywj9j8
                          RELOP: NE
                          Exp (32)
                            ID: WZ4JIr2x
                        AND
                        Exp (32)
                          ID: eOcBOY_uj8wzmY3I
                      AND
                      Exp (33)
                        ID: TsWwv_J1
                    OR
                    Exp (33)
                      ID: oyTwlbsoEFyBl
                  OR
                  Exp (33)
                    ID: u
                OR
                Exp (33)
                  ID: eSNYn9sdgnJK9
              RP
              Stmt (34)
                Exp (34)
                  ID: _v6eE
                SEMI
              ELSE
              Stmt (35)
                Exp (35)
                  ID: l
                SEMI
          StmtList (38)
        RC
    ExtDefList (39)
