Program (1)
  ExtDefList (1)
    ExtDef (1)
      Specifier (1)
        TYPE: int
      SEMI
    ExtDefList (2)
      ExtDef (2)
        Specifier (2)
          TYPE: float
        ExtDecList (2)
          VarDec (2)
            VarDec (2)
              ID: QBu4o9URk
            LB
            INT: 933679470
            RB
        SEMI
      ExtDefList (4)
        ExtDef (4)
          Specifier (4)
            StructSpecifier (4)
              STRUCT
              Tag (4)
                ID: _uSrj1
          SEMI
        ExtDefList (5)
          ExtDef (5)
            Specifier (5)
              TYPE: int
            FunDec (5)
              ID: hGc5p79rRzD9o3
              LP
              VarList (5)
                ParamDec (5)
                  Specifier (5)
                    StructSpecifier (5)
                      STRUCT
                      Tag (5)
                        ID: U1i0SwTh241Ss
                  VarDec (5)
                    ID: AYJ6hGBW85
                COMMA
                VarList (6)
                  ParamDec (6)
                    Specifier (6)
                      TYPE: int
                    VarDec (6)
                      ID: skQuR5NIlqc5CwY92
              RP
            CompSt (6)
              LC
              DefList (7)
                Def (7)
                  Specifier (7)
                    StructSpecifier (7)
                      STRUCT
                      OptTag (7)
                      LC
                      DefList (8)
                        Def (8)
                          Specifier (8)
                            TYPE: int
                          DecList (8)
                            Dec (8)
                              VarDec (8)
                                ID: IHqt3rOFVov4JH2vM4
                            COMMA
                            DecList (8)
                              Dec (8)
                                VarDec (8)
                                  ID: d32B8h
                                ASSIGNOP
                                Exp (8)
                                  Exp (8)
                                    ID: JLcou1a0KWBTL4V
                                  ASSIGNOP
                                  Exp (9)
                                    Exp (9)
                                      ID: Ox1qiIB_r
                                    OR
                                    Exp (9)
                                      Exp (9)
                                        ID: NZ1oRUW0qrJoYm0upbk
                                      RELOP: GE
                                      Exp (9)
                                        Exp (9)
                                          ID: bjR6bsBE
                                        DIV
                                        Exp (9)
                                          Exp (9)
                                            Exp (9)
                                              ID: gTreX_y
                                            LB
                                            Exp (10)
                                              Exp (10)
                                                ID: NehowvEZp4OUsAgS
                                              ASSIGNOP
                                              Exp (10)
                                                Exp (10)
                                                  ID: ZL
                                                AND
                                                Exp (10)
                                                  Exp (10)
                                                    ID: _oqCl2XuXLmH9NZfXm
                                                  RELOP: LT
                                                  Exp (10)
                                                    Exp (10)
                                                      ID: U_KApcpgWVOxAOMxoz
                                                    PLUS
                                                    Exp (11)
                                                      Exp (11)
                                                        ID: VFt6Elf1__tveA
                                                        LP
                                                        Args (11)
                                                          Exp (11)
                                                            Exp (11)
                                                              ID: aNXW3YEX1iQ
                                                            AND
                                                            Exp (11)
                                                              Exp (11)
                                                                ID: NOljPr8E56o
                                                              RELOP: NE
                                                              Exp (11)
                                                                Exp (11)
                                                                  Exp (11)
                                                                    ID: LHX7uSxQ_gE0Vp
                                                                  PLUS
                                                                  Exp (12)
                                                                    Exp (12)
                                                                      ID: I1_UM1jp5f7sxrVwIo
                                                                    DIV
                                                                    Exp (12)
                                                                      ID: Ga0WrZR0
                                                                      LP
                                                                      Args (12)
                                                                        Exp (12)
                                                                          ID: wOV1
                                                                        COMMA
                                                                        Args (12)
                                                                          Exp (12)
                                                                            ID: p1KRwnH9PxHzx_4
                                                                          COMMA
                                                                          Args (13)
                                                                            Exp (13)
                                                                              Exp (13)
                                                                                ID: YmrxLICNITnG_v9W
                                                                              ASSIGNOP
                                                                              Exp (13)
                                                                                Exp (13)
                                                                                  Exp (13)
                                                                                    ID: kQ5fbM
                                                                                  RELOP: EQ
                                                                                  Exp (13)
                                                                                    NOT
                                                                                    Exp (13)
                                                                                      NOT
                                                                                      Exp (13)
                                                                                        NOT
                                                                                        Exp (13)
                                                                                          LP
                                                                                          Exp (13)
                                                                                            Exp (13)
                                                                                              ID: w9G
                                                                                            AND
                                                                                            Exp (13)
                                                                                              Exp (13)
                                                                                                ID: Xtn
                                                                                              RELOP: GT
                                                                                              Exp (14)
                                                                                                Exp (14)
                                                                                                  ID: n14Ie41yHIqELgglf
                                                                                                LB
                                                                                                Exp (14)
                                                                                                  Exp (14)
                                                                                                    ID: rz9qHDNGjUqetcgNMy
                                                                                                  ASSIGNOP
                                                                                                  Exp (14)
                                                                                                    ID: r7lTlLkV41bds
                                                                                                RB
                                                                                          RP
                                                                                RELOP: LE
                                                                                Exp (15)
                                                                                  Exp (15)
                                                                                    Exp (15)
                                                                                      ID: D__zX60Gedj
                                                                                    DOT
                                                                                    ID: YoMWRLM
                                                                                  STAR
                                                                                  Exp (15)
                                                                                    MINUS
                                                                                    Exp (15)
                                                                                      FLOAT: 737145445.820859805
                                                                      RP
                                                                MINUS
                                                                Exp (16)
                                                                  INT: 1093618408
                                                        RP
                                                      STAR
                                                      Exp (16)
                                                        NOT
                                                        Exp (16)
                                                          MINUS
                                                          Exp (16)
                                                            ID: Bbia5jkHtxblz
                                                            LP
                                                            RP
                                            RB
                                          DOT
                                          ID: om9OGgjnTpMIZY
                          SEMI
                        DefList (18)
                      RC
                  DecList (18)
                    Dec (18)
                      VarDec (18)
                        ID: oGeE
                  SEMI
                DefList (19)
              StmtList (19)
              RC
          ExtDefList (20)
            ExtDef (20)
              Specifier (20)
                StructSpecifier (20)
                  STRUCT
                  Tag (20)
                    ID: DTrXZhEHjr0xecs
              ExtDecList (20)
                VarDec (20)
                  ID: uoRiK9
                COMMA
                ExtDecList (20)
                  VarDec (20)
                    ID: ZtRHE1Nb5rf6Wh5
              SEMI
            ExtDefList (23)
              ExtDef (23)
                Specifier (23)
                  TYPE: int
                SEMI
              ExtDefList (24)
                ExtDef (24)
                  Specifier (24)
                    TYPE: int
                  SEMI
                ExtDefList (25)
                  ExtDef (25)
                    Specifier (25)
                      TYPE: int
                    FunDec (25)
                      ID: thL_DnR
                      LP
                      RP
                    CompSt (25)
                      LC
                      DefList (26)
                      StmtList (26)
                        Stmt (26)
                          RETURN
                          Exp (26)
                            ID: _46aPzVAtDIZKLKM1e
                          SEMI
                        StmtList (27)
                      RC
                  ExtDefList (28)
                    ExtDef (28)
                      Specifier (28)
                        TYPE: int
                      SEMI
                    ExtDefList (29)
                      ExtDef (29)
                        Specifier (29)
                          TYPE: int
                        SEMI
                      ExtDefList (30)
                        ExtDef (30)
                          Specifier (30)
                            TYPE: int
                          SEMI
                        ExtDefList (31)
                          ExtDef (31)
                            Specifier (31)
                              StructSpecifier (31)
                                STRUCT
                                Tag (31)
                                  ID: m
                            SEMI
                          ExtDefList (32)
                            ExtDef (32)
                              Specifier (32)
                                StructSpecifier (32)
                                  STRUCT
                                  Tag (32)
                                    ID: VTZYowrG3W
                              ExtDecList (32)
                                VarDec (32)
                                  ID: jsn56xi7y
                              SEMI
                            ExtDefList (34)
                              ExtDef (34)
                                Specifier (34)
                                  StructSpecifier (34)
                                    STRUCT
                                    Tag (34)
                                      ID: OxhKpjm1S
                                ExtDecList (34)
                                  VarDec (34)
                                    ID: WfGfWTSU_IdKCATbF
                                SEMI
                              ExtDefList (36)
                                ExtDef (36)
                                  Specifier (36)
                                    StructSpecifier (36)
                                      STRUCT
                                      Tag (36)
                                        ID: YrC
                                  SEMI
                                ExtDefList (37)
                                  ExtDef (37)
                                    Specifier (37)
                                      TYPE: int
                                    FunDec (37)
                                      ID: RwV_yQH79jkJ1RN_
                                      LP
                                      RP
                                    CompSt (37)
                                      LC
                                      DefList (38)
                                      StmtList (38)
                                      RC
                                  ExtDefList (39)
                                    ExtDef (39)
                                      Specifier (39)
                                        TYPE: int
                                      FunDec (39)
                                        ID: fyECjGWUSUsyZ
                                        LP
                                        RP
                                      CompSt (39)
                                        LC
                                        DefList (40)
                                        StmtList (40)
                                        RC
                                    ExtDefList (41)
                                      ExtDef (41)
                                        Specifier (41)
                                          StructSpecifier (41)
                                            STRUCT
                                            OptTag (41)
                                              ID: H8
                                            LC
                                            DefList (42)
                                            RC
                                        ExtDecList (42)
                                          VarDec (42)
                                            ID: Z1f
                                        SEMI
                                      ExtDefList (44)
                                        ExtDef (44)
                                          Specifier (44)
                                            TYPE: int
                                          FunDec (44)
                                            ID: LDYi8d4xq
                                            LP
                                            RP
                                          CompSt (44)
                                            LC
                                            DefList (45)
                                            StmtList (45)
                                              Stmt (45)
                                                IF
                                                LP
                                                Exp (45)
                                                  ID: VcmCsapGP
                                                RP
                                                Stmt (45)
                                                  IF
                                                  LP
                                                  Exp (45)
                                                    ID: p
                                                  RP
                                                  Stmt (45)
                                                    Exp (45)
                                                      ID: q9hwOd8Vp1h
                                                    SEMI
                                                  ELSE
                                                  Stmt (46)
                                                    CompSt (46)
                                                      LC
                                                      DefList (47)
                                                      StmtList (47)
                                                      RC
                                              StmtList (49)
                                            RC
                                        ExtDefList (50)
                                          ExtDef (50)
                                            Specifier (50)
                                              TYPE: int
                                            SEMI
                                          ExtDefList (51)
                                            ExtDef (51)
                                              Specifier (51)
                                                TYPE: int
                                              FunDec (51)
                                                ID: pwVysAceY5JhUCX1dNS8
                                                LP
                                                RP
                                              CompSt (51)
                                                LC
                                                DefList (52)
                                                StmtList (52)
                                                RC
                                            ExtDefList (53)
                                              ExtDef (53)
                                                Specifier (53)
                                                  TYPE: int
                                                FunDec (53)
                                                  ID: CWOpXJ9s
                                                  LP
                                                  RP
                                                CompSt (53)
                                                  LC
                                                  DefList (54)
                                                  StmtList (54)
                                                    Stmt (54)
                                                      Exp (54)
                                                        ID: qUiJf
                                                      SEMI
                                                    StmtList (55)
                                                      Stmt (55)
                                                        Exp (55)
                                                          ID: W1
                                                        SEMI
                                                      StmtList (56)
                                                        Stmt (56)
                                                          Exp (56)
                                                            ID: _yxyPuCw
                                                          SEMI
                                                        StmtList (57)
                                                          Stmt (57)
                                                            Exp (57)
                                                              ID: KM
                                                            SEMI
                                                          StmtList (58)
                                                            Stmt (58)
                                                              IF
                                                              LP
                                                              Exp (58)
                                                                ID: q7go0
                                                              RP
                                                              Stmt (58)
                                                                Exp (58)
                                                                  ID: QW2W_em88
                                                                SEMI
                                                              ELSE
                                                              Stmt (59)
                                                                IF
                                                                LP
                                                                Exp (59)
                                                                  ID: ezElC9f84
                                                                RP
                                                                Stmt (59)
                                                                  WHILE
                                                                  LP
                                                                  Exp (59)
                                                                    ID: WBViY09O1YFg3
                                                                  RP
                                                                  Stmt (60)
                                                                    Exp (60)
                                                                      ID: mptLsf1
                                                                    SEMI
                                                            StmtList (64)
                                                  RC
                                              ExtDefList (65)
