Program (1)
  ExtDefList (1)
    ExtDef (1)
      Specifier (1)
        StructSpecifier (1)
          STRUCT
          Tag (1)
            ID: u52vTXBT3bu4enIgayCf
      SEMI
    ExtDefList (2)
      ExtDef (2)
        Specifier (2)
          TYPE: float
        ExtDecList (2)
          VarDec (2)
            VarDec (2)
              VarDec (2)
                VarDec (2)
                  ID: ggajMOdd3NeY2xhfcrJA
                LB
                INT: 2068164338
                RB
              LB
              INT: 2127700711
              RB
            LB
            INT: 1400985623
            RB
        SEMI
      ExtDefList (5)
