Program (1)
  ExtDefList (1)
    ExtDef (1)
      Specifier (1)
        StructSpecifier (1)
          STRUCT
          OptTag (1)
          LC
          DefList (2)
          RC
      FunDec (2)
        ID: NXzPdYN
        LP
        VarList (2)
          ParamDec (2)
            Specifier (2)
              TYPE: int
            VarDec (2)
              ID: QAGs8fW
        RP
      CompSt (2)
        LC
        DefList (3)
          Def (3)
            Specifier (3)
              TYPE: int
            DecList (3)
              Dec (3)
                VarDec (3)
                  VarDec (3)
                    VarDec (3)
                      VarDec (3)
                        ID: Wy9FskD3U_Yh
                      LB
                      INT: 726025619
                      RB
                    LB
                    INT: 2038047271
                    RB
                  LB
                  INT: 28700756
                  RB
                ASSIGNOP
                Exp (4)
                  Exp (4)
                    Exp (4)
                      Exp (4)
                        Exp (4)
                          Exp (4)
                            Exp (4)
                              Exp (4)
                                Exp (4)
                                  Exp (4)
                                    Exp (4)
                                      Exp (4)
                                        Exp (4)
                                          MINUS
                                          Exp (4)
                                            NOT
                                            Exp (4)
                                              ID: ev60wpc
                                              LP
                                              RP
                                        PLUS
                                        Exp (4)
                                          Exp (4)
                                            Exp (4)
                                              Exp (4)
                                                Exp (4)
                                                  NOT
                                                  Exp (4)
                                                    Exp (4)
                                                      Exp (4)
                                                        ID: Io4n
                                                        LP
                                                        RP
                                                      LB
                                                      Exp (4)
                                                        ID: LcctmCUJYJhJSHmJ
                                                      RB
                                                    DOT
                                                    ID: jyzt_b
                                                STAR
                                                Exp (5)
                                                  ID: DWmCBxx1JWlCQ3L7
                                              DIV
                                              Exp (5)
                                                ID: cPNi
                                            STAR
                                            Exp (5)
                                              ID: Pu53Vju_K0rO6D
                                          DIV
                                          Exp (6)
                                            ID: HOa9eR5H9pewQn7
                                      MINUS
                                      Exp (6)
                                        Exp (6)
                                          Exp (6)
                                            Exp (6)
                                              ID: cX8D3WHBqBhDJC
                                              LP
                                              Args (6)
                                                Exp (6)
                                                  ID: P6FtuHzD
                                              RP
                                            LB
                                            Exp (7)
                                              ID: DY9IY
                                            RB
                                          DOT
                                          ID: UeHG5Tni
                                        LB
                                        Exp (7)
                                          ID: KX
                                        RB
                                    PLUS
                                    Exp (7)
                                      Exp (7)
                                        NOT
                                        Exp (7)
                                          MINUS
                                          Exp (7)
                                            ID: p8cb457eLy
                                      DIV
                                      Exp (7)
                                        ID: saGWOlniNYboAT1lUo
                                  RELOP: LT
                                  Exp (8)
                                    Exp (8)
                                      Exp (8)
                                        Exp (8)
                                          ID: wOSQYdxCRn_6JMS6
                                          LP
                                          RP
                                        STAR
                                        Exp (8)
                                          ID: hVxttrZE_0vQQE
                                      DIV
                                      Exp (8)
                                        ID: T30jyhdZgmyUQQ0y
                                    MINUS
                                    Exp (9)
                                      ID: VFnIe
                                RELOP: LE
                                Exp (9)
                                  Exp (9)
                                    Exp (9)
                                      Exp (9)
                                        Exp (9)
                                          Exp (9)
                                            Exp (9)
                                              Exp (9)
                                                Exp (9)
                                                  Exp (9)
                                                    Exp (9)
                                                      Exp (9)
                                                        Exp (9)
                                                          ID: PB8jLQGujUNFzF
                                                        DOT
                                                        ID: _b
                                                      LB
                                                      Exp (9)
                                                        ID: _ovwS1Ljf08QQLOu
                                                      RB
                                                    DOT
                                                    ID: sQpkR
                                                  LB
                                                  Exp (10)
                                                    ID: Hqs_M_PaRmOVqWE
                                                  RB
                                                MINUS
                                                Exp (10)
                                                  ID: mL_2
                                              PLUS
                                              Exp (10)
                                                ID: CfvyH1B1IPggkWdhCzz
                                            MINUS
                                            Exp (11)
                                              ID: ITys_NWw0VccL8
                                          PLUS
                                          Exp (11)
                                            ID: hTqpIG
                                        MINUS
                                        Exp (11)
                                          ID: Ro26xEWRtRE
                                      MINUS
                                      Exp (11)
                                        ID: u2no5_rCBDfDvhpEH
                                    PLUS
                                    Exp (12)
                                      ID: K2okM_w17
                                  PLUS
                                  Exp (12)
                                    ID: u0ePfHMoOd2dZkC9
                              RELOP: EQ
                              Exp (12)
                                Exp (12)
                                  Exp (12)
                                    Exp (12)
                                      ID: AEPAXsylAXdvekVMlqiE
                                      LP
                                      Args (13)
                                        Exp (13)
                                          ID: GdHHukuMKA9RpE7
                                      RP
                                    PLUS
                                    Exp (13)
                                      ID: Ht7QGGsvO8AhA
                                  MINUS
                                  Exp (13)
                                    ID: h9rOXuBgz
                                MINUS
                                Exp (14)
                                  ID: kimnLN_kRfECH_1mD
                            RELOP: EQ
                            Exp (14)
                              NOT
                              Exp (14)
                                FLOAT: 189142526.985187203
                          RELOP: GE
                          Exp (14)
                            NOT
                            Exp (14)
                              ID: ZOLfqwYCyASOE
                              LP
                              RP
                        RELOP: NE
                        Exp (15)
                          Exp (15)
                            Exp (15)
                              MINUS
                              Exp (15)
                                FLOAT: 1763243313.498147481
                            DIV
                            Exp (15)
                              ID: MSmePqreico
                          MINUS
                          Exp (15)
                            ID: fR8iFiwO
                      RELOP: LE
                      Exp (16)
                        Exp (16)
                          Exp (16)
                            Exp (16)
                              Exp (16)
                                Exp (16)
                                  Exp (16)
                                    Exp (16)
                                      ID: CfKs7epz2WmB07nDx
                                      LP
                                      Args (16)
                                        Exp (16)
                                          ID: R0kojav
                                      RP
                                    DOT
                                    ID: jLhYZNAklKJ
                                  STAR
                                  Exp (16)
                                    ID: pN4G
                                STAR
                                Exp (17)
                                  ID: YOyLkB6ERWiau0g3
                              DIV
                              Exp (17)
                                ID: fKuMvXL
                            DIV
                            Exp (17)
                              ID: HUiL0QR8
                          MINUS
                          Exp (17)
                            ID: e7NkfIewwq
                        PLUS
                        Exp (18)
                          ID: JejKghCtyEwrVE
                    RELOP: GE
                    Exp (18)
                      Exp (18)
                        Exp (18)
                          ID: Ccf3riU99a4Ti54tZoIu
                          LP
                          Args (18)
                            Exp (18)
                              ID: x4
                          RP
                        LB
                        Exp (19)
                          ID: Nl5upG3lYRyb
                        RB
                      PLUS
                      Exp (19)
                        ID: bt_pqjQ9gmsk1Nrf0T1
                  OR
                  Exp (19)
                    Exp (19)
                      Exp (19)
                        Exp (19)
                          Exp (19)
                            Exp (19)
                              Exp (19)
                                Exp (19)
                                  Exp (19)
                                    Exp (19)
                                      Exp (19)
                                        MINUS
                                        Exp (19)
                                          NOT
                                          Exp (19)
                                            ID: xfEd
                                      RELOP: GE
                                      Exp (20)
                                        ID: CfQwjn
                                    RELOP: LE
                                    Exp (20)
                                      ID: r1PdRG1Tpt9uBV
                                  RELOP: NE
                                  Exp (20)
                                    ID: rdfI4xMpVhC
                                RELOP: NE
                                Exp (20)
                                  ID: znjEWag411YcWErgkYQh
                              RELOP: LT
                              Exp (21)
                                ID: CA1ue
                            RELOP: GT
                            Exp (21)
                              ID: j5n4RrvSHM9ZC
                          RELOP: EQ
                          Exp (21)
                            ID: ktu0gQIzzwPGhE1U8J3N
                        RELOP: LE
                        Exp (22)
                          ID: jPN8lXyjVgC
                      RELOP: LT
                      Exp (22)
                        ID: q
                    AND
                    Exp (22)
                      ID: c0sdMZyRvTZsj
              COMMA
              DecList (22)
                Dec (22)
                  VarDec (22)
                    VarDec (22)
                      ID: Ei9B8Km3SzJk3XJm
                    LB
                    INT: 1739813252
                    RB
                COMMA
                DecList (23)
                  Dec (23)
                    VarDec (23)
                      VarDec (23)
                        ID: TFHqztNCYvwvCI9
                      LB
                      INT: 554600712
                      RB
            SEMI
          DefList (24)
            Def (24)
              Specifier (24)
                TYPE: float
              DecList (24)
                Dec (24)
                  VarDec (24)
                    VarDec (24)
                      ID: nZxdHS4HjoRBpIEy
                    LB
                    INT: 340685751
                    RB
                  ASSIGNOP
                  Exp (24)
                    Exp (24)
                      Exp (24)
                        Exp (24)
                          Exp (24)
                            Exp (24)
                              Exp (24)
                                Exp (24)
                                  Exp (24)
                                    Exp (24)
                                      Exp (24)
                                        Exp (24)
                                          MINUS
                                          Exp (24)
                                            Exp (24)
                                              LP
                                              Exp (24)
                                                Exp (24)
                                                  Exp (24)
                                                    Exp (24)
                                                      Exp (24)
                                                        Exp (24)
                                                          Exp (24)
                                                            MINUS
                                                            Exp (24)
                                                              ID: ZUeK
                                                          DIV
                                                          Exp (25)
                                                            ID: PjVv0aEulsb3eiDJQ
                                                        MINUS
                                                        Exp (25)
                                                          ID: vXhMEHbImQQoCSUY4
                                                      MINUS
                                                      Exp (25)
                                                        ID: gqIUrjDl
                                                    PLUS
                                                    Exp (26)
                                                      ID: XSACfQPicXdFvnh0
                                                  RELOP: LE
                                                  Exp (26)
                                                    ID: p5FJmNFz3URJlbMW4Ut
                                                RELOP: EQ
                                                Exp (26)
                                                  ID: tdNyrn
                                              RP
                                            DOT
                                            ID: HQCxe
                                        STAR
                                        Exp (27)
                                          LP
                                          Exp (27)
                                            ID: e
                                          RP
                                      DIV
                                      Exp (27)
                                        NOT
                                        Exp (27)
                                          ID: oYjMOI6uOoNT
                                    STAR
                                    Exp (27)
                                      MINUS
                                      Exp (27)
                                        ID: Q
                                  STAR
                                  Exp (27)
                                    MINUS
                                    Exp (27)
                                      ID: RJajsd
                                STAR
                                Exp (28)
                                  NOT
                                  Exp (28)
                                    ID: yf5vj
                              MINUS
                              Exp (28)
                                Exp (28)
                                  Exp (28)
                                    ID: XERWrgP_y
                                    LP
                                    RP
                                  DIV
                                  Exp (28)
                                    ID: xU8Q9MbeilregMiUf
                                DIV
                                Exp (28)
                                  ID: EfASY_B3L
                            MINUS
                            Exp (29)
                              Exp (29)
                                Exp (29)
                                  ID: v6ueQG
                                  LP
                                  RP
                                DIV
                                Exp (29)
                                  ID: qTAUhV5_tCqZqPy
                              STAR
                              Exp (29)
                                ID: pM01XhCZhiWlhHGJ
                          RELOP: EQ
                          Exp (30)
                            Exp (30)
                              NOT
                              Exp (30)
                                ID: _xlSI
                            PLUS
                            Exp (30)
                              ID: gbaT7e8YuEA7
                        RELOP: GT
                        Exp (30)
                          MINUS
                          Exp (30)
                            ID: MxzrnxW9u7ec
                      AND
                      Exp (30)
                        Exp (30)
                          Exp (30)
                            Exp (30)
                              Exp (30)
                                Exp (30)
                                  Exp (30)
                                    Exp (30)
                                      Exp (30)
                                        Exp (30)
                                          MINUS
                                          Exp (30)
                                            ID: hjZUh7es0qH
                                        PLUS
                                        Exp (31)
                                          ID: LttcO0aFZ6m
                                      PLUS
                                      Exp (31)
                                        ID: BZvfJORE8jxl3npYxD
                                    PLUS
                                    Exp (31)
                                      ID: P2e4mn9g9J1NuK838
                                  MINUS
                                  Exp (32)
                                    ID: KOZXuM7vF
                                RELOP: LE
                                Exp (32)
                                  ID: E54ra1kvlf6WKVOYTwLB
                              RELOP: GT
                              Exp (32)
                                ID: A3n7VYVPs3_ZF7R_
                            RELOP: GT
                            Exp (33)
                              ID: hLi4xrwdW1Be93vt6O
                          RELOP: EQ
                          Exp (33)
                            ID: CwdsuLnrTj2NX6E
                        RELOP: EQ
                        Exp (33)
                          ID: p1BqfA7xWjCTGGxv
                    AND
                    Exp (34)
                      Exp (34)
                        Exp (34)
                          Exp (34)
                            Exp (34)
                              Exp (34)
                                Exp (34)
                                  Exp (34)
                                    Exp (34)
                                      Exp (34)
                                        Exp (34)
                                          Exp (34)
                                            Exp (34)
                                              Exp (34)
                                                Exp (34)
                                                  Exp (34)
                                                    Exp (34)
                                                      Exp (34)
                                                        Exp (34)
                                                          Exp (34)
                                                            Exp (34)
                                                              Exp (34)
                                                                Exp (34)
                                                                  Exp (34)
                                                                    NOT
                                                                    Exp (34)
                                                                      ID: YqLd8H67k6
                                                                  STAR
                                                                  Exp (34)
                                                                    ID: fuwog7xeR
                                                                STAR
                                                                Exp (34)
                                                                  ID: iNcPXRE9Yk
                                                              STAR
                                                              Exp (34)
                                                                ID: daUFIBgOGiV
                                                            STAR
                                                            Exp (35)
                                                              ID: H
                                                          PLUS
                                                          Exp (35)
                                                            ID: QlR1niQqo
                                                        PLUS
                                                        Exp (35)
                                                          ID: QwISMgebiDYr
                                                      PLUS
                                                      Exp (35)
                                                        ID: _KleC0ch41l6So
                                                    MINUS
                                                    Exp (36)
                                                      ID: y
                                                  MINUS
                                                  Exp (36)
                                                    ID: ruKsLxCcy
                                                RELOP: NE
                                                Exp (36)
                                                  ID: Pd0ge0e
                                              RELOP: LT
                                              Exp (36)
                                                ID: jDdyi0KvsoVK3
                                            RELOP: LE
                                            Exp (36)
                                              ID: R9BXw2Cab8TT44YPQ
                                          RELOP: NE
                                          Exp (37)
                                            ID: GEP
                                        RELOP: LE
                                        Exp (37)
                                          ID: MlfXWGkGmqpQ
                                      RELOP: LT
                                      Exp (37)
                                        ID: FhxBQPlJ
                                    RELOP: EQ
                                    Exp (37)
                                      ID: rMByVSiVGL9HSDp_
                                  RELOP: LT
                                  Exp (38)
                                    ID: PhETkLwxgYtJtV2gGz
                                RELOP: GT
                                Exp (38)
                                  ID: fFGDwZWHx4GldFltVaY
                              RELOP: GT
                              Exp (38)
                                ID: NPdjQp
                            RELOP: GE
                            Exp (39)
                              ID: R9Ykacqq_HVs
                          RELOP: GT
                          Exp (39)
                            ID: A
                        RELOP: NE
                        Exp (39)
                          ID: kdmzYU9eH
                      RELOP: NE
                      Exp (39)
                        ID: JdqhrYrFFX67
              SEMI
            DefList (40)
              Def (40)
                Specifier (40)
                  StructSpecifier (40)
                    STRUCT
                    Tag (40)
                      ID: YEENFaSYFVKLs
                DecList (40)
                  Dec (40)
                    VarDec (40)
                      ID: gDafFamobio
                SEMI
              DefList (41)
                Def (41)
                  Specifier (41)
                    TYPE: float
                  DecList (41)
                    Dec (41)
                      VarDec (41)
                        VarDec (41)
                          VarDec (41)
                            VarDec (41)
                              VarDec (41)
                                ID: thdHfvHf
                              LB
                              INT: 1096897482
                              RB
                            LB
                            INT: 734840854
                            RB
                          LB
                          INT: 315034023
                          RB
                        LB
                        INT: 34416774
                        RB
                      ASSIGNOP
                      Exp (42)
                        Exp (42)
                          Exp (42)
                            Exp (42)
                              Exp (42)
                                Exp (42)
                                  Exp (42)
                                    Exp (42)
                                      Exp (42)
                                        Exp (42)
                                          Exp (42)
                                            Exp (42)
                                              Exp (42)
                                                Exp (42)
                                                  Exp (42)
                                                    NOT
                                                    Exp (42)
                                                      ID: Ta9EMFCmGXl9
                                                  RELOP: GE
                                                  Exp (42)
                                                    ID: cu0deVd0sFj9Lsp
                                                RELOP: LE
                                                Exp (43)
                                                  ID: WlqeDKhpFqbmOFaNb
                                              RELOP: EQ
                                              Exp (43)
                                                ID: VAFa2KW3cXKC
                                            RELOP: NE
                                            Exp (43)
                                              ID: HHlQ4K8stcZ7lWUyGY
                                          RELOP: LT
                                          Exp (44)
                                            ID: gbD
                                        RELOP: NE
                                        Exp (44)
                                          ID: N6Q
                                      RELOP: GT
                                      Exp (44)
                                        ID: NyzvzWeHPk9YnXgO
                                    RELOP: EQ
                                    Exp (44)
                                      ID: RX4hgkiHyrR9
                                  RELOP: NE
                                  Exp (45)
                                    ID: P4gDjeXv
                                RELOP: NE
                                Exp (45)
                                  ID: ipjkOp_o46jd
                              AND
                              Exp (45)
                                ID: W8unBHjtPQ
                            OR
                            Exp (45)
                              ID: WBiQLPg4jDNg
                          OR
                          Exp (46)
                            ID: dNxg
                        OR
                        Exp (46)
                          ID: H7gVrUN86Dn64
                  SEMI
                DefList (47)
                  Def (47)
                    Specifier (47)
                      TYPE: int
                    DecList (47)
                      Dec (47)
                        VarDec (47)
                          VarDec (47)
                            ID: N_dzYPB
                          LB
                          INT: 2017570273
                          RB
                        ASSIGNOP
                        Exp (47)
                          ID: jUduP2Tn1p
                    SEMI
                  DefList (48)
                    Def (48)
                      Specifier (48)
                        TYPE: int
                      DecList (48)
                        Dec (48)
                          VarDec (48)
                            ID: TpuVL
                          ASSIGNOP
                          Exp (48)
                            ID: An33
                      SEMI
                    DefList (49)
        StmtList (49)
        RC
    ExtDefList (50)
