Program (1)
  ExtDefList (1)
    ExtDef (1)
      Specifier (1)
        StructSpecifier (1)
          STRUCT
          OptTag (1)
            ID: Kc
          LC
          DefList (2)
          RC
      SEMI
    ExtDefList (3)
      ExtDef (3)
        Specifier (3)
          TYPE: float
        ExtDecList (3)
          VarDec (3)
            VarDec (3)
              ID: W5CfEr9KS1PYPJVSb
            LB
            INT: 1613223379
            RB
          COMMA
          ExtDecList (3)
            VarDec (3)
              ID: hLZ5ZKPK01XNDCws
        SEMI
      ExtDefList (6)
        ExtDef (6)
          Specifier (6)
            StructSpecifier (6)
              STRUCT
              Tag (6)
                ID: kjvs
          FunDec (6)
            ID: mxvnoN4I3vf3Amp4
            LP
            RP
          CompSt (6)
            LC
            DefList (7)
              Def (7)
                Specifier (7)
                  TYPE: int
                DecList (7)
                  Dec (7)
                    VarDec (7)
                      ID: HjyEkndHfvXk4jx
                  COMMA
                  DecList (7)
                    Dec (7)
                      VarDec (7)
                        ID: LXSnLvf
                      ASSIGNOP
                      Exp (7)
                        ID: k1xDrqG35
                SEMI
              DefList (8)
            StmtList (8)
              Stmt (8)
                WHILE
                LP
                Exp (8)
                  ID: itvpJC3y
                RP
                Stmt (8)
                  Exp (8)
                    Exp (8)
                      ID: zJHIF4HFfcVq
                    ASSIGNOP
                    Exp (8)
                      Exp (8)
                        ID: gDTUH21aJO6p
                      OR
                      Exp (9)
                        Exp (9)
                          ID: xp2ekPYNxIhT6ConRta0
                        RELOP: NE
                        Exp (9)
                          Exp (9)
                            Exp (9)
                              ID: zmmhd1Stuc1
                            DIV
                            Exp (9)
                              NOT
                              Exp (9)
                                MINUS
                                Exp (9)
                                  Exp (9)
                                    ID: WJzqs61N8IeFvZWTf
                                  LB
                                  Exp (10)
                                    Exp (10)
                                      ID: KIJFp6M6Dl
                                    ASSIGNOP
                                    Exp (10)
                                      Exp (10)
                                        ID: YrijxWJSoIeir5H6Br4z
                                      AND
                                      Exp (10)
                                        Exp (10)
                                          ID: vwD8MY4Ij2NJ64ES
                                        RELOP: EQ
                                        Exp (11)
                                          Exp (11)
                                            ID: iWrxoL7V0RiOSWdj
                                          MINUS
                                          Exp (11)
                                            Exp (11)
                                              ID: JIa
                                            STAR
                                            Exp (11)
                                              NOT
                                              Exp (11)
                                                MINUS
                                                Exp (11)
                                                  Exp (11)
                                                    ID: Wt643BOunTLb
                                                    LP
                                                    Args (11)
                                                      Exp (11)
                                                        Exp (11)
                                                          Exp (11)
                                                            ID: Vrdd4bt2xNP3
                                                          RELOP: LT
                                                          Exp (12)
                                                            Exp (12)
                                                              ID: rE80AYk6ViuBJBDh3IFb
                                                            MINUS
                                                            Exp (12)
                                                              Exp (12)
                                                                ID: Oc3vjeMrtnCsL1li
                                                              LB
                                                              Exp (12)
                                                                Exp (12)
                                                                  ID: AiAGC8ZEJGHerLotn
                                                                OR
                                                                Exp (13)
                                                                  Exp (13)
                                                                    ID: ZmHyb
                                                                  MINUS
                                                                  Exp (13)
                                                                    Exp (13)
                                                                      ID: IkWuzjvBNKVdt
                                                                    LB
                                                                    Exp (13)
                                                                      Exp (13)
                                                                        ID: wotkxBNHv0
                                                                      RELOP: LE
                                                                      Exp (13)
                                                                        Exp (13)
                                                                          ID: PnAM1msPKps8JA9
                                                                        PLUS
                                                                        Exp (14)
                                                                          MINUS
                                                                          Exp (14)
                                                                            Exp (14)
                                                                              ID: nazMsrYpyw6rn1
                                                                            LB
                                                                            Exp (14)
                                                                              Exp (14)
                                                                                ID: qlE8
                                                                              ASSIGNOP
                                                                              Exp (14)
                                                                                Exp (14)
                                                                                  ID: Mit79XyD8rubh74wMJ
                                                                                ASSIGNOP
                                                                                Exp (14)
                                                                                  Exp (14)
                                                                                    ID: ZN8
                                                                                  ASSIGNOP
                                                                                  Exp (15)
                                                                                    Exp (15)
                                                                                      ID: DnY6y6jAs2VRMY
                                                                                    ASSIGNOP
                                                                                    Exp (15)
                                                                                      Exp (15)
                                                                                        ID: EkMvZPw5
                                                                                      RELOP: GT
                                                                                      Exp (15)
                                                                                        Exp (15)
                                                                                          ID: G5CR
                                                                                        PLUS
                                                                                        Exp (15)
                                                                                          Exp (15)
                                                                                            Exp (15)
                                                                                              ID: MJuoErAwBuzWSt7
                                                                                            DIV
                                                                                            Exp (16)
                                                                                              NOT
                                                                                              Exp (16)
                                                                                                LP
                                                                                                Exp (16)
                                                                                                  Exp (16)
                                                                                                    ID: ax
                                                                                                  AND
                                                                                                  Exp (16)
                                                                                                    Exp (16)
                                                                                                      Exp (16)
                                                                                                        ID: Vy5y7_h9
                                                                                                      STAR
                                                                                                      Exp (16)
                                                                                                        LP
                                                                                                        Exp (16)
                                                                                                          Exp (16)
                                                                                                            ID: fH6EiFWrWpKi
                                                                                                          ASSIGNOP
                                                                                                          Exp (16)
                                                                                                            Exp (16)
                                                                                                              ID: JSywVg
                                                                                                            OR
                                                                                                            Exp (17)
                                                                                                              Exp (17)
                                                                                                                ID: QrzSwHxoUVsnBOcdr
                                                                                                              AND
                                                                                                              Exp (17)
                                                                                                                Exp (17)
                                                                                                                  Exp (17)
                                                                                                                    Exp (17)
                                                                                                                      ID: vbDXWSWZuPOHIC
                                                                                                                    DIV
                                                                                                                    Exp (17)
                                                                                                                      Exp (17)
                                                                                                                        LP
                                                                                                                        Exp (17)
                                                                                                                          Exp (17)
                                                                                                                            ID: Xzdf2gj7uJr
                                                                                                                          RELOP: GT
                                                                                                                          Exp (18)
                                                                                                                            Exp (18)
                                                                                                                              ID: YesG8EzdK
                                                                                                                              LP
                                                                                                                              Args (18)
                                                                                                                                Exp (18)
                                                                                                                                  ID: P5a
                                                                                                                                COMMA
                                                                                                                                Args (18)
                                                                                                                                  Exp (18)
                                                                                                                                    ID: oBSof5eV3jp4EDd
                                                                                                                              RP
                                                                                                                            MINUS
                                                                                                                            Exp (18)
                                                                                                                              NOT
                                                                                                                              Exp (18)
                                                                                                                                ID: Dp75zcIwn1Hz
                                                                                                                        RP
                                                                                                                      DOT
                                                                                                                      ID: gbODt9mU3Wk8EZL2idm
                                                                                                                  STAR
                                                                                                                  Exp (19)
                                                                                                                    NOT
                                                                                                                    Exp (19)
                                                                                                                      ID: wWLPYz
                                                                                                                RELOP: GT
                                                                                                                Exp (19)
                                                                                                                  ID: DD3
                                                                                                        RP
                                                                                                    RELOP: LT
                                                                                                    Exp (19)
                                                                                                      MINUS
                                                                                                      Exp (19)
                                                                                                        NOT
                                                                                                        Exp (19)
                                                                                                          INT: 638247927
                                                                                                RP
                                                                                          DIV
                                                                                          Exp (20)
                                                                                            MINUS
                                                                                            Exp (20)
                                                                                              NOT
                                                                                              Exp (20)
                                                                                                NOT
                                                                                                Exp (20)
                                                                                                  FLOAT: 1304922263.633904363
                                                                            RB
                                                                    RB
                                                              RB
                                                        RELOP: GE
                                                        Exp (20)
                                                          MINUS
                                                          Exp (20)
                                                            ID: sIxEIsYYvENVBFKC
                                                            LP
                                                            RP
                                                    RP
                                                  DOT
                                                  ID: BEdqPBpzfsPlJ
                                  RB
                          PLUS
                          Exp (21)
                            ID: Ipn
                  SEMI
              StmtList (23)
            RC
        ExtDefList (24)
          ExtDef (24)
            Specifier (24)
              StructSpecifier (24)
                STRUCT
                Tag (24)
                  ID: nBDX
            SEMI
          ExtDefList (25)
            ExtDef (25)
              Specifier (25)
                StructSpecifier (25)
                  STRUCT
                  Tag (25)
                    ID: mQS2Li5QPZduBgX_0cB
              SEMI
            ExtDefList (26)
              ExtDef (26)
                Specifier (26)
                  TYPE: int
                SEMI
              ExtDefList (27)
                ExtDef (27)
                  Specifier (27)
                    StructSpecifier (27)
                      STRUCT
                      OptTag (27)
                      LC
                      DefList (28)
                        Def (28)
                          Specifier (28)
                            TYPE: int
                          DecList (28)
                            Dec (28)
                              VarDec (28)
                                ID: s57zXVzdQB5
                          SEMI
                        DefList (29)
                          Def (29)
                            Specifier (29)
                              TYPE: int
                            DecList (29)
                              Dec (29)
                                VarDec (29)
                                  ID: d0Rup61gPdzoWhGTW
                            SEMI
                          DefList (30)
                            Def (30)
                              Specifier (30)
                                TYPE: int
                              DecList (30)
                                Dec (30)
                                  VarDec (30)
                                    ID: McyfS
                              SEMI
                            DefList (31)
                              Def (31)
                                Specifier (31)
                                  TYPE: int
                                DecList (31)
                                  Dec (31)
                                    VarDec (31)
                                      ID: eMdG
                                SEMI
                              DefList (32)
                                Def (32)
                                  Specifier (32)
                                    TYPE: int
                                  DecList (32)
                                    Dec (32)
                                      VarDec (32)
                                        ID: VQuevZDVzLqXjEyRS
                                  SEMI
                                DefList (33)
                      RC
                  ExtDecList (33)
                    VarDec (33)
                      ID: EZQJzaqjQ4PTgUIik
                  SEMI
                ExtDefList (35)
                  ExtDef (35)
                    Specifier (35)
                      TYPE: int
                    SEMI
                  ExtDefList (36)
                    ExtDef (36)
                      Specifier (36)
                        TYPE: int
                      SEMI
                    ExtDefList (37)
                      ExtDef (37)
                        Specifier (37)
                          TYPE: int
                        FunDec (37)
                          ID: i6QwBovBhCUGEVrBk
                          LP
                          VarList (37)
                            ParamDec (37)
                              Specifier (37)
                                TYPE: int
                              VarDec (37)
                                ID: NZf7xyqweHBCzP
                            COMMA
                            VarList (37)
                              ParamDec (37)
                                Specifier (37)
                                  TYPE: int
                                VarDec (37)
                                  ID: Pgofn4HPME6
                          RP
                        CompSt (38)
                          LC
                          DefList (39)
                          StmtList (39)
                            Stmt (39)
                              IF
                              LP
                              Exp (39)
                                ID: K_NEqNpDLxsI
                              RP
                              Stmt (39)
                                Exp (39)
                                  ID: h_0unTqFm_AQJp
                                SEMI
                              ELSE
                              Stmt (40)
                                IF
                                LP
                                Exp (40)
                                  ID: d
                                RP
                                Stmt (40)
                                  IF
                                  LP
                                  Exp (40)
                                    ID: LC7BNsfNKnX9
                                  RP
                                  Stmt (40)
                                    IF
                                    LP
                                    Exp (40)
                                      ID: R8WRmZLGOdXf_
                                    RP
                                    Stmt (41)
                                      Exp (41)
                                        ID: T_ai2S
                                      SEMI
                                    ELSE
                                    Stmt (42)
                                      CompSt (42)
                                        LC
                                        DefList (43)
                                        StmtList (43)
                                          Stmt (43)
                                            Exp (43)
                                              ID: NYMGFPUDDZ0H939Ws4
                                            SEMI
                                          StmtList (44)
                                            Stmt (44)
                                              Exp (44)
                                                ID: sa0LYP0m7zdy5jD
                                              SEMI
                                            StmtList (45)
                                              Stmt (45)
                                                Exp (45)
                                                  ID: mUNu9AoG9E0ANeGi
                                                SEMI
                                              StmtList (46)
                                                Stmt (46)
                                                  Exp (46)
                                                    ID: yPjYvkehIUo1jTPbk0th
                                                  SEMI
                                                StmtList (47)
                                                  Stmt (47)
                                                    RETURN
                                                    Exp (47)
                                                      ID: AyZCgr3VOCIQCO
                                                    SEMI
                                                  StmtList (48)
                                        RC
                            StmtList (52)
                          RC
                      ExtDefList (53)
