Program (1)
  ExtDefList (1)
    ExtDef (1)
      Specifier (1)
        StructSpecifier (1)
          STRUCT
          Tag (1)
            ID: oeqloBGpy0ljOStTN2V
      ExtDecList (1)
        VarDec (1)
          ID: DqaZ
      SEMI
    ExtDefList (3)
      ExtDef (3)
        Specifier (3)
          TYPE: float
        FunDec (3)
          ID: fbPn23vvLgDu
          LP
          RP
        CompSt (3)
          LC
          DefList (4)
            Def (4)
              Specifier (4)
                TYPE: int
              DecList (4)
                Dec (4)
                  VarDec (4)
                    ID: GF2Cys4LxIKW
                  ASSIGNOP
                  Exp (4)
                    Exp (4)
                      ID: CL82riDSYkV
                    RELOP: NE
                    Exp (4)
                      Exp (4)
                        ID: xOdxUiT
                      MINUS
                      Exp (4)
                        MINUS
                        Exp (4)
                          Exp (4)
                            ID: xc70Tkd8O2rlXU_L
                          LB
                          Exp (5)
                            Exp (5)
                              ID: PHLzHAyReSqq7sVaDW
                            ASSIGNOP
                            Exp (5)
                              Exp (5)
                                ID: gDrKc
                              OR
                              Exp (5)
                                Exp (5)
                                  ID: J5f2RbxYk_pqRzSzN
                                AND
                                Exp (6)
                                  Exp (6)
                                    ID: VZW8AUiPyF
                                  RELOP: LE
                                  Exp (6)
                                    Exp (6)
                                      ID: WmL
                                    DIV
                                    Exp (6)
                                      NOT
                                      Exp (6)
                                        Exp (6)
                                          ID: nPp
                                          LP
                                          Args (6)
                                            Exp (6)
                                              Exp (6)
                                                ID: p
                                              RELOP: GE
                                              Exp (6)
                                                Exp (6)
                                                  MINUS
                                                  Exp (6)
                                                    Exp (6)
                                                      ID: l0reAhbGkzC
                                                    LB
                                                    Exp (7)
                                                      Exp (7)
                                                        ID: MM7qcYOFq7bcX3OelaT3
                                                        LP
                                                        Args (7)
                                                          Exp (7)
                                                            ID: tGRAl0
                                                          COMMA
                                                          Args (7)
                                                            Exp (7)
                                                              Exp (7)
                                                                ID: HxxKSe4
                                                              RELOP: GT
                                                              Exp (7)
                                                                Exp (7)
                                                                  ID: STPG3b
                                                                LB
                                                                Exp (8)
                                                                  Exp (8)
                                                                    ID: uhRowKmaSv18xO
                                                                  OR
                                                                  Exp (8)
                                                                    Exp (8)
                                                                      ID: wzw
                                                                    RELOP: LT
                                                                    Exp (8)
                                                                      Exp (8)
                                                                        Exp (8)
                                                                          ID: aOUfi9VRLN
                                                                        STAR
                                                                        Exp (8)
                                                                          MINUS
                                                                          Exp (8)
                                                                            ID: kvFfTReLA
                                                                            LP
                                                                            Args (9)
                                                                              Exp (9)
                                                                                LP
                                                                                Exp (9)
                                                                                  ID: KLldcxbTy3atRyUMNCt
                                                                                RP
                                                                            RP
                                                                      STAR
                                                                      Exp (9)
                                                                        INT: 1318566872
                                                                RB
                                                        RP
                                                      RELOP: EQ
                                                      Exp (9)
                                                        ID: s9571bp
                                                    RB
                                                PLUS
                                                Exp (10)
                                                  Exp (10)
                                                    ID: g
                                                    LP
                                                    RP
                                                  STAR
                                                  Exp (10)
                                                    FLOAT: 394032377.715950680
                                          RP
                                        DOT
                                        ID: IV8blPtHk_
                          RB
                COMMA
                DecList (11)
                  Dec (11)
                    VarDec (11)
                      VarDec (11)
                        ID: Z86lOi8
                      LB
                      INT: 99994193
                      RB
              SEMI
            DefList (12)
          StmtList (12)
          RC
      ExtDefList (13)
        ExtDef (13)
          Specifier (13)
            StructSpecifier (13)
              STRUCT
              OptTag (13)
              LC
              DefList (14)
                Def (14)
                  Specifier (14)
                    TYPE: int
                  DecList (14)
                    Dec (14)
                      VarDec (14)
                        ID: bxOHB0icNwllOW
                  SEMI
                DefList (15)
              RC
          SEMI
        ExtDefList (16)
          ExtDef (16)
            Specifier (16)
              StructSpecifier (16)
                STRUCT
                Tag (16)
                  ID: qphhwSxU
            ExtDecList (16)
              VarDec (16)
                ID: zQ898g3zwaUFN
              COMMA
              ExtDecList (16)
                VarDec (16)
                  ID: d9GKrNAUcWiNyH4G3lNr
            SEMI
          ExtDefList (19)
            ExtDef (19)
              Specifier (19)
                TYPE: int
              FunDec (19)
                ID: Qear2tj43
                LP
                VarList (19)
                  ParamDec (19)
                    Specifier (19)
                      TYPE: int
                    VarDec (19)
                      ID: hLI2FySWHBzjFBSnGPxF
                  COMMA
                  VarList (19)
                    ParamDec (19)
                      Specifier (19)
                        TYPE: int
                      VarDec (19)
                        ID: EtSQxI_ASd2zf8u8lKLA
                RP
              CompSt (20)
                LC
                DefList (21)
                StmtList (21)
                  Stmt (21)
                    IF
                    LP
                    Exp (21)
                      ID: H5o7G3U4NIbitAyi
                    RP
                    Stmt (21)
                      Exp (21)
                        ID: kUNORLAOkdu
                      SEMI
                  StmtList (23)
                    Stmt (23)
                      IF
                      LP
                      Exp (23)
                        ID: vCZZnsv
                      RP
                      Stmt (23)
                        Exp (23)
                          ID: jKKrMzOuJoVQXE9N
                        SEMI
                      ELSE
                      Stmt (24)
                        WHILE
                        LP
                        Exp (24)
                          ID: HAbYrrO
                        RP
                        Stmt (24)
                          CompSt (24)
                            LC
                            DefList (25)
                            StmtList (25)
                              Stmt (25)
                                Exp (25)
                                  ID: pN
                                SEMI
                              StmtList (26)
                                Stmt (26)
                                  Exp (26)
                                    ID: MpOz3
                                  SEMI
                                StmtList (27)
                                  Stmt (27)
                                    WHILE
                                    LP
                                    Exp (27)
                                      ID: uhjeyGAcAqRGmcoVcO
                                    RP
                                    Stmt (27)
                                      Exp (27)
                                        ID: UXbZMIVlMrd_3lMsGuO
                                      SEMI
                                  StmtList (30)
                                    Stmt (30)
                                      IF
                                      LP
                                      Exp (30)
                                        ID: xgkug
                                      RP
                                      Stmt (30)
                                        RETURN
                                        Exp (30)
                                          ID: oUT
                                        SEMI
                                      ELSE
                                      Stmt (31)
                                        IF
                                        LP
                                        Exp (31)
                                          ID: UIZJ7LGSWwyYq
                                        RP
                                        Stmt (31)
                                          Exp (31)
                                            ID: r5iq
                                          SEMI
                                    StmtList (34)
                            RC
                    StmtList (36)
                RC
            ExtDefList (37)
              ExtDef (37)
                Specifier (37)
                  TYPE: int
                SEMI
              ExtDefList (38)
                ExtDef (38)
                  Specifier (38)
                    TYPE: int
                  SEMI
                ExtDefList (39)
                  ExtDef (39)
                    Specifier (39)
                      TYPE: int
                    FunDec (39)
                      ID: I
                      LP
                      VarList (39)
                        ParamDec (39)
                          Specifier (39)
                            TYPE: int
                          VarDec (39)
                            ID: _sLjfb2Xnv5BOoT
                        COMMA
                        VarList (39)
                          ParamDec (39)
                            Specifier (39)
                              TYPE: int
                            VarDec (39)
                              ID: EE
                      RP
                    CompSt (39)
                      LC
                      DefList (40)
                      StmtList (40)
                        Stmt (40)
                          Exp (40)
                            ID: Qwwpmj_7FSR
                          SEMI
                        StmtList (41)
                      RC
                  ExtDefList (42)
                    ExtDef (42)
                      Specifier (42)
                        StructSpecifier (42)
                          STRUCT
                          OptTag (42)
                            ID: JE5ZmVc
                          LC
                          DefList (43)
                          RC
                      ExtDecList (43)
                        VarDec (43)
                          ID: H8zlQohFjZLYiNapwD
                      SEMI
                    ExtDefList (45)
