Program (1)
  ExtDefList (1)
    ExtDef (1)
      Specifier (1)
        TYPE: int
      FunDec (1)
        ID: eMrK
        LP
        VarList (1)
          ParamDec (1)
            Specifier (1)
              StructSpecifier (1)
                STRUCT
                Tag (1)
                  ID: JY
            VarDec (1)
              ID: Ms50FEaix1
          COMMA
          VarList (1)
            ParamDec (1)
              Specifier (1)
                StructSpecifier (1)
                  STRUCT
                  OptTag (1)
                    ID: KRB
                  LC
                  DefList (2)
                    Def (2)
                      Specifier (2)
                        StructSpecifier (2)
                          STRUCT
                          Tag (2)
                            ID: OyWM_2rZ0ReigpXGsSAU
                      DecList (2)
                        Dec (2)
                          VarDec (2)
                            ID: hU
                      SEMI
                    DefList (3)
                      Def (3)
                        Specifier (3)
                          TYPE: int
                        DecList (3)
                          Dec (3)
                            VarDec (3)
                              ID: jgq9nc6NpF_N
                        SEMI
                      DefList (4)
                  RC
              VarDec (4)
                ID: E0J9E9He4Mdal8U5wD
        RP
      CompSt (4)
        LC
        DefList (5)
          Def (5)
            Specifier (5)
              TYPE: float
            DecList (5)
              Dec (5)
                VarDec (5)
                  ID: dP6tq5WVm6zFxK5Cs
              COMMA
              DecList (5)
                Dec (5)
                  VarDec (5)
                    VarDec (5)
                      ID: dxHkJDOK
                    LB
                    INT: 270387980
                    RB
                  ASSIGNOP
                  Exp (6)
                    ID: Ng
            SEMI
          DefList (7)
        StmtList (7)
          Stmt (7)
            WHILE
            LP
            Exp (7)
              ID: JpnPK05qAG2
            RP
            Stmt (7)
              RETURN
              Exp (7)
                Exp (7)
                  Exp (7)
                    ID: zFk
                  PLUS
                  Exp (7)
                    Exp (7)
                      Exp (7)
                        ID: j1CeHKGSs3W
                      DIV
                      Exp (8)
                        Exp (8)
                          ID: VZktYBdOlShElVydTsHq
                        LB
                        Exp (8)
                          Exp (8)
                            ID: LpHEbUB84saZc
                          ASSIGNOP
                          Exp (8)
                            Exp (8)
                              ID: ec4VOaYzC
                            OR
                            Exp (9)
                              Exp (9)
                                ID: I5bjVpUo29WSRW
                              AND
                              Exp (9)
                                Exp (9)
                                  ID: Ho5yccN9dFyJ5RJa
                                RELOP: NE
                                Exp (9)
                                  Exp (9)
                                    ID: jjk
                                  MINUS
                                  Exp (9)
                                    Exp (9)
                                      ID: kxXxgJwqJqXNUpDuRoEM
                                    STAR
                                    Exp (10)
                                      ID: EE2s
                                      LP
                                      Args (10)
                                        Exp (10)
                                          Exp (10)
                                            ID: j6pL9F
                                          ASSIGNOP
                                          Exp (10)
                                            Exp (10)
                                              ID: OuoX0DAhQHxyPgz
                                            ASSIGNOP
                                            Exp (10)
                                              Exp (10)
                                                ID: dOxqMIZUZtnN0ldsgh3
                                              OR
                                              Exp (11)
                                                Exp (11)
                                                  ID: T44W
                                                RELOP: EQ
                                                Exp (11)
                                                  Exp (11)
                                                    MINUS
                                                    Exp (11)
                                                      LP
                                                      Exp (11)
                                                        Exp (11)
                                                          ID: hk4SnshNnytf5m
                                                        ASSIGNOP
                                                        Exp (11)
                                                          Exp (11)
                                                            ID: OZKlexCA5tQ2H5ydkH
                                                          ASSIGNOP
                                                          Exp (12)
                                                            Exp (12)
                                                              ID: T41iiUY_59uK2m
                                                            RELOP: LE
                                                            Exp (12)
                                                              NOT
                                                              Exp (12)
                                                                MINUS
                                                                Exp (12)
                                                                  NOT
                                                                  Exp (12)
                                                                    ID: RUYPlwvJUjOSFJornNd
                                                                    LP
                                                                    Args (12)
                                                                      Exp (12)
                                                                        ID: VEUkxkls
                                                                      COMMA
                                                                      Args (13)
                                                                        Exp (13)
                                                                          ID: QUW0HbaspP
                                                                        COMMA
                                                                        Args (13)
                                                                          Exp (13)
                                                                            Exp (13)
                                                                              Exp (13)
                                                                                ID: yTzj
                                                                              RELOP: GT
                                                                              Exp (13)
                                                                                ID: NH13nyBIVz
                                                                            RELOP: GE
                                                                            Exp (13)
                                                                              Exp (13)
                                                                                ID: m5eaQmFLDQkReyVoB
                                                                              STAR
                                                                              Exp (14)
                                                                                NOT
                                                                                Exp (14)
                                                                                  NOT
                                                                                  Exp (14)
                                                                                    ID: SnESS7gqMY493MVcLO
                                                                    RP
                                                      RP
                                                  DIV
                                                  Exp (14)
                                                    INT: 376991877
                                      RP
                        RB
                    STAR
                    Exp (14)
                      MINUS
                      Exp (14)
                        NOT
                        Exp (15)
                          NOT
                          Exp (15)
                            FLOAT: 133726519.1381664545
                RELOP: LT
                Exp (15)
                  Exp (15)
                    ID: cgt2ysB
                    LP
                    RP
                  DOT
                  ID: ywDi
              SEMI
          StmtList (17)
        RC
    ExtDefList (18)
      ExtDef (18)
        Specifier (18)
          TYPE: int
        SEMI
      ExtDefList (19)
        ExtDef (19)
          Specifier (19)
            StructSpecifier (19)
              STRUCT
              OptTag (19)
              LC
              DefList (20)
              RC
          SEMI
        ExtDefList (21)
          ExtDef (21)
            Specifier (21)
              TYPE: int
            ExtDecList (21)
              VarDec (21)
                ID: xPL6IFLFCiFjv
            SEMI
          ExtDefList (23)
            ExtDef (23)
              Specifier (23)
                TYPE: int
              FunDec (23)
                ID: aU9ObHcGmj
                LP
                RP
              CompSt (23)
                LC
                DefList (24)
                StmtList (24)
                  Stmt (24)
                    IF
                    LP
                    Exp (24)
                      ID: lFOS8Xn
                    RP
                    Stmt (24)
                      Exp (24)
                        ID: zP2JZyKTRYW
                      SEMI
                    ELSE
                    Stmt (25)
                      IF
                      LP
                      Exp (25)
                        ID: HnHAThKp7
                      RP
                      Stmt (25)
                        Exp (25)
                          ID: NdZbsgyxnVMDx
                        SEMI
                      ELSE
                      Stmt (26)
                        Exp (26)
                          ID: e
                        SEMI
                  StmtList (29)
                RC
            ExtDefList (30)
              ExtDef (30)
                Specifier (30)
                  TYPE: int
                ExtDecList (30)
                  VarDec (30)
                    ID: CgV1d5h
                  COMMA
                  ExtDecList (30)
                    VarDec (30)
                      ID: JBi
                SEMI
              ExtDefList (33)
                ExtDef (33)
                  Specifier (33)
                    TYPE: int
                  FunDec (33)
                    ID: fpXBOf0k86herUsHEYFH
                    LP
                    RP
                  CompSt (33)
                    LC
                    DefList (34)
                    StmtList (34)
                      Stmt (34)
                        CompSt (34)
                          LC
                          DefList (35)
                          StmtList (35)
                          RC
                      StmtList (35)
                        Stmt (35)
                          IF
                          LP
                          Exp (35)
                            ID: LD5LGthlyLbS_BHgBg
                          RP
                          Stmt (35)
                            Exp (35)
                              ID: bFwYRC7psh
                            SEMI
                        StmtList (37)
                    RC
                ExtDefList (38)
                  ExtDef (38)
                    Specifier (38)
                      TYPE: int
                    SEMI
                  ExtDefList (39)
                    ExtDef (39)
                      Specifier (39)
                        TYPE: int
                      SEMI
                    ExtDefList (40)
                      ExtDef (40)
                        Specifier (40)
                          TYPE: int
                        SEMI
                      ExtDefList (41)
                        ExtDef (41)
                          Specifier (41)
                            TYPE: int
                          SEMI
                        ExtDefList (42)
                          ExtDef (42)
                            Specifier (42)
                              TYPE: int
                            SEMI
                          ExtDefList (43)
                            ExtDef (43)
                              Specifier (43)
                                TYPE: int
                              SEMI
                            ExtDefList (44)
                              ExtDef (44)
                                Specifier (44)
                                  TYPE: int
                                FunDec (44)
                                  ID: FEAk1_u
                                  LP
                                  RP
                                CompSt (44)
                                  LC
                                  DefList (45)
                                  StmtList (45)
                                    Stmt (45)
                                      Exp (45)
                                        ID: qbNi7scHe8GHp
                                      SEMI
                                    StmtList (46)
                                      Stmt (46)
                                        WHILE
                                        LP
                                        Exp (46)
                                          ID: W
                                        RP
                                        Stmt (46)
                                          WHILE
                                          LP
                                          Exp (46)
                                            ID: XfAw2766
                                          RP
                                          Stmt (46)
                                            WHILE
                                            LP
                                            Exp (46)
                                              ID: bhN_
                                            RP
                                            Stmt (47)
                                              WHILE
                                              LP
                                              Exp (47)
                                                ID: TnGlKknHJtBOVzki_yz
                                              RP
                                              Stmt (47)
                                                IF
                                                LP
                                                Exp (47)
                                                  ID: m1e324VfKURlzvfH3
                                                RP
                                                Stmt (48)
                                                  Exp (48)
                                                    ID: B7MfmVg1
                                                  SEMI
                                                ELSE
                                                Stmt (49)
                                                  CompSt (49)
                                                    LC
                                                    DefList (50)
                                                    StmtList (50)
                                                      Stmt (50)
                                                        Exp (50)
                                                          ID: QD
                                                        SEMI
                                                      StmtList (51)
                                                        Stmt (51)
                                                          Exp (51)
                                                            ID: JaMOu_jOrbW3BrH8x1O_
                                                          SEMI
                                                        StmtList (52)
                                                          Stmt (52)
                                                            Exp (52)
                                                              ID: Azsqi_iQ1wWFUU_1
                                                            SEMI
                                                          StmtList (53)
                                                            Stmt (53)
                                                              IF
                                                              LP
                                                              Exp (53)
                                                                ID: m9Myxv39K53upK7Tom
                                                              RP
                                                              Stmt (53)
                                                                Exp (53)
                                                                  ID: v6hosIX5H
                                                                SEMI
                                                              ELSE
                                                              Stmt (54)
                                                                IF
                                                                LP
                                                                Exp (54)
                                                                  ID: mRTyySc
                                                                RP
                                                                Stmt (54)
                                                                  Exp (54)
                                                                    ID: Ikek8RH1BmQO
                                                                  SEMI
                                                            StmtList (57)
                                                    RC
                                      StmtList (62)
                                  RC
                              ExtDefList (63)
