Program (1)
  ExtDefList (1)
    ExtDef (1)
      Specifier (1)
        TYPE: float
      FunDec (1)
        ID: ObmzWjnBuv
        LP
        VarList (1)
          ParamDec (1)
            Specifier (1)
              TYPE: int
            VarDec (1)
              ID: sVLLDzv0EPYG7_uD9tU
          COMMA
          VarList (1)
            ParamDec (1)
              Specifier (1)
                TYPE: int
              VarDec (1)
                ID: Y7
        RP
      CompSt (2)
        LC
        DefList (3)
        StmtList (3)
        RC
    ExtDefList (4)
