Program (1)
  ExtDefList (1)
    ExtDef (1)
      Specifier (1)
        TYPE: int
      FunDec (1)
        ID: main
        LP
        RP
      CompSt (1)
        LC
        DefList (2)
          Def (2)
            Specifier (2)
              TYPE: float
            DecList (2)
              Dec (2)
                VarDec (2)
                  ID: num1
                ASSIGNOP
                Exp (2)
                  FLOAT: 0.000123
            SEMI
          DefList (3)
            Def (3)
              Specifier (3)
                TYPE: float
              DecList (3)
                Dec (3)
                  VarDec (3)
                    ID: num2
                  ASSIGNOP
                  Exp (3)
                    FLOAT: 1.334000
              SEMI
            DefList (4)
              Def (4)
                Specifier (4)
                  TYPE: float
                DecList (4)
                  Dec (4)
                    VarDec (4)
                      ID: num3
                    ASSIGNOP
                    Exp (4)
                      FLOAT: 12345.000000
                SEMI
              DefList (5)
                Def (5)
                  Specifier (5)
                    TYPE: float
                  DecList (5)
                    Dec (5)
                      VarDec (5)
                        ID: num4
                      ASSIGNOP
                      Exp (5)
                        FLOAT: 130000.000000
                  SEMI
        RC
