Program (6)
  ExtDefList (6)
    ExtDef (6)
      Specifier (6)
        TYPE: int
      FunDec (6)
        ID: main
        LP
        RP
      CompSt (7)
        LC
        DefList (8)
          Def (8)
            Specifier (8)
              TYPE: float
            DecList (8)
              Dec (8)
                VarDec (8)
                  ID: h
              COMMA
              DecList (8)
                Dec (8)
                  VarDec (8)
                    ID: s
            SEMI
          DefList (9)
            Def (9)
              Specifier (9)
                TYPE: int
              DecList (9)
                Dec (9)
                  VarDec (9)
                    ID: i
              SEMI
        StmtList (10)
          Stmt (10)
            Exp (10)
              Exp (10)
                ID: h
              ASSIGNOP
              Exp (10)
                Exp (10)
                  ID: s
                ASSIGNOP
                Exp (10)
                  INT: 100
            SEMI
          StmtList (11)
            Stmt (11)
              Exp (11)
                Exp (11)
                  ID: h
                ASSIGNOP
                Exp (11)
                  Exp (11)
                    ID: h
                  DIV
                  Exp (11)
                    INT: 2
              SEMI
            StmtList (12)
              Stmt (12)
                Exp (12)
                  Exp (12)
                    ID: i
                  ASSIGNOP
                  Exp (12)
                    INT: 2
                SEMI
              StmtList (14)
                Stmt (14)
                  WHILE
                  LP
                  Exp (14)
                    Exp (14)
                      ID: i
                    RELOP
                    Exp (14)
                      INT: 10
                  RP
                  Stmt (15)
                    CompSt (15)
                      LC
                      StmtList (16)
                        Stmt (16)
                          Exp (16)
                            Exp (16)
                              ID: s
                            ASSIGNOP
                            Exp (16)
                              Exp (16)
                                ID: s
                              PLUS
                              Exp (16)
                                Exp (16)
                                  INT: 2
                                STAR
                                Exp (16)
                                  ID: h
                          SEMI
                        StmtList (17)
                          Stmt (17)
                            Exp (17)
                              Exp (17)
                                ID: h
                              ASSIGNOP
                              Exp (17)
                                Exp (17)
                                  ID: h
                                DIV
                                Exp (17)
                                  INT: 2
                            SEMI
                          StmtList (18)
                            Stmt (18)
                              Exp (18)
                                Exp (18)
                                  ID: i
                                ASSIGNOP
                                Exp (18)
                                  Exp (18)
                                    ID: i
                                  PLUS
                                  Exp (18)
                                    INT: 1
                              SEMI
                      RC
                StmtList (20)
                  Stmt (20)
                    RETURN
                    Exp (20)
                      INT: 0
                    SEMI
        RC
