Program (44)
  ExtDefList (44)
    ExtDef (44)
      Specifier (44)
        StructSpecifier (44)
          STRUCT
          Tag (44)
            ID: long
      SEMI
    ExtDefList (45)
      ExtDef (45)
        Specifier (45)
          StructSpecifier (45)
            STRUCT
            Tag (45)
              ID: unsigned
        SEMI
      ExtDefList (46)
        ExtDef (46)
          Specifier (46)
            StructSpecifier (46)
              STRUCT
              Tag (46)
                ID: int32_t
          SEMI
        ExtDefList (47)
          ExtDef (47)
            Specifier (47)
              StructSpecifier (47)
                STRUCT
                Tag (47)
                  ID: uint32_t
            SEMI
          ExtDefList (49)
            ExtDef (49)
              Specifier (49)
                StructSpecifier (49)
                  STRUCT
                  Tag (49)
                    ID: uint32_t
              ExtDecList (49)
                VarDec (49)
                  VarDec (49)
                    ID: x
                  LB
                  INT: 3
                  RB
                COMMA
                ExtDecList (49)
                  VarDec (49)
                    VarDec (49)
                      ID: a
                    LB
                    INT: 3
                    RB
                  COMMA
                  ExtDecList (49)
                    VarDec (49)
                      ID: c
              SEMI
            ExtDefList (51)
              ExtDef (51)
                Specifier (51)
                  TYPE: int
                ExtDecList (51)
                  VarDec (51)
                    ID: N
                  COMMA
                  ExtDecList (51)
                    VarDec (51)
                      ID: MASK
                SEMI
              ExtDefList (52)
                ExtDef (52)
                  Specifier (52)
                    TYPE: int
                  ExtDecList (52)
                    VarDec (52)
                      ID: X0
                    COMMA
                    ExtDecList (52)
                      VarDec (52)
                        ID: X1
                      COMMA
                      ExtDecList (52)
                        VarDec (52)
                          ID: X2
                        COMMA
                        ExtDecList (52)
                          VarDec (52)
                            ID: A0
                          COMMA
                          ExtDecList (52)
                            VarDec (52)
                              ID: A1
                            COMMA
                            ExtDecList (52)
                              VarDec (52)
                                ID: A2
                              COMMA
                              ExtDecList (52)
                                VarDec (52)
                                  ID: C
                  SEMI
                ExtDefList (53)
                  ExtDef (53)
                    Specifier (53)
                      StructSpecifier (53)
                        STRUCT
                        Tag (53)
                          ID: long
                    ExtDecList (53)
                      VarDec (53)
                        ID: HI_BIT
                    SEMI
                  ExtDefList (55)
                    ExtDef (55)
                      Specifier (55)
                        StructSpecifier (55)
                          STRUCT
                          Tag (55)
                            ID: uint32_t
                      FunDec (55)
                        ID: LOW
                        LP
                        VarList (55)
                          ParamDec (55)
                            Specifier (55)
                              StructSpecifier (55)
                                STRUCT
                                Tag (55)
                                  ID: uint32_t
                            VarDec (55)
                              ID: x
                        RP
                      CompSt (55)
                        LC
                        StmtList (55)
                          Stmt (55)
                            RETURN
                            Exp (55)
                              ID: and
                              LP
                              Args (55)
                                Exp (55)
                                  ID: x
                                COMMA
                                Args (55)
                                  Exp (55)
                                    ID: MASK
                              RP
                            SEMI
                        RC
                    ExtDefList (56)
                      ExtDef (56)
                        Specifier (56)
                          StructSpecifier (56)
                            STRUCT
                            Tag (56)
                              ID: uint32_t
                        FunDec (56)
                          ID: HIGH
                          LP
                          VarList (56)
                            ParamDec (56)
                              Specifier (56)
                                StructSpecifier (56)
                                  STRUCT
                                  Tag (56)
                                    ID: uint32_t
                              VarDec (56)
                                ID: x
                          RP
                        CompSt (56)
                          LC
                          StmtList (56)
                            Stmt (56)
                              RETURN
                              Exp (56)
                                ID: LOW
                                LP
                                Args (56)
                                  Exp (56)
                                    ID: shr
                                    LP
                                    Args (56)
                                      Exp (56)
                                        LP
                                        Exp (56)
                                          ID: x
                                        RP
                                      COMMA
                                      Args (56)
                                        Exp (56)
                                          ID: N
                                    RP
                                RP
                              SEMI
                          RC
                      ExtDefList (57)
                        ExtDef (57)
                          Specifier (57)
                            TYPE: int
                          FunDec (57)
                            ID: MUL
                            LP
                            VarList (57)
                              ParamDec (57)
                                Specifier (57)
                                  StructSpecifier (57)
                                    STRUCT
                                    Tag (57)
                                      ID: uint32_t
                                VarDec (57)
                                  ID: x
                              COMMA
                              VarList (57)
                                ParamDec (57)
                                  Specifier (57)
                                    StructSpecifier (57)
                                      STRUCT
                                      Tag (57)
                                        ID: uint32_t
                                  VarDec (57)
                                    ID: y
                                COMMA
                                VarList (57)
                                  ParamDec (57)
                                    Specifier (57)
                                      StructSpecifier (57)
                                        STRUCT
                                        Tag (57)
                                          ID: uint32_t
                                    VarDec (57)
                                      ID: z
                            RP
                          CompSt (57)
                            LC
                            DefList (58)
                              Def (58)
                                Specifier (58)
                                  StructSpecifier (58)
                                    STRUCT
                                    Tag (58)
                                      ID: uint32_t
                                DecList (58)
                                  Dec (58)
                                    VarDec (58)
                                      ID: l
                                    ASSIGNOP
                                    Exp (58)
                                      Exp (58)
                                        ID: x
                                      STAR
                                      Exp (58)
                                        ID: y
                                SEMI
                            StmtList (59)
                              Stmt (59)
                                Exp (59)
                                  Exp (59)
                                    Exp (59)
                                      LP
                                      Exp (59)
                                        ID: z
                                      RP
                                    LB
                                    Exp (59)
                                      INT: 0
                                    RB
                                  ASSIGNOP
                                  Exp (59)
                                    ID: LOW
                                    LP
                                    Args (59)
                                      Exp (59)
                                        ID: l
                                    RP
                                SEMI
                              StmtList (60)
                                Stmt (60)
                                  Exp (60)
                                    Exp (60)
                                      Exp (60)
                                        LP
                                        Exp (60)
                                          ID: z
                                        RP
                                      LB
                                      Exp (60)
                                        INT: 1
                                      RB
                                    ASSIGNOP
                                    Exp (60)
                                      ID: HIGH
                                      LP
                                      Args (60)
                                        Exp (60)
                                          ID: l
                                      RP
                                  SEMI
                                StmtList (61)
                                  Stmt (61)
                                    RETURN
                                    Exp (61)
                                      INT: 0
                                    SEMI
                            RC
                        ExtDefList (64)
                          ExtDef (64)
                            Specifier (64)
                              TYPE: int
                            FunDec (64)
                              ID: CARRY
                              LP
                              VarList (64)
                                ParamDec (64)
                                  Specifier (64)
                                    StructSpecifier (64)
                                      STRUCT
                                      Tag (64)
                                        ID: uint32_t
                                  VarDec (64)
                                    ID: x
                                COMMA
                                VarList (64)
                                  ParamDec (64)
                                    Specifier (64)
                                      StructSpecifier (64)
                                        STRUCT
                                        Tag (64)
                                          ID: long
                                    VarDec (64)
                                      ID: y
                              RP
                            CompSt (64)
                              LC
                              StmtList (64)
                                Stmt (64)
                                  RETURN
                                  Exp (64)
                                    Exp (64)
                                      Exp (64)
                                        ID: x
                                      PLUS
                                      Exp (64)
                                        ID: y
                                    RELOP
                                    Exp (64)
                                      ID: MASK
                                  SEMI
                              RC
                          ExtDefList (65)
                            ExtDef (65)
                              Specifier (65)
                                TYPE: int
                              FunDec (65)
                                ID: ADDEQU
                                LP
                                VarList (65)
                                  ParamDec (65)
                                    Specifier (65)
                                      StructSpecifier (65)
                                        STRUCT
                                        Tag (65)
                                          ID: uint32_t
                                    VarDec (65)
                                      ID: x
                                  COMMA
                                  VarList (65)
                                    ParamDec (65)
                                      Specifier (65)
                                        StructSpecifier (65)
                                          STRUCT
                                          Tag (65)
                                            ID: uint32_t
                                      VarDec (65)
                                        ID: y
                                RP
                              CompSt (65)
                                LC
                                DefList (65)
                                  Def (65)
                                    Specifier (65)
                                      TYPE: int
                                    DecList (65)
                                      Dec (65)
                                        VarDec (65)
                                          ID: z
                                        ASSIGNOP
                                        Exp (65)
                                          ID: CARRY
                                          LP
                                          Args (65)
                                            Exp (65)
                                              ID: x
                                            COMMA
                                            Args (65)
                                              Exp (65)
                                                ID: y
                                          RP
                                    SEMI
                                StmtList (65)
                                  Stmt (65)
                                    Exp (65)
                                      Exp (65)
                                        ID: x
                                      ASSIGNOP
                                      Exp (65)
                                        ID: LOW
                                        LP
                                        Args (65)
                                          Exp (65)
                                            Exp (65)
                                              ID: x
                                            PLUS
                                            Exp (65)
                                              ID: y
                                        RP
                                    SEMI
                                  StmtList (65)
                                    Stmt (65)
                                      RETURN
                                      Exp (65)
                                        ID: z
                                      SEMI
                                RC
                            ExtDefList (66)
                              ExtDef (66)
                                Specifier (66)
                                  TYPE: int
                                FunDec (66)
                                  ID: SET3
                                  LP
                                  VarList (66)
                                    ParamDec (66)
                                      Specifier (66)
                                        StructSpecifier (66)
                                          STRUCT
                                          Tag (66)
                                            ID: uint32_t
                                      VarDec (66)
                                        VarDec (66)
                                          ID: x
                                        LB
                                        INT: 3
                                        RB
                                    COMMA
                                    VarList (66)
                                      ParamDec (66)
                                        Specifier (66)
                                          StructSpecifier (66)
                                            STRUCT
                                            Tag (66)
                                              ID: uint32_t
                                        VarDec (66)
                                          ID: x0
                                      COMMA
                                      VarList (66)
                                        ParamDec (66)
                                          Specifier (66)
                                            StructSpecifier (66)
                                              STRUCT
                                              Tag (66)
                                                ID: uint32_t
                                          VarDec (66)
                                            ID: x1
                                        COMMA
                                        VarList (66)
                                          ParamDec (66)
                                            Specifier (66)
                                              StructSpecifier (66)
                                                STRUCT
                                                Tag (66)
                                                  ID: uint32_t
                                            VarDec (66)
                                              ID: x2
                                  RP
                                CompSt (66)
                                  LC
                                  StmtList (66)
                                    Stmt (66)
                                      Exp (66)
                                        Exp (66)
                                          Exp (66)
                                            LP
                                            Exp (66)
                                              ID: x
                                            RP
                                          LB
                                          Exp (66)
                                            INT: 0
                                          RB
                                        ASSIGNOP
                                        Exp (66)
                                          LP
                                          Exp (66)
                                            ID: x0
                                          RP
                                      SEMI
                                    StmtList (66)
                                      Stmt (66)
                                        Exp (66)
                                          Exp (66)
                                            Exp (66)
                                              LP
                                              Exp (66)
                                                ID: x
                                              RP
                                            LB
                                            Exp (66)
                                              INT: 1
                                            RB
                                          ASSIGNOP
                                          Exp (66)
                                            LP
                                            Exp (66)
                                              ID: x1
                                            RP
                                        SEMI
                                      StmtList (66)
                                        Stmt (66)
                                          Exp (66)
                                            Exp (66)
                                              Exp (66)
                                                LP
                                                Exp (66)
                                                  ID: x
                                                RP
                                              LB
                                              Exp (66)
                                                INT: 2
                                              RB
                                            ASSIGNOP
                                            Exp (66)
                                              LP
                                              Exp (66)
                                                ID: x2
                                              RP
                                          SEMI
                                  RC
                              ExtDefList (67)
                                ExtDef (67)
                                  Specifier (67)
                                    TYPE: int
                                  FunDec (67)
                                    ID: SEED
                                    LP
                                    VarList (67)
                                      ParamDec (67)
                                        Specifier (67)
                                          StructSpecifier (67)
                                            STRUCT
                                            Tag (67)
                                              ID: uint32_t
                                        VarDec (67)
                                          ID: x0
                                      COMMA
                                      VarList (67)
                                        ParamDec (67)
                                          Specifier (67)
                                            StructSpecifier (67)
                                              STRUCT
                                              Tag (67)
                                                ID: uint32_t
                                          VarDec (67)
                                            ID: x1
                                        COMMA
                                        VarList (67)
                                          ParamDec (67)
                                            Specifier (67)
                                              StructSpecifier (67)
                                                STRUCT
                                                Tag (67)
                                                  ID: uint32_t
                                            VarDec (67)
                                              ID: x2
                                    RP
                                  CompSt (67)
                                    LC
                                    StmtList (67)
                                      Stmt (67)
                                        Exp (67)
                                          ID: SET3
                                          LP
                                          Args (67)
                                            Exp (67)
                                              ID: x
                                            COMMA
                                            Args (67)
                                              Exp (67)
                                                ID: x0
                                              COMMA
                                              Args (67)
                                                Exp (67)
                                                  ID: x1
                                                COMMA
                                                Args (67)
                                                  Exp (67)
                                                    ID: x2
                                          RP
                                        SEMI
                                      StmtList (67)
                                        Stmt (67)
                                          Exp (67)
                                            ID: SET3
                                            LP
                                            Args (67)
                                              Exp (67)
                                                ID: a
                                              COMMA
                                              Args (67)
                                                Exp (67)
                                                  ID: A0
                                                COMMA
                                                Args (67)
                                                  Exp (67)
                                                    ID: A1
                                                  COMMA
                                                  Args (67)
                                                    Exp (67)
                                                      ID: A2
                                            RP
                                          SEMI
                                        StmtList (67)
                                          Stmt (67)
                                            Exp (67)
                                              Exp (67)
                                                ID: c
                                              ASSIGNOP
                                              Exp (67)
                                                ID: C
                                            SEMI
                                    RC
                                ExtDefList (68)
                                  ExtDef (68)
                                    Specifier (68)
                                      TYPE: int
                                    FunDec (68)
                                      ID: REST
                                      LP
                                      VarList (68)
                                        ParamDec (68)
                                          Specifier (68)
                                            TYPE: int
                                          VarDec (68)
                                            ID: tv
                                      RP
                                    CompSt (68)
                                      LC
                                      DefList (69)
                                        Def (69)
                                          Specifier (69)
                                            TYPE: int
                                          DecList (69)
                                            Dec (69)
                                              VarDec (69)
                                                ID: i
                                          SEMI
                                      StmtList (70)
                                        Stmt (70)
                                          WHILE
                                          LP
                                          Exp (70)
                                            Exp (70)
                                              ID: i
                                            RELOP
                                            Exp (70)
                                              INT: 3
                                          RP
                                          Stmt (70)
                                            CompSt (70)
                                              LC
                                              StmtList (71)
                                                Stmt (71)
                                                  Exp (71)
                                                    Exp (71)
                                                      Exp (71)
                                                        ID: xsubi
                                                      LB
                                                      Exp (71)
                                                        ID: i
                                                      RB
                                                    ASSIGNOP
                                                    Exp (71)
                                                      Exp (71)
                                                        ID: x
                                                      LB
                                                      Exp (71)
                                                        ID: i
                                                      RB
                                                  SEMI
                                                StmtList (71)
                                                  Stmt (71)
                                                    Exp (71)
                                                      Exp (71)
                                                        Exp (71)
                                                          ID: x
                                                        LB
                                                        Exp (71)
                                                          ID: i
                                                        RB
                                                      ASSIGNOP
                                                      Exp (71)
                                                        Exp (71)
                                                          ID: temp
                                                        LB
                                                        Exp (71)
                                                          ID: i
                                                        RB
                                                    SEMI
                                                  StmtList (72)
                                                    Stmt (72)
                                                      Exp (72)
                                                        Exp (72)
                                                          ID: i
                                                        ASSIGNOP
                                                        Exp (72)
                                                          Exp (72)
                                                            ID: i
                                                          PLUS
                                                          Exp (72)
                                                            INT: 1
                                                      SEMI
                                              RC
                                        StmtList (74)
                                          Stmt (74)
                                            RETURN
                                            Exp (74)
                                              LP
                                              Exp (74)
                                                ID: v
                                              RP
                                            SEMI
                                      RC
                                  ExtDefList (77)
                                    ExtDef (77)
                                      Specifier (77)
                                        TYPE: int
                                      FunDec (77)
                                        ID: init
                                        LP
                                        RP
                                      CompSt (77)
                                        LC
                                        StmtList (78)
                                          Stmt (78)
                                            Exp (78)
                                              Exp (78)
                                                ID: N
                                              ASSIGNOP
                                              Exp (78)
                                                INT: 16
                                            SEMI
                                          StmtList (79)
                                            Stmt (79)
                                              Exp (79)
                                                Exp (79)
                                                  ID: MASK
                                                ASSIGNOP
                                                Exp (79)
                                                  LP
                                                  Exp (79)
                                                    Exp (79)
                                                      Exp (79)
                                                        ID: shl
                                                        LP
                                                        Args (79)
                                                          Exp (79)
                                                            INT: 1
                                                          COMMA
                                                          Args (79)
                                                            Exp (79)
                                                              LP
                                                              Exp (79)
                                                                Exp (79)
                                                                  ID: N
                                                                MINUS
                                                                Exp (79)
                                                                  INT: 1
                                                              RP
                                                        RP
                                                      PLUS
                                                      Exp (79)
                                                        ID: shl
                                                        LP
                                                        Args (79)
                                                          Exp (79)
                                                            INT: 1
                                                          COMMA
                                                          Args (79)
                                                            Exp (79)
                                                              LP
                                                              Exp (79)
                                                                Exp (79)
                                                                  ID: N
                                                                MINUS
                                                                Exp (79)
                                                                  INT: 1
                                                              RP
                                                        RP
                                                    MINUS
                                                    Exp (79)
                                                      INT: 1
                                                  RP
                                              SEMI
                                            StmtList (81)
                                              Stmt (81)
                                                Exp (81)
                                                  Exp (81)
                                                    ID: X0
                                                  ASSIGNOP
                                                  Exp (81)
                                                    INT: 33
                                                SEMI
                                              StmtList (82)
                                                Stmt (82)
                                                  Exp (82)
                                                    Exp (82)
                                                      ID: X1
                                                    ASSIGNOP
                                                    Exp (82)
                                                      INT: 34
                                                  SEMI
                                                StmtList (83)
                                                  Stmt (83)
                                                    Exp (83)
                                                      Exp (83)
                                                        ID: X2
                                                      ASSIGNOP
                                                      Exp (83)
                                                        INT: 234
                                                    SEMI
                                                  StmtList (84)
                                                    Stmt (84)
                                                      Exp (84)
                                                        Exp (84)
                                                          ID: A0
                                                        ASSIGNOP
                                                        Exp (84)
                                                          INT: 66
                                                      SEMI
                                                    StmtList (85)
                                                      Stmt (85)
                                                        Exp (85)
                                                          Exp (85)
                                                            ID: A1
                                                          ASSIGNOP
                                                          Exp (85)
                                                            INT: 4
                                                        SEMI
                                                      StmtList (86)
                                                        Stmt (86)
                                                          Exp (86)
                                                            Exp (86)
                                                              ID: A2
                                                            ASSIGNOP
                                                            Exp (86)
                                                              INT: 5
                                                          SEMI
                                                        StmtList (87)
                                                          Stmt (87)
                                                            Exp (87)
                                                              Exp (87)
                                                                ID: C
                                                              ASSIGNOP
                                                              Exp (87)
                                                                INT: 8
                                                            SEMI
                                                          StmtList (89)
                                                            Stmt (89)
                                                              Exp (89)
                                                                Exp (89)
                                                                  ID: HI_BIT
                                                                ASSIGNOP
                                                                Exp (89)
                                                                  ID: shl
                                                                  LP
                                                                  Args (89)
                                                                    Exp (89)
                                                                      INT: 1
                                                                    COMMA
                                                                    Args (89)
                                                                      Exp (89)
                                                                        LP
                                                                        Exp (89)
                                                                          Exp (89)
                                                                            Exp (89)
                                                                              INT: 2
                                                                            STAR
                                                                            Exp (89)
                                                                              ID: N
                                                                          MINUS
                                                                          Exp (89)
                                                                            INT: 1
                                                                        RP
                                                                  RP
                                                              SEMI
                                                            StmtList (91)
                                                              Stmt (91)
                                                                Exp (91)
                                                                  Exp (91)
                                                                    Exp (91)
                                                                      ID: x
                                                                    LB
                                                                    Exp (91)
                                                                      INT: 0
                                                                    RB
                                                                  ASSIGNOP
                                                                  Exp (91)
                                                                    ID: X0
                                                                SEMI
                                                              StmtList (92)
                                                                Stmt (92)
                                                                  Exp (92)
                                                                    Exp (92)
                                                                      Exp (92)
                                                                        ID: x
                                                                      LB
                                                                      Exp (92)
                                                                        INT: 1
                                                                      RB
                                                                    ASSIGNOP
                                                                    Exp (92)
                                                                      ID: X1
                                                                  SEMI
                                                                StmtList (93)
                                                                  Stmt (93)
                                                                    Exp (93)
                                                                      Exp (93)
                                                                        Exp (93)
                                                                          ID: x
                                                                        LB
                                                                        Exp (93)
                                                                          INT: 2
                                                                        RB
                                                                      ASSIGNOP
                                                                      Exp (93)
                                                                        ID: X2
                                                                    SEMI
                                                                  StmtList (94)
                                                                    Stmt (94)
                                                                      Exp (94)
                                                                        Exp (94)
                                                                          Exp (94)
                                                                            ID: a
                                                                          LB
                                                                          Exp (94)
                                                                            INT: 1
                                                                          RB
                                                                        ASSIGNOP
                                                                        Exp (94)
                                                                          ID: A0
                                                                      SEMI
                                                                    StmtList (95)
                                                                      Stmt (95)
                                                                        Exp (95)
                                                                          Exp (95)
                                                                            Exp (95)
                                                                              ID: a
                                                                            LB
                                                                            Exp (95)
                                                                              INT: 2
                                                                            RB
                                                                          ASSIGNOP
                                                                          Exp (95)
                                                                            ID: A1
                                                                        SEMI
                                                                      StmtList (96)
                                                                        Stmt (96)
                                                                          Exp (96)
                                                                            Exp (96)
                                                                              Exp (96)
                                                                                ID: a
                                                                              LB
                                                                              Exp (96)
                                                                                INT: 3
                                                                              RB
                                                                            ASSIGNOP
                                                                            Exp (96)
                                                                              ID: A2
                                                                          SEMI
                                                                        StmtList (97)
                                                                          Stmt (97)
                                                                            Exp (97)
                                                                              Exp (97)
                                                                                ID: c
                                                                              ASSIGNOP
                                                                              Exp (97)
                                                                                ID: C
                                                                            SEMI
                                        RC
                                    ExtDefList (100)
                                      ExtDef (100)
                                        Specifier (100)
                                          StructSpecifier (100)
                                            STRUCT
                                            Tag (100)
                                              ID: int32_t
                                        FunDec (100)
                                          ID: redisLrand48
                                          LP
                                          RP
                                        CompSt (100)
                                          LC
                                          DefList (101)
                                            Def (101)
                                              Specifier (101)
                                                StructSpecifier (101)
                                                  STRUCT
                                                  Tag (101)
                                                    ID: int32_t
                                              DecList (101)
                                                Dec (101)
                                                  VarDec (101)
                                                    ID: ret
                                              SEMI
                                          StmtList (102)
                                            Stmt (102)
                                              Exp (102)
                                                ID: next
                                                LP
                                                RP
                                              SEMI
                                            StmtList (103)
                                              Stmt (103)
                                                Exp (103)
                                                  Exp (103)
                                                    ID: ret
                                                  ASSIGNOP
                                                  Exp (103)
                                                    LP
                                                    Exp (103)
                                                      Exp (103)
                                                        ID: shl
                                                        LP
                                                        Args (103)
                                                          Exp (103)
                                                            Exp (103)
                                                              ID: x
                                                            LB
                                                            Exp (103)
                                                              INT: 2
                                                            RB
                                                          COMMA
                                                          Args (103)
                                                            Exp (103)
                                                              LP
                                                              Exp (103)
                                                                Exp (103)
                                                                  ID: N
                                                                MINUS
                                                                Exp (103)
                                                                  INT: 1
                                                              RP
                                                        RP
                                                      PLUS
                                                      Exp (103)
                                                        ID: shr
                                                        LP
                                                        Args (103)
                                                          Exp (103)
                                                            Exp (103)
                                                              ID: x
                                                            LB
                                                            Exp (103)
                                                              INT: 1
                                                            RB
                                                          COMMA
                                                          Args (103)
                                                            Exp (103)
                                                              INT: 1
                                                        RP
                                                    RP
                                                SEMI
                                              StmtList (104)
                                                Stmt (104)
                                                  RETURN
                                                  Exp (104)
                                                    ID: ret
                                                  SEMI
                                          RC
                                      ExtDefList (107)
                                        ExtDef (107)
                                          Specifier (107)
                                            TYPE: int
                                          FunDec (107)
                                            ID: redisSrand48
                                            LP
                                            VarList (107)
                                              ParamDec (107)
                                                Specifier (107)
                                                  StructSpecifier (107)
                                                    STRUCT
                                                    Tag (107)
                                                      ID: int32_t
                                                VarDec (107)
                                                  ID: seedval
                                            RP
                                          CompSt (107)
                                            LC
                                            StmtList (108)
                                              Stmt (108)
                                                Exp (108)
                                                  ID: SEED
                                                  LP
                                                  Args (108)
                                                    Exp (108)
                                                      ID: X0
                                                    COMMA
                                                    Args (108)
                                                      Exp (108)
                                                        ID: LOW
                                                        LP
                                                        Args (108)
                                                          Exp (108)
                                                            ID: seedval
                                                        RP
                                                      COMMA
                                                      Args (108)
                                                        Exp (108)
                                                          ID: HIGH
                                                          LP
                                                          Args (108)
                                                            Exp (108)
                                                              ID: seedval
                                                          RP
                                                  RP
                                                SEMI
                                              StmtList (109)
                                                Stmt (109)
                                                  RETURN
                                                  Exp (109)
                                                    INT: 0
                                                  SEMI
                                            RC
                                        ExtDefList (112)
                                          ExtDef (112)
                                            Specifier (112)
                                              TYPE: int
                                            FunDec (112)
                                              ID: next
                                              LP
                                              RP
                                            CompSt (112)
                                              LC
                                              DefList (113)
                                                Def (113)
                                                  Specifier (113)
                                                    StructSpecifier (113)
                                                      STRUCT
                                                      Tag (113)
                                                        ID: uint32_t
                                                  DecList (113)
                                                    Dec (113)
                                                      VarDec (113)
                                                        VarDec (113)
                                                          ID: p
                                                        LB
                                                        INT: 2
                                                        RB
                                                    COMMA
                                                    DecList (113)
                                                      Dec (113)
                                                        VarDec (113)
                                                          VarDec (113)
                                                            ID: q
                                                          LB
                                                          INT: 2
                                                          RB
                                                      COMMA
                                                      DecList (113)
                                                        Dec (113)
                                                          VarDec (113)
                                                            VarDec (113)
                                                              ID: r
                                                            LB
                                                            INT: 2
                                                            RB
                                                        COMMA
                                                        DecList (113)
                                                          Dec (113)
                                                            VarDec (113)
                                                              ID: carry0
                                                          COMMA
                                                          DecList (113)
                                                            Dec (113)
                                                              VarDec (113)
                                                                ID: carry1
                                                  SEMI
                                              StmtList (115)
                                                Stmt (115)
                                                  Exp (115)
                                                    ID: MUL
                                                    LP
                                                    Args (115)
                                                      Exp (115)
                                                        Exp (115)
                                                          ID: a
                                                        LB
                                                        Exp (115)
                                                          INT: 0
                                                        RB
                                                      COMMA
                                                      Args (115)
                                                        Exp (115)
                                                          Exp (115)
                                                            ID: x
                                                          LB
                                                          Exp (115)
                                                            INT: 0
                                                          RB
                                                        COMMA
                                                        Args (115)
                                                          Exp (115)
                                                            ID: p
                                                    RP
                                                  SEMI
                                                StmtList (116)
                                                  Stmt (116)
                                                    Exp (116)
                                                      ID: ADDEQU
                                                      LP
                                                      Args (116)
                                                        Exp (116)
                                                          Exp (116)
                                                            ID: p
                                                          LB
                                                          Exp (116)
                                                            INT: 0
                                                          RB
                                                        COMMA
                                                        Args (116)
                                                          Exp (116)
                                                            ID: c
                                                          COMMA
                                                          Args (116)
                                                            Exp (116)
                                                              ID: carry0
                                                      RP
                                                    SEMI
                                                  StmtList (117)
                                                    Stmt (117)
                                                      Exp (117)
                                                        ID: ADDEQU
                                                        LP
                                                        Args (117)
                                                          Exp (117)
                                                            Exp (117)
                                                              ID: p
                                                            LB
                                                            Exp (117)
                                                              INT: 1
                                                            RB
                                                          COMMA
                                                          Args (117)
                                                            Exp (117)
                                                              ID: carry0
                                                            COMMA
                                                            Args (117)
                                                              Exp (117)
                                                                ID: carry1
                                                        RP
                                                      SEMI
                                                    StmtList (118)
                                                      Stmt (118)
                                                        Exp (118)
                                                          ID: MUL
                                                          LP
                                                          Args (118)
                                                            Exp (118)
                                                              Exp (118)
                                                                ID: a
                                                              LB
                                                              Exp (118)
                                                                INT: 0
                                                              RB
                                                            COMMA
                                                            Args (118)
                                                              Exp (118)
                                                                Exp (118)
                                                                  ID: x
                                                                LB
                                                                Exp (118)
                                                                  INT: 1
                                                                RB
                                                              COMMA
                                                              Args (118)
                                                                Exp (118)
                                                                  ID: q
                                                          RP
                                                        SEMI
                                                      StmtList (119)
                                                        Stmt (119)
                                                          Exp (119)
                                                            ID: ADDEQU
                                                            LP
                                                            Args (119)
                                                              Exp (119)
                                                                Exp (119)
                                                                  ID: p
                                                                LB
                                                                Exp (119)
                                                                  INT: 1
                                                                RB
                                                              COMMA
                                                              Args (119)
                                                                Exp (119)
                                                                  Exp (119)
                                                                    ID: q
                                                                  LB
                                                                  Exp (119)
                                                                    INT: 0
                                                                  RB
                                                                COMMA
                                                                Args (119)
                                                                  Exp (119)
                                                                    ID: carry0
                                                            RP
                                                          SEMI
                                                        StmtList (120)
                                                          Stmt (120)
                                                            Exp (120)
                                                              ID: MUL
                                                              LP
                                                              Args (120)
                                                                Exp (120)
                                                                  Exp (120)
                                                                    ID: a
                                                                  LB
                                                                  Exp (120)
                                                                    INT: 1
                                                                  RB
                                                                COMMA
                                                                Args (120)
                                                                  Exp (120)
                                                                    Exp (120)
                                                                      ID: x
                                                                    LB
                                                                    Exp (120)
                                                                      INT: 0
                                                                    RB
                                                                  COMMA
                                                                  Args (120)
                                                                    Exp (120)
                                                                      ID: r
                                                              RP
                                                            SEMI
                                                          StmtList (121)
                                                            Stmt (121)
                                                              Exp (121)
                                                                Exp (121)
                                                                  Exp (121)
                                                                    ID: x
                                                                  LB
                                                                  Exp (121)
                                                                    INT: 2
                                                                  RB
                                                                ASSIGNOP
                                                                Exp (121)
                                                                  ID: LOW
                                                                  LP
                                                                  Args (121)
                                                                    Exp (121)
                                                                      Exp (121)
                                                                        Exp (121)
                                                                          Exp (121)
                                                                            Exp (121)
                                                                              Exp (121)
                                                                                Exp (121)
                                                                                  Exp (121)
                                                                                    ID: carry0
                                                                                  PLUS
                                                                                  Exp (121)
                                                                                    ID: carry1
                                                                                PLUS
                                                                                Exp (121)
                                                                                  ID: CARRY
                                                                                  LP
                                                                                  Args (121)
                                                                                    Exp (121)
                                                                                      Exp (121)
                                                                                        ID: p
                                                                                      LB
                                                                                      Exp (121)
                                                                                        INT: 1
                                                                                      RB
                                                                                    COMMA
                                                                                    Args (121)
                                                                                      Exp (121)
                                                                                        Exp (121)
                                                                                          ID: r
                                                                                        LB
                                                                                        Exp (121)
                                                                                          INT: 0
                                                                                        RB
                                                                                  RP
                                                                              PLUS
                                                                              Exp (121)
                                                                                Exp (121)
                                                                                  ID: q
                                                                                LB
                                                                                Exp (121)
                                                                                  INT: 1
                                                                                RB
                                                                            PLUS
                                                                            Exp (121)
                                                                              Exp (121)
                                                                                ID: r
                                                                              LB
                                                                              Exp (121)
                                                                                INT: 1
                                                                              RB
                                                                          PLUS
                                                                          Exp (122)
                                                                            Exp (122)
                                                                              Exp (122)
                                                                                ID: a
                                                                              LB
                                                                              Exp (122)
                                                                                INT: 0
                                                                              RB
                                                                            STAR
                                                                            Exp (122)
                                                                              Exp (122)
                                                                                ID: x
                                                                              LB
                                                                              Exp (122)
                                                                                INT: 2
                                                                              RB
                                                                        PLUS
                                                                        Exp (122)
                                                                          Exp (122)
                                                                            Exp (122)
                                                                              ID: a
                                                                            LB
                                                                            Exp (122)
                                                                              INT: 1
                                                                            RB
                                                                          STAR
                                                                          Exp (122)
                                                                            Exp (122)
                                                                              ID: x
                                                                            LB
                                                                            Exp (122)
                                                                              INT: 1
                                                                            RB
                                                                      PLUS
                                                                      Exp (122)
                                                                        Exp (122)
                                                                          Exp (122)
                                                                            ID: a
                                                                          LB
                                                                          Exp (122)
                                                                            INT: 2
                                                                          RB
                                                                        STAR
                                                                        Exp (122)
                                                                          Exp (122)
                                                                            ID: x
                                                                          LB
                                                                          Exp (122)
                                                                            INT: 0
                                                                          RB
                                                                  RP
                                                              SEMI
                                                            StmtList (123)
                                                              Stmt (123)
                                                                Exp (123)
                                                                  Exp (123)
                                                                    Exp (123)
                                                                      ID: x
                                                                    LB
                                                                    Exp (123)
                                                                      INT: 1
                                                                    RB
                                                                  ASSIGNOP
                                                                  Exp (123)
                                                                    ID: LOW
                                                                    LP
                                                                    Args (123)
                                                                      Exp (123)
                                                                        Exp (123)
                                                                          Exp (123)
                                                                            ID: p
                                                                          LB
                                                                          Exp (123)
                                                                            INT: 1
                                                                          RB
                                                                        PLUS
                                                                        Exp (123)
                                                                          Exp (123)
                                                                            ID: r
                                                                          LB
                                                                          Exp (123)
                                                                            INT: 0
                                                                          RB
                                                                    RP
                                                                SEMI
                                                              StmtList (124)
                                                                Stmt (124)
                                                                  Exp (124)
                                                                    Exp (124)
                                                                      Exp (124)
                                                                        ID: x
                                                                      LB
                                                                      Exp (124)
                                                                        INT: 0
                                                                      RB
                                                                    ASSIGNOP
                                                                    Exp (124)
                                                                      ID: LOW
                                                                      LP
                                                                      Args (124)
                                                                        Exp (124)
                                                                          Exp (124)
                                                                            ID: p
                                                                          LB
                                                                          Exp (124)
                                                                            INT: 0
                                                                          RB
                                                                      RP
                                                                  SEMI
                                                                StmtList (126)
                                                                  Stmt (126)
                                                                    RETURN
                                                                    Exp (126)
                                                                      INT: 0
                                                                    SEMI
                                              RC
                                          ExtDefList (132)
                                            ExtDef (132)
                                              Specifier (132)
                                                TYPE: int
                                              FunDec (132)
                                                ID: myFunc
                                                LP
                                                RP
                                              CompSt (132)
                                                LC
                                                DefList (133)
                                                  Def (133)
                                                    Specifier (133)
                                                      TYPE: int
                                                    DecList (133)
                                                      Dec (133)
                                                        VarDec (133)
                                                          ID: abc
                                                        ASSIGNOP
                                                        Exp (133)
                                                          INT: 123
                                                    SEMI
                                                  DefList (134)
                                                    Def (134)
                                                      Specifier (134)
                                                        TYPE: int
                                                      DecList (134)
                                                        Dec (134)
                                                          VarDec (134)
                                                            ID: abc
                                                          ASSIGNOP
                                                          Exp (134)
                                                            INT: 123
                                                      SEMI
                                                    DefList (136)
                                                      Def (136)
                                                        Specifier (136)
                                                          TYPE: int
                                                        DecList (136)
                                                          Dec (136)
                                                            VarDec (136)
                                                              ID: abc
                                                            ASSIGNOP
                                                            Exp (136)
                                                              INT: 3
                                                          COMMA
                                                          DecList (137)
                                                            Dec (137)
                                                              VarDec (137)
                                                                ID: def
                                                              ASSIGNOP
                                                              Exp (137)
                                                                INT: 4
                                                        SEMI
                                                      DefList (138)
                                                        Def (138)
                                                          Specifier (138)
                                                            TYPE: int
                                                          DecList (138)
                                                            Dec (138)
                                                              VarDec (138)
                                                                ID: def
                                                              ASSIGNOP
                                                              Exp (150)
                                                                INT: 8865
                                                          SEMI
                                                        DefList (151)
                                                          Def (151)
                                                            Specifier (151)
                                                              StructSpecifier (151)
                                                                STRUCT
                                                                Tag (151)
                                                                  ID: Def
                                                            DecList (151)
                                                              Dec (151)
                                                                VarDec (151)
                                                                  ID: def
                                                                ASSIGNOP
                                                                Exp (152)
                                                                  ID: abc
                                                            SEMI
                                                RC
