Program (1)
  ExtDefList (1)
    ExtDef (1)
      Specifier (1)
        TYPE: int
      FunDec (1)
        ID: main
        LP
        RP
      CompSt (1)
        LC
        DefList (2)
          Def (2)
            Specifier (2)
              TYPE: int
            DecList (2)
              Dec (2)
                VarDec (2)
                  ID: x1
                ASSIGNOP
                Exp (2)
                  INT: 451
            SEMI
          DefList (3)
            Def (3)
              Specifier (3)
                TYPE: int
              DecList (3)
                Dec (3)
                  VarDec (3)
                    ID: x2
                  ASSIGNOP
                  Exp (3)
                    INT: 418
              SEMI
            DefList (4)
              Def (4)
                Specifier (4)
                  TYPE: int
                DecList (4)
                  Dec (4)
                    VarDec (4)
                      ID: x3
                    ASSIGNOP
                    Exp (4)
                      Exp (4)
                        Exp (4)
                          INT: 11256335
                        MINUS
                        Exp (4)
                          Exp (4)
                            INT: 134512640
                          STAR
                          Exp (4)
                            INT: 16777214
                      MINUS
                      Exp (4)
                        INT: 174
                SEMI
        RC
